[0.160s] DEBUG:colcon:Command line arguments: ['/usr/bin/colcon', 'build', '--packages-select', 'action_cleaning_robot']
[0.160s] DEBUG:colcon:Parsed command line arguments: Namespace(log_base=None, log_level=None, verb_name='build', build_base='build', install_base='install', merge_install=False, symlink_install=False, test_result_base=None, continue_on_error=False, executor='parallel', parallel_workers=12, event_handlers=None, ignore_user_meta=False, metas=['./colcon.meta'], base_paths=['.'], packages_ignore=None, packages_ignore_regex=None, paths=None, packages_up_to=None, packages_up_to_regex=None, packages_above=None, packages_above_and_dependencies=None, packages_above_depth=None, packages_select_by_dep=None, packages_skip_by_dep=None, packages_skip_up_to=None, packages_select_build_failed=False, packages_skip_build_finished=False, packages_select_test_failures=False, packages_skip_test_passed=False, packages_select=['action_cleaning_robot'], packages_skip=None, packages_select_regex=None, packages_skip_regex=None, packages_start=None, packages_end=None, allow_overriding=[], cmake_args=None, cmake_target=None, cmake_target_skip_unavailable=False, cmake_clean_cache=False, cmake_clean_first=False, cmake_force_configure=False, ament_cmake_args=None, catkin_cmake_args=None, catkin_skip_building_tests=False, mixin_files=None, mixin=None, verb_parser=<colcon_mixin.mixin.mixin_argument.MixinArgumentDecorator object at 0x713192986540>, verb_extension=<colcon_core.verb.build.BuildVerb object at 0x713192986210>, main=<bound method BuildVerb.main of <colcon_core.verb.build.BuildVerb object at 0x713192986210>>, mixin_verb=('build',))
[0.199s] Level 1:colcon.colcon_core.package_discovery:discover_packages(colcon_meta) check parameters
[0.199s] Level 1:colcon.colcon_core.package_discovery:discover_packages(recursive) check parameters
[0.199s] Level 1:colcon.colcon_core.package_discovery:discover_packages(ignore) check parameters
[0.199s] Level 1:colcon.colcon_core.package_discovery:discover_packages(path) check parameters
[0.199s] Level 1:colcon.colcon_core.package_discovery:discover_packages(colcon_meta) discover
[0.199s] Level 1:colcon.colcon_core.package_discovery:discover_packages(recursive) discover
[0.199s] INFO:colcon.colcon_core.package_discovery:Crawling recursively for packages in '/home/alexandra/Robotics/module03'
[0.199s] Level 1:colcon.colcon_core.package_identification:_identify(.) by extensions ['ignore', 'ignore_ament_install']
[0.199s] Level 1:colcon.colcon_core.package_identification:_identify(.) by extension 'ignore'
[0.199s] Level 1:colcon.colcon_core.package_identification:_identify(.) by extension 'ignore_ament_install'
[0.199s] Level 1:colcon.colcon_core.package_identification:_identify(.) by extensions ['colcon_pkg']
[0.199s] Level 1:colcon.colcon_core.package_identification:_identify(.) by extension 'colcon_pkg'
[0.199s] Level 1:colcon.colcon_core.package_identification:_identify(.) by extensions ['colcon_meta']
[0.199s] Level 1:colcon.colcon_core.package_identification:_identify(.) by extension 'colcon_meta'
[0.199s] Level 1:colcon.colcon_core.package_identification:_identify(.) by extensions ['ros']
[0.199s] Level 1:colcon.colcon_core.package_identification:_identify(.) by extension 'ros'
[0.222s] Level 1:colcon.colcon_core.package_identification:_identify(.) by extensions ['cmake', 'python']
[0.222s] Level 1:colcon.colcon_core.package_identification:_identify(.) by extension 'cmake'
[0.222s] Level 1:colcon.colcon_core.package_identification:_identify(.) by extension 'python'
[0.222s] Level 1:colcon.colcon_core.package_identification:_identify(.) by extensions ['python_setup_py']
[0.222s] Level 1:colcon.colcon_core.package_identification:_identify(.) by extension 'python_setup_py'
[0.222s] Level 1:colcon.colcon_core.package_identification:_identify(build) by extensions ['ignore', 'ignore_ament_install']
[0.222s] Level 1:colcon.colcon_core.package_identification:_identify(build) by extension 'ignore'
[0.222s] Level 1:colcon.colcon_core.package_identification:_identify(build) ignored
[0.222s] Level 1:colcon.colcon_core.package_identification:_identify(ex01) by extensions ['ignore', 'ignore_ament_install']
[0.222s] Level 1:colcon.colcon_core.package_identification:_identify(ex01) by extension 'ignore'
[0.222s] Level 1:colcon.colcon_core.package_identification:_identify(ex01) by extension 'ignore_ament_install'
[0.222s] Level 1:colcon.colcon_core.package_identification:_identify(ex01) by extensions ['colcon_pkg']
[0.222s] Level 1:colcon.colcon_core.package_identification:_identify(ex01) by extension 'colcon_pkg'
[0.222s] Level 1:colcon.colcon_core.package_identification:_identify(ex01) by extensions ['colcon_meta']
[0.223s] Level 1:colcon.colcon_core.package_identification:_identify(ex01) by extension 'colcon_meta'
[0.223s] Level 1:colcon.colcon_core.package_identification:_identify(ex01) by extensions ['ros']
[0.223s] Level 1:colcon.colcon_core.package_identification:_identify(ex01) by extension 'ros'
[0.223s] Level 1:colcon.colcon_core.package_identification:_identify(ex01) by extensions ['cmake', 'python']
[0.223s] Level 1:colcon.colcon_core.package_identification:_identify(ex01) by extension 'cmake'
[0.223s] Level 1:colcon.colcon_core.package_identification:_identify(ex01) by extension 'python'
[0.223s] Level 1:colcon.colcon_core.package_identification:_identify(ex01) by extensions ['python_setup_py']
[0.223s] Level 1:colcon.colcon_core.package_identification:_identify(ex01) by extension 'python_setup_py'
[0.223s] Level 1:colcon.colcon_core.package_identification:_identify(ex01/service_full_name) by extensions ['ignore', 'ignore_ament_install']
[0.223s] Level 1:colcon.colcon_core.package_identification:_identify(ex01/service_full_name) by extension 'ignore'
[0.223s] Level 1:colcon.colcon_core.package_identification:_identify(ex01/service_full_name) by extension 'ignore_ament_install'
[0.223s] Level 1:colcon.colcon_core.package_identification:_identify(ex01/service_full_name) by extensions ['colcon_pkg']
[0.223s] Level 1:colcon.colcon_core.package_identification:_identify(ex01/service_full_name) by extension 'colcon_pkg'
[0.223s] Level 1:colcon.colcon_core.package_identification:_identify(ex01/service_full_name) by extensions ['colcon_meta']
[0.223s] Level 1:colcon.colcon_core.package_identification:_identify(ex01/service_full_name) by extension 'colcon_meta'
[0.223s] Level 1:colcon.colcon_core.package_identification:_identify(ex01/service_full_name) by extensions ['ros']
[0.223s] Level 1:colcon.colcon_core.package_identification:_identify(ex01/service_full_name) by extension 'ros'
[0.225s] DEBUG:colcon.colcon_core.package_identification:Package 'ex01/service_full_name' with type 'ros.ament_cmake' and name 'service_full_name'
[0.225s] Level 1:colcon.colcon_core.package_identification:_identify(ex01/tutorial_interfaces) by extensions ['ignore', 'ignore_ament_install']
[0.225s] Level 1:colcon.colcon_core.package_identification:_identify(ex01/tutorial_interfaces) by extension 'ignore'
[0.225s] Level 1:colcon.colcon_core.package_identification:_identify(ex01/tutorial_interfaces) by extension 'ignore_ament_install'
[0.225s] Level 1:colcon.colcon_core.package_identification:_identify(ex01/tutorial_interfaces) by extensions ['colcon_pkg']
[0.225s] Level 1:colcon.colcon_core.package_identification:_identify(ex01/tutorial_interfaces) by extension 'colcon_pkg'
[0.225s] Level 1:colcon.colcon_core.package_identification:_identify(ex01/tutorial_interfaces) by extensions ['colcon_meta']
[0.225s] Level 1:colcon.colcon_core.package_identification:_identify(ex01/tutorial_interfaces) by extension 'colcon_meta'
[0.225s] Level 1:colcon.colcon_core.package_identification:_identify(ex01/tutorial_interfaces) by extensions ['ros']
[0.226s] Level 1:colcon.colcon_core.package_identification:_identify(ex01/tutorial_interfaces) by extension 'ros'
[0.226s] DEBUG:colcon.colcon_core.package_identification:Package 'ex01/tutorial_interfaces' with type 'ros.ament_cmake' and name 'tutorial_interfaces'
[0.226s] Level 1:colcon.colcon_core.package_identification:_identify(ex02) by extensions ['ignore', 'ignore_ament_install']
[0.226s] Level 1:colcon.colcon_core.package_identification:_identify(ex02) by extension 'ignore'
[0.226s] Level 1:colcon.colcon_core.package_identification:_identify(ex02) by extension 'ignore_ament_install'
[0.226s] Level 1:colcon.colcon_core.package_identification:_identify(ex02) by extensions ['colcon_pkg']
[0.226s] Level 1:colcon.colcon_core.package_identification:_identify(ex02) by extension 'colcon_pkg'
[0.226s] Level 1:colcon.colcon_core.package_identification:_identify(ex02) by extensions ['colcon_meta']
[0.226s] Level 1:colcon.colcon_core.package_identification:_identify(ex02) by extension 'colcon_meta'
[0.226s] Level 1:colcon.colcon_core.package_identification:_identify(ex02) by extensions ['ros']
[0.226s] Level 1:colcon.colcon_core.package_identification:_identify(ex02) by extension 'ros'
[0.226s] Level 1:colcon.colcon_core.package_identification:_identify(ex02) by extensions ['cmake', 'python']
[0.226s] Level 1:colcon.colcon_core.package_identification:_identify(ex02) by extension 'cmake'
[0.226s] Level 1:colcon.colcon_core.package_identification:_identify(ex02) by extension 'python'
[0.226s] Level 1:colcon.colcon_core.package_identification:_identify(ex02) by extensions ['python_setup_py']
[0.226s] Level 1:colcon.colcon_core.package_identification:_identify(ex02) by extension 'python_setup_py'
[0.226s] Level 1:colcon.colcon_core.package_identification:_identify(ex02/turtle_cmd_vel.mcap) by extensions ['ignore', 'ignore_ament_install']
[0.227s] Level 1:colcon.colcon_core.package_identification:_identify(ex02/turtle_cmd_vel.mcap) by extension 'ignore'
[0.227s] Level 1:colcon.colcon_core.package_identification:_identify(ex02/turtle_cmd_vel.mcap) by extension 'ignore_ament_install'
[0.227s] Level 1:colcon.colcon_core.package_identification:_identify(ex02/turtle_cmd_vel.mcap) by extensions ['colcon_pkg']
[0.227s] Level 1:colcon.colcon_core.package_identification:_identify(ex02/turtle_cmd_vel.mcap) by extension 'colcon_pkg'
[0.227s] Level 1:colcon.colcon_core.package_identification:_identify(ex02/turtle_cmd_vel.mcap) by extensions ['colcon_meta']
[0.227s] Level 1:colcon.colcon_core.package_identification:_identify(ex02/turtle_cmd_vel.mcap) by extension 'colcon_meta'
[0.227s] Level 1:colcon.colcon_core.package_identification:_identify(ex02/turtle_cmd_vel.mcap) by extensions ['ros']
[0.227s] Level 1:colcon.colcon_core.package_identification:_identify(ex02/turtle_cmd_vel.mcap) by extension 'ros'
[0.227s] Level 1:colcon.colcon_core.package_identification:_identify(ex02/turtle_cmd_vel.mcap) by extensions ['cmake', 'python']
[0.227s] Level 1:colcon.colcon_core.package_identification:_identify(ex02/turtle_cmd_vel.mcap) by extension 'cmake'
[0.227s] Level 1:colcon.colcon_core.package_identification:_identify(ex02/turtle_cmd_vel.mcap) by extension 'python'
[0.227s] Level 1:colcon.colcon_core.package_identification:_identify(ex02/turtle_cmd_vel.mcap) by extensions ['python_setup_py']
[0.227s] Level 1:colcon.colcon_core.package_identification:_identify(ex02/turtle_cmd_vel.mcap) by extension 'python_setup_py'
[0.227s] Level 1:colcon.colcon_core.package_identification:_identify(ex03) by extensions ['ignore', 'ignore_ament_install']
[0.227s] Level 1:colcon.colcon_core.package_identification:_identify(ex03) by extension 'ignore'
[0.227s] Level 1:colcon.colcon_core.package_identification:_identify(ex03) by extension 'ignore_ament_install'
[0.227s] Level 1:colcon.colcon_core.package_identification:_identify(ex03) by extensions ['colcon_pkg']
[0.227s] Level 1:colcon.colcon_core.package_identification:_identify(ex03) by extension 'colcon_pkg'
[0.227s] Level 1:colcon.colcon_core.package_identification:_identify(ex03) by extensions ['colcon_meta']
[0.227s] Level 1:colcon.colcon_core.package_identification:_identify(ex03) by extension 'colcon_meta'
[0.227s] Level 1:colcon.colcon_core.package_identification:_identify(ex03) by extensions ['ros']
[0.227s] Level 1:colcon.colcon_core.package_identification:_identify(ex03) by extension 'ros'
[0.227s] Level 1:colcon.colcon_core.package_identification:_identify(ex03) by extensions ['cmake', 'python']
[0.227s] Level 1:colcon.colcon_core.package_identification:_identify(ex03) by extension 'cmake'
[0.227s] Level 1:colcon.colcon_core.package_identification:_identify(ex03) by extension 'python'
[0.227s] Level 1:colcon.colcon_core.package_identification:_identify(ex03) by extensions ['python_setup_py']
[0.227s] Level 1:colcon.colcon_core.package_identification:_identify(ex03) by extension 'python_setup_py'
[0.228s] Level 1:colcon.colcon_core.package_identification:_identify(ex04) by extensions ['ignore', 'ignore_ament_install']
[0.228s] Level 1:colcon.colcon_core.package_identification:_identify(ex04) by extension 'ignore'
[0.228s] Level 1:colcon.colcon_core.package_identification:_identify(ex04) by extension 'ignore_ament_install'
[0.228s] Level 1:colcon.colcon_core.package_identification:_identify(ex04) by extensions ['colcon_pkg']
[0.228s] Level 1:colcon.colcon_core.package_identification:_identify(ex04) by extension 'colcon_pkg'
[0.228s] Level 1:colcon.colcon_core.package_identification:_identify(ex04) by extensions ['colcon_meta']
[0.228s] Level 1:colcon.colcon_core.package_identification:_identify(ex04) by extension 'colcon_meta'
[0.228s] Level 1:colcon.colcon_core.package_identification:_identify(ex04) by extensions ['ros']
[0.228s] Level 1:colcon.colcon_core.package_identification:_identify(ex04) by extension 'ros'
[0.228s] Level 1:colcon.colcon_core.package_identification:_identify(ex04) by extensions ['cmake', 'python']
[0.228s] Level 1:colcon.colcon_core.package_identification:_identify(ex04) by extension 'cmake'
[0.228s] Level 1:colcon.colcon_core.package_identification:_identify(ex04) by extension 'python'
[0.228s] Level 1:colcon.colcon_core.package_identification:_identify(ex04) by extensions ['python_setup_py']
[0.228s] Level 1:colcon.colcon_core.package_identification:_identify(ex04) by extension 'python_setup_py'
[0.228s] Level 1:colcon.colcon_core.package_identification:_identify(ex04/move_to_goal) by extensions ['ignore', 'ignore_ament_install']
[0.228s] Level 1:colcon.colcon_core.package_identification:_identify(ex04/move_to_goal) by extension 'ignore'
[0.228s] Level 1:colcon.colcon_core.package_identification:_identify(ex04/move_to_goal) by extension 'ignore_ament_install'
[0.228s] Level 1:colcon.colcon_core.package_identification:_identify(ex04/move_to_goal) by extensions ['colcon_pkg']
[0.228s] Level 1:colcon.colcon_core.package_identification:_identify(ex04/move_to_goal) by extension 'colcon_pkg'
[0.228s] Level 1:colcon.colcon_core.package_identification:_identify(ex04/move_to_goal) by extensions ['colcon_meta']
[0.228s] Level 1:colcon.colcon_core.package_identification:_identify(ex04/move_to_goal) by extension 'colcon_meta'
[0.228s] Level 1:colcon.colcon_core.package_identification:_identify(ex04/move_to_goal) by extensions ['ros']
[0.228s] Level 1:colcon.colcon_core.package_identification:_identify(ex04/move_to_goal) by extension 'ros'
[0.229s] DEBUG:colcon.colcon_core.package_identification:Package 'ex04/move_to_goal' with type 'ros.ament_python' and name 'move_to_goal'
[0.229s] Level 1:colcon.colcon_core.package_identification:_identify(ex05) by extensions ['ignore', 'ignore_ament_install']
[0.229s] Level 1:colcon.colcon_core.package_identification:_identify(ex05) by extension 'ignore'
[0.229s] Level 1:colcon.colcon_core.package_identification:_identify(ex05) by extension 'ignore_ament_install'
[0.229s] Level 1:colcon.colcon_core.package_identification:_identify(ex05) by extensions ['colcon_pkg']
[0.229s] Level 1:colcon.colcon_core.package_identification:_identify(ex05) by extension 'colcon_pkg'
[0.229s] Level 1:colcon.colcon_core.package_identification:_identify(ex05) by extensions ['colcon_meta']
[0.229s] Level 1:colcon.colcon_core.package_identification:_identify(ex05) by extension 'colcon_meta'
[0.229s] Level 1:colcon.colcon_core.package_identification:_identify(ex05) by extensions ['ros']
[0.229s] Level 1:colcon.colcon_core.package_identification:_identify(ex05) by extension 'ros'
[0.229s] Level 1:colcon.colcon_core.package_identification:_identify(ex05) by extensions ['cmake', 'python']
[0.229s] Level 1:colcon.colcon_core.package_identification:_identify(ex05) by extension 'cmake'
[0.229s] Level 1:colcon.colcon_core.package_identification:_identify(ex05) by extension 'python'
[0.229s] Level 1:colcon.colcon_core.package_identification:_identify(ex05) by extensions ['python_setup_py']
[0.229s] Level 1:colcon.colcon_core.package_identification:_identify(ex05) by extension 'python_setup_py'
[0.229s] Level 1:colcon.colcon_core.package_identification:_identify(ex05/action_cleaning_robot) by extensions ['ignore', 'ignore_ament_install']
[0.230s] Level 1:colcon.colcon_core.package_identification:_identify(ex05/action_cleaning_robot) by extension 'ignore'
[0.230s] Level 1:colcon.colcon_core.package_identification:_identify(ex05/action_cleaning_robot) by extension 'ignore_ament_install'
[0.230s] Level 1:colcon.colcon_core.package_identification:_identify(ex05/action_cleaning_robot) by extensions ['colcon_pkg']
[0.230s] Level 1:colcon.colcon_core.package_identification:_identify(ex05/action_cleaning_robot) by extension 'colcon_pkg'
[0.230s] Level 1:colcon.colcon_core.package_identification:_identify(ex05/action_cleaning_robot) by extensions ['colcon_meta']
[0.230s] Level 1:colcon.colcon_core.package_identification:_identify(ex05/action_cleaning_robot) by extension 'colcon_meta'
[0.230s] Level 1:colcon.colcon_core.package_identification:_identify(ex05/action_cleaning_robot) by extensions ['ros']
[0.230s] Level 1:colcon.colcon_core.package_identification:_identify(ex05/action_cleaning_robot) by extension 'ros'
[0.230s] DEBUG:colcon.colcon_core.package_identification:Package 'ex05/action_cleaning_robot' with type 'ros.ament_cmake' and name 'action_cleaning_robot'
[0.230s] Level 1:colcon.colcon_core.package_identification:_identify(install) by extensions ['ignore', 'ignore_ament_install']
[0.231s] Level 1:colcon.colcon_core.package_identification:_identify(install) by extension 'ignore'
[0.231s] Level 1:colcon.colcon_core.package_identification:_identify(install) ignored
[0.231s] Level 1:colcon.colcon_core.package_identification:_identify(log) by extensions ['ignore', 'ignore_ament_install']
[0.231s] Level 1:colcon.colcon_core.package_identification:_identify(log) by extension 'ignore'
[0.231s] Level 1:colcon.colcon_core.package_identification:_identify(log) ignored
[0.231s] Level 1:colcon.colcon_core.package_discovery:discover_packages(recursive) using defaults
[0.231s] Level 1:colcon.colcon_core.package_discovery:discover_packages(ignore) discover
[0.231s] Level 1:colcon.colcon_core.package_discovery:discover_packages(ignore) using defaults
[0.231s] Level 1:colcon.colcon_core.package_discovery:discover_packages(path) discover
[0.231s] Level 1:colcon.colcon_core.package_discovery:discover_packages(path) using defaults
[0.247s] INFO:colcon.colcon_core.package_selection:Skipping not selected package 'move_to_goal' in 'ex04/move_to_goal'
[0.247s] INFO:colcon.colcon_core.package_selection:Skipping not selected package 'tutorial_interfaces' in 'ex01/tutorial_interfaces'
[0.247s] INFO:colcon.colcon_core.package_selection:Skipping not selected package 'service_full_name' in 'ex01/service_full_name'
[0.247s] Level 1:colcon.colcon_core.package_discovery:discover_packages(prefix_path) check parameters
[0.248s] Level 1:colcon.colcon_core.package_discovery:discover_packages(prefix_path) discover
[0.249s] DEBUG:colcon.colcon_installed_package_information.package_discovery:Found 4 installed packages in /home/alexandra/Robotics/module03/install
[0.251s] DEBUG:colcon.colcon_installed_package_information.package_discovery:Found 286 installed packages in /opt/ros/jazzy
[0.252s] Level 1:colcon.colcon_core.package_discovery:discover_packages(prefix_path) using defaults
[0.291s] Level 5:colcon.colcon_core.verb:set package 'action_cleaning_robot' build argument 'cmake_args' from command line to 'None'
[0.291s] Level 5:colcon.colcon_core.verb:set package 'action_cleaning_robot' build argument 'cmake_target' from command line to 'None'
[0.291s] Level 5:colcon.colcon_core.verb:set package 'action_cleaning_robot' build argument 'cmake_target_skip_unavailable' from command line to 'False'
[0.291s] Level 5:colcon.colcon_core.verb:set package 'action_cleaning_robot' build argument 'cmake_clean_cache' from command line to 'False'
[0.291s] Level 5:colcon.colcon_core.verb:set package 'action_cleaning_robot' build argument 'cmake_clean_first' from command line to 'False'
[0.291s] Level 5:colcon.colcon_core.verb:set package 'action_cleaning_robot' build argument 'cmake_force_configure' from command line to 'False'
[0.291s] Level 5:colcon.colcon_core.verb:set package 'action_cleaning_robot' build argument 'ament_cmake_args' from command line to 'None'
[0.291s] Level 5:colcon.colcon_core.verb:set package 'action_cleaning_robot' build argument 'catkin_cmake_args' from command line to 'None'
[0.291s] Level 5:colcon.colcon_core.verb:set package 'action_cleaning_robot' build argument 'catkin_skip_building_tests' from command line to 'False'
[0.291s] DEBUG:colcon.colcon_core.verb:Building package 'action_cleaning_robot' with the following arguments: {'ament_cmake_args': None, 'build_base': '/home/alexandra/Robotics/module03/build/action_cleaning_robot', 'catkin_cmake_args': None, 'catkin_skip_building_tests': False, 'cmake_args': None, 'cmake_clean_cache': False, 'cmake_clean_first': False, 'cmake_force_configure': False, 'cmake_target': None, 'cmake_target_skip_unavailable': False, 'install_base': '/home/alexandra/Robotics/module03/install/action_cleaning_robot', 'merge_install': False, 'path': '/home/alexandra/Robotics/module03/ex05/action_cleaning_robot', 'symlink_install': False, 'test_result_base': None}
[0.291s] INFO:colcon.colcon_core.executor:Executing jobs using 'parallel' executor
[0.292s] DEBUG:colcon.colcon_parallel_executor.executor.parallel:run_until_complete
[0.293s] INFO:colcon.colcon_ros.task.ament_cmake.build:Building ROS package in '/home/alexandra/Robotics/module03/ex05/action_cleaning_robot' with build type 'ament_cmake'
[0.293s] INFO:colcon.colcon_cmake.task.cmake.build:Building CMake package in '/home/alexandra/Robotics/module03/ex05/action_cleaning_robot'
[0.295s] INFO:colcon.colcon_core.plugin_system:Skipping extension 'colcon_core.shell.bat': Not used on non-Windows systems
[0.295s] INFO:colcon.colcon_core.shell:Skip shell extension 'powershell' for command environment: Not usable outside of PowerShell
[0.295s] DEBUG:colcon.colcon_core.shell:Skip shell extension 'dsv' for command environment
[0.305s] DEBUG:colcon.colcon_core.event_handler.log_command:Invoking command in '/home/alexandra/Robotics/module03/build/action_cleaning_robot': CMAKE_PREFIX_PATH=${CMAKE_PREFIX_PATH}:/home/alexandra/Robotics/module03/install/move_to_goal:/opt/ros/jazzy /usr/bin/cmake /home/alexandra/Robotics/module03/ex05/action_cleaning_robot -DCMAKE_INSTALL_PREFIX=/home/alexandra/Robotics/module03/install/action_cleaning_robot
[1.705s] DEBUG:colcon.colcon_core.event_handler.log_command:Invoked command in '/home/alexandra/Robotics/module03/build/action_cleaning_robot' returned '0': CMAKE_PREFIX_PATH=${CMAKE_PREFIX_PATH}:/home/alexandra/Robotics/module03/install/move_to_goal:/opt/ros/jazzy /usr/bin/cmake /home/alexandra/Robotics/module03/ex05/action_cleaning_robot -DCMAKE_INSTALL_PREFIX=/home/alexandra/Robotics/module03/install/action_cleaning_robot
[1.706s] DEBUG:colcon.colcon_core.event_handler.log_command:Invoking command in '/home/alexandra/Robotics/module03/build/action_cleaning_robot': CMAKE_PREFIX_PATH=${CMAKE_PREFIX_PATH}:/home/alexandra/Robotics/module03/install/move_to_goal:/opt/ros/jazzy /usr/bin/cmake --build /home/alexandra/Robotics/module03/build/action_cleaning_robot -- -j12 -l12
[6.077s] DEBUG:colcon.colcon_core.event_handler.log_command:Invoked command in '/home/alexandra/Robotics/module03/build/action_cleaning_robot' returned '0': CMAKE_PREFIX_PATH=${CMAKE_PREFIX_PATH}:/home/alexandra/Robotics/module03/install/move_to_goal:/opt/ros/jazzy /usr/bin/cmake --build /home/alexandra/Robotics/module03/build/action_cleaning_robot -- -j12 -l12
[6.090s] DEBUG:colcon.colcon_core.event_handler.log_command:Invoking command in '/home/alexandra/Robotics/module03/build/action_cleaning_robot': CMAKE_PREFIX_PATH=${CMAKE_PREFIX_PATH}:/home/alexandra/Robotics/module03/install/move_to_goal:/opt/ros/jazzy /usr/bin/cmake --install /home/alexandra/Robotics/module03/build/action_cleaning_robot
[6.205s] Level 1:colcon.colcon_core.environment:create_environment_scripts_only(action_cleaning_robot)
[6.205s] DEBUG:colcon.colcon_core.event_handler.log_command:Invoked command in '/home/alexandra/Robotics/module03/build/action_cleaning_robot' returned '0': CMAKE_PREFIX_PATH=${CMAKE_PREFIX_PATH}:/home/alexandra/Robotics/module03/install/move_to_goal:/opt/ros/jazzy /usr/bin/cmake --install /home/alexandra/Robotics/module03/build/action_cleaning_robot
[6.207s] Level 1:colcon.colcon_core.environment:checking '/home/alexandra/Robotics/module03/install/action_cleaning_robot' for CMake module files
[6.208s] Level 1:colcon.colcon_core.environment:checking '/home/alexandra/Robotics/module03/install/action_cleaning_robot' for CMake config files
[6.208s] Level 1:colcon.colcon_core.shell:create_environment_hook('action_cleaning_robot', 'cmake_prefix_path')
[6.209s] INFO:colcon.colcon_core.shell:Creating environment hook '/home/alexandra/Robotics/module03/install/action_cleaning_robot/share/action_cleaning_robot/hook/cmake_prefix_path.ps1'
[6.210s] INFO:colcon.colcon_core.shell:Creating environment descriptor '/home/alexandra/Robotics/module03/install/action_cleaning_robot/share/action_cleaning_robot/hook/cmake_prefix_path.dsv'
[6.210s] INFO:colcon.colcon_core.shell:Creating environment hook '/home/alexandra/Robotics/module03/install/action_cleaning_robot/share/action_cleaning_robot/hook/cmake_prefix_path.sh'
[6.211s] Level 1:colcon.colcon_core.environment:checking '/home/alexandra/Robotics/module03/install/action_cleaning_robot/lib'
[6.211s] Level 1:colcon.colcon_core.shell:create_environment_hook('action_cleaning_robot', 'ld_library_path_lib')
[6.211s] INFO:colcon.colcon_core.shell:Creating environment hook '/home/alexandra/Robotics/module03/install/action_cleaning_robot/share/action_cleaning_robot/hook/ld_library_path_lib.ps1'
[6.211s] INFO:colcon.colcon_core.shell:Creating environment descriptor '/home/alexandra/Robotics/module03/install/action_cleaning_robot/share/action_cleaning_robot/hook/ld_library_path_lib.dsv'
[6.211s] INFO:colcon.colcon_core.shell:Creating environment hook '/home/alexandra/Robotics/module03/install/action_cleaning_robot/share/action_cleaning_robot/hook/ld_library_path_lib.sh'
[6.212s] Level 1:colcon.colcon_core.environment:checking '/home/alexandra/Robotics/module03/install/action_cleaning_robot/bin'
[6.212s] Level 1:colcon.colcon_core.environment:checking '/home/alexandra/Robotics/module03/install/action_cleaning_robot/lib/pkgconfig/action_cleaning_robot.pc'
[6.212s] Level 1:colcon.colcon_core.environment:checking '/home/alexandra/Robotics/module03/install/action_cleaning_robot/lib/python3.12/site-packages'
[6.212s] Level 1:colcon.colcon_core.shell:create_environment_hook('action_cleaning_robot', 'pythonpath')
[6.212s] INFO:colcon.colcon_core.shell:Creating environment hook '/home/alexandra/Robotics/module03/install/action_cleaning_robot/share/action_cleaning_robot/hook/pythonpath.ps1'
[6.212s] INFO:colcon.colcon_core.shell:Creating environment descriptor '/home/alexandra/Robotics/module03/install/action_cleaning_robot/share/action_cleaning_robot/hook/pythonpath.dsv'
[6.213s] INFO:colcon.colcon_core.shell:Creating environment hook '/home/alexandra/Robotics/module03/install/action_cleaning_robot/share/action_cleaning_robot/hook/pythonpath.sh'
[6.213s] Level 1:colcon.colcon_core.environment:checking '/home/alexandra/Robotics/module03/install/action_cleaning_robot/bin'
[6.213s] INFO:colcon.colcon_core.shell:Creating package script '/home/alexandra/Robotics/module03/install/action_cleaning_robot/share/action_cleaning_robot/package.ps1'
[6.214s] INFO:colcon.colcon_core.shell:Creating package descriptor '/home/alexandra/Robotics/module03/install/action_cleaning_robot/share/action_cleaning_robot/package.dsv'
[6.214s] INFO:colcon.colcon_core.shell:Creating package script '/home/alexandra/Robotics/module03/install/action_cleaning_robot/share/action_cleaning_robot/package.sh'
[6.215s] INFO:colcon.colcon_core.shell:Creating package script '/home/alexandra/Robotics/module03/install/action_cleaning_robot/share/action_cleaning_robot/package.bash'
[6.216s] INFO:colcon.colcon_core.shell:Creating package script '/home/alexandra/Robotics/module03/install/action_cleaning_robot/share/action_cleaning_robot/package.zsh'
[6.216s] Level 1:colcon.colcon_core.environment:create_file_with_runtime_dependencies(/home/alexandra/Robotics/module03/install/action_cleaning_robot/share/colcon-core/packages/action_cleaning_robot)
[6.217s] Level 1:colcon.colcon_core.environment:create_environment_scripts_only(action_cleaning_robot)
[6.217s] Level 1:colcon.colcon_core.environment:checking '/home/alexandra/Robotics/module03/install/action_cleaning_robot' for CMake module files
[6.217s] Level 1:colcon.colcon_core.environment:checking '/home/alexandra/Robotics/module03/install/action_cleaning_robot' for CMake config files
[6.218s] Level 1:colcon.colcon_core.shell:create_environment_hook('action_cleaning_robot', 'cmake_prefix_path')
[6.218s] INFO:colcon.colcon_core.shell:Creating environment hook '/home/alexandra/Robotics/module03/install/action_cleaning_robot/share/action_cleaning_robot/hook/cmake_prefix_path.ps1'
[6.218s] INFO:colcon.colcon_core.shell:Creating environment descriptor '/home/alexandra/Robotics/module03/install/action_cleaning_robot/share/action_cleaning_robot/hook/cmake_prefix_path.dsv'
[6.219s] INFO:colcon.colcon_core.shell:Creating environment hook '/home/alexandra/Robotics/module03/install/action_cleaning_robot/share/action_cleaning_robot/hook/cmake_prefix_path.sh'
[6.219s] Level 1:colcon.colcon_core.environment:checking '/home/alexandra/Robotics/module03/install/action_cleaning_robot/lib'
[6.219s] Level 1:colcon.colcon_core.shell:create_environment_hook('action_cleaning_robot', 'ld_library_path_lib')
[6.219s] INFO:colcon.colcon_core.shell:Creating environment hook '/home/alexandra/Robotics/module03/install/action_cleaning_robot/share/action_cleaning_robot/hook/ld_library_path_lib.ps1'
[6.220s] INFO:colcon.colcon_core.shell:Creating environment descriptor '/home/alexandra/Robotics/module03/install/action_cleaning_robot/share/action_cleaning_robot/hook/ld_library_path_lib.dsv'
[6.220s] INFO:colcon.colcon_core.shell:Creating environment hook '/home/alexandra/Robotics/module03/install/action_cleaning_robot/share/action_cleaning_robot/hook/ld_library_path_lib.sh'
[6.221s] Level 1:colcon.colcon_core.environment:checking '/home/alexandra/Robotics/module03/install/action_cleaning_robot/bin'
[6.221s] Level 1:colcon.colcon_core.environment:checking '/home/alexandra/Robotics/module03/install/action_cleaning_robot/lib/pkgconfig/action_cleaning_robot.pc'
[6.221s] Level 1:colcon.colcon_core.environment:checking '/home/alexandra/Robotics/module03/install/action_cleaning_robot/lib/python3.12/site-packages'
[6.221s] Level 1:colcon.colcon_core.shell:create_environment_hook('action_cleaning_robot', 'pythonpath')
[6.221s] INFO:colcon.colcon_core.shell:Creating environment hook '/home/alexandra/Robotics/module03/install/action_cleaning_robot/share/action_cleaning_robot/hook/pythonpath.ps1'
[6.221s] INFO:colcon.colcon_core.shell:Creating environment descriptor '/home/alexandra/Robotics/module03/install/action_cleaning_robot/share/action_cleaning_robot/hook/pythonpath.dsv'
[6.222s] INFO:colcon.colcon_core.shell:Creating environment hook '/home/alexandra/Robotics/module03/install/action_cleaning_robot/share/action_cleaning_robot/hook/pythonpath.sh'
[6.222s] Level 1:colcon.colcon_core.environment:checking '/home/alexandra/Robotics/module03/install/action_cleaning_robot/bin'
[6.223s] INFO:colcon.colcon_core.shell:Creating package script '/home/alexandra/Robotics/module03/install/action_cleaning_robot/share/action_cleaning_robot/package.ps1'
[6.223s] INFO:colcon.colcon_core.shell:Creating package descriptor '/home/alexandra/Robotics/module03/install/action_cleaning_robot/share/action_cleaning_robot/package.dsv'
[6.224s] INFO:colcon.colcon_core.shell:Creating package script '/home/alexandra/Robotics/module03/install/action_cleaning_robot/share/action_cleaning_robot/package.sh'
[6.224s] INFO:colcon.colcon_core.shell:Creating package script '/home/alexandra/Robotics/module03/install/action_cleaning_robot/share/action_cleaning_robot/package.bash'
[6.224s] INFO:colcon.colcon_core.shell:Creating package script '/home/alexandra/Robotics/module03/install/action_cleaning_robot/share/action_cleaning_robot/package.zsh'
[6.225s] Level 1:colcon.colcon_core.environment:create_file_with_runtime_dependencies(/home/alexandra/Robotics/module03/install/action_cleaning_robot/share/colcon-core/packages/action_cleaning_robot)
[6.225s] DEBUG:colcon.colcon_parallel_executor.executor.parallel:closing loop
[6.225s] DEBUG:colcon.colcon_parallel_executor.executor.parallel:loop closed
[6.226s] DEBUG:colcon.colcon_parallel_executor.executor.parallel:run_until_complete finished with '0'
[6.226s] DEBUG:colcon.colcon_core.event_reactor:joining thread
[6.231s] INFO:colcon.colcon_core.plugin_system:Skipping extension 'colcon_notification.desktop_notification.terminal_notifier': Not used on non-Darwin systems
[6.231s] INFO:colcon.colcon_core.plugin_system:Skipping extension 'colcon_notification.desktop_notification.win32': Not used on non-Windows systems
[6.231s] INFO:colcon.colcon_notification.desktop_notification:Sending desktop notification using 'notify2'
[6.232s] DEBUG:colcon.colcon_notification.desktop_notification.notify2:Failed to initialize notify2: org.freedesktop.DBus.Error.ServiceUnknown: The name org.freedesktop.Notifications was not provided by any .service files
[6.232s] DEBUG:colcon.colcon_core.event_reactor:joined thread
[6.232s] INFO:colcon.colcon_core.shell:Creating prefix script '/home/alexandra/Robotics/module03/install/local_setup.ps1'
[6.233s] INFO:colcon.colcon_core.shell:Creating prefix util module '/home/alexandra/Robotics/module03/install/_local_setup_util_ps1.py'
[6.234s] INFO:colcon.colcon_core.shell:Creating prefix chain script '/home/alexandra/Robotics/module03/install/setup.ps1'
[6.235s] INFO:colcon.colcon_core.shell:Creating prefix script '/home/alexandra/Robotics/module03/install/local_setup.sh'
[6.235s] INFO:colcon.colcon_core.shell:Creating prefix util module '/home/alexandra/Robotics/module03/install/_local_setup_util_sh.py'
[6.236s] INFO:colcon.colcon_core.shell:Creating prefix chain script '/home/alexandra/Robotics/module03/install/setup.sh'
[6.236s] INFO:colcon.colcon_core.shell:Creating prefix script '/home/alexandra/Robotics/module03/install/local_setup.bash'
[6.237s] INFO:colcon.colcon_core.shell:Creating prefix chain script '/home/alexandra/Robotics/module03/install/setup.bash'
[6.238s] INFO:colcon.colcon_core.shell:Creating prefix script '/home/alexandra/Robotics/module03/install/local_setup.zsh'
[6.238s] INFO:colcon.colcon_core.shell:Creating prefix chain script '/home/alexandra/Robotics/module03/install/setup.zsh'
