-- The C compiler identification is GNU 13.3.0
-- The CXX compiler identification is GNU 13.3.0
-- Detecting C compiler ABI info
-- Detecting C compiler ABI info - done
-- Check for working C compiler: /usr/bin/cc - skipped
-- Detecting C compile features
-- Detecting C compile features - done
-- Detecting CXX compiler ABI info
-- Detecting CXX compiler ABI info - done
-- Check for working CXX compiler: /usr/bin/c++ - skipped
-- Detecting CXX compile features
-- Detecting CXX compile features - done
-- Found ament_cmake: 2.5.4 (/opt/ros/jazzy/share/ament_cmake/cmake)
-- Found Python3: /usr/bin/python3 (found version "3.12.3") found components: Interpreter 
-- Found rclcpp: 28.1.12 (/opt/ros/jazzy/share/rclcpp/cmake)
-- Found rosidl_generator_c: 4.6.6 (/opt/ros/jazzy/share/rosidl_generator_c/cmake)
-- Found rosidl_generator_cpp: 4.6.6 (/opt/ros/jazzy/share/rosidl_generator_cpp/cmake)
-- Using all available rosidl_typesupport_c: rosidl_typesupport_fastrtps_c;rosidl_typesupport_introspection_c
-- Using all available rosidl_typesupport_cpp: rosidl_typesupport_fastrtps_cpp;rosidl_typesupport_introspection_cpp
-- Found rmw_implementation_cmake: 7.3.2 (/opt/ros/jazzy/share/rmw_implementation_cmake/cmake)
-- Found rmw_fastrtps_cpp: 8.4.3 (/opt/ros/jazzy/share/rmw_fastrtps_cpp/cmake)
-- Found OpenSSL: /usr/lib/x86_64-linux-gnu/libcrypto.so (found version "3.0.13")  
-- Found FastRTPS: /opt/ros/jazzy/include (Required is at least version "2.13") 
-- Using RMW implementation 'rmw_fastrtps_cpp' as default
-- Found tutorial_interfaces: 0.0.0 (/home/alexandra/Robotics/module03/install/tutorial_interfaces/share/tutorial_interfaces/cmake)
-- Found ament_lint_auto: 0.17.3 (/opt/ros/jazzy/share/ament_lint_auto/cmake)
-- Added test 'cppcheck' to perform static code analysis on C / C++ code
-- Configured cppcheck include dirs: 
-- Configured cppcheck exclude dirs and/or files: 
-- Added test 'lint_cmake' to check CMake code style
-- Added test 'uncrustify' to check C / C++ code style
-- Configured uncrustify additional arguments: 
-- Added test 'xmllint' to check XML markup files
-- Configuring done (2.9s)
-- Generating done (0.0s)
-- Build files have been written to: /home/alexandra/Robotics/module03/build/service_full_name
[ 50%] [32mBuilding CXX object CMakeFiles/client_name.dir/src/client_name.cpp.o[0m
[ 50%] [32mBuilding CXX object CMakeFiles/service_name.dir/src/service_name.cpp.o[0m
[ 75%] [32m[1mLinking CXX executable service_name[0m
[100%] [32m[1mLinking CXX executable client_name[0m
[100%] Built target service_name
[100%] Built target client_name
-- Install configuration: ""
-- Installing: /home/alexandra/Robotics/module03/install/service_full_name/lib/service_full_name/service_name
-- Set non-toolchain portion of runtime path of "/home/alexandra/Robotics/module03/install/service_full_name/lib/service_full_name/service_name" to ""
-- Installing: /home/alexandra/Robotics/module03/install/service_full_name/lib/service_full_name/client_name
-- Set non-toolchain portion of runtime path of "/home/alexandra/Robotics/module03/install/service_full_name/lib/service_full_name/client_name" to ""
-- Installing: /home/alexandra/Robotics/module03/install/service_full_name/share/ament_index/resource_index/package_run_dependencies/service_full_name
-- Installing: /home/alexandra/Robotics/module03/install/service_full_name/share/ament_index/resource_index/parent_prefix_path/service_full_name
-- Installing: /home/alexandra/Robotics/module03/install/service_full_name/share/service_full_name/environment/ament_prefix_path.sh
-- Installing: /home/alexandra/Robotics/module03/install/service_full_name/share/service_full_name/environment/ament_prefix_path.dsv
-- Installing: /home/alexandra/Robotics/module03/install/service_full_name/share/service_full_name/environment/path.sh
-- Installing: /home/alexandra/Robotics/module03/install/service_full_name/share/service_full_name/environment/path.dsv
-- Installing: /home/alexandra/Robotics/module03/install/service_full_name/share/service_full_name/local_setup.bash
-- Installing: /home/alexandra/Robotics/module03/install/service_full_name/share/service_full_name/local_setup.sh
-- Installing: /home/alexandra/Robotics/module03/install/service_full_name/share/service_full_name/local_setup.zsh
-- Installing: /home/alexandra/Robotics/module03/install/service_full_name/share/service_full_name/local_setup.dsv
-- Installing: /home/alexandra/Robotics/module03/install/service_full_name/share/service_full_name/package.dsv
-- Installing: /home/alexandra/Robotics/module03/install/service_full_name/share/ament_index/resource_index/packages/service_full_name
-- Installing: /home/alexandra/Robotics/module03/install/service_full_name/share/service_full_name/cmake/service_full_nameConfig.cmake
-- Installing: /home/alexandra/Robotics/module03/install/service_full_name/share/service_full_name/cmake/service_full_nameConfig-version.cmake
-- Installing: /home/alexandra/Robotics/module03/install/service_full_name/share/service_full_name/package.xml
