[0.119s] Invoking command in '/home/alexandra/Robotics/module03/build/service_full_name': AMENT_PREFIX_PATH=/home/alexandra/Robotics/module03/install/tutorial_interfaces:${AMENT_PREFIX_PATH} CMAKE_PREFIX_PATH=/home/alexandra/Robotics/module03/install/tutorial_interfaces:/opt/ros/jazzy/opt/gz_math_vendor:/opt/ros/jazzy/opt/gz_utils_vendor:/opt/ros/jazzy/opt/gz_cmake_vendor:/opt/ros/jazzy LD_LIBRARY_PATH=/home/alexandra/Robotics/module03/install/tutorial_interfaces/lib:${LD_LIBRARY_PATH} PYTHONPATH=/home/alexandra/Robotics/module03/install/tutorial_interfaces/lib/python3.12/site-packages:${PYTHONPATH} /usr/bin/cmake /home/alexandra/Robotics/module03/ex01/service_full_name -DCMAKE_INSTALL_PREFIX=/home/alexandra/Robotics/module03/install/service_full_name
[0.253s] -- The C compiler identification is GNU 13.3.0
[0.742s] -- The CXX compiler identification is GNU 13.3.0
[1.182s] -- Detecting C compiler ABI info
[1.425s] -- Detecting C compiler ABI info - done
[1.433s] -- Check for working C compiler: /usr/bin/cc - skipped
[1.433s] -- Detecting C compile features
[1.433s] -- Detecting C compile features - done
[1.524s] -- Detecting CXX compiler ABI info
[1.784s] -- Detecting CXX compiler ABI info - done
[1.792s] -- Check for working CXX compiler: /usr/bin/c++ - skipped
[1.793s] -- Detecting CXX compile features
[1.793s] -- Detecting CXX compile features - done
[1.796s] -- Found ament_cmake: 2.5.4 (/opt/ros/jazzy/share/ament_cmake/cmake)
[1.943s] -- Found Python3: /usr/bin/python3 (found version "3.12.3") found components: Interpreter 
[2.048s] -- Found rclcpp: 28.1.12 (/opt/ros/jazzy/share/rclcpp/cmake)
[2.180s] -- Found rosidl_generator_c: 4.6.6 (/opt/ros/jazzy/share/rosidl_generator_c/cmake)
[2.194s] -- Found rosidl_generator_cpp: 4.6.6 (/opt/ros/jazzy/share/rosidl_generator_cpp/cmake)
[2.210s] -- Using all available rosidl_typesupport_c: rosidl_typesupport_fastrtps_c;rosidl_typesupport_introspection_c
[2.228s] -- Using all available rosidl_typesupport_cpp: rosidl_typesupport_fastrtps_cpp;rosidl_typesupport_introspection_cpp
[2.326s] -- Found rmw_implementation_cmake: 7.3.2 (/opt/ros/jazzy/share/rmw_implementation_cmake/cmake)
[2.331s] -- Found rmw_fastrtps_cpp: 8.4.3 (/opt/ros/jazzy/share/rmw_fastrtps_cpp/cmake)
[2.449s] -- Found OpenSSL: /usr/lib/x86_64-linux-gnu/libcrypto.so (found version "3.0.13")  
[2.592s] -- Found FastRTPS: /opt/ros/jazzy/include (Required is at least version "2.13") 
[2.682s] -- Using RMW implementation 'rmw_fastrtps_cpp' as default
[2.876s] -- Found tutorial_interfaces: 0.0.0 (/home/alexandra/Robotics/module03/install/tutorial_interfaces/share/tutorial_interfaces/cmake)
[2.915s] -- Found ament_lint_auto: 0.17.3 (/opt/ros/jazzy/share/ament_lint_auto/cmake)
[3.025s] -- Added test 'cppcheck' to perform static code analysis on C / C++ code
[3.026s] -- Configured cppcheck include dirs: 
[3.026s] -- Configured cppcheck exclude dirs and/or files: 
[3.027s] -- Added test 'lint_cmake' to check CMake code style
[3.029s] -- Added test 'uncrustify' to check C / C++ code style
[3.029s] -- Configured uncrustify additional arguments: 
[3.030s] -- Added test 'xmllint' to check XML markup files
[3.033s] -- Configuring done (2.9s)
[3.054s] -- Generating done (0.0s)
[3.060s] -- Build files have been written to: /home/alexandra/Robotics/module03/build/service_full_name
[3.072s] Invoked command in '/home/alexandra/Robotics/module03/build/service_full_name' returned '0': AMENT_PREFIX_PATH=/home/alexandra/Robotics/module03/install/tutorial_interfaces:${AMENT_PREFIX_PATH} CMAKE_PREFIX_PATH=/home/alexandra/Robotics/module03/install/tutorial_interfaces:/opt/ros/jazzy/opt/gz_math_vendor:/opt/ros/jazzy/opt/gz_utils_vendor:/opt/ros/jazzy/opt/gz_cmake_vendor:/opt/ros/jazzy LD_LIBRARY_PATH=/home/alexandra/Robotics/module03/install/tutorial_interfaces/lib:${LD_LIBRARY_PATH} PYTHONPATH=/home/alexandra/Robotics/module03/install/tutorial_interfaces/lib/python3.12/site-packages:${PYTHONPATH} /usr/bin/cmake /home/alexandra/Robotics/module03/ex01/service_full_name -DCMAKE_INSTALL_PREFIX=/home/alexandra/Robotics/module03/install/service_full_name
[3.073s] Invoking command in '/home/alexandra/Robotics/module03/build/service_full_name': AMENT_PREFIX_PATH=/home/alexandra/Robotics/module03/install/tutorial_interfaces:${AMENT_PREFIX_PATH} CMAKE_PREFIX_PATH=/home/alexandra/Robotics/module03/install/tutorial_interfaces:/opt/ros/jazzy/opt/gz_math_vendor:/opt/ros/jazzy/opt/gz_utils_vendor:/opt/ros/jazzy/opt/gz_cmake_vendor:/opt/ros/jazzy LD_LIBRARY_PATH=/home/alexandra/Robotics/module03/install/tutorial_interfaces/lib:${LD_LIBRARY_PATH} PYTHONPATH=/home/alexandra/Robotics/module03/install/tutorial_interfaces/lib/python3.12/site-packages:${PYTHONPATH} /usr/bin/cmake --build /home/alexandra/Robotics/module03/build/service_full_name -- -j12 -l12
[3.136s] [ 50%] [32mBuilding CXX object CMakeFiles/client_name.dir/src/client_name.cpp.o[0m
[3.136s] [ 50%] [32mBuilding CXX object CMakeFiles/service_name.dir/src/service_name.cpp.o[0m
[6.994s] [ 75%] [32m[1mLinking CXX executable service_name[0m
[7.186s] [100%] [32m[1mLinking CXX executable client_name[0m
[7.250s] [100%] Built target service_name
[7.408s] [100%] Built target client_name
[7.423s] Invoked command in '/home/alexandra/Robotics/module03/build/service_full_name' returned '0': AMENT_PREFIX_PATH=/home/alexandra/Robotics/module03/install/tutorial_interfaces:${AMENT_PREFIX_PATH} CMAKE_PREFIX_PATH=/home/alexandra/Robotics/module03/install/tutorial_interfaces:/opt/ros/jazzy/opt/gz_math_vendor:/opt/ros/jazzy/opt/gz_utils_vendor:/opt/ros/jazzy/opt/gz_cmake_vendor:/opt/ros/jazzy LD_LIBRARY_PATH=/home/alexandra/Robotics/module03/install/tutorial_interfaces/lib:${LD_LIBRARY_PATH} PYTHONPATH=/home/alexandra/Robotics/module03/install/tutorial_interfaces/lib/python3.12/site-packages:${PYTHONPATH} /usr/bin/cmake --build /home/alexandra/Robotics/module03/build/service_full_name -- -j12 -l12
[7.424s] Invoking command in '/home/alexandra/Robotics/module03/build/service_full_name': AMENT_PREFIX_PATH=/home/alexandra/Robotics/module03/install/tutorial_interfaces:${AMENT_PREFIX_PATH} CMAKE_PREFIX_PATH=/home/alexandra/Robotics/module03/install/tutorial_interfaces:/opt/ros/jazzy/opt/gz_math_vendor:/opt/ros/jazzy/opt/gz_utils_vendor:/opt/ros/jazzy/opt/gz_cmake_vendor:/opt/ros/jazzy LD_LIBRARY_PATH=/home/alexandra/Robotics/module03/install/tutorial_interfaces/lib:${LD_LIBRARY_PATH} PYTHONPATH=/home/alexandra/Robotics/module03/install/tutorial_interfaces/lib/python3.12/site-packages:${PYTHONPATH} /usr/bin/cmake --install /home/alexandra/Robotics/module03/build/service_full_name
[7.434s] -- Install configuration: ""
[7.435s] -- Installing: /home/alexandra/Robotics/module03/install/service_full_name/lib/service_full_name/service_name
[7.437s] -- Set non-toolchain portion of runtime path of "/home/alexandra/Robotics/module03/install/service_full_name/lib/service_full_name/service_name" to ""
[7.437s] -- Installing: /home/alexandra/Robotics/module03/install/service_full_name/lib/service_full_name/client_name
[7.438s] -- Set non-toolchain portion of runtime path of "/home/alexandra/Robotics/module03/install/service_full_name/lib/service_full_name/client_name" to ""
[7.440s] -- Installing: /home/alexandra/Robotics/module03/install/service_full_name/share/ament_index/resource_index/package_run_dependencies/service_full_name
[7.441s] -- Installing: /home/alexandra/Robotics/module03/install/service_full_name/share/ament_index/resource_index/parent_prefix_path/service_full_name
[7.442s] -- Installing: /home/alexandra/Robotics/module03/install/service_full_name/share/service_full_name/environment/ament_prefix_path.sh
[7.442s] -- Installing: /home/alexandra/Robotics/module03/install/service_full_name/share/service_full_name/environment/ament_prefix_path.dsv
[7.442s] -- Installing: /home/alexandra/Robotics/module03/install/service_full_name/share/service_full_name/environment/path.sh
[7.442s] -- Installing: /home/alexandra/Robotics/module03/install/service_full_name/share/service_full_name/environment/path.dsv
[7.442s] -- Installing: /home/alexandra/Robotics/module03/install/service_full_name/share/service_full_name/local_setup.bash
[7.443s] -- Installing: /home/alexandra/Robotics/module03/install/service_full_name/share/service_full_name/local_setup.sh
[7.443s] -- Installing: /home/alexandra/Robotics/module03/install/service_full_name/share/service_full_name/local_setup.zsh
[7.443s] -- Installing: /home/alexandra/Robotics/module03/install/service_full_name/share/service_full_name/local_setup.dsv
[7.443s] -- Installing: /home/alexandra/Robotics/module03/install/service_full_name/share/service_full_name/package.dsv
[7.444s] -- Installing: /home/alexandra/Robotics/module03/install/service_full_name/share/ament_index/resource_index/packages/service_full_name
[7.445s] -- Installing: /home/alexandra/Robotics/module03/install/service_full_name/share/service_full_name/cmake/service_full_nameConfig.cmake
[7.445s] -- Installing: /home/alexandra/Robotics/module03/install/service_full_name/share/service_full_name/cmake/service_full_nameConfig-version.cmake
[7.445s] -- Installing: /home/alexandra/Robotics/module03/install/service_full_name/share/service_full_name/package.xml
[7.448s] Invoked command in '/home/alexandra/Robotics/module03/build/service_full_name' returned '0': AMENT_PREFIX_PATH=/home/alexandra/Robotics/module03/install/tutorial_interfaces:${AMENT_PREFIX_PATH} CMAKE_PREFIX_PATH=/home/alexandra/Robotics/module03/install/tutorial_interfaces:/opt/ros/jazzy/opt/gz_math_vendor:/opt/ros/jazzy/opt/gz_utils_vendor:/opt/ros/jazzy/opt/gz_cmake_vendor:/opt/ros/jazzy LD_LIBRARY_PATH=/home/alexandra/Robotics/module03/install/tutorial_interfaces/lib:${LD_LIBRARY_PATH} PYTHONPATH=/home/alexandra/Robotics/module03/install/tutorial_interfaces/lib/python3.12/site-packages:${PYTHONPATH} /usr/bin/cmake --install /home/alexandra/Robotics/module03/build/service_full_name
