[1.167s] Invoking command in '/home/alexandra/Robotics/module03/ex04/move_to_goal': PYTHONPATH=/home/alexandra/Robotics/module03/build/move_to_goal/prefix_override:/usr/lib/python3/dist-packages/colcon_core/task/python/colcon_distutils_commands:/home/alexandra/Robotics/module03/install/move_to_goal/lib/python3.12/site-packages:${PYTHONPATH} /usr/bin/python3 -W ignore:setup.py install is deprecated -W ignore:easy_install command is deprecated setup.py egg_info --egg-base ../../build/move_to_goal build --build-base /home/alexandra/Robotics/module03/build/move_to_goal/build install --record /home/alexandra/Robotics/module03/build/move_to_goal/install.log --single-version-externally-managed install_data
[1.427s] running egg_info
[1.427s] creating ../../build/move_to_goal/move_to_goal.egg-info
[1.447s] writing ../../build/move_to_goal/move_to_goal.egg-info/PKG-INFO
[1.447s] writing dependency_links to ../../build/move_to_goal/move_to_goal.egg-info/dependency_links.txt
[1.448s] writing entry points to ../../build/move_to_goal/move_to_goal.egg-info/entry_points.txt
[1.448s] writing requirements to ../../build/move_to_goal/move_to_goal.egg-info/requires.txt
[1.448s] writing top-level names to ../../build/move_to_goal/move_to_goal.egg-info/top_level.txt
[1.448s] writing manifest file '../../build/move_to_goal/move_to_goal.egg-info/SOURCES.txt'
[1.489s] reading manifest file '../../build/move_to_goal/move_to_goal.egg-info/SOURCES.txt'
[1.489s] writing manifest file '../../build/move_to_goal/move_to_goal.egg-info/SOURCES.txt'
[1.489s] running build
[1.490s] running build_py
[1.490s] creating /home/alexandra/Robotics/module03/build/move_to_goal/build
[1.490s] creating /home/alexandra/Robotics/module03/build/move_to_goal/build/lib
[1.491s] creating /home/alexandra/Robotics/module03/build/move_to_goal/build/lib/move_to_goal
[1.491s] copying move_to_goal/__init__.py -> /home/alexandra/Robotics/module03/build/move_to_goal/build/lib/move_to_goal
[1.492s] copying move_to_goal/move_to_goal.py -> /home/alexandra/Robotics/module03/build/move_to_goal/build/lib/move_to_goal
[1.492s] running install
[1.497s] running install_lib
[1.518s] creating /home/alexandra/Robotics/module03/install/move_to_goal/lib/python3.12/site-packages/move_to_goal
[1.518s] copying /home/alexandra/Robotics/module03/build/move_to_goal/build/lib/move_to_goal/__init__.py -> /home/alexandra/Robotics/module03/install/move_to_goal/lib/python3.12/site-packages/move_to_goal
[1.519s] copying /home/alexandra/Robotics/module03/build/move_to_goal/build/lib/move_to_goal/move_to_goal.py -> /home/alexandra/Robotics/module03/install/move_to_goal/lib/python3.12/site-packages/move_to_goal
[1.519s] byte-compiling /home/alexandra/Robotics/module03/install/move_to_goal/lib/python3.12/site-packages/move_to_goal/__init__.py to __init__.cpython-312.pyc
[1.521s] byte-compiling /home/alexandra/Robotics/module03/install/move_to_goal/lib/python3.12/site-packages/move_to_goal/move_to_goal.py to move_to_goal.cpython-312.pyc
[1.522s] running install_data
[1.522s] creating /home/alexandra/Robotics/module03/install/move_to_goal/share/ament_index
[1.522s] creating /home/alexandra/Robotics/module03/install/move_to_goal/share/ament_index/resource_index
[1.523s] creating /home/alexandra/Robotics/module03/install/move_to_goal/share/ament_index/resource_index/packages
[1.523s] copying resource/move_to_goal -> /home/alexandra/Robotics/module03/install/move_to_goal/share/ament_index/resource_index/packages
[1.523s] copying package.xml -> /home/alexandra/Robotics/module03/install/move_to_goal/share/move_to_goal
[1.524s] running install_egg_info
[1.546s] Copying ../../build/move_to_goal/move_to_goal.egg-info to /home/alexandra/Robotics/module03/install/move_to_goal/lib/python3.12/site-packages/move_to_goal-0.0.0-py3.12.egg-info
[1.547s] running install_scripts
[1.680s] Installing move_to_goal script to /home/alexandra/Robotics/module03/install/move_to_goal/lib/move_to_goal
[1.680s] writing list of installed files to '/home/alexandra/Robotics/module03/build/move_to_goal/install.log'
[1.710s] Invoked command in '/home/alexandra/Robotics/module03/ex04/move_to_goal' returned '0': PYTHONPATH=/home/alexandra/Robotics/module03/build/move_to_goal/prefix_override:/usr/lib/python3/dist-packages/colcon_core/task/python/colcon_distutils_commands:/home/alexandra/Robotics/module03/install/move_to_goal/lib/python3.12/site-packages:${PYTHONPATH} /usr/bin/python3 -W ignore:setup.py install is deprecated -W ignore:easy_install command is deprecated setup.py egg_info --egg-base ../../build/move_to_goal build --build-base /home/alexandra/Robotics/module03/build/move_to_goal/build install --record /home/alexandra/Robotics/module03/build/move_to_goal/install.log --single-version-externally-managed install_data
