[1.188s] Invoking command in '/home/alexandra/Robotics/module04/ex03/src/turtle_tf2_delay': PYTHONPATH=/home/alexandra/Robotics/module04/ex03/build/turtle_tf2_delay/prefix_override:/usr/lib/python3/dist-packages/colcon_core/task/python/colcon_distutils_commands:/home/alexandra/Robotics/module04/ex03/install/turtle_tf2_delay/lib/python3.12/site-packages:${PYTHONPATH} /usr/bin/python3 -W ignore:setup.py install is deprecated -W ignore:easy_install command is deprecated setup.py egg_info --egg-base ../../build/turtle_tf2_delay build --build-base /home/alexandra/Robotics/module04/ex03/build/turtle_tf2_delay/build install --record /home/alexandra/Robotics/module04/ex03/build/turtle_tf2_delay/install.log --single-version-externally-managed install_data
[1.440s] running egg_info
[1.441s] creating ../../build/turtle_tf2_delay/turtle_tf2_delay.egg-info
[1.460s] writing ../../build/turtle_tf2_delay/turtle_tf2_delay.egg-info/PKG-INFO
[1.460s] writing dependency_links to ../../build/turtle_tf2_delay/turtle_tf2_delay.egg-info/dependency_links.txt
[1.460s] writing entry points to ../../build/turtle_tf2_delay/turtle_tf2_delay.egg-info/entry_points.txt
[1.460s] writing requirements to ../../build/turtle_tf2_delay/turtle_tf2_delay.egg-info/requires.txt
[1.461s] writing top-level names to ../../build/turtle_tf2_delay/turtle_tf2_delay.egg-info/top_level.txt
[1.461s] writing manifest file '../../build/turtle_tf2_delay/turtle_tf2_delay.egg-info/SOURCES.txt'
[1.500s] reading manifest file '../../build/turtle_tf2_delay/turtle_tf2_delay.egg-info/SOURCES.txt'
[1.500s] writing manifest file '../../build/turtle_tf2_delay/turtle_tf2_delay.egg-info/SOURCES.txt'
[1.501s] running build
[1.501s] running build_py
[1.501s] creating /home/alexandra/Robotics/module04/ex03/build/turtle_tf2_delay/build
[1.501s] creating /home/alexandra/Robotics/module04/ex03/build/turtle_tf2_delay/build/lib
[1.502s] creating /home/alexandra/Robotics/module04/ex03/build/turtle_tf2_delay/build/lib/turtle_tf2_delay
[1.502s] copying turtle_tf2_delay/turtle_tf2_listener.py -> /home/alexandra/Robotics/module04/ex03/build/turtle_tf2_delay/build/lib/turtle_tf2_delay
[1.503s] copying turtle_tf2_delay/turtle_tf2_broadcaster.py -> /home/alexandra/Robotics/module04/ex03/build/turtle_tf2_delay/build/lib/turtle_tf2_delay
[1.503s] copying turtle_tf2_delay/__init__.py -> /home/alexandra/Robotics/module04/ex03/build/turtle_tf2_delay/build/lib/turtle_tf2_delay
[1.504s] running install
[1.509s] running install_lib
[1.528s] creating /home/alexandra/Robotics/module04/ex03/install/turtle_tf2_delay/lib/python3.12/site-packages/turtle_tf2_delay
[1.529s] copying /home/alexandra/Robotics/module04/ex03/build/turtle_tf2_delay/build/lib/turtle_tf2_delay/turtle_tf2_listener.py -> /home/alexandra/Robotics/module04/ex03/install/turtle_tf2_delay/lib/python3.12/site-packages/turtle_tf2_delay
[1.529s] copying /home/alexandra/Robotics/module04/ex03/build/turtle_tf2_delay/build/lib/turtle_tf2_delay/turtle_tf2_broadcaster.py -> /home/alexandra/Robotics/module04/ex03/install/turtle_tf2_delay/lib/python3.12/site-packages/turtle_tf2_delay
[1.529s] copying /home/alexandra/Robotics/module04/ex03/build/turtle_tf2_delay/build/lib/turtle_tf2_delay/__init__.py -> /home/alexandra/Robotics/module04/ex03/install/turtle_tf2_delay/lib/python3.12/site-packages/turtle_tf2_delay
[1.530s] byte-compiling /home/alexandra/Robotics/module04/ex03/install/turtle_tf2_delay/lib/python3.12/site-packages/turtle_tf2_delay/turtle_tf2_listener.py to turtle_tf2_listener.cpython-312.pyc
[1.531s] byte-compiling /home/alexandra/Robotics/module04/ex03/install/turtle_tf2_delay/lib/python3.12/site-packages/turtle_tf2_delay/turtle_tf2_broadcaster.py to turtle_tf2_broadcaster.cpython-312.pyc
[1.531s] byte-compiling /home/alexandra/Robotics/module04/ex03/install/turtle_tf2_delay/lib/python3.12/site-packages/turtle_tf2_delay/__init__.py to __init__.cpython-312.pyc
[1.532s] running install_data
[1.532s] creating /home/alexandra/Robotics/module04/ex03/install/turtle_tf2_delay/share/ament_index
[1.532s] creating /home/alexandra/Robotics/module04/ex03/install/turtle_tf2_delay/share/ament_index/resource_index
[1.533s] creating /home/alexandra/Robotics/module04/ex03/install/turtle_tf2_delay/share/ament_index/resource_index/packages
[1.533s] copying resource/turtle_tf2_delay -> /home/alexandra/Robotics/module04/ex03/install/turtle_tf2_delay/share/ament_index/resource_index/packages
[1.533s] copying package.xml -> /home/alexandra/Robotics/module04/ex03/install/turtle_tf2_delay/share/turtle_tf2_delay
[1.534s] creating /home/alexandra/Robotics/module04/ex03/install/turtle_tf2_delay/share/turtle_tf2_delay/launch
[1.534s] copying launch/turtle_tf2_delay.launch.py -> /home/alexandra/Robotics/module04/ex03/install/turtle_tf2_delay/share/turtle_tf2_delay/launch
[1.534s] running install_egg_info
[1.555s] Copying ../../build/turtle_tf2_delay/turtle_tf2_delay.egg-info to /home/alexandra/Robotics/module04/ex03/install/turtle_tf2_delay/lib/python3.12/site-packages/turtle_tf2_delay-0.0.0-py3.12.egg-info
[1.556s] running install_scripts
[1.696s] Installing turtle_tf2_broadcaster script to /home/alexandra/Robotics/module04/ex03/install/turtle_tf2_delay/lib/turtle_tf2_delay
[1.697s] Installing turtle_tf2_listener script to /home/alexandra/Robotics/module04/ex03/install/turtle_tf2_delay/lib/turtle_tf2_delay
[1.697s] writing list of installed files to '/home/alexandra/Robotics/module04/ex03/build/turtle_tf2_delay/install.log'
[1.723s] Invoked command in '/home/alexandra/Robotics/module04/ex03/src/turtle_tf2_delay' returned '0': PYTHONPATH=/home/alexandra/Robotics/module04/ex03/build/turtle_tf2_delay/prefix_override:/usr/lib/python3/dist-packages/colcon_core/task/python/colcon_distutils_commands:/home/alexandra/Robotics/module04/ex03/install/turtle_tf2_delay/lib/python3.12/site-packages:${PYTHONPATH} /usr/bin/python3 -W ignore:setup.py install is deprecated -W ignore:easy_install command is deprecated setup.py egg_info --egg-base ../../build/turtle_tf2_delay build --build-base /home/alexandra/Robotics/module04/ex03/build/turtle_tf2_delay/build install --record /home/alexandra/Robotics/module04/ex03/build/turtle_tf2_delay/install.log --single-version-externally-managed install_data
