[0.018s] Invoking command in '/home/alexandra/Robotics/module03/build/action_cleaning_robot': CMAKE_PREFIX_PATH=${CMAKE_PREFIX_PATH}:/home/alexandra/Robotics/module03/install/move_to_goal:/opt/ros/jazzy /usr/bin/cmake --build /home/alexandra/Robotics/module03/build/action_cleaning_robot -- -j12 -l12
[0.147s] [  2%] Built target action_cleaning_robot__rosidl_generator_type_description
[0.167s] [  2%] Built target ament_cmake_python_copy_action_cleaning_robot
[0.178s] [  5%] Built target action_cleaning_robot__cpp
[0.179s] [ 20%] Built target action_cleaning_robot__rosidl_generator_c
[0.214s] [ 35%] Built target action_cleaning_robot__rosidl_typesupport_c
[0.214s] [ 41%] Built target action_cleaning_robot__rosidl_typesupport_cpp
[0.215s] [ 50%] Built target action_cleaning_robot__rosidl_typesupport_introspection_cpp
[0.215s] [ 55%] Built target action_cleaning_robot__rosidl_typesupport_fastrtps_c
[0.215s] [ 64%] Built target action_cleaning_robot__rosidl_typesupport_introspection_c
[0.220s] [ 73%] Built target action_cleaning_robot__rosidl_typesupport_fastrtps_cpp
[0.249s] [ 73%] Built target action_cleaning_robot
[0.281s] [ 76%] Built target action_cleaning_robot__py
[0.314s] [ 82%] Built target action_cleaning_robot__rosidl_generator_py
[0.346s] [ 94%] Built target action_cleaning_robot_s__rosidl_typesupport_c
[0.347s] [ 94%] Built target action_cleaning_robot_s__rosidl_typesupport_introspection_c
[0.347s] [100%] Built target action_cleaning_robot_s__rosidl_typesupport_fastrtps_c
[0.411s] running egg_info
[0.433s] writing action_cleaning_robot.egg-info/PKG-INFO
[0.433s] writing dependency_links to action_cleaning_robot.egg-info/dependency_links.txt
[0.433s] writing top-level names to action_cleaning_robot.egg-info/top_level.txt
[0.494s] reading manifest file 'action_cleaning_robot.egg-info/SOURCES.txt'
[0.495s] writing manifest file 'action_cleaning_robot.egg-info/SOURCES.txt'
[0.524s] [100%] Built target ament_cmake_python_build_action_cleaning_robot_egg
[0.541s] Invoked command in '/home/alexandra/Robotics/module03/build/action_cleaning_robot' returned '0': CMAKE_PREFIX_PATH=${CMAKE_PREFIX_PATH}:/home/alexandra/Robotics/module03/install/move_to_goal:/opt/ros/jazzy /usr/bin/cmake --build /home/alexandra/Robotics/module03/build/action_cleaning_robot -- -j12 -l12
[0.555s] Invoking command in '/home/alexandra/Robotics/module03/build/action_cleaning_robot': CMAKE_PREFIX_PATH=${CMAKE_PREFIX_PATH}:/home/alexandra/Robotics/module03/install/move_to_goal:/opt/ros/jazzy /usr/bin/cmake --install /home/alexandra/Robotics/module03/build/action_cleaning_robot
[0.567s] -- Install configuration: ""
[0.567s] -- Up-to-date: /home/alexandra/Robotics/module03/install/action_cleaning_robot/share/ament_index/resource_index/rosidl_interfaces/action_cleaning_robot
[0.567s] -- Up-to-date: /home/alexandra/Robotics/module03/install/action_cleaning_robot/share/action_cleaning_robot/action/CleaningTask.json
[0.568s] -- Up-to-date: /home/alexandra/Robotics/module03/install/action_cleaning_robot/include/action_cleaning_robot/action_cleaning_robot
[0.568s] -- Up-to-date: /home/alexandra/Robotics/module03/install/action_cleaning_robot/include/action_cleaning_robot/action_cleaning_robot/msg
[0.568s] -- Up-to-date: /home/alexandra/Robotics/module03/install/action_cleaning_robot/include/action_cleaning_robot/action_cleaning_robot/msg/rosidl_generator_c__visibility_control.h
[0.568s] -- Up-to-date: /home/alexandra/Robotics/module03/install/action_cleaning_robot/include/action_cleaning_robot/action_cleaning_robot/action
[0.569s] -- Up-to-date: /home/alexandra/Robotics/module03/install/action_cleaning_robot/include/action_cleaning_robot/action_cleaning_robot/action/cleaning_task.h
[0.569s] -- Up-to-date: /home/alexandra/Robotics/module03/install/action_cleaning_robot/include/action_cleaning_robot/action_cleaning_robot/action/detail
[0.569s] -- Up-to-date: /home/alexandra/Robotics/module03/install/action_cleaning_robot/include/action_cleaning_robot/action_cleaning_robot/action/detail/cleaning_task__description.c
[0.569s] -- Up-to-date: /home/alexandra/Robotics/module03/install/action_cleaning_robot/include/action_cleaning_robot/action_cleaning_robot/action/detail/cleaning_task__type_support.c
[0.569s] -- Up-to-date: /home/alexandra/Robotics/module03/install/action_cleaning_robot/include/action_cleaning_robot/action_cleaning_robot/action/detail/cleaning_task__struct.h
[0.570s] -- Up-to-date: /home/alexandra/Robotics/module03/install/action_cleaning_robot/include/action_cleaning_robot/action_cleaning_robot/action/detail/cleaning_task__functions.h
[0.570s] -- Up-to-date: /home/alexandra/Robotics/module03/install/action_cleaning_robot/include/action_cleaning_robot/action_cleaning_robot/action/detail/cleaning_task__type_support.h
[0.570s] -- Up-to-date: /home/alexandra/Robotics/module03/install/action_cleaning_robot/include/action_cleaning_robot/action_cleaning_robot/action/detail/cleaning_task__functions.c
[0.570s] -- Up-to-date: /home/alexandra/Robotics/module03/install/action_cleaning_robot/share/action_cleaning_robot/environment/library_path.sh
[0.570s] -- Up-to-date: /home/alexandra/Robotics/module03/install/action_cleaning_robot/share/action_cleaning_robot/environment/library_path.dsv
[0.572s] -- Up-to-date: /home/alexandra/Robotics/module03/install/action_cleaning_robot/lib/libaction_cleaning_robot__rosidl_generator_c.so
[0.572s] -- Up-to-date: /home/alexandra/Robotics/module03/install/action_cleaning_robot/include/action_cleaning_robot/action_cleaning_robot
[0.572s] -- Up-to-date: /home/alexandra/Robotics/module03/install/action_cleaning_robot/include/action_cleaning_robot/action_cleaning_robot/msg
[0.572s] -- Up-to-date: /home/alexandra/Robotics/module03/install/action_cleaning_robot/include/action_cleaning_robot/action_cleaning_robot/msg/rosidl_typesupport_fastrtps_c__visibility_control.h
[0.572s] -- Up-to-date: /home/alexandra/Robotics/module03/install/action_cleaning_robot/include/action_cleaning_robot/action_cleaning_robot/action
[0.573s] -- Up-to-date: /home/alexandra/Robotics/module03/install/action_cleaning_robot/include/action_cleaning_robot/action_cleaning_robot/action/detail
[0.573s] -- Up-to-date: /home/alexandra/Robotics/module03/install/action_cleaning_robot/include/action_cleaning_robot/action_cleaning_robot/action/detail/cleaning_task__rosidl_typesupport_fastrtps_c.h
[0.573s] -- Up-to-date: /home/alexandra/Robotics/module03/install/action_cleaning_robot/lib/libaction_cleaning_robot__rosidl_typesupport_fastrtps_c.so
[0.574s] -- Up-to-date: /home/alexandra/Robotics/module03/install/action_cleaning_robot/include/action_cleaning_robot/action_cleaning_robot
[0.574s] -- Up-to-date: /home/alexandra/Robotics/module03/install/action_cleaning_robot/include/action_cleaning_robot/action_cleaning_robot/msg
[0.575s] -- Up-to-date: /home/alexandra/Robotics/module03/install/action_cleaning_robot/include/action_cleaning_robot/action_cleaning_robot/msg/rosidl_typesupport_introspection_c__visibility_control.h
[0.575s] -- Up-to-date: /home/alexandra/Robotics/module03/install/action_cleaning_robot/include/action_cleaning_robot/action_cleaning_robot/action
[0.576s] -- Up-to-date: /home/alexandra/Robotics/module03/install/action_cleaning_robot/include/action_cleaning_robot/action_cleaning_robot/action/detail
[0.576s] -- Up-to-date: /home/alexandra/Robotics/module03/install/action_cleaning_robot/include/action_cleaning_robot/action_cleaning_robot/action/detail/cleaning_task__type_support.c
[0.576s] -- Up-to-date: /home/alexandra/Robotics/module03/install/action_cleaning_robot/include/action_cleaning_robot/action_cleaning_robot/action/detail/cleaning_task__rosidl_typesupport_introspection_c.h
[0.576s] -- Up-to-date: /home/alexandra/Robotics/module03/install/action_cleaning_robot/lib/libaction_cleaning_robot__rosidl_typesupport_introspection_c.so
[0.578s] -- Up-to-date: /home/alexandra/Robotics/module03/install/action_cleaning_robot/lib/libaction_cleaning_robot__rosidl_typesupport_c.so
[0.578s] -- Up-to-date: /home/alexandra/Robotics/module03/install/action_cleaning_robot/include/action_cleaning_robot/action_cleaning_robot
[0.578s] -- Up-to-date: /home/alexandra/Robotics/module03/install/action_cleaning_robot/include/action_cleaning_robot/action_cleaning_robot/msg
[0.578s] -- Up-to-date: /home/alexandra/Robotics/module03/install/action_cleaning_robot/include/action_cleaning_robot/action_cleaning_robot/msg/rosidl_generator_cpp__visibility_control.hpp
[0.578s] -- Up-to-date: /home/alexandra/Robotics/module03/install/action_cleaning_robot/include/action_cleaning_robot/action_cleaning_robot/action
[0.579s] -- Up-to-date: /home/alexandra/Robotics/module03/install/action_cleaning_robot/include/action_cleaning_robot/action_cleaning_robot/action/cleaning_task.hpp
[0.579s] -- Up-to-date: /home/alexandra/Robotics/module03/install/action_cleaning_robot/include/action_cleaning_robot/action_cleaning_robot/action/detail
[0.580s] -- Up-to-date: /home/alexandra/Robotics/module03/install/action_cleaning_robot/include/action_cleaning_robot/action_cleaning_robot/action/detail/cleaning_task__struct.hpp
[0.580s] -- Up-to-date: /home/alexandra/Robotics/module03/install/action_cleaning_robot/include/action_cleaning_robot/action_cleaning_robot/action/detail/cleaning_task__type_support.hpp
[0.580s] -- Up-to-date: /home/alexandra/Robotics/module03/install/action_cleaning_robot/include/action_cleaning_robot/action_cleaning_robot/action/detail/cleaning_task__traits.hpp
[0.580s] -- Up-to-date: /home/alexandra/Robotics/module03/install/action_cleaning_robot/include/action_cleaning_robot/action_cleaning_robot/action/detail/cleaning_task__builder.hpp
[0.580s] -- Up-to-date: /home/alexandra/Robotics/module03/install/action_cleaning_robot/include/action_cleaning_robot/action_cleaning_robot
[0.580s] -- Up-to-date: /home/alexandra/Robotics/module03/install/action_cleaning_robot/include/action_cleaning_robot/action_cleaning_robot/msg
[0.581s] -- Up-to-date: /home/alexandra/Robotics/module03/install/action_cleaning_robot/include/action_cleaning_robot/action_cleaning_robot/msg/rosidl_typesupport_fastrtps_cpp__visibility_control.h
[0.581s] -- Up-to-date: /home/alexandra/Robotics/module03/install/action_cleaning_robot/include/action_cleaning_robot/action_cleaning_robot/action
[0.581s] -- Up-to-date: /home/alexandra/Robotics/module03/install/action_cleaning_robot/include/action_cleaning_robot/action_cleaning_robot/action/detail
[0.581s] -- Up-to-date: /home/alexandra/Robotics/module03/install/action_cleaning_robot/include/action_cleaning_robot/action_cleaning_robot/action/detail/dds_fastrtps
[0.582s] -- Up-to-date: /home/alexandra/Robotics/module03/install/action_cleaning_robot/include/action_cleaning_robot/action_cleaning_robot/action/detail/cleaning_task__rosidl_typesupport_fastrtps_cpp.hpp
[0.583s] -- Up-to-date: /home/alexandra/Robotics/module03/install/action_cleaning_robot/lib/libaction_cleaning_robot__rosidl_typesupport_fastrtps_cpp.so
[0.583s] -- Up-to-date: /home/alexandra/Robotics/module03/install/action_cleaning_robot/include/action_cleaning_robot/action_cleaning_robot
[0.583s] -- Up-to-date: /home/alexandra/Robotics/module03/install/action_cleaning_robot/include/action_cleaning_robot/action_cleaning_robot/action
[0.584s] -- Up-to-date: /home/alexandra/Robotics/module03/install/action_cleaning_robot/include/action_cleaning_robot/action_cleaning_robot/action/detail
[0.584s] -- Up-to-date: /home/alexandra/Robotics/module03/install/action_cleaning_robot/include/action_cleaning_robot/action_cleaning_robot/action/detail/cleaning_task__type_support.cpp
[0.584s] -- Up-to-date: /home/alexandra/Robotics/module03/install/action_cleaning_robot/include/action_cleaning_robot/action_cleaning_robot/action/detail/cleaning_task__rosidl_typesupport_introspection_cpp.hpp
[0.585s] -- Up-to-date: /home/alexandra/Robotics/module03/install/action_cleaning_robot/lib/libaction_cleaning_robot__rosidl_typesupport_introspection_cpp.so
[0.586s] -- Up-to-date: /home/alexandra/Robotics/module03/install/action_cleaning_robot/lib/libaction_cleaning_robot__rosidl_typesupport_cpp.so
[0.586s] -- Up-to-date: /home/alexandra/Robotics/module03/install/action_cleaning_robot/share/action_cleaning_robot/environment/pythonpath.sh
[0.587s] -- Up-to-date: /home/alexandra/Robotics/module03/install/action_cleaning_robot/share/action_cleaning_robot/environment/pythonpath.dsv
[0.587s] -- Up-to-date: /home/alexandra/Robotics/module03/install/action_cleaning_robot/lib/python3.12/site-packages/action_cleaning_robot-0.0.0-py3.12.egg-info
[0.587s] -- Installing: /home/alexandra/Robotics/module03/install/action_cleaning_robot/lib/python3.12/site-packages/action_cleaning_robot-0.0.0-py3.12.egg-info/top_level.txt
[0.588s] -- Installing: /home/alexandra/Robotics/module03/install/action_cleaning_robot/lib/python3.12/site-packages/action_cleaning_robot-0.0.0-py3.12.egg-info/dependency_links.txt
[0.588s] -- Installing: /home/alexandra/Robotics/module03/install/action_cleaning_robot/lib/python3.12/site-packages/action_cleaning_robot-0.0.0-py3.12.egg-info/SOURCES.txt
[0.588s] -- Installing: /home/alexandra/Robotics/module03/install/action_cleaning_robot/lib/python3.12/site-packages/action_cleaning_robot-0.0.0-py3.12.egg-info/PKG-INFO
[0.589s] -- Up-to-date: /home/alexandra/Robotics/module03/install/action_cleaning_robot/lib/python3.12/site-packages/action_cleaning_robot
[0.589s] -- Up-to-date: /home/alexandra/Robotics/module03/install/action_cleaning_robot/lib/python3.12/site-packages/action_cleaning_robot/action_cleaning_robot_s__rosidl_typesupport_introspection_c.so
[0.589s] -- Up-to-date: /home/alexandra/Robotics/module03/install/action_cleaning_robot/lib/python3.12/site-packages/action_cleaning_robot/action_cleaning_robot_s__rosidl_typesupport_c.so
[0.589s] -- Up-to-date: /home/alexandra/Robotics/module03/install/action_cleaning_robot/lib/python3.12/site-packages/action_cleaning_robot/action_cleaning_robot_s__rosidl_typesupport_fastrtps_c.so
[0.589s] -- Up-to-date: /home/alexandra/Robotics/module03/install/action_cleaning_robot/lib/python3.12/site-packages/action_cleaning_robot/_action_cleaning_robot_s.ep.rosidl_typesupport_fastrtps_c.c
[0.589s] -- Up-to-date: /home/alexandra/Robotics/module03/install/action_cleaning_robot/lib/python3.12/site-packages/action_cleaning_robot/_action_cleaning_robot_s.ep.rosidl_typesupport_c.c
[0.590s] -- Up-to-date: /home/alexandra/Robotics/module03/install/action_cleaning_robot/lib/python3.12/site-packages/action_cleaning_robot/_action_cleaning_robot_s.ep.rosidl_typesupport_introspection_c.c
[0.590s] -- Up-to-date: /home/alexandra/Robotics/module03/install/action_cleaning_robot/lib/python3.12/site-packages/action_cleaning_robot/__init__.py
[0.590s] -- Up-to-date: /home/alexandra/Robotics/module03/install/action_cleaning_robot/lib/python3.12/site-packages/action_cleaning_robot/action
[0.590s] -- Up-to-date: /home/alexandra/Robotics/module03/install/action_cleaning_robot/lib/python3.12/site-packages/action_cleaning_robot/action/_cleaning_task_s.c
[0.590s] -- Up-to-date: /home/alexandra/Robotics/module03/install/action_cleaning_robot/lib/python3.12/site-packages/action_cleaning_robot/action/_cleaning_task.py
[0.590s] -- Up-to-date: /home/alexandra/Robotics/module03/install/action_cleaning_robot/lib/python3.12/site-packages/action_cleaning_robot/action/__init__.py
[0.627s] Listing '/home/alexandra/Robotics/module03/install/action_cleaning_robot/lib/python3.12/site-packages/action_cleaning_robot'...
[0.627s] Listing '/home/alexandra/Robotics/module03/install/action_cleaning_robot/lib/python3.12/site-packages/action_cleaning_robot/action'...
[0.633s] -- Up-to-date: /home/alexandra/Robotics/module03/install/action_cleaning_robot/lib/python3.12/site-packages/action_cleaning_robot/action_cleaning_robot_s__rosidl_typesupport_fastrtps_c.so
[0.634s] -- Up-to-date: /home/alexandra/Robotics/module03/install/action_cleaning_robot/lib/python3.12/site-packages/action_cleaning_robot/action_cleaning_robot_s__rosidl_typesupport_introspection_c.so
[0.635s] -- Up-to-date: /home/alexandra/Robotics/module03/install/action_cleaning_robot/lib/python3.12/site-packages/action_cleaning_robot/action_cleaning_robot_s__rosidl_typesupport_c.so
[0.635s] -- Up-to-date: /home/alexandra/Robotics/module03/install/action_cleaning_robot/lib/libaction_cleaning_robot__rosidl_generator_py.so
[0.636s] -- Up-to-date: /home/alexandra/Robotics/module03/install/action_cleaning_robot/share/action_cleaning_robot/action/CleaningTask.idl
[0.636s] -- Up-to-date: /home/alexandra/Robotics/module03/install/action_cleaning_robot/share/action_cleaning_robot/action/CleaningTask.action
[0.636s] -- Installing: /home/alexandra/Robotics/module03/install/action_cleaning_robot/lib/action_cleaning_robot/cleaning_action_server.py
[0.636s] -- Up-to-date: /home/alexandra/Robotics/module03/install/action_cleaning_robot/lib/action_cleaning_robot/cleaning_action_client.py
[0.636s] -- Up-to-date: /home/alexandra/Robotics/module03/install/action_cleaning_robot/share/ament_index/resource_index/package_run_dependencies/action_cleaning_robot
[0.637s] -- Up-to-date: /home/alexandra/Robotics/module03/install/action_cleaning_robot/share/ament_index/resource_index/parent_prefix_path/action_cleaning_robot
[0.637s] -- Up-to-date: /home/alexandra/Robotics/module03/install/action_cleaning_robot/share/action_cleaning_robot/environment/ament_prefix_path.sh
[0.637s] -- Up-to-date: /home/alexandra/Robotics/module03/install/action_cleaning_robot/share/action_cleaning_robot/environment/ament_prefix_path.dsv
[0.637s] -- Up-to-date: /home/alexandra/Robotics/module03/install/action_cleaning_robot/share/action_cleaning_robot/environment/path.sh
[0.637s] -- Up-to-date: /home/alexandra/Robotics/module03/install/action_cleaning_robot/share/action_cleaning_robot/environment/path.dsv
[0.637s] -- Up-to-date: /home/alexandra/Robotics/module03/install/action_cleaning_robot/share/action_cleaning_robot/local_setup.bash
[0.637s] -- Up-to-date: /home/alexandra/Robotics/module03/install/action_cleaning_robot/share/action_cleaning_robot/local_setup.sh
[0.638s] -- Up-to-date: /home/alexandra/Robotics/module03/install/action_cleaning_robot/share/action_cleaning_robot/local_setup.zsh
[0.638s] -- Up-to-date: /home/alexandra/Robotics/module03/install/action_cleaning_robot/share/action_cleaning_robot/local_setup.dsv
[0.638s] -- Installing: /home/alexandra/Robotics/module03/install/action_cleaning_robot/share/action_cleaning_robot/package.dsv
[0.638s] -- Up-to-date: /home/alexandra/Robotics/module03/install/action_cleaning_robot/share/ament_index/resource_index/packages/action_cleaning_robot
[0.638s] -- Up-to-date: /home/alexandra/Robotics/module03/install/action_cleaning_robot/share/action_cleaning_robot/cmake/export_action_cleaning_robot__rosidl_generator_cExport.cmake
[0.638s] -- Up-to-date: /home/alexandra/Robotics/module03/install/action_cleaning_robot/share/action_cleaning_robot/cmake/export_action_cleaning_robot__rosidl_generator_cExport-noconfig.cmake
[0.639s] -- Up-to-date: /home/alexandra/Robotics/module03/install/action_cleaning_robot/share/action_cleaning_robot/cmake/export_action_cleaning_robot__rosidl_typesupport_fastrtps_cExport.cmake
[0.639s] -- Up-to-date: /home/alexandra/Robotics/module03/install/action_cleaning_robot/share/action_cleaning_robot/cmake/export_action_cleaning_robot__rosidl_typesupport_fastrtps_cExport-noconfig.cmake
[0.640s] -- Up-to-date: /home/alexandra/Robotics/module03/install/action_cleaning_robot/share/action_cleaning_robot/cmake/action_cleaning_robot__rosidl_typesupport_introspection_cExport.cmake
[0.640s] -- Up-to-date: /home/alexandra/Robotics/module03/install/action_cleaning_robot/share/action_cleaning_robot/cmake/action_cleaning_robot__rosidl_typesupport_introspection_cExport-noconfig.cmake
[0.640s] -- Up-to-date: /home/alexandra/Robotics/module03/install/action_cleaning_robot/share/action_cleaning_robot/cmake/action_cleaning_robot__rosidl_typesupport_cExport.cmake
[0.640s] -- Up-to-date: /home/alexandra/Robotics/module03/install/action_cleaning_robot/share/action_cleaning_robot/cmake/action_cleaning_robot__rosidl_typesupport_cExport-noconfig.cmake
[0.641s] -- Up-to-date: /home/alexandra/Robotics/module03/install/action_cleaning_robot/share/action_cleaning_robot/cmake/export_action_cleaning_robot__rosidl_generator_cppExport.cmake
[0.642s] -- Up-to-date: /home/alexandra/Robotics/module03/install/action_cleaning_robot/share/action_cleaning_robot/cmake/export_action_cleaning_robot__rosidl_typesupport_fastrtps_cppExport.cmake
[0.642s] -- Up-to-date: /home/alexandra/Robotics/module03/install/action_cleaning_robot/share/action_cleaning_robot/cmake/export_action_cleaning_robot__rosidl_typesupport_fastrtps_cppExport-noconfig.cmake
[0.642s] -- Up-to-date: /home/alexandra/Robotics/module03/install/action_cleaning_robot/share/action_cleaning_robot/cmake/action_cleaning_robot__rosidl_typesupport_introspection_cppExport.cmake
[0.642s] -- Up-to-date: /home/alexandra/Robotics/module03/install/action_cleaning_robot/share/action_cleaning_robot/cmake/action_cleaning_robot__rosidl_typesupport_introspection_cppExport-noconfig.cmake
[0.643s] -- Up-to-date: /home/alexandra/Robotics/module03/install/action_cleaning_robot/share/action_cleaning_robot/cmake/action_cleaning_robot__rosidl_typesupport_cppExport.cmake
[0.643s] -- Up-to-date: /home/alexandra/Robotics/module03/install/action_cleaning_robot/share/action_cleaning_robot/cmake/action_cleaning_robot__rosidl_typesupport_cppExport-noconfig.cmake
[0.643s] -- Up-to-date: /home/alexandra/Robotics/module03/install/action_cleaning_robot/share/action_cleaning_robot/cmake/export_action_cleaning_robot__rosidl_generator_pyExport.cmake
[0.643s] -- Up-to-date: /home/alexandra/Robotics/module03/install/action_cleaning_robot/share/action_cleaning_robot/cmake/export_action_cleaning_robot__rosidl_generator_pyExport-noconfig.cmake
[0.644s] -- Up-to-date: /home/alexandra/Robotics/module03/install/action_cleaning_robot/share/action_cleaning_robot/cmake/rosidl_cmake-extras.cmake
[0.644s] -- Up-to-date: /home/alexandra/Robotics/module03/install/action_cleaning_robot/share/action_cleaning_robot/cmake/ament_cmake_export_dependencies-extras.cmake
[0.644s] -- Up-to-date: /home/alexandra/Robotics/module03/install/action_cleaning_robot/share/action_cleaning_robot/cmake/ament_cmake_export_include_directories-extras.cmake
[0.644s] -- Up-to-date: /home/alexandra/Robotics/module03/install/action_cleaning_robot/share/action_cleaning_robot/cmake/ament_cmake_export_libraries-extras.cmake
[0.644s] -- Up-to-date: /home/alexandra/Robotics/module03/install/action_cleaning_robot/share/action_cleaning_robot/cmake/ament_cmake_export_targets-extras.cmake
[0.644s] -- Up-to-date: /home/alexandra/Robotics/module03/install/action_cleaning_robot/share/action_cleaning_robot/cmake/rosidl_cmake_export_typesupport_targets-extras.cmake
[0.644s] -- Up-to-date: /home/alexandra/Robotics/module03/install/action_cleaning_robot/share/action_cleaning_robot/cmake/rosidl_cmake_export_typesupport_libraries-extras.cmake
[0.644s] -- Up-to-date: /home/alexandra/Robotics/module03/install/action_cleaning_robot/share/action_cleaning_robot/cmake/action_cleaning_robotConfig.cmake
[0.644s] -- Up-to-date: /home/alexandra/Robotics/module03/install/action_cleaning_robot/share/action_cleaning_robot/cmake/action_cleaning_robotConfig-version.cmake
[0.644s] -- Up-to-date: /home/alexandra/Robotics/module03/install/action_cleaning_robot/share/action_cleaning_robot/package.xml
[0.648s] Invoked command in '/home/alexandra/Robotics/module03/build/action_cleaning_robot' returned '0': CMAKE_PREFIX_PATH=${CMAKE_PREFIX_PATH}:/home/alexandra/Robotics/module03/install/move_to_goal:/opt/ros/jazzy /usr/bin/cmake --install /home/alexandra/Robotics/module03/build/action_cleaning_robot
