[0.157s] DEBUG:colcon:Command line arguments: ['/usr/bin/colcon', 'build', '--packages-select', 'action_cleaning_robot']
[0.157s] DEBUG:colcon:Parsed command line arguments: Namespace(log_base=None, log_level=None, verb_name='build', build_base='build', install_base='install', merge_install=False, symlink_install=False, test_result_base=None, continue_on_error=False, executor='parallel', parallel_workers=12, event_handlers=None, ignore_user_meta=False, metas=['./colcon.meta'], base_paths=['.'], packages_ignore=None, packages_ignore_regex=None, paths=None, packages_up_to=None, packages_up_to_regex=None, packages_above=None, packages_above_and_dependencies=None, packages_above_depth=None, packages_select_by_dep=None, packages_skip_by_dep=None, packages_skip_up_to=None, packages_select_build_failed=False, packages_skip_build_finished=False, packages_select_test_failures=False, packages_skip_test_passed=False, packages_select=['action_cleaning_robot'], packages_skip=None, packages_select_regex=None, packages_skip_regex=None, packages_start=None, packages_end=None, allow_overriding=[], cmake_args=None, cmake_target=None, cmake_target_skip_unavailable=False, cmake_clean_cache=False, cmake_clean_first=False, cmake_force_configure=False, ament_cmake_args=None, catkin_cmake_args=None, catkin_skip_building_tests=False, mixin_files=None, mixin=None, verb_parser=<colcon_mixin.mixin.mixin_argument.MixinArgumentDecorator object at 0x70b6fb97e840>, verb_extension=<colcon_core.verb.build.BuildVerb object at 0x70b6fb97e570>, main=<bound method BuildVerb.main of <colcon_core.verb.build.BuildVerb object at 0x70b6fb97e570>>, mixin_verb=('build',))
[0.199s] Level 1:colcon.colcon_core.package_discovery:discover_packages(colcon_meta) check parameters
[0.199s] Level 1:colcon.colcon_core.package_discovery:discover_packages(recursive) check parameters
[0.199s] Level 1:colcon.colcon_core.package_discovery:discover_packages(ignore) check parameters
[0.199s] Level 1:colcon.colcon_core.package_discovery:discover_packages(path) check parameters
[0.199s] Level 1:colcon.colcon_core.package_discovery:discover_packages(colcon_meta) discover
[0.199s] Level 1:colcon.colcon_core.package_discovery:discover_packages(recursive) discover
[0.199s] INFO:colcon.colcon_core.package_discovery:Crawling recursively for packages in '/home/alexandra/Robotics/module03'
[0.199s] Level 1:colcon.colcon_core.package_identification:_identify(.) by extensions ['ignore', 'ignore_ament_install']
[0.199s] Level 1:colcon.colcon_core.package_identification:_identify(.) by extension 'ignore'
[0.199s] Level 1:colcon.colcon_core.package_identification:_identify(.) by extension 'ignore_ament_install'
[0.199s] Level 1:colcon.colcon_core.package_identification:_identify(.) by extensions ['colcon_pkg']
[0.199s] Level 1:colcon.colcon_core.package_identification:_identify(.) by extension 'colcon_pkg'
[0.199s] Level 1:colcon.colcon_core.package_identification:_identify(.) by extensions ['colcon_meta']
[0.199s] Level 1:colcon.colcon_core.package_identification:_identify(.) by extension 'colcon_meta'
[0.199s] Level 1:colcon.colcon_core.package_identification:_identify(.) by extensions ['ros']
[0.199s] Level 1:colcon.colcon_core.package_identification:_identify(.) by extension 'ros'
[0.224s] Level 1:colcon.colcon_core.package_identification:_identify(.) by extensions ['cmake', 'python']
[0.224s] Level 1:colcon.colcon_core.package_identification:_identify(.) by extension 'cmake'
[0.224s] Level 1:colcon.colcon_core.package_identification:_identify(.) by extension 'python'
[0.224s] Level 1:colcon.colcon_core.package_identification:_identify(.) by extensions ['python_setup_py']
[0.224s] Level 1:colcon.colcon_core.package_identification:_identify(.) by extension 'python_setup_py'
[0.225s] Level 1:colcon.colcon_core.package_identification:_identify(build) by extensions ['ignore', 'ignore_ament_install']
[0.225s] Level 1:colcon.colcon_core.package_identification:_identify(build) by extension 'ignore'
[0.225s] Level 1:colcon.colcon_core.package_identification:_identify(build) ignored
[0.225s] Level 1:colcon.colcon_core.package_identification:_identify(ex01) by extensions ['ignore', 'ignore_ament_install']
[0.225s] Level 1:colcon.colcon_core.package_identification:_identify(ex01) by extension 'ignore'
[0.225s] Level 1:colcon.colcon_core.package_identification:_identify(ex01) by extension 'ignore_ament_install'
[0.225s] Level 1:colcon.colcon_core.package_identification:_identify(ex01) by extensions ['colcon_pkg']
[0.225s] Level 1:colcon.colcon_core.package_identification:_identify(ex01) by extension 'colcon_pkg'
[0.225s] Level 1:colcon.colcon_core.package_identification:_identify(ex01) by extensions ['colcon_meta']
[0.225s] Level 1:colcon.colcon_core.package_identification:_identify(ex01) by extension 'colcon_meta'
[0.225s] Level 1:colcon.colcon_core.package_identification:_identify(ex01) by extensions ['ros']
[0.225s] Level 1:colcon.colcon_core.package_identification:_identify(ex01) by extension 'ros'
[0.225s] Level 1:colcon.colcon_core.package_identification:_identify(ex01) by extensions ['cmake', 'python']
[0.225s] Level 1:colcon.colcon_core.package_identification:_identify(ex01) by extension 'cmake'
[0.226s] Level 1:colcon.colcon_core.package_identification:_identify(ex01) by extension 'python'
[0.226s] Level 1:colcon.colcon_core.package_identification:_identify(ex01) by extensions ['python_setup_py']
[0.226s] Level 1:colcon.colcon_core.package_identification:_identify(ex01) by extension 'python_setup_py'
[0.226s] Level 1:colcon.colcon_core.package_identification:_identify(ex01/service_full_name) by extensions ['ignore', 'ignore_ament_install']
[0.226s] Level 1:colcon.colcon_core.package_identification:_identify(ex01/service_full_name) by extension 'ignore'
[0.226s] Level 1:colcon.colcon_core.package_identification:_identify(ex01/service_full_name) by extension 'ignore_ament_install'
[0.226s] Level 1:colcon.colcon_core.package_identification:_identify(ex01/service_full_name) by extensions ['colcon_pkg']
[0.226s] Level 1:colcon.colcon_core.package_identification:_identify(ex01/service_full_name) by extension 'colcon_pkg'
[0.226s] Level 1:colcon.colcon_core.package_identification:_identify(ex01/service_full_name) by extensions ['colcon_meta']
[0.226s] Level 1:colcon.colcon_core.package_identification:_identify(ex01/service_full_name) by extension 'colcon_meta'
[0.226s] Level 1:colcon.colcon_core.package_identification:_identify(ex01/service_full_name) by extensions ['ros']
[0.226s] Level 1:colcon.colcon_core.package_identification:_identify(ex01/service_full_name) by extension 'ros'
[0.228s] DEBUG:colcon.colcon_core.package_identification:Package 'ex01/service_full_name' with type 'ros.ament_cmake' and name 'service_full_name'
[0.228s] Level 1:colcon.colcon_core.package_identification:_identify(ex01/tutorial_interfaces) by extensions ['ignore', 'ignore_ament_install']
[0.228s] Level 1:colcon.colcon_core.package_identification:_identify(ex01/tutorial_interfaces) by extension 'ignore'
[0.228s] Level 1:colcon.colcon_core.package_identification:_identify(ex01/tutorial_interfaces) by extension 'ignore_ament_install'
[0.229s] Level 1:colcon.colcon_core.package_identification:_identify(ex01/tutorial_interfaces) by extensions ['colcon_pkg']
[0.229s] Level 1:colcon.colcon_core.package_identification:_identify(ex01/tutorial_interfaces) by extension 'colcon_pkg'
[0.229s] Level 1:colcon.colcon_core.package_identification:_identify(ex01/tutorial_interfaces) by extensions ['colcon_meta']
[0.229s] Level 1:colcon.colcon_core.package_identification:_identify(ex01/tutorial_interfaces) by extension 'colcon_meta'
[0.229s] Level 1:colcon.colcon_core.package_identification:_identify(ex01/tutorial_interfaces) by extensions ['ros']
[0.229s] Level 1:colcon.colcon_core.package_identification:_identify(ex01/tutorial_interfaces) by extension 'ros'
[0.229s] DEBUG:colcon.colcon_core.package_identification:Package 'ex01/tutorial_interfaces' with type 'ros.ament_cmake' and name 'tutorial_interfaces'
[0.229s] Level 1:colcon.colcon_core.package_identification:_identify(ex02) by extensions ['ignore', 'ignore_ament_install']
[0.229s] Level 1:colcon.colcon_core.package_identification:_identify(ex02) by extension 'ignore'
[0.229s] Level 1:colcon.colcon_core.package_identification:_identify(ex02) by extension 'ignore_ament_install'
[0.229s] Level 1:colcon.colcon_core.package_identification:_identify(ex02) by extensions ['colcon_pkg']
[0.229s] Level 1:colcon.colcon_core.package_identification:_identify(ex02) by extension 'colcon_pkg'
[0.229s] Level 1:colcon.colcon_core.package_identification:_identify(ex02) by extensions ['colcon_meta']
[0.229s] Level 1:colcon.colcon_core.package_identification:_identify(ex02) by extension 'colcon_meta'
[0.229s] Level 1:colcon.colcon_core.package_identification:_identify(ex02) by extensions ['ros']
[0.229s] Level 1:colcon.colcon_core.package_identification:_identify(ex02) by extension 'ros'
[0.229s] Level 1:colcon.colcon_core.package_identification:_identify(ex02) by extensions ['cmake', 'python']
[0.229s] Level 1:colcon.colcon_core.package_identification:_identify(ex02) by extension 'cmake'
[0.230s] Level 1:colcon.colcon_core.package_identification:_identify(ex02) by extension 'python'
[0.230s] Level 1:colcon.colcon_core.package_identification:_identify(ex02) by extensions ['python_setup_py']
[0.230s] Level 1:colcon.colcon_core.package_identification:_identify(ex02) by extension 'python_setup_py'
[0.230s] Level 1:colcon.colcon_core.package_identification:_identify(ex02/turtle_cmd_vel.mcap) by extensions ['ignore', 'ignore_ament_install']
[0.230s] Level 1:colcon.colcon_core.package_identification:_identify(ex02/turtle_cmd_vel.mcap) by extension 'ignore'
[0.230s] Level 1:colcon.colcon_core.package_identification:_identify(ex02/turtle_cmd_vel.mcap) by extension 'ignore_ament_install'
[0.230s] Level 1:colcon.colcon_core.package_identification:_identify(ex02/turtle_cmd_vel.mcap) by extensions ['colcon_pkg']
[0.230s] Level 1:colcon.colcon_core.package_identification:_identify(ex02/turtle_cmd_vel.mcap) by extension 'colcon_pkg'
[0.230s] Level 1:colcon.colcon_core.package_identification:_identify(ex02/turtle_cmd_vel.mcap) by extensions ['colcon_meta']
[0.230s] Level 1:colcon.colcon_core.package_identification:_identify(ex02/turtle_cmd_vel.mcap) by extension 'colcon_meta'
[0.230s] Level 1:colcon.colcon_core.package_identification:_identify(ex02/turtle_cmd_vel.mcap) by extensions ['ros']
[0.230s] Level 1:colcon.colcon_core.package_identification:_identify(ex02/turtle_cmd_vel.mcap) by extension 'ros'
[0.230s] Level 1:colcon.colcon_core.package_identification:_identify(ex02/turtle_cmd_vel.mcap) by extensions ['cmake', 'python']
[0.230s] Level 1:colcon.colcon_core.package_identification:_identify(ex02/turtle_cmd_vel.mcap) by extension 'cmake'
[0.230s] Level 1:colcon.colcon_core.package_identification:_identify(ex02/turtle_cmd_vel.mcap) by extension 'python'
[0.230s] Level 1:colcon.colcon_core.package_identification:_identify(ex02/turtle_cmd_vel.mcap) by extensions ['python_setup_py']
[0.230s] Level 1:colcon.colcon_core.package_identification:_identify(ex02/turtle_cmd_vel.mcap) by extension 'python_setup_py'
[0.230s] Level 1:colcon.colcon_core.package_identification:_identify(ex03) by extensions ['ignore', 'ignore_ament_install']
[0.230s] Level 1:colcon.colcon_core.package_identification:_identify(ex03) by extension 'ignore'
[0.230s] Level 1:colcon.colcon_core.package_identification:_identify(ex03) by extension 'ignore_ament_install'
[0.230s] Level 1:colcon.colcon_core.package_identification:_identify(ex03) by extensions ['colcon_pkg']
[0.230s] Level 1:colcon.colcon_core.package_identification:_identify(ex03) by extension 'colcon_pkg'
[0.230s] Level 1:colcon.colcon_core.package_identification:_identify(ex03) by extensions ['colcon_meta']
[0.230s] Level 1:colcon.colcon_core.package_identification:_identify(ex03) by extension 'colcon_meta'
[0.230s] Level 1:colcon.colcon_core.package_identification:_identify(ex03) by extensions ['ros']
[0.230s] Level 1:colcon.colcon_core.package_identification:_identify(ex03) by extension 'ros'
[0.230s] Level 1:colcon.colcon_core.package_identification:_identify(ex03) by extensions ['cmake', 'python']
[0.231s] Level 1:colcon.colcon_core.package_identification:_identify(ex03) by extension 'cmake'
[0.231s] Level 1:colcon.colcon_core.package_identification:_identify(ex03) by extension 'python'
[0.231s] Level 1:colcon.colcon_core.package_identification:_identify(ex03) by extensions ['python_setup_py']
[0.231s] Level 1:colcon.colcon_core.package_identification:_identify(ex03) by extension 'python_setup_py'
[0.231s] Level 1:colcon.colcon_core.package_identification:_identify(ex04) by extensions ['ignore', 'ignore_ament_install']
[0.231s] Level 1:colcon.colcon_core.package_identification:_identify(ex04) by extension 'ignore'
[0.231s] Level 1:colcon.colcon_core.package_identification:_identify(ex04) by extension 'ignore_ament_install'
[0.231s] Level 1:colcon.colcon_core.package_identification:_identify(ex04) by extensions ['colcon_pkg']
[0.231s] Level 1:colcon.colcon_core.package_identification:_identify(ex04) by extension 'colcon_pkg'
[0.231s] Level 1:colcon.colcon_core.package_identification:_identify(ex04) by extensions ['colcon_meta']
[0.231s] Level 1:colcon.colcon_core.package_identification:_identify(ex04) by extension 'colcon_meta'
[0.231s] Level 1:colcon.colcon_core.package_identification:_identify(ex04) by extensions ['ros']
[0.231s] Level 1:colcon.colcon_core.package_identification:_identify(ex04) by extension 'ros'
[0.231s] Level 1:colcon.colcon_core.package_identification:_identify(ex04) by extensions ['cmake', 'python']
[0.231s] Level 1:colcon.colcon_core.package_identification:_identify(ex04) by extension 'cmake'
[0.231s] Level 1:colcon.colcon_core.package_identification:_identify(ex04) by extension 'python'
[0.231s] Level 1:colcon.colcon_core.package_identification:_identify(ex04) by extensions ['python_setup_py']
[0.231s] Level 1:colcon.colcon_core.package_identification:_identify(ex04) by extension 'python_setup_py'
[0.231s] Level 1:colcon.colcon_core.package_identification:_identify(ex04/move_to_goal) by extensions ['ignore', 'ignore_ament_install']
[0.231s] Level 1:colcon.colcon_core.package_identification:_identify(ex04/move_to_goal) by extension 'ignore'
[0.231s] Level 1:colcon.colcon_core.package_identification:_identify(ex04/move_to_goal) by extension 'ignore_ament_install'
[0.231s] Level 1:colcon.colcon_core.package_identification:_identify(ex04/move_to_goal) by extensions ['colcon_pkg']
[0.231s] Level 1:colcon.colcon_core.package_identification:_identify(ex04/move_to_goal) by extension 'colcon_pkg'
[0.231s] Level 1:colcon.colcon_core.package_identification:_identify(ex04/move_to_goal) by extensions ['colcon_meta']
[0.231s] Level 1:colcon.colcon_core.package_identification:_identify(ex04/move_to_goal) by extension 'colcon_meta'
[0.232s] Level 1:colcon.colcon_core.package_identification:_identify(ex04/move_to_goal) by extensions ['ros']
[0.232s] Level 1:colcon.colcon_core.package_identification:_identify(ex04/move_to_goal) by extension 'ros'
[0.232s] DEBUG:colcon.colcon_core.package_identification:Package 'ex04/move_to_goal' with type 'ros.ament_python' and name 'move_to_goal'
[0.232s] Level 1:colcon.colcon_core.package_identification:_identify(ex05) by extensions ['ignore', 'ignore_ament_install']
[0.232s] Level 1:colcon.colcon_core.package_identification:_identify(ex05) by extension 'ignore'
[0.232s] Level 1:colcon.colcon_core.package_identification:_identify(ex05) by extension 'ignore_ament_install'
[0.232s] Level 1:colcon.colcon_core.package_identification:_identify(ex05) by extensions ['colcon_pkg']
[0.232s] Level 1:colcon.colcon_core.package_identification:_identify(ex05) by extension 'colcon_pkg'
[0.232s] Level 1:colcon.colcon_core.package_identification:_identify(ex05) by extensions ['colcon_meta']
[0.232s] Level 1:colcon.colcon_core.package_identification:_identify(ex05) by extension 'colcon_meta'
[0.232s] Level 1:colcon.colcon_core.package_identification:_identify(ex05) by extensions ['ros']
[0.232s] Level 1:colcon.colcon_core.package_identification:_identify(ex05) by extension 'ros'
[0.233s] Level 1:colcon.colcon_core.package_identification:_identify(ex05) by extensions ['cmake', 'python']
[0.233s] Level 1:colcon.colcon_core.package_identification:_identify(ex05) by extension 'cmake'
[0.233s] Level 1:colcon.colcon_core.package_identification:_identify(ex05) by extension 'python'
[0.233s] Level 1:colcon.colcon_core.package_identification:_identify(ex05) by extensions ['python_setup_py']
[0.233s] Level 1:colcon.colcon_core.package_identification:_identify(ex05) by extension 'python_setup_py'
[0.233s] Level 1:colcon.colcon_core.package_identification:_identify(ex05/action_cleaning_robot) by extensions ['ignore', 'ignore_ament_install']
[0.233s] Level 1:colcon.colcon_core.package_identification:_identify(ex05/action_cleaning_robot) by extension 'ignore'
[0.233s] Level 1:colcon.colcon_core.package_identification:_identify(ex05/action_cleaning_robot) by extension 'ignore_ament_install'
[0.233s] Level 1:colcon.colcon_core.package_identification:_identify(ex05/action_cleaning_robot) by extensions ['colcon_pkg']
[0.233s] Level 1:colcon.colcon_core.package_identification:_identify(ex05/action_cleaning_robot) by extension 'colcon_pkg'
[0.233s] Level 1:colcon.colcon_core.package_identification:_identify(ex05/action_cleaning_robot) by extensions ['colcon_meta']
[0.233s] Level 1:colcon.colcon_core.package_identification:_identify(ex05/action_cleaning_robot) by extension 'colcon_meta'
[0.233s] Level 1:colcon.colcon_core.package_identification:_identify(ex05/action_cleaning_robot) by extensions ['ros']
[0.233s] Level 1:colcon.colcon_core.package_identification:_identify(ex05/action_cleaning_robot) by extension 'ros'
[0.234s] DEBUG:colcon.colcon_core.package_identification:Package 'ex05/action_cleaning_robot' with type 'ros.ament_cmake' and name 'action_cleaning_robot'
[0.234s] Level 1:colcon.colcon_core.package_identification:_identify(install) by extensions ['ignore', 'ignore_ament_install']
[0.234s] Level 1:colcon.colcon_core.package_identification:_identify(install) by extension 'ignore'
[0.234s] Level 1:colcon.colcon_core.package_identification:_identify(install) ignored
[0.234s] Level 1:colcon.colcon_core.package_identification:_identify(log) by extensions ['ignore', 'ignore_ament_install']
[0.234s] Level 1:colcon.colcon_core.package_identification:_identify(log) by extension 'ignore'
[0.234s] Level 1:colcon.colcon_core.package_identification:_identify(log) ignored
[0.234s] Level 1:colcon.colcon_core.package_discovery:discover_packages(recursive) using defaults
[0.234s] Level 1:colcon.colcon_core.package_discovery:discover_packages(ignore) discover
[0.234s] Level 1:colcon.colcon_core.package_discovery:discover_packages(ignore) using defaults
[0.234s] Level 1:colcon.colcon_core.package_discovery:discover_packages(path) discover
[0.234s] Level 1:colcon.colcon_core.package_discovery:discover_packages(path) using defaults
[0.251s] INFO:colcon.colcon_core.package_selection:Skipping not selected package 'move_to_goal' in 'ex04/move_to_goal'
[0.251s] INFO:colcon.colcon_core.package_selection:Skipping not selected package 'tutorial_interfaces' in 'ex01/tutorial_interfaces'
[0.251s] INFO:colcon.colcon_core.package_selection:Skipping not selected package 'service_full_name' in 'ex01/service_full_name'
[0.251s] Level 1:colcon.colcon_core.package_discovery:discover_packages(prefix_path) check parameters
[0.251s] Level 1:colcon.colcon_core.package_discovery:discover_packages(prefix_path) discover
[0.253s] DEBUG:colcon.colcon_installed_package_information.package_discovery:Found 3 installed packages in /home/alexandra/Robotics/module03/install
[0.255s] DEBUG:colcon.colcon_installed_package_information.package_discovery:Found 286 installed packages in /opt/ros/jazzy
[0.256s] Level 1:colcon.colcon_core.package_discovery:discover_packages(prefix_path) using defaults
[0.298s] Level 5:colcon.colcon_core.verb:set package 'action_cleaning_robot' build argument 'cmake_args' from command line to 'None'
[0.298s] Level 5:colcon.colcon_core.verb:set package 'action_cleaning_robot' build argument 'cmake_target' from command line to 'None'
[0.298s] Level 5:colcon.colcon_core.verb:set package 'action_cleaning_robot' build argument 'cmake_target_skip_unavailable' from command line to 'False'
[0.298s] Level 5:colcon.colcon_core.verb:set package 'action_cleaning_robot' build argument 'cmake_clean_cache' from command line to 'False'
[0.298s] Level 5:colcon.colcon_core.verb:set package 'action_cleaning_robot' build argument 'cmake_clean_first' from command line to 'False'
[0.298s] Level 5:colcon.colcon_core.verb:set package 'action_cleaning_robot' build argument 'cmake_force_configure' from command line to 'False'
[0.298s] Level 5:colcon.colcon_core.verb:set package 'action_cleaning_robot' build argument 'ament_cmake_args' from command line to 'None'
[0.298s] Level 5:colcon.colcon_core.verb:set package 'action_cleaning_robot' build argument 'catkin_cmake_args' from command line to 'None'
[0.298s] Level 5:colcon.colcon_core.verb:set package 'action_cleaning_robot' build argument 'catkin_skip_building_tests' from command line to 'False'
[0.298s] DEBUG:colcon.colcon_core.verb:Building package 'action_cleaning_robot' with the following arguments: {'ament_cmake_args': None, 'build_base': '/home/alexandra/Robotics/module03/build/action_cleaning_robot', 'catkin_cmake_args': None, 'catkin_skip_building_tests': False, 'cmake_args': None, 'cmake_clean_cache': False, 'cmake_clean_first': False, 'cmake_force_configure': False, 'cmake_target': None, 'cmake_target_skip_unavailable': False, 'install_base': '/home/alexandra/Robotics/module03/install/action_cleaning_robot', 'merge_install': False, 'path': '/home/alexandra/Robotics/module03/ex05/action_cleaning_robot', 'symlink_install': False, 'test_result_base': None}
[0.298s] INFO:colcon.colcon_core.executor:Executing jobs using 'parallel' executor
[0.299s] DEBUG:colcon.colcon_parallel_executor.executor.parallel:run_until_complete
[0.300s] INFO:colcon.colcon_ros.task.ament_cmake.build:Building ROS package in '/home/alexandra/Robotics/module03/ex05/action_cleaning_robot' with build type 'ament_cmake'
[0.300s] INFO:colcon.colcon_cmake.task.cmake.build:Building CMake package in '/home/alexandra/Robotics/module03/ex05/action_cleaning_robot'
[0.302s] INFO:colcon.colcon_core.plugin_system:Skipping extension 'colcon_core.shell.bat': Not used on non-Windows systems
[0.303s] INFO:colcon.colcon_core.shell:Skip shell extension 'powershell' for command environment: Not usable outside of PowerShell
[0.303s] DEBUG:colcon.colcon_core.shell:Skip shell extension 'dsv' for command environment
[0.315s] DEBUG:colcon.colcon_core.event_handler.log_command:Invoking command in '/home/alexandra/Robotics/module03/build/action_cleaning_robot': CMAKE_PREFIX_PATH=${CMAKE_PREFIX_PATH}:/home/alexandra/Robotics/module03/install/move_to_goal:/opt/ros/jazzy /usr/bin/cmake /home/alexandra/Robotics/module03/ex05/action_cleaning_robot -DCMAKE_INSTALL_PREFIX=/home/alexandra/Robotics/module03/install/action_cleaning_robot
[2.975s] DEBUG:colcon.colcon_core.event_handler.log_command:Invoked command in '/home/alexandra/Robotics/module03/build/action_cleaning_robot' returned '1': CMAKE_PREFIX_PATH=${CMAKE_PREFIX_PATH}:/home/alexandra/Robotics/module03/install/move_to_goal:/opt/ros/jazzy /usr/bin/cmake /home/alexandra/Robotics/module03/ex05/action_cleaning_robot -DCMAKE_INSTALL_PREFIX=/home/alexandra/Robotics/module03/install/action_cleaning_robot
[2.991s] Level 1:colcon.colcon_core.environment:create_environment_scripts_only(action_cleaning_robot)
[2.993s] Level 1:colcon.colcon_core.environment:checking '/home/alexandra/Robotics/module03/install/action_cleaning_robot' for CMake module files
[2.994s] Level 1:colcon.colcon_core.environment:checking '/home/alexandra/Robotics/module03/install/action_cleaning_robot' for CMake config files
[2.994s] Level 1:colcon.colcon_core.environment:checking '/home/alexandra/Robotics/module03/install/action_cleaning_robot/bin'
[2.994s] Level 1:colcon.colcon_core.environment:checking '/home/alexandra/Robotics/module03/install/action_cleaning_robot/lib/pkgconfig/action_cleaning_robot.pc'
[2.994s] Level 1:colcon.colcon_core.environment:checking '/home/alexandra/Robotics/module03/install/action_cleaning_robot/lib/python3.12/site-packages'
[2.994s] Level 1:colcon.colcon_core.environment:checking '/home/alexandra/Robotics/module03/install/action_cleaning_robot/bin'
[2.995s] INFO:colcon.colcon_core.shell:Creating package script '/home/alexandra/Robotics/module03/install/action_cleaning_robot/share/action_cleaning_robot/package.ps1'
[2.996s] INFO:colcon.colcon_core.shell:Creating package descriptor '/home/alexandra/Robotics/module03/install/action_cleaning_robot/share/action_cleaning_robot/package.dsv'
[2.997s] INFO:colcon.colcon_core.shell:Creating package script '/home/alexandra/Robotics/module03/install/action_cleaning_robot/share/action_cleaning_robot/package.sh'
[2.997s] INFO:colcon.colcon_core.shell:Creating package script '/home/alexandra/Robotics/module03/install/action_cleaning_robot/share/action_cleaning_robot/package.bash'
[2.998s] INFO:colcon.colcon_core.shell:Creating package script '/home/alexandra/Robotics/module03/install/action_cleaning_robot/share/action_cleaning_robot/package.zsh'
[2.998s] Level 1:colcon.colcon_core.environment:create_file_with_runtime_dependencies(/home/alexandra/Robotics/module03/install/action_cleaning_robot/share/colcon-core/packages/action_cleaning_robot)
[3.009s] DEBUG:colcon.colcon_parallel_executor.executor.parallel:closing loop
[3.010s] DEBUG:colcon.colcon_parallel_executor.executor.parallel:loop closed
[3.010s] DEBUG:colcon.colcon_parallel_executor.executor.parallel:run_until_complete finished with '1'
[3.010s] DEBUG:colcon.colcon_core.event_reactor:joining thread
[3.016s] INFO:colcon.colcon_core.plugin_system:Skipping extension 'colcon_notification.desktop_notification.terminal_notifier': Not used on non-Darwin systems
[3.016s] INFO:colcon.colcon_core.plugin_system:Skipping extension 'colcon_notification.desktop_notification.win32': Not used on non-Windows systems
[3.016s] INFO:colcon.colcon_notification.desktop_notification:Sending desktop notification using 'notify2'
[3.017s] DEBUG:colcon.colcon_notification.desktop_notification.notify2:Failed to initialize notify2: org.freedesktop.DBus.Error.ServiceUnknown: The name org.freedesktop.Notifications was not provided by any .service files
[3.017s] DEBUG:colcon.colcon_core.event_reactor:joined thread
[3.018s] INFO:colcon.colcon_core.shell:Creating prefix script '/home/alexandra/Robotics/module03/install/local_setup.ps1'
[3.018s] INFO:colcon.colcon_core.shell:Creating prefix util module '/home/alexandra/Robotics/module03/install/_local_setup_util_ps1.py'
[3.019s] INFO:colcon.colcon_core.shell:Creating prefix chain script '/home/alexandra/Robotics/module03/install/setup.ps1'
[3.020s] INFO:colcon.colcon_core.shell:Creating prefix script '/home/alexandra/Robotics/module03/install/local_setup.sh'
[3.021s] INFO:colcon.colcon_core.shell:Creating prefix util module '/home/alexandra/Robotics/module03/install/_local_setup_util_sh.py'
[3.021s] INFO:colcon.colcon_core.shell:Creating prefix chain script '/home/alexandra/Robotics/module03/install/setup.sh'
[3.022s] INFO:colcon.colcon_core.shell:Creating prefix script '/home/alexandra/Robotics/module03/install/local_setup.bash'
[3.022s] INFO:colcon.colcon_core.shell:Creating prefix chain script '/home/alexandra/Robotics/module03/install/setup.bash'
[3.023s] INFO:colcon.colcon_core.shell:Creating prefix script '/home/alexandra/Robotics/module03/install/local_setup.zsh'
[3.024s] INFO:colcon.colcon_core.shell:Creating prefix chain script '/home/alexandra/Robotics/module03/install/setup.zsh'
