[0.011s] Invoking command in '/home/alexandra/Robotics/module03/build/action_cleaning_robot': CMAKE_PREFIX_PATH=${CMAKE_PREFIX_PATH}:/home/alexandra/Robotics/module03/install/move_to_goal:/opt/ros/jazzy /usr/bin/cmake /home/alexandra/Robotics/module03/ex05/action_cleaning_robot -DCMAKE_INSTALL_PREFIX=/home/alexandra/Robotics/module03/install/action_cleaning_robot
[0.027s] -- Found ament_cmake: 2.5.4 (/opt/ros/jazzy/share/ament_cmake/cmake)
[0.247s] -- Found rosidl_default_generators: 1.6.0 (/opt/ros/jazzy/share/rosidl_default_generators/cmake)
[0.249s] -- Using all available rosidl_typesupport_c: rosidl_typesupport_fastrtps_c;rosidl_typesupport_introspection_c
[0.365s] -- Using all available rosidl_typesupport_cpp: rosidl_typesupport_fastrtps_cpp;rosidl_typesupport_introspection_cpp
[0.391s] -- Found rosidl_adapter: 4.6.6 (/opt/ros/jazzy/share/rosidl_adapter/cmake)
[0.392s] -- Found action_msgs: 2.0.3 (/opt/ros/jazzy/share/action_msgs/cmake)
[1.026s] -- Found ament_cmake_ros: 0.12.0 (/opt/ros/jazzy/share/ament_cmake_ros/cmake)
[1.476s] -- Using all available rosidl_typesupport_c: rosidl_typesupport_fastrtps_c;rosidl_typesupport_introspection_c
[2.059s] -- Using all available rosidl_typesupport_cpp: rosidl_typesupport_fastrtps_cpp;rosidl_typesupport_introspection_cpp
[2.064s] -- Found python_cmake_module: 0.11.1 (/opt/ros/jazzy/share/python_cmake_module/cmake)
[2.203s] -- Found PythonExtra: /usr/bin/python3  
[2.643s] -- Found Python3: /usr/bin/python3 (found version "3.12.3") found components: Interpreter Development NumPy Development.Module Development.Embed 
[2.698s] -- Configuring done (2.7s)
[2.766s] -- Generating done (0.1s)
[2.779s] -- Build files have been written to: /home/alexandra/Robotics/module03/build/action_cleaning_robot
[2.788s] Invoked command in '/home/alexandra/Robotics/module03/build/action_cleaning_robot' returned '0': CMAKE_PREFIX_PATH=${CMAKE_PREFIX_PATH}:/home/alexandra/Robotics/module03/install/move_to_goal:/opt/ros/jazzy /usr/bin/cmake /home/alexandra/Robotics/module03/ex05/action_cleaning_robot -DCMAKE_INSTALL_PREFIX=/home/alexandra/Robotics/module03/install/action_cleaning_robot
[2.790s] Invoking command in '/home/alexandra/Robotics/module03/build/action_cleaning_robot': CMAKE_PREFIX_PATH=${CMAKE_PREFIX_PATH}:/home/alexandra/Robotics/module03/install/move_to_goal:/opt/ros/jazzy /usr/bin/cmake --build /home/alexandra/Robotics/module03/build/action_cleaning_robot -- -j12 -l12
[2.851s] [  2%] [34m[1mGenerating type hashes for ROS interfaces[0m
[2.862s] [  2%] Built target ament_cmake_python_copy_action_cleaning_robot
[3.093s] running egg_info
[3.094s] creating action_cleaning_robot.egg-info
[3.107s] [  2%] Built target action_cleaning_robot__rosidl_generator_type_description
[3.115s] writing action_cleaning_robot.egg-info/PKG-INFO
[3.116s] writing dependency_links to action_cleaning_robot.egg-info/dependency_links.txt
[3.116s] writing top-level names to action_cleaning_robot.egg-info/top_level.txt
[3.116s] writing manifest file 'action_cleaning_robot.egg-info/SOURCES.txt'
[3.120s] [  5%] [34m[1mGenerating C code for ROS interfaces[0m
[3.136s] [  8%] [34m[1mGenerating C++ code for ROS interfaces[0m
[3.176s] reading manifest file 'action_cleaning_robot.egg-info/SOURCES.txt'
[3.177s] writing manifest file 'action_cleaning_robot.egg-info/SOURCES.txt'
[3.208s] [  8%] Built target ament_cmake_python_build_action_cleaning_robot_egg
[3.546s] [  8%] Built target action_cleaning_robot__cpp
[3.569s] [ 11%] [32mBuilding C object CMakeFiles/action_cleaning_robot__rosidl_generator_c.dir/rosidl_generator_c/action_cleaning_robot/action/detail/cleaning_task__type_support.c.o[0m
[3.570s] [ 14%] [32mBuilding C object CMakeFiles/action_cleaning_robot__rosidl_generator_c.dir/rosidl_generator_c/action_cleaning_robot/action/detail/cleaning_task__functions.c.o[0m
[3.570s] [ 17%] [32mBuilding C object CMakeFiles/action_cleaning_robot__rosidl_generator_c.dir/rosidl_generator_c/action_cleaning_robot/action/detail/cleaning_task__description.c.o[0m
[3.745s] [ 20%] [32m[1mLinking C shared library libaction_cleaning_robot__rosidl_generator_c.so[0m
[3.859s] [ 20%] Built target action_cleaning_robot__rosidl_generator_c
[3.872s] [ 35%] [34m[1mGenerating C type support for eProsima Fast-RTPS[0m
[3.872s] [ 35%] [34m[1mGenerating C type support dispatch for ROS interfaces[0m
[3.872s] [ 35%] [34m[1mGenerating C++ type support for eProsima Fast-RTPS[0m
[3.872s] [ 35%] [34m[1mGenerating C introspection for ROS interfaces[0m
[3.872s] [ 35%] [34m[1mGenerating C++ type support dispatch for ROS interfaces[0m
[3.872s] [ 38%] [34m[1mGenerating C++ introspection for ROS interfaces[0m
[4.253s] [ 41%] [32mBuilding CXX object CMakeFiles/action_cleaning_robot__rosidl_typesupport_cpp.dir/rosidl_typesupport_cpp/action_cleaning_robot/action/cleaning_task__type_support.cpp.o[0m
[4.253s] [ 44%] [32mBuilding CXX object CMakeFiles/action_cleaning_robot__rosidl_typesupport_c.dir/rosidl_typesupport_c/action_cleaning_robot/action/cleaning_task__type_support.cpp.o[0m
[4.270s] [ 47%] [32mBuilding CXX object CMakeFiles/action_cleaning_robot__rosidl_typesupport_introspection_cpp.dir/rosidl_typesupport_introspection_cpp/action_cleaning_robot/action/detail/cleaning_task__type_support.cpp.o[0m
[4.344s] [ 50%] [32m[1mLinking CXX shared library libaction_cleaning_robot__rosidl_typesupport_c.so[0m
[4.358s] [ 52%] [32mBuilding C object CMakeFiles/action_cleaning_robot__rosidl_typesupport_introspection_c.dir/rosidl_typesupport_introspection_c/action_cleaning_robot/action/detail/cleaning_task__type_support.c.o[0m
[4.422s] [ 55%] [32mBuilding CXX object CMakeFiles/action_cleaning_robot__rosidl_typesupport_fastrtps_cpp.dir/rosidl_typesupport_fastrtps_cpp/action_cleaning_robot/action/detail/dds_fastrtps/cleaning_task__type_support.cpp.o[0m
[4.425s] [ 58%] [32mBuilding CXX object CMakeFiles/action_cleaning_robot__rosidl_typesupport_fastrtps_c.dir/rosidl_typesupport_fastrtps_c/action_cleaning_robot/action/detail/cleaning_task__type_support_c.cpp.o[0m
[4.447s] [ 61%] [32m[1mLinking C shared library libaction_cleaning_robot__rosidl_typesupport_introspection_c.so[0m
[4.517s] [ 61%] Built target action_cleaning_robot__rosidl_typesupport_c
[4.607s] [ 61%] Built target action_cleaning_robot__rosidl_typesupport_introspection_c
[5.083s] [ 64%] [32m[1mLinking CXX shared library libaction_cleaning_robot__rosidl_typesupport_cpp.so[0m
[5.181s] [ 67%] [32m[1mLinking CXX shared library libaction_cleaning_robot__rosidl_typesupport_fastrtps_c.so[0m
[5.184s] [ 70%] [32m[1mLinking CXX shared library libaction_cleaning_robot__rosidl_typesupport_introspection_cpp.so[0m
[5.281s] [ 70%] Built target action_cleaning_robot__rosidl_typesupport_cpp
[5.364s] [ 70%] Built target action_cleaning_robot__rosidl_typesupport_fastrtps_c
[5.366s] [ 70%] Built target action_cleaning_robot__rosidl_typesupport_introspection_cpp
[5.535s] [ 73%] [32m[1mLinking CXX shared library libaction_cleaning_robot__rosidl_typesupport_fastrtps_cpp.so[0m
[5.694s] [ 73%] Built target action_cleaning_robot__rosidl_typesupport_fastrtps_cpp
[5.719s] [ 73%] Built target action_cleaning_robot
[5.745s] [ 76%] [34m[1mGenerating Python code for ROS interfaces[0m
[6.395s] [ 76%] Built target action_cleaning_robot__py
[6.421s] [ 79%] [32mBuilding C object CMakeFiles/action_cleaning_robot__rosidl_generator_py.dir/rosidl_generator_py/action_cleaning_robot/action/_cleaning_task_s.c.o[0m
[6.668s] [ 82%] [32m[1mLinking C shared library libaction_cleaning_robot__rosidl_generator_py.so[0m
[6.798s] [ 82%] Built target action_cleaning_robot__rosidl_generator_py
[6.826s] [ 91%] [32mBuilding C object CMakeFiles/action_cleaning_robot_s__rosidl_typesupport_fastrtps_c.dir/rosidl_generator_py/action_cleaning_robot/_action_cleaning_robot_s.ep.rosidl_typesupport_fastrtps_c.c.o[0m
[6.826s] [ 91%] [32mBuilding C object CMakeFiles/action_cleaning_robot_s__rosidl_typesupport_c.dir/rosidl_generator_py/action_cleaning_robot/_action_cleaning_robot_s.ep.rosidl_typesupport_c.c.o[0m
[6.826s] [ 91%] [32mBuilding C object CMakeFiles/action_cleaning_robot_s__rosidl_typesupport_introspection_c.dir/rosidl_generator_py/action_cleaning_robot/_action_cleaning_robot_s.ep.rosidl_typesupport_introspection_c.c.o[0m
[6.972s] [ 94%] [32m[1mLinking C shared module rosidl_generator_py/action_cleaning_robot/action_cleaning_robot_s__rosidl_typesupport_c.so[0m
[6.996s] [ 97%] [32m[1mLinking C shared module rosidl_generator_py/action_cleaning_robot/action_cleaning_robot_s__rosidl_typesupport_introspection_c.so[0m
[7.008s] [100%] [32m[1mLinking C shared module rosidl_generator_py/action_cleaning_robot/action_cleaning_robot_s__rosidl_typesupport_fastrtps_c.so[0m
[7.105s] [100%] Built target action_cleaning_robot_s__rosidl_typesupport_c
[7.121s] [100%] Built target action_cleaning_robot_s__rosidl_typesupport_introspection_c
[7.142s] [100%] Built target action_cleaning_robot_s__rosidl_typesupport_fastrtps_c
[7.160s] Invoked command in '/home/alexandra/Robotics/module03/build/action_cleaning_robot' returned '0': CMAKE_PREFIX_PATH=${CMAKE_PREFIX_PATH}:/home/alexandra/Robotics/module03/install/move_to_goal:/opt/ros/jazzy /usr/bin/cmake --build /home/alexandra/Robotics/module03/build/action_cleaning_robot -- -j12 -l12
[7.174s] Invoking command in '/home/alexandra/Robotics/module03/build/action_cleaning_robot': CMAKE_PREFIX_PATH=${CMAKE_PREFIX_PATH}:/home/alexandra/Robotics/module03/install/move_to_goal:/opt/ros/jazzy /usr/bin/cmake --install /home/alexandra/Robotics/module03/build/action_cleaning_robot
[7.185s] -- Install configuration: ""
[7.186s] -- Installing: /home/alexandra/Robotics/module03/install/action_cleaning_robot/share/ament_index/resource_index/rosidl_interfaces/action_cleaning_robot
[7.187s] -- Installing: /home/alexandra/Robotics/module03/install/action_cleaning_robot/share/action_cleaning_robot/action/CleaningTask.json
[7.187s] -- Installing: /home/alexandra/Robotics/module03/install/action_cleaning_robot/include/action_cleaning_robot/action_cleaning_robot
[7.189s] -- Installing: /home/alexandra/Robotics/module03/install/action_cleaning_robot/include/action_cleaning_robot/action_cleaning_robot/msg
[7.189s] -- Installing: /home/alexandra/Robotics/module03/install/action_cleaning_robot/include/action_cleaning_robot/action_cleaning_robot/msg/rosidl_generator_c__visibility_control.h
[7.189s] -- Installing: /home/alexandra/Robotics/module03/install/action_cleaning_robot/include/action_cleaning_robot/action_cleaning_robot/action
[7.190s] -- Installing: /home/alexandra/Robotics/module03/install/action_cleaning_robot/include/action_cleaning_robot/action_cleaning_robot/action/cleaning_task.h
[7.190s] -- Installing: /home/alexandra/Robotics/module03/install/action_cleaning_robot/include/action_cleaning_robot/action_cleaning_robot/action/detail
[7.190s] -- Installing: /home/alexandra/Robotics/module03/install/action_cleaning_robot/include/action_cleaning_robot/action_cleaning_robot/action/detail/cleaning_task__description.c
[7.191s] -- Installing: /home/alexandra/Robotics/module03/install/action_cleaning_robot/include/action_cleaning_robot/action_cleaning_robot/action/detail/cleaning_task__type_support.c
[7.191s] -- Installing: /home/alexandra/Robotics/module03/install/action_cleaning_robot/include/action_cleaning_robot/action_cleaning_robot/action/detail/cleaning_task__struct.h
[7.191s] -- Installing: /home/alexandra/Robotics/module03/install/action_cleaning_robot/include/action_cleaning_robot/action_cleaning_robot/action/detail/cleaning_task__functions.h
[7.192s] -- Installing: /home/alexandra/Robotics/module03/install/action_cleaning_robot/include/action_cleaning_robot/action_cleaning_robot/action/detail/cleaning_task__type_support.h
[7.192s] -- Installing: /home/alexandra/Robotics/module03/install/action_cleaning_robot/include/action_cleaning_robot/action_cleaning_robot/action/detail/cleaning_task__functions.c
[7.193s] -- Installing: /home/alexandra/Robotics/module03/install/action_cleaning_robot/share/action_cleaning_robot/environment/library_path.sh
[7.193s] -- Installing: /home/alexandra/Robotics/module03/install/action_cleaning_robot/share/action_cleaning_robot/environment/library_path.dsv
[7.194s] -- Installing: /home/alexandra/Robotics/module03/install/action_cleaning_robot/lib/libaction_cleaning_robot__rosidl_generator_c.so
[7.194s] -- Set non-toolchain portion of runtime path of "/home/alexandra/Robotics/module03/install/action_cleaning_robot/lib/libaction_cleaning_robot__rosidl_generator_c.so" to ""
[7.195s] -- Up-to-date: /home/alexandra/Robotics/module03/install/action_cleaning_robot/include/action_cleaning_robot/action_cleaning_robot
[7.195s] -- Up-to-date: /home/alexandra/Robotics/module03/install/action_cleaning_robot/include/action_cleaning_robot/action_cleaning_robot/msg
[7.195s] -- Installing: /home/alexandra/Robotics/module03/install/action_cleaning_robot/include/action_cleaning_robot/action_cleaning_robot/msg/rosidl_typesupport_fastrtps_c__visibility_control.h
[7.195s] -- Up-to-date: /home/alexandra/Robotics/module03/install/action_cleaning_robot/include/action_cleaning_robot/action_cleaning_robot/action
[7.195s] -- Up-to-date: /home/alexandra/Robotics/module03/install/action_cleaning_robot/include/action_cleaning_robot/action_cleaning_robot/action/detail
[7.195s] -- Installing: /home/alexandra/Robotics/module03/install/action_cleaning_robot/include/action_cleaning_robot/action_cleaning_robot/action/detail/cleaning_task__rosidl_typesupport_fastrtps_c.h
[7.195s] -- Installing: /home/alexandra/Robotics/module03/install/action_cleaning_robot/lib/libaction_cleaning_robot__rosidl_typesupport_fastrtps_c.so
[7.196s] -- Set non-toolchain portion of runtime path of "/home/alexandra/Robotics/module03/install/action_cleaning_robot/lib/libaction_cleaning_robot__rosidl_typesupport_fastrtps_c.so" to ""
[7.196s] -- Up-to-date: /home/alexandra/Robotics/module03/install/action_cleaning_robot/include/action_cleaning_robot/action_cleaning_robot
[7.196s] -- Up-to-date: /home/alexandra/Robotics/module03/install/action_cleaning_robot/include/action_cleaning_robot/action_cleaning_robot/msg
[7.196s] -- Installing: /home/alexandra/Robotics/module03/install/action_cleaning_robot/include/action_cleaning_robot/action_cleaning_robot/msg/rosidl_typesupport_introspection_c__visibility_control.h
[7.196s] -- Up-to-date: /home/alexandra/Robotics/module03/install/action_cleaning_robot/include/action_cleaning_robot/action_cleaning_robot/action
[7.197s] -- Up-to-date: /home/alexandra/Robotics/module03/install/action_cleaning_robot/include/action_cleaning_robot/action_cleaning_robot/action/detail
[7.197s] -- Installing: /home/alexandra/Robotics/module03/install/action_cleaning_robot/include/action_cleaning_robot/action_cleaning_robot/action/detail/cleaning_task__type_support.c
[7.197s] -- Installing: /home/alexandra/Robotics/module03/install/action_cleaning_robot/include/action_cleaning_robot/action_cleaning_robot/action/detail/cleaning_task__rosidl_typesupport_introspection_c.h
[7.197s] -- Installing: /home/alexandra/Robotics/module03/install/action_cleaning_robot/lib/libaction_cleaning_robot__rosidl_typesupport_introspection_c.so
[7.198s] -- Set non-toolchain portion of runtime path of "/home/alexandra/Robotics/module03/install/action_cleaning_robot/lib/libaction_cleaning_robot__rosidl_typesupport_introspection_c.so" to ""
[7.198s] -- Installing: /home/alexandra/Robotics/module03/install/action_cleaning_robot/lib/libaction_cleaning_robot__rosidl_typesupport_c.so
[7.198s] -- Set non-toolchain portion of runtime path of "/home/alexandra/Robotics/module03/install/action_cleaning_robot/lib/libaction_cleaning_robot__rosidl_typesupport_c.so" to ""
[7.198s] -- Up-to-date: /home/alexandra/Robotics/module03/install/action_cleaning_robot/include/action_cleaning_robot/action_cleaning_robot
[7.199s] -- Up-to-date: /home/alexandra/Robotics/module03/install/action_cleaning_robot/include/action_cleaning_robot/action_cleaning_robot/msg
[7.199s] -- Installing: /home/alexandra/Robotics/module03/install/action_cleaning_robot/include/action_cleaning_robot/action_cleaning_robot/msg/rosidl_generator_cpp__visibility_control.hpp
[7.199s] -- Up-to-date: /home/alexandra/Robotics/module03/install/action_cleaning_robot/include/action_cleaning_robot/action_cleaning_robot/action
[7.199s] -- Installing: /home/alexandra/Robotics/module03/install/action_cleaning_robot/include/action_cleaning_robot/action_cleaning_robot/action/cleaning_task.hpp
[7.199s] -- Up-to-date: /home/alexandra/Robotics/module03/install/action_cleaning_robot/include/action_cleaning_robot/action_cleaning_robot/action/detail
[7.199s] -- Installing: /home/alexandra/Robotics/module03/install/action_cleaning_robot/include/action_cleaning_robot/action_cleaning_robot/action/detail/cleaning_task__struct.hpp
[7.200s] -- Installing: /home/alexandra/Robotics/module03/install/action_cleaning_robot/include/action_cleaning_robot/action_cleaning_robot/action/detail/cleaning_task__type_support.hpp
[7.200s] -- Installing: /home/alexandra/Robotics/module03/install/action_cleaning_robot/include/action_cleaning_robot/action_cleaning_robot/action/detail/cleaning_task__traits.hpp
[7.200s] -- Installing: /home/alexandra/Robotics/module03/install/action_cleaning_robot/include/action_cleaning_robot/action_cleaning_robot/action/detail/cleaning_task__builder.hpp
[7.200s] -- Up-to-date: /home/alexandra/Robotics/module03/install/action_cleaning_robot/include/action_cleaning_robot/action_cleaning_robot
[7.200s] -- Up-to-date: /home/alexandra/Robotics/module03/install/action_cleaning_robot/include/action_cleaning_robot/action_cleaning_robot/msg
[7.200s] -- Installing: /home/alexandra/Robotics/module03/install/action_cleaning_robot/include/action_cleaning_robot/action_cleaning_robot/msg/rosidl_typesupport_fastrtps_cpp__visibility_control.h
[7.201s] -- Up-to-date: /home/alexandra/Robotics/module03/install/action_cleaning_robot/include/action_cleaning_robot/action_cleaning_robot/action
[7.201s] -- Up-to-date: /home/alexandra/Robotics/module03/install/action_cleaning_robot/include/action_cleaning_robot/action_cleaning_robot/action/detail
[7.201s] -- Installing: /home/alexandra/Robotics/module03/install/action_cleaning_robot/include/action_cleaning_robot/action_cleaning_robot/action/detail/dds_fastrtps
[7.201s] -- Installing: /home/alexandra/Robotics/module03/install/action_cleaning_robot/include/action_cleaning_robot/action_cleaning_robot/action/detail/cleaning_task__rosidl_typesupport_fastrtps_cpp.hpp
[7.201s] -- Installing: /home/alexandra/Robotics/module03/install/action_cleaning_robot/lib/libaction_cleaning_robot__rosidl_typesupport_fastrtps_cpp.so
[7.202s] -- Set non-toolchain portion of runtime path of "/home/alexandra/Robotics/module03/install/action_cleaning_robot/lib/libaction_cleaning_robot__rosidl_typesupport_fastrtps_cpp.so" to ""
[7.202s] -- Up-to-date: /home/alexandra/Robotics/module03/install/action_cleaning_robot/include/action_cleaning_robot/action_cleaning_robot
[7.203s] -- Up-to-date: /home/alexandra/Robotics/module03/install/action_cleaning_robot/include/action_cleaning_robot/action_cleaning_robot/action
[7.203s] -- Up-to-date: /home/alexandra/Robotics/module03/install/action_cleaning_robot/include/action_cleaning_robot/action_cleaning_robot/action/detail
[7.203s] -- Installing: /home/alexandra/Robotics/module03/install/action_cleaning_robot/include/action_cleaning_robot/action_cleaning_robot/action/detail/cleaning_task__type_support.cpp
[7.203s] -- Installing: /home/alexandra/Robotics/module03/install/action_cleaning_robot/include/action_cleaning_robot/action_cleaning_robot/action/detail/cleaning_task__rosidl_typesupport_introspection_cpp.hpp
[7.203s] -- Installing: /home/alexandra/Robotics/module03/install/action_cleaning_robot/lib/libaction_cleaning_robot__rosidl_typesupport_introspection_cpp.so
[7.204s] -- Set non-toolchain portion of runtime path of "/home/alexandra/Robotics/module03/install/action_cleaning_robot/lib/libaction_cleaning_robot__rosidl_typesupport_introspection_cpp.so" to ""
[7.204s] -- Installing: /home/alexandra/Robotics/module03/install/action_cleaning_robot/lib/libaction_cleaning_robot__rosidl_typesupport_cpp.so
[7.205s] -- Set non-toolchain portion of runtime path of "/home/alexandra/Robotics/module03/install/action_cleaning_robot/lib/libaction_cleaning_robot__rosidl_typesupport_cpp.so" to ""
[7.205s] -- Installing: /home/alexandra/Robotics/module03/install/action_cleaning_robot/share/action_cleaning_robot/environment/pythonpath.sh
[7.206s] -- Installing: /home/alexandra/Robotics/module03/install/action_cleaning_robot/share/action_cleaning_robot/environment/pythonpath.dsv
[7.206s] -- Installing: /home/alexandra/Robotics/module03/install/action_cleaning_robot/lib/python3.12/site-packages/action_cleaning_robot-0.0.0-py3.12.egg-info
[7.207s] -- Installing: /home/alexandra/Robotics/module03/install/action_cleaning_robot/lib/python3.12/site-packages/action_cleaning_robot-0.0.0-py3.12.egg-info/top_level.txt
[7.208s] -- Installing: /home/alexandra/Robotics/module03/install/action_cleaning_robot/lib/python3.12/site-packages/action_cleaning_robot-0.0.0-py3.12.egg-info/dependency_links.txt
[7.208s] -- Installing: /home/alexandra/Robotics/module03/install/action_cleaning_robot/lib/python3.12/site-packages/action_cleaning_robot-0.0.0-py3.12.egg-info/SOURCES.txt
[7.208s] -- Installing: /home/alexandra/Robotics/module03/install/action_cleaning_robot/lib/python3.12/site-packages/action_cleaning_robot-0.0.0-py3.12.egg-info/PKG-INFO
[7.208s] -- Installing: /home/alexandra/Robotics/module03/install/action_cleaning_robot/lib/python3.12/site-packages/action_cleaning_robot
[7.209s] -- Installing: /home/alexandra/Robotics/module03/install/action_cleaning_robot/lib/python3.12/site-packages/action_cleaning_robot/action_cleaning_robot_s__rosidl_typesupport_introspection_c.so
[7.209s] -- Installing: /home/alexandra/Robotics/module03/install/action_cleaning_robot/lib/python3.12/site-packages/action_cleaning_robot/action_cleaning_robot_s__rosidl_typesupport_c.so
[7.209s] -- Installing: /home/alexandra/Robotics/module03/install/action_cleaning_robot/lib/python3.12/site-packages/action_cleaning_robot/action_cleaning_robot_s__rosidl_typesupport_fastrtps_c.so
[7.210s] -- Installing: /home/alexandra/Robotics/module03/install/action_cleaning_robot/lib/python3.12/site-packages/action_cleaning_robot/_action_cleaning_robot_s.ep.rosidl_typesupport_fastrtps_c.c
[7.210s] -- Installing: /home/alexandra/Robotics/module03/install/action_cleaning_robot/lib/python3.12/site-packages/action_cleaning_robot/_action_cleaning_robot_s.ep.rosidl_typesupport_c.c
[7.210s] -- Installing: /home/alexandra/Robotics/module03/install/action_cleaning_robot/lib/python3.12/site-packages/action_cleaning_robot/_action_cleaning_robot_s.ep.rosidl_typesupport_introspection_c.c
[7.210s] -- Installing: /home/alexandra/Robotics/module03/install/action_cleaning_robot/lib/python3.12/site-packages/action_cleaning_robot/__init__.py
[7.211s] -- Installing: /home/alexandra/Robotics/module03/install/action_cleaning_robot/lib/python3.12/site-packages/action_cleaning_robot/action
[7.211s] -- Installing: /home/alexandra/Robotics/module03/install/action_cleaning_robot/lib/python3.12/site-packages/action_cleaning_robot/action/_cleaning_task_s.c
[7.212s] -- Installing: /home/alexandra/Robotics/module03/install/action_cleaning_robot/lib/python3.12/site-packages/action_cleaning_robot/action/_cleaning_task.py
[7.212s] -- Installing: /home/alexandra/Robotics/module03/install/action_cleaning_robot/lib/python3.12/site-packages/action_cleaning_robot/action/__init__.py
[7.263s] Listing '/home/alexandra/Robotics/module03/install/action_cleaning_robot/lib/python3.12/site-packages/action_cleaning_robot'...
[7.263s] Compiling '/home/alexandra/Robotics/module03/install/action_cleaning_robot/lib/python3.12/site-packages/action_cleaning_robot/__init__.py'...
[7.263s] Listing '/home/alexandra/Robotics/module03/install/action_cleaning_robot/lib/python3.12/site-packages/action_cleaning_robot/action'...
[7.263s] Compiling '/home/alexandra/Robotics/module03/install/action_cleaning_robot/lib/python3.12/site-packages/action_cleaning_robot/action/__init__.py'...
[7.263s] Compiling '/home/alexandra/Robotics/module03/install/action_cleaning_robot/lib/python3.12/site-packages/action_cleaning_robot/action/_cleaning_task.py'...
[7.270s] -- Installing: /home/alexandra/Robotics/module03/install/action_cleaning_robot/lib/python3.12/site-packages/action_cleaning_robot/action_cleaning_robot_s__rosidl_typesupport_fastrtps_c.so
[7.270s] -- Set non-toolchain portion of runtime path of "/home/alexandra/Robotics/module03/install/action_cleaning_robot/lib/python3.12/site-packages/action_cleaning_robot/action_cleaning_robot_s__rosidl_typesupport_fastrtps_c.so" to ""
[7.271s] -- Installing: /home/alexandra/Robotics/module03/install/action_cleaning_robot/lib/python3.12/site-packages/action_cleaning_robot/action_cleaning_robot_s__rosidl_typesupport_introspection_c.so
[7.271s] -- Set non-toolchain portion of runtime path of "/home/alexandra/Robotics/module03/install/action_cleaning_robot/lib/python3.12/site-packages/action_cleaning_robot/action_cleaning_robot_s__rosidl_typesupport_introspection_c.so" to ""
[7.272s] -- Installing: /home/alexandra/Robotics/module03/install/action_cleaning_robot/lib/python3.12/site-packages/action_cleaning_robot/action_cleaning_robot_s__rosidl_typesupport_c.so
[7.272s] -- Set non-toolchain portion of runtime path of "/home/alexandra/Robotics/module03/install/action_cleaning_robot/lib/python3.12/site-packages/action_cleaning_robot/action_cleaning_robot_s__rosidl_typesupport_c.so" to ""
[7.272s] -- Installing: /home/alexandra/Robotics/module03/install/action_cleaning_robot/lib/libaction_cleaning_robot__rosidl_generator_py.so
[7.273s] -- Set non-toolchain portion of runtime path of "/home/alexandra/Robotics/module03/install/action_cleaning_robot/lib/libaction_cleaning_robot__rosidl_generator_py.so" to ""
[7.273s] -- Installing: /home/alexandra/Robotics/module03/install/action_cleaning_robot/share/action_cleaning_robot/action/CleaningTask.idl
[7.273s] -- Installing: /home/alexandra/Robotics/module03/install/action_cleaning_robot/share/action_cleaning_robot/action/CleaningTask.action
[7.274s] -- Installing: /home/alexandra/Robotics/module03/install/action_cleaning_robot/lib/action_cleaning_robot/cleaning_action_server.py
[7.274s] -- Installing: /home/alexandra/Robotics/module03/install/action_cleaning_robot/lib/action_cleaning_robot/cleaning_action_client.py
[7.275s] -- Installing: /home/alexandra/Robotics/module03/install/action_cleaning_robot/share/ament_index/resource_index/package_run_dependencies/action_cleaning_robot
[7.275s] -- Installing: /home/alexandra/Robotics/module03/install/action_cleaning_robot/share/ament_index/resource_index/parent_prefix_path/action_cleaning_robot
[7.276s] -- Installing: /home/alexandra/Robotics/module03/install/action_cleaning_robot/share/action_cleaning_robot/environment/ament_prefix_path.sh
[7.276s] -- Installing: /home/alexandra/Robotics/module03/install/action_cleaning_robot/share/action_cleaning_robot/environment/ament_prefix_path.dsv
[7.276s] -- Installing: /home/alexandra/Robotics/module03/install/action_cleaning_robot/share/action_cleaning_robot/environment/path.sh
[7.276s] -- Installing: /home/alexandra/Robotics/module03/install/action_cleaning_robot/share/action_cleaning_robot/environment/path.dsv
[7.276s] -- Installing: /home/alexandra/Robotics/module03/install/action_cleaning_robot/share/action_cleaning_robot/local_setup.bash
[7.277s] -- Installing: /home/alexandra/Robotics/module03/install/action_cleaning_robot/share/action_cleaning_robot/local_setup.sh
[7.277s] -- Installing: /home/alexandra/Robotics/module03/install/action_cleaning_robot/share/action_cleaning_robot/local_setup.zsh
[7.277s] -- Installing: /home/alexandra/Robotics/module03/install/action_cleaning_robot/share/action_cleaning_robot/local_setup.dsv
[7.277s] -- Installing: /home/alexandra/Robotics/module03/install/action_cleaning_robot/share/action_cleaning_robot/package.dsv
[7.278s] -- Installing: /home/alexandra/Robotics/module03/install/action_cleaning_robot/share/ament_index/resource_index/packages/action_cleaning_robot
[7.279s] -- Installing: /home/alexandra/Robotics/module03/install/action_cleaning_robot/share/action_cleaning_robot/cmake/export_action_cleaning_robot__rosidl_generator_cExport.cmake
[7.279s] -- Installing: /home/alexandra/Robotics/module03/install/action_cleaning_robot/share/action_cleaning_robot/cmake/export_action_cleaning_robot__rosidl_generator_cExport-noconfig.cmake
[7.279s] -- Installing: /home/alexandra/Robotics/module03/install/action_cleaning_robot/share/action_cleaning_robot/cmake/export_action_cleaning_robot__rosidl_typesupport_fastrtps_cExport.cmake
[7.279s] -- Installing: /home/alexandra/Robotics/module03/install/action_cleaning_robot/share/action_cleaning_robot/cmake/export_action_cleaning_robot__rosidl_typesupport_fastrtps_cExport-noconfig.cmake
[7.280s] -- Installing: /home/alexandra/Robotics/module03/install/action_cleaning_robot/share/action_cleaning_robot/cmake/action_cleaning_robot__rosidl_typesupport_introspection_cExport.cmake
[7.280s] -- Installing: /home/alexandra/Robotics/module03/install/action_cleaning_robot/share/action_cleaning_robot/cmake/action_cleaning_robot__rosidl_typesupport_introspection_cExport-noconfig.cmake
[7.280s] -- Installing: /home/alexandra/Robotics/module03/install/action_cleaning_robot/share/action_cleaning_robot/cmake/action_cleaning_robot__rosidl_typesupport_cExport.cmake
[7.280s] -- Installing: /home/alexandra/Robotics/module03/install/action_cleaning_robot/share/action_cleaning_robot/cmake/action_cleaning_robot__rosidl_typesupport_cExport-noconfig.cmake
[7.281s] -- Installing: /home/alexandra/Robotics/module03/install/action_cleaning_robot/share/action_cleaning_robot/cmake/export_action_cleaning_robot__rosidl_generator_cppExport.cmake
[7.281s] -- Installing: /home/alexandra/Robotics/module03/install/action_cleaning_robot/share/action_cleaning_robot/cmake/export_action_cleaning_robot__rosidl_typesupport_fastrtps_cppExport.cmake
[7.281s] -- Installing: /home/alexandra/Robotics/module03/install/action_cleaning_robot/share/action_cleaning_robot/cmake/export_action_cleaning_robot__rosidl_typesupport_fastrtps_cppExport-noconfig.cmake
[7.281s] -- Installing: /home/alexandra/Robotics/module03/install/action_cleaning_robot/share/action_cleaning_robot/cmake/action_cleaning_robot__rosidl_typesupport_introspection_cppExport.cmake
[7.282s] -- Installing: /home/alexandra/Robotics/module03/install/action_cleaning_robot/share/action_cleaning_robot/cmake/action_cleaning_robot__rosidl_typesupport_introspection_cppExport-noconfig.cmake
[7.282s] -- Installing: /home/alexandra/Robotics/module03/install/action_cleaning_robot/share/action_cleaning_robot/cmake/action_cleaning_robot__rosidl_typesupport_cppExport.cmake
[7.282s] -- Installing: /home/alexandra/Robotics/module03/install/action_cleaning_robot/share/action_cleaning_robot/cmake/action_cleaning_robot__rosidl_typesupport_cppExport-noconfig.cmake
[7.282s] -- Installing: /home/alexandra/Robotics/module03/install/action_cleaning_robot/share/action_cleaning_robot/cmake/export_action_cleaning_robot__rosidl_generator_pyExport.cmake
[7.283s] -- Installing: /home/alexandra/Robotics/module03/install/action_cleaning_robot/share/action_cleaning_robot/cmake/export_action_cleaning_robot__rosidl_generator_pyExport-noconfig.cmake
[7.283s] -- Installing: /home/alexandra/Robotics/module03/install/action_cleaning_robot/share/action_cleaning_robot/cmake/rosidl_cmake-extras.cmake
[7.283s] -- Installing: /home/alexandra/Robotics/module03/install/action_cleaning_robot/share/action_cleaning_robot/cmake/ament_cmake_export_dependencies-extras.cmake
[7.283s] -- Installing: /home/alexandra/Robotics/module03/install/action_cleaning_robot/share/action_cleaning_robot/cmake/ament_cmake_export_include_directories-extras.cmake
[7.283s] -- Installing: /home/alexandra/Robotics/module03/install/action_cleaning_robot/share/action_cleaning_robot/cmake/ament_cmake_export_libraries-extras.cmake
[7.284s] -- Installing: /home/alexandra/Robotics/module03/install/action_cleaning_robot/share/action_cleaning_robot/cmake/ament_cmake_export_targets-extras.cmake
[7.284s] -- Installing: /home/alexandra/Robotics/module03/install/action_cleaning_robot/share/action_cleaning_robot/cmake/rosidl_cmake_export_typesupport_targets-extras.cmake
[7.284s] -- Installing: /home/alexandra/Robotics/module03/install/action_cleaning_robot/share/action_cleaning_robot/cmake/rosidl_cmake_export_typesupport_libraries-extras.cmake
[7.284s] -- Installing: /home/alexandra/Robotics/module03/install/action_cleaning_robot/share/action_cleaning_robot/cmake/action_cleaning_robotConfig.cmake
[7.284s] -- Installing: /home/alexandra/Robotics/module03/install/action_cleaning_robot/share/action_cleaning_robot/cmake/action_cleaning_robotConfig-version.cmake
[7.285s] -- Installing: /home/alexandra/Robotics/module03/install/action_cleaning_robot/share/action_cleaning_robot/package.xml
[7.289s] Invoked command in '/home/alexandra/Robotics/module03/build/action_cleaning_robot' returned '0': CMAKE_PREFIX_PATH=${CMAKE_PREFIX_PATH}:/home/alexandra/Robotics/module03/install/move_to_goal:/opt/ros/jazzy /usr/bin/cmake --install /home/alexandra/Robotics/module03/build/action_cleaning_robot
