[0.376s] DEBUG:colcon:Command line arguments: ['/usr/bin/colcon', 'build']
[0.376s] DEBUG:colcon:Parsed command line arguments: Namespace(log_base=None, log_level=None, verb_name='build', build_base='build', install_base='install', merge_install=False, symlink_install=False, test_result_base=None, continue_on_error=False, executor='parallel', parallel_workers=12, event_handlers=None, ignore_user_meta=False, metas=['./colcon.meta'], base_paths=['.'], packages_ignore=None, packages_ignore_regex=None, paths=None, packages_up_to=None, packages_up_to_regex=None, packages_above=None, packages_above_and_dependencies=None, packages_above_depth=None, packages_select_by_dep=None, packages_skip_by_dep=None, packages_skip_up_to=None, packages_select_build_failed=False, packages_skip_build_finished=False, packages_select_test_failures=False, packages_skip_test_passed=False, packages_select=None, packages_skip=None, packages_select_regex=None, packages_skip_regex=None, packages_start=None, packages_end=None, allow_overriding=[], cmake_args=None, cmake_target=None, cmake_target_skip_unavailable=False, cmake_clean_cache=False, cmake_clean_first=False, cmake_force_configure=False, ament_cmake_args=None, catkin_cmake_args=None, catkin_skip_building_tests=False, mixin_files=None, mixin=None, verb_parser=<colcon_mixin.mixin.mixin_argument.MixinArgumentDecorator object at 0x72d6636863c0>, verb_extension=<colcon_core.verb.build.BuildVerb object at 0x72d6636860c0>, main=<bound method BuildVerb.main of <colcon_core.verb.build.BuildVerb object at 0x72d6636860c0>>, mixin_verb=('build',))
[0.459s] Level 1:colcon.colcon_core.package_discovery:discover_packages(colcon_meta) check parameters
[0.460s] Level 1:colcon.colcon_core.package_discovery:discover_packages(recursive) check parameters
[0.460s] Level 1:colcon.colcon_core.package_discovery:discover_packages(ignore) check parameters
[0.460s] Level 1:colcon.colcon_core.package_discovery:discover_packages(path) check parameters
[0.460s] Level 1:colcon.colcon_core.package_discovery:discover_packages(colcon_meta) discover
[0.460s] Level 1:colcon.colcon_core.package_discovery:discover_packages(recursive) discover
[0.460s] INFO:colcon.colcon_core.package_discovery:Crawling recursively for packages in '/home/alexandra/Robotics/module04/ex02b'
[0.460s] Level 1:colcon.colcon_core.package_identification:_identify(.) by extensions ['ignore', 'ignore_ament_install']
[0.460s] Level 1:colcon.colcon_core.package_identification:_identify(.) by extension 'ignore'
[0.460s] Level 1:colcon.colcon_core.package_identification:_identify(.) by extension 'ignore_ament_install'
[0.460s] Level 1:colcon.colcon_core.package_identification:_identify(.) by extensions ['colcon_pkg']
[0.460s] Level 1:colcon.colcon_core.package_identification:_identify(.) by extension 'colcon_pkg'
[0.460s] Level 1:colcon.colcon_core.package_identification:_identify(.) by extensions ['colcon_meta']
[0.460s] Level 1:colcon.colcon_core.package_identification:_identify(.) by extension 'colcon_meta'
[0.460s] Level 1:colcon.colcon_core.package_identification:_identify(.) by extensions ['ros']
[0.460s] Level 1:colcon.colcon_core.package_identification:_identify(.) by extension 'ros'
[0.483s] Level 1:colcon.colcon_core.package_identification:_identify(.) by extensions ['cmake', 'python']
[0.483s] Level 1:colcon.colcon_core.package_identification:_identify(.) by extension 'cmake'
[0.483s] Level 1:colcon.colcon_core.package_identification:_identify(.) by extension 'python'
[0.483s] Level 1:colcon.colcon_core.package_identification:_identify(.) by extensions ['python_setup_py']
[0.483s] Level 1:colcon.colcon_core.package_identification:_identify(.) by extension 'python_setup_py'
[0.483s] Level 1:colcon.colcon_core.package_identification:_identify(build) by extensions ['ignore', 'ignore_ament_install']
[0.484s] Level 1:colcon.colcon_core.package_identification:_identify(build) by extension 'ignore'
[0.484s] Level 1:colcon.colcon_core.package_identification:_identify(build) ignored
[0.484s] Level 1:colcon.colcon_core.package_identification:_identify(install) by extensions ['ignore', 'ignore_ament_install']
[0.484s] Level 1:colcon.colcon_core.package_identification:_identify(install) by extension 'ignore'
[0.484s] Level 1:colcon.colcon_core.package_identification:_identify(install) ignored
[0.484s] Level 1:colcon.colcon_core.package_identification:_identify(log) by extensions ['ignore', 'ignore_ament_install']
[0.484s] Level 1:colcon.colcon_core.package_identification:_identify(log) by extension 'ignore'
[0.484s] Level 1:colcon.colcon_core.package_identification:_identify(log) ignored
[0.484s] Level 1:colcon.colcon_core.package_identification:_identify(src) by extensions ['ignore', 'ignore_ament_install']
[0.484s] Level 1:colcon.colcon_core.package_identification:_identify(src) by extension 'ignore'
[0.484s] Level 1:colcon.colcon_core.package_identification:_identify(src) by extension 'ignore_ament_install'
[0.484s] Level 1:colcon.colcon_core.package_identification:_identify(src) by extensions ['colcon_pkg']
[0.484s] Level 1:colcon.colcon_core.package_identification:_identify(src) by extension 'colcon_pkg'
[0.484s] Level 1:colcon.colcon_core.package_identification:_identify(src) by extensions ['colcon_meta']
[0.484s] Level 1:colcon.colcon_core.package_identification:_identify(src) by extension 'colcon_meta'
[0.484s] Level 1:colcon.colcon_core.package_identification:_identify(src) by extensions ['ros']
[0.484s] Level 1:colcon.colcon_core.package_identification:_identify(src) by extension 'ros'
[0.484s] Level 1:colcon.colcon_core.package_identification:_identify(src) by extensions ['cmake', 'python']
[0.484s] Level 1:colcon.colcon_core.package_identification:_identify(src) by extension 'cmake'
[0.485s] Level 1:colcon.colcon_core.package_identification:_identify(src) by extension 'python'
[0.485s] Level 1:colcon.colcon_core.package_identification:_identify(src) by extensions ['python_setup_py']
[0.485s] Level 1:colcon.colcon_core.package_identification:_identify(src) by extension 'python_setup_py'
[0.485s] Level 1:colcon.colcon_core.package_identification:_identify(src/turtle_multi_target) by extensions ['ignore', 'ignore_ament_install']
[0.485s] Level 1:colcon.colcon_core.package_identification:_identify(src/turtle_multi_target) by extension 'ignore'
[0.485s] Level 1:colcon.colcon_core.package_identification:_identify(src/turtle_multi_target) by extension 'ignore_ament_install'
[0.485s] Level 1:colcon.colcon_core.package_identification:_identify(src/turtle_multi_target) by extensions ['colcon_pkg']
[0.485s] Level 1:colcon.colcon_core.package_identification:_identify(src/turtle_multi_target) by extension 'colcon_pkg'
[0.485s] Level 1:colcon.colcon_core.package_identification:_identify(src/turtle_multi_target) by extensions ['colcon_meta']
[0.485s] Level 1:colcon.colcon_core.package_identification:_identify(src/turtle_multi_target) by extension 'colcon_meta'
[0.485s] Level 1:colcon.colcon_core.package_identification:_identify(src/turtle_multi_target) by extensions ['ros']
[0.485s] Level 1:colcon.colcon_core.package_identification:_identify(src/turtle_multi_target) by extension 'ros'
[0.489s] DEBUG:colcon.colcon_core.package_identification:Package 'src/turtle_multi_target' with type 'ros.ament_cmake' and name 'turtle_multi_target'
[0.489s] Level 1:colcon.colcon_core.package_discovery:discover_packages(recursive) using defaults
[0.489s] Level 1:colcon.colcon_core.package_discovery:discover_packages(ignore) discover
[0.489s] Level 1:colcon.colcon_core.package_discovery:discover_packages(ignore) using defaults
[0.489s] Level 1:colcon.colcon_core.package_discovery:discover_packages(path) discover
[0.489s] Level 1:colcon.colcon_core.package_discovery:discover_packages(path) using defaults
[0.524s] Level 1:colcon.colcon_core.package_discovery:discover_packages(prefix_path) check parameters
[0.524s] Level 1:colcon.colcon_core.package_discovery:discover_packages(prefix_path) discover
[0.532s] DEBUG:colcon.colcon_installed_package_information.package_discovery:Found 287 installed packages in /opt/ros/jazzy
[0.533s] Level 1:colcon.colcon_core.package_discovery:discover_packages(prefix_path) using defaults
[0.640s] Level 5:colcon.colcon_core.verb:set package 'turtle_multi_target' build argument 'cmake_args' from command line to 'None'
[0.640s] Level 5:colcon.colcon_core.verb:set package 'turtle_multi_target' build argument 'cmake_target' from command line to 'None'
[0.640s] Level 5:colcon.colcon_core.verb:set package 'turtle_multi_target' build argument 'cmake_target_skip_unavailable' from command line to 'False'
[0.640s] Level 5:colcon.colcon_core.verb:set package 'turtle_multi_target' build argument 'cmake_clean_cache' from command line to 'False'
[0.640s] Level 5:colcon.colcon_core.verb:set package 'turtle_multi_target' build argument 'cmake_clean_first' from command line to 'False'
[0.640s] Level 5:colcon.colcon_core.verb:set package 'turtle_multi_target' build argument 'cmake_force_configure' from command line to 'False'
[0.640s] Level 5:colcon.colcon_core.verb:set package 'turtle_multi_target' build argument 'ament_cmake_args' from command line to 'None'
[0.640s] Level 5:colcon.colcon_core.verb:set package 'turtle_multi_target' build argument 'catkin_cmake_args' from command line to 'None'
[0.640s] Level 5:colcon.colcon_core.verb:set package 'turtle_multi_target' build argument 'catkin_skip_building_tests' from command line to 'False'
[0.640s] DEBUG:colcon.colcon_core.verb:Building package 'turtle_multi_target' with the following arguments: {'ament_cmake_args': None, 'build_base': '/home/alexandra/Robotics/module04/ex02b/build/turtle_multi_target', 'catkin_cmake_args': None, 'catkin_skip_building_tests': False, 'cmake_args': None, 'cmake_clean_cache': False, 'cmake_clean_first': False, 'cmake_force_configure': False, 'cmake_target': None, 'cmake_target_skip_unavailable': False, 'install_base': '/home/alexandra/Robotics/module04/ex02b/install/turtle_multi_target', 'merge_install': False, 'path': '/home/alexandra/Robotics/module04/ex02b/src/turtle_multi_target', 'symlink_install': False, 'test_result_base': None}
[0.640s] INFO:colcon.colcon_core.executor:Executing jobs using 'parallel' executor
[0.641s] DEBUG:colcon.colcon_parallel_executor.executor.parallel:run_until_complete
[0.642s] INFO:colcon.colcon_ros.task.ament_cmake.build:Building ROS package in '/home/alexandra/Robotics/module04/ex02b/src/turtle_multi_target' with build type 'ament_cmake'
[0.642s] INFO:colcon.colcon_cmake.task.cmake.build:Building CMake package in '/home/alexandra/Robotics/module04/ex02b/src/turtle_multi_target'
[0.650s] INFO:colcon.colcon_core.plugin_system:Skipping extension 'colcon_core.shell.bat': Not used on non-Windows systems
[0.650s] INFO:colcon.colcon_core.shell:Skip shell extension 'powershell' for command environment: Not usable outside of PowerShell
[0.650s] DEBUG:colcon.colcon_core.shell:Skip shell extension 'dsv' for command environment
[0.662s] DEBUG:colcon.colcon_core.event_handler.log_command:Invoking command in '/home/alexandra/Robotics/module04/ex02b/build/turtle_multi_target': CMAKE_PREFIX_PATH=${CMAKE_PREFIX_PATH}:/opt/ros/jazzy /usr/bin/cmake /home/alexandra/Robotics/module04/ex02b/src/turtle_multi_target -DCMAKE_INSTALL_PREFIX=/home/alexandra/Robotics/module04/ex02b/install/turtle_multi_target
[6.908s] DEBUG:colcon.colcon_core.event_handler.log_command:Invoked command in '/home/alexandra/Robotics/module04/ex02b/build/turtle_multi_target' returned '1': CMAKE_PREFIX_PATH=${CMAKE_PREFIX_PATH}:/opt/ros/jazzy /usr/bin/cmake /home/alexandra/Robotics/module04/ex02b/src/turtle_multi_target -DCMAKE_INSTALL_PREFIX=/home/alexandra/Robotics/module04/ex02b/install/turtle_multi_target
[6.924s] Level 1:colcon.colcon_core.environment:create_environment_scripts_only(turtle_multi_target)
[6.935s] Level 1:colcon.colcon_core.environment:checking '/home/alexandra/Robotics/module04/ex02b/install/turtle_multi_target' for CMake module files
[6.935s] Level 1:colcon.colcon_core.environment:checking '/home/alexandra/Robotics/module04/ex02b/install/turtle_multi_target' for CMake config files
[6.936s] Level 1:colcon.colcon_core.environment:checking '/home/alexandra/Robotics/module04/ex02b/install/turtle_multi_target/bin'
[6.936s] Level 1:colcon.colcon_core.environment:checking '/home/alexandra/Robotics/module04/ex02b/install/turtle_multi_target/lib/pkgconfig/turtle_multi_target.pc'
[6.936s] Level 1:colcon.colcon_core.environment:checking '/home/alexandra/Robotics/module04/ex02b/install/turtle_multi_target/lib/python3.12/site-packages'
[6.936s] Level 1:colcon.colcon_core.environment:checking '/home/alexandra/Robotics/module04/ex02b/install/turtle_multi_target/bin'
[6.936s] INFO:colcon.colcon_core.shell:Creating package script '/home/alexandra/Robotics/module04/ex02b/install/turtle_multi_target/share/turtle_multi_target/package.ps1'
[6.940s] INFO:colcon.colcon_core.shell:Creating package descriptor '/home/alexandra/Robotics/module04/ex02b/install/turtle_multi_target/share/turtle_multi_target/package.dsv'
[6.941s] INFO:colcon.colcon_core.shell:Creating package script '/home/alexandra/Robotics/module04/ex02b/install/turtle_multi_target/share/turtle_multi_target/package.sh'
[6.941s] INFO:colcon.colcon_core.shell:Creating package script '/home/alexandra/Robotics/module04/ex02b/install/turtle_multi_target/share/turtle_multi_target/package.bash'
[6.943s] INFO:colcon.colcon_core.shell:Creating package script '/home/alexandra/Robotics/module04/ex02b/install/turtle_multi_target/share/turtle_multi_target/package.zsh'
[6.944s] Level 1:colcon.colcon_core.environment:create_file_with_runtime_dependencies(/home/alexandra/Robotics/module04/ex02b/install/turtle_multi_target/share/colcon-core/packages/turtle_multi_target)
[6.955s] DEBUG:colcon.colcon_parallel_executor.executor.parallel:closing loop
[6.956s] DEBUG:colcon.colcon_parallel_executor.executor.parallel:loop closed
[6.956s] DEBUG:colcon.colcon_parallel_executor.executor.parallel:run_until_complete finished with '1'
[6.956s] DEBUG:colcon.colcon_core.event_reactor:joining thread
[6.971s] INFO:colcon.colcon_core.plugin_system:Skipping extension 'colcon_notification.desktop_notification.terminal_notifier': Not used on non-Darwin systems
[6.971s] INFO:colcon.colcon_core.plugin_system:Skipping extension 'colcon_notification.desktop_notification.win32': Not used on non-Windows systems
[6.972s] INFO:colcon.colcon_notification.desktop_notification:Sending desktop notification using 'notify2'
[7.011s] DEBUG:colcon.colcon_notification.desktop_notification.notify2:Failed to initialize notify2: org.freedesktop.DBus.Error.ServiceUnknown: The name org.freedesktop.Notifications was not provided by any .service files
[7.011s] DEBUG:colcon.colcon_core.event_reactor:joined thread
[7.012s] INFO:colcon.colcon_core.shell:Creating prefix script '/home/alexandra/Robotics/module04/ex02b/install/local_setup.ps1'
[7.013s] INFO:colcon.colcon_core.shell:Creating prefix util module '/home/alexandra/Robotics/module04/ex02b/install/_local_setup_util_ps1.py'
[7.014s] INFO:colcon.colcon_core.shell:Creating prefix chain script '/home/alexandra/Robotics/module04/ex02b/install/setup.ps1'
[7.016s] INFO:colcon.colcon_core.shell:Creating prefix script '/home/alexandra/Robotics/module04/ex02b/install/local_setup.sh'
[7.017s] INFO:colcon.colcon_core.shell:Creating prefix util module '/home/alexandra/Robotics/module04/ex02b/install/_local_setup_util_sh.py'
[7.017s] INFO:colcon.colcon_core.shell:Creating prefix chain script '/home/alexandra/Robotics/module04/ex02b/install/setup.sh'
[7.018s] INFO:colcon.colcon_core.shell:Creating prefix script '/home/alexandra/Robotics/module04/ex02b/install/local_setup.bash'
[7.019s] INFO:colcon.colcon_core.shell:Creating prefix chain script '/home/alexandra/Robotics/module04/ex02b/install/setup.bash'
[7.020s] INFO:colcon.colcon_core.shell:Creating prefix script '/home/alexandra/Robotics/module04/ex02b/install/local_setup.zsh'
[7.021s] INFO:colcon.colcon_core.shell:Creating prefix chain script '/home/alexandra/Robotics/module04/ex02b/install/setup.zsh'
