[0.954s] Invoking command in '/home/alexandra/Robotics/module02/ex10/text_to_cmd_vel': PYTHONPATH=/home/alexandra/Robotics/module02/ex10/build/text_to_cmd_vel/prefix_override:/usr/lib/python3/dist-packages/colcon_core/task/python/colcon_distutils_commands:/home/alexandra/Robotics/module02/ex10/install/text_to_cmd_vel/lib/python3.12/site-packages:${PYTHONPATH} /usr/bin/python3 -W ignore:setup.py install is deprecated -W ignore:easy_install command is deprecated setup.py egg_info --egg-base ../build/text_to_cmd_vel build --build-base /home/alexandra/Robotics/module02/ex10/build/text_to_cmd_vel/build install --record /home/alexandra/Robotics/module02/ex10/build/text_to_cmd_vel/install.log --single-version-externally-managed install_data
[1.178s] running egg_info
[1.179s] creating ../build/text_to_cmd_vel/text_to_cmd_vel.egg-info
[1.195s] writing ../build/text_to_cmd_vel/text_to_cmd_vel.egg-info/PKG-INFO
[1.196s] writing dependency_links to ../build/text_to_cmd_vel/text_to_cmd_vel.egg-info/dependency_links.txt
[1.196s] writing entry points to ../build/text_to_cmd_vel/text_to_cmd_vel.egg-info/entry_points.txt
[1.196s] writing requirements to ../build/text_to_cmd_vel/text_to_cmd_vel.egg-info/requires.txt
[1.196s] writing top-level names to ../build/text_to_cmd_vel/text_to_cmd_vel.egg-info/top_level.txt
[1.196s] writing manifest file '../build/text_to_cmd_vel/text_to_cmd_vel.egg-info/SOURCES.txt'
[1.232s] reading manifest file '../build/text_to_cmd_vel/text_to_cmd_vel.egg-info/SOURCES.txt'
[1.232s] writing manifest file '../build/text_to_cmd_vel/text_to_cmd_vel.egg-info/SOURCES.txt'
[1.232s] running build
[1.232s] running build_py
[1.233s] creating /home/alexandra/Robotics/module02/ex10/build/text_to_cmd_vel/build
[1.233s] creating /home/alexandra/Robotics/module02/ex10/build/text_to_cmd_vel/build/lib
[1.233s] creating /home/alexandra/Robotics/module02/ex10/build/text_to_cmd_vel/build/lib/text_to_cmd_vel
[1.234s] copying text_to_cmd_vel/text_to_cmd_vel.py -> /home/alexandra/Robotics/module02/ex10/build/text_to_cmd_vel/build/lib/text_to_cmd_vel
[1.234s] copying text_to_cmd_vel/__init__.py -> /home/alexandra/Robotics/module02/ex10/build/text_to_cmd_vel/build/lib/text_to_cmd_vel
[1.235s] running install
[1.239s] running install_lib
[1.257s] creating /home/alexandra/Robotics/module02/ex10/install/text_to_cmd_vel/lib/python3.12/site-packages/text_to_cmd_vel
[1.257s] copying /home/alexandra/Robotics/module02/ex10/build/text_to_cmd_vel/build/lib/text_to_cmd_vel/text_to_cmd_vel.py -> /home/alexandra/Robotics/module02/ex10/install/text_to_cmd_vel/lib/python3.12/site-packages/text_to_cmd_vel
[1.257s] copying /home/alexandra/Robotics/module02/ex10/build/text_to_cmd_vel/build/lib/text_to_cmd_vel/__init__.py -> /home/alexandra/Robotics/module02/ex10/install/text_to_cmd_vel/lib/python3.12/site-packages/text_to_cmd_vel
[1.258s] byte-compiling /home/alexandra/Robotics/module02/ex10/install/text_to_cmd_vel/lib/python3.12/site-packages/text_to_cmd_vel/text_to_cmd_vel.py to text_to_cmd_vel.cpython-312.pyc
[1.259s] byte-compiling /home/alexandra/Robotics/module02/ex10/install/text_to_cmd_vel/lib/python3.12/site-packages/text_to_cmd_vel/__init__.py to __init__.cpython-312.pyc
[1.259s] running install_data
[1.259s] creating /home/alexandra/Robotics/module02/ex10/install/text_to_cmd_vel/share/ament_index
[1.260s] creating /home/alexandra/Robotics/module02/ex10/install/text_to_cmd_vel/share/ament_index/resource_index
[1.260s] creating /home/alexandra/Robotics/module02/ex10/install/text_to_cmd_vel/share/ament_index/resource_index/packages
[1.260s] copying resource/text_to_cmd_vel -> /home/alexandra/Robotics/module02/ex10/install/text_to_cmd_vel/share/ament_index/resource_index/packages
[1.261s] copying package.xml -> /home/alexandra/Robotics/module02/ex10/install/text_to_cmd_vel/share/text_to_cmd_vel
[1.261s] running install_egg_info
[1.279s] Copying ../build/text_to_cmd_vel/text_to_cmd_vel.egg-info to /home/alexandra/Robotics/module02/ex10/install/text_to_cmd_vel/lib/python3.12/site-packages/text_to_cmd_vel-0.0.1-py3.12.egg-info
[1.281s] running install_scripts
[1.397s] Installing text_to_cmd_vel script to /home/alexandra/Robotics/module02/ex10/install/text_to_cmd_vel/lib/text_to_cmd_vel
[1.398s] writing list of installed files to '/home/alexandra/Robotics/module02/ex10/build/text_to_cmd_vel/install.log'
[1.421s] Invoked command in '/home/alexandra/Robotics/module02/ex10/text_to_cmd_vel' returned '0': PYTHONPATH=/home/alexandra/Robotics/module02/ex10/build/text_to_cmd_vel/prefix_override:/usr/lib/python3/dist-packages/colcon_core/task/python/colcon_distutils_commands:/home/alexandra/Robotics/module02/ex10/install/text_to_cmd_vel/lib/python3.12/site-packages:${PYTHONPATH} /usr/bin/python3 -W ignore:setup.py install is deprecated -W ignore:easy_install command is deprecated setup.py egg_info --egg-base ../build/text_to_cmd_vel build --build-base /home/alexandra/Robotics/module02/ex10/build/text_to_cmd_vel/build install --record /home/alexandra/Robotics/module02/ex10/build/text_to_cmd_vel/install.log --single-version-externally-managed install_data
