[0.209s] DEBUG:colcon:Command line arguments: ['/usr/bin/colcon', 'build', '--packages-select', 'tutorial_interfaces', 'service_full_name']
[0.209s] DEBUG:colcon:Parsed command line arguments: Namespace(log_base=None, log_level=None, verb_name='build', build_base='build', install_base='install', merge_install=False, symlink_install=False, test_result_base=None, continue_on_error=False, executor='parallel', parallel_workers=12, event_handlers=None, ignore_user_meta=False, metas=['./colcon.meta'], base_paths=['.'], packages_ignore=None, packages_ignore_regex=None, paths=None, packages_up_to=None, packages_up_to_regex=None, packages_above=None, packages_above_and_dependencies=None, packages_above_depth=None, packages_select_by_dep=None, packages_skip_by_dep=None, packages_skip_up_to=None, packages_select_build_failed=False, packages_skip_build_finished=False, packages_select_test_failures=False, packages_skip_test_passed=False, packages_select=['tutorial_interfaces', 'service_full_name'], packages_skip=None, packages_select_regex=None, packages_skip_regex=None, packages_start=None, packages_end=None, allow_overriding=[], cmake_args=None, cmake_target=None, cmake_target_skip_unavailable=False, cmake_clean_cache=False, cmake_clean_first=False, cmake_force_configure=False, ament_cmake_args=None, catkin_cmake_args=None, catkin_skip_building_tests=False, mixin_files=None, mixin=None, verb_parser=<colcon_mixin.mixin.mixin_argument.MixinArgumentDecorator object at 0x74da003664b0>, verb_extension=<colcon_core.verb.build.BuildVerb object at 0x74da00366180>, main=<bound method BuildVerb.main of <colcon_core.verb.build.BuildVerb object at 0x74da00366180>>, mixin_verb=('build',))
[0.276s] Level 1:colcon.colcon_core.package_discovery:discover_packages(colcon_meta) check parameters
[0.276s] Level 1:colcon.colcon_core.package_discovery:discover_packages(recursive) check parameters
[0.276s] Level 1:colcon.colcon_core.package_discovery:discover_packages(ignore) check parameters
[0.276s] Level 1:colcon.colcon_core.package_discovery:discover_packages(path) check parameters
[0.276s] Level 1:colcon.colcon_core.package_discovery:discover_packages(colcon_meta) discover
[0.276s] Level 1:colcon.colcon_core.package_discovery:discover_packages(recursive) discover
[0.276s] INFO:colcon.colcon_core.package_discovery:Crawling recursively for packages in '/home/alexandra/Robotics/module03'
[0.276s] Level 1:colcon.colcon_core.package_identification:_identify(.) by extensions ['ignore', 'ignore_ament_install']
[0.276s] Level 1:colcon.colcon_core.package_identification:_identify(.) by extension 'ignore'
[0.276s] Level 1:colcon.colcon_core.package_identification:_identify(.) by extension 'ignore_ament_install'
[0.276s] Level 1:colcon.colcon_core.package_identification:_identify(.) by extensions ['colcon_pkg']
[0.276s] Level 1:colcon.colcon_core.package_identification:_identify(.) by extension 'colcon_pkg'
[0.276s] Level 1:colcon.colcon_core.package_identification:_identify(.) by extensions ['colcon_meta']
[0.277s] Level 1:colcon.colcon_core.package_identification:_identify(.) by extension 'colcon_meta'
[0.277s] Level 1:colcon.colcon_core.package_identification:_identify(.) by extensions ['ros']
[0.277s] Level 1:colcon.colcon_core.package_identification:_identify(.) by extension 'ros'
[0.300s] Level 1:colcon.colcon_core.package_identification:_identify(.) by extensions ['cmake', 'python']
[0.300s] Level 1:colcon.colcon_core.package_identification:_identify(.) by extension 'cmake'
[0.300s] Level 1:colcon.colcon_core.package_identification:_identify(.) by extension 'python'
[0.300s] Level 1:colcon.colcon_core.package_identification:_identify(.) by extensions ['python_setup_py']
[0.300s] Level 1:colcon.colcon_core.package_identification:_identify(.) by extension 'python_setup_py'
[0.300s] Level 1:colcon.colcon_core.package_identification:_identify(build) by extensions ['ignore', 'ignore_ament_install']
[0.301s] Level 1:colcon.colcon_core.package_identification:_identify(build) by extension 'ignore'
[0.301s] Level 1:colcon.colcon_core.package_identification:_identify(build) ignored
[0.301s] Level 1:colcon.colcon_core.package_identification:_identify(ex01) by extensions ['ignore', 'ignore_ament_install']
[0.301s] Level 1:colcon.colcon_core.package_identification:_identify(ex01) by extension 'ignore'
[0.301s] Level 1:colcon.colcon_core.package_identification:_identify(ex01) by extension 'ignore_ament_install'
[0.301s] Level 1:colcon.colcon_core.package_identification:_identify(ex01) by extensions ['colcon_pkg']
[0.301s] Level 1:colcon.colcon_core.package_identification:_identify(ex01) by extension 'colcon_pkg'
[0.301s] Level 1:colcon.colcon_core.package_identification:_identify(ex01) by extensions ['colcon_meta']
[0.301s] Level 1:colcon.colcon_core.package_identification:_identify(ex01) by extension 'colcon_meta'
[0.301s] Level 1:colcon.colcon_core.package_identification:_identify(ex01) by extensions ['ros']
[0.301s] Level 1:colcon.colcon_core.package_identification:_identify(ex01) by extension 'ros'
[0.301s] Level 1:colcon.colcon_core.package_identification:_identify(ex01) by extensions ['cmake', 'python']
[0.301s] Level 1:colcon.colcon_core.package_identification:_identify(ex01) by extension 'cmake'
[0.301s] Level 1:colcon.colcon_core.package_identification:_identify(ex01) by extension 'python'
[0.301s] Level 1:colcon.colcon_core.package_identification:_identify(ex01) by extensions ['python_setup_py']
[0.301s] Level 1:colcon.colcon_core.package_identification:_identify(ex01) by extension 'python_setup_py'
[0.301s] Level 1:colcon.colcon_core.package_identification:_identify(ex01/service_full_name) by extensions ['ignore', 'ignore_ament_install']
[0.301s] Level 1:colcon.colcon_core.package_identification:_identify(ex01/service_full_name) by extension 'ignore'
[0.301s] Level 1:colcon.colcon_core.package_identification:_identify(ex01/service_full_name) by extension 'ignore_ament_install'
[0.301s] Level 1:colcon.colcon_core.package_identification:_identify(ex01/service_full_name) by extensions ['colcon_pkg']
[0.301s] Level 1:colcon.colcon_core.package_identification:_identify(ex01/service_full_name) by extension 'colcon_pkg'
[0.301s] Level 1:colcon.colcon_core.package_identification:_identify(ex01/service_full_name) by extensions ['colcon_meta']
[0.302s] Level 1:colcon.colcon_core.package_identification:_identify(ex01/service_full_name) by extension 'colcon_meta'
[0.302s] Level 1:colcon.colcon_core.package_identification:_identify(ex01/service_full_name) by extensions ['ros']
[0.302s] Level 1:colcon.colcon_core.package_identification:_identify(ex01/service_full_name) by extension 'ros'
[0.305s] DEBUG:colcon.colcon_core.package_identification:Package 'ex01/service_full_name' with type 'ros.ament_cmake' and name 'service_full_name'
[0.305s] Level 1:colcon.colcon_core.package_identification:_identify(ex01/tutorial_interfaces) by extensions ['ignore', 'ignore_ament_install']
[0.305s] Level 1:colcon.colcon_core.package_identification:_identify(ex01/tutorial_interfaces) by extension 'ignore'
[0.305s] Level 1:colcon.colcon_core.package_identification:_identify(ex01/tutorial_interfaces) by extension 'ignore_ament_install'
[0.305s] Level 1:colcon.colcon_core.package_identification:_identify(ex01/tutorial_interfaces) by extensions ['colcon_pkg']
[0.305s] Level 1:colcon.colcon_core.package_identification:_identify(ex01/tutorial_interfaces) by extension 'colcon_pkg'
[0.306s] Level 1:colcon.colcon_core.package_identification:_identify(ex01/tutorial_interfaces) by extensions ['colcon_meta']
[0.306s] Level 1:colcon.colcon_core.package_identification:_identify(ex01/tutorial_interfaces) by extension 'colcon_meta'
[0.306s] Level 1:colcon.colcon_core.package_identification:_identify(ex01/tutorial_interfaces) by extensions ['ros']
[0.306s] Level 1:colcon.colcon_core.package_identification:_identify(ex01/tutorial_interfaces) by extension 'ros'
[0.306s] DEBUG:colcon.colcon_core.package_identification:Package 'ex01/tutorial_interfaces' with type 'ros.ament_cmake' and name 'tutorial_interfaces'
[0.306s] Level 1:colcon.colcon_core.package_identification:_identify(install) by extensions ['ignore', 'ignore_ament_install']
[0.306s] Level 1:colcon.colcon_core.package_identification:_identify(install) by extension 'ignore'
[0.306s] Level 1:colcon.colcon_core.package_identification:_identify(install) ignored
[0.306s] Level 1:colcon.colcon_core.package_identification:_identify(log) by extensions ['ignore', 'ignore_ament_install']
[0.306s] Level 1:colcon.colcon_core.package_identification:_identify(log) by extension 'ignore'
[0.306s] Level 1:colcon.colcon_core.package_identification:_identify(log) ignored
[0.306s] Level 1:colcon.colcon_core.package_discovery:discover_packages(recursive) using defaults
[0.306s] Level 1:colcon.colcon_core.package_discovery:discover_packages(ignore) discover
[0.306s] Level 1:colcon.colcon_core.package_discovery:discover_packages(ignore) using defaults
[0.306s] Level 1:colcon.colcon_core.package_discovery:discover_packages(path) discover
[0.306s] Level 1:colcon.colcon_core.package_discovery:discover_packages(path) using defaults
[0.333s] Level 1:colcon.colcon_core.package_discovery:discover_packages(prefix_path) check parameters
[0.333s] Level 1:colcon.colcon_core.package_discovery:discover_packages(prefix_path) discover
[0.336s] DEBUG:colcon.colcon_installed_package_information.package_discovery:Found 0 installed packages in /home/alexandra/Robotics/module03/install
[0.338s] DEBUG:colcon.colcon_installed_package_information.package_discovery:Found 286 installed packages in /opt/ros/jazzy
[0.340s] Level 1:colcon.colcon_core.package_discovery:discover_packages(prefix_path) using defaults
[0.424s] Level 5:colcon.colcon_core.verb:set package 'tutorial_interfaces' build argument 'cmake_args' from command line to 'None'
[0.424s] Level 5:colcon.colcon_core.verb:set package 'tutorial_interfaces' build argument 'cmake_target' from command line to 'None'
[0.424s] Level 5:colcon.colcon_core.verb:set package 'tutorial_interfaces' build argument 'cmake_target_skip_unavailable' from command line to 'False'
[0.424s] Level 5:colcon.colcon_core.verb:set package 'tutorial_interfaces' build argument 'cmake_clean_cache' from command line to 'False'
[0.424s] Level 5:colcon.colcon_core.verb:set package 'tutorial_interfaces' build argument 'cmake_clean_first' from command line to 'False'
[0.424s] Level 5:colcon.colcon_core.verb:set package 'tutorial_interfaces' build argument 'cmake_force_configure' from command line to 'False'
[0.424s] Level 5:colcon.colcon_core.verb:set package 'tutorial_interfaces' build argument 'ament_cmake_args' from command line to 'None'
[0.424s] Level 5:colcon.colcon_core.verb:set package 'tutorial_interfaces' build argument 'catkin_cmake_args' from command line to 'None'
[0.424s] Level 5:colcon.colcon_core.verb:set package 'tutorial_interfaces' build argument 'catkin_skip_building_tests' from command line to 'False'
[0.424s] DEBUG:colcon.colcon_core.verb:Building package 'tutorial_interfaces' with the following arguments: {'ament_cmake_args': None, 'build_base': '/home/alexandra/Robotics/module03/build/tutorial_interfaces', 'catkin_cmake_args': None, 'catkin_skip_building_tests': False, 'cmake_args': None, 'cmake_clean_cache': False, 'cmake_clean_first': False, 'cmake_force_configure': False, 'cmake_target': None, 'cmake_target_skip_unavailable': False, 'install_base': '/home/alexandra/Robotics/module03/install/tutorial_interfaces', 'merge_install': False, 'path': '/home/alexandra/Robotics/module03/ex01/tutorial_interfaces', 'symlink_install': False, 'test_result_base': None}
[0.425s] Level 5:colcon.colcon_core.verb:set package 'service_full_name' build argument 'cmake_args' from command line to 'None'
[0.425s] Level 5:colcon.colcon_core.verb:set package 'service_full_name' build argument 'cmake_target' from command line to 'None'
[0.425s] Level 5:colcon.colcon_core.verb:set package 'service_full_name' build argument 'cmake_target_skip_unavailable' from command line to 'False'
[0.425s] Level 5:colcon.colcon_core.verb:set package 'service_full_name' build argument 'cmake_clean_cache' from command line to 'False'
[0.425s] Level 5:colcon.colcon_core.verb:set package 'service_full_name' build argument 'cmake_clean_first' from command line to 'False'
[0.425s] Level 5:colcon.colcon_core.verb:set package 'service_full_name' build argument 'cmake_force_configure' from command line to 'False'
[0.425s] Level 5:colcon.colcon_core.verb:set package 'service_full_name' build argument 'ament_cmake_args' from command line to 'None'
[0.425s] Level 5:colcon.colcon_core.verb:set package 'service_full_name' build argument 'catkin_cmake_args' from command line to 'None'
[0.425s] Level 5:colcon.colcon_core.verb:set package 'service_full_name' build argument 'catkin_skip_building_tests' from command line to 'False'
[0.425s] DEBUG:colcon.colcon_core.verb:Building package 'service_full_name' with the following arguments: {'ament_cmake_args': None, 'build_base': '/home/alexandra/Robotics/module03/build/service_full_name', 'catkin_cmake_args': None, 'catkin_skip_building_tests': False, 'cmake_args': None, 'cmake_clean_cache': False, 'cmake_clean_first': False, 'cmake_force_configure': False, 'cmake_target': None, 'cmake_target_skip_unavailable': False, 'install_base': '/home/alexandra/Robotics/module03/install/service_full_name', 'merge_install': False, 'path': '/home/alexandra/Robotics/module03/ex01/service_full_name', 'symlink_install': False, 'test_result_base': None}
[0.425s] INFO:colcon.colcon_core.executor:Executing jobs using 'parallel' executor
[0.426s] DEBUG:colcon.colcon_parallel_executor.executor.parallel:run_until_complete
[0.426s] INFO:colcon.colcon_ros.task.ament_cmake.build:Building ROS package in '/home/alexandra/Robotics/module03/ex01/tutorial_interfaces' with build type 'ament_cmake'
[0.426s] INFO:colcon.colcon_cmake.task.cmake.build:Building CMake package in '/home/alexandra/Robotics/module03/ex01/tutorial_interfaces'
[0.431s] INFO:colcon.colcon_core.plugin_system:Skipping extension 'colcon_core.shell.bat': Not used on non-Windows systems
[0.432s] INFO:colcon.colcon_core.shell:Skip shell extension 'powershell' for command environment: Not usable outside of PowerShell
[0.432s] DEBUG:colcon.colcon_core.shell:Skip shell extension 'dsv' for command environment
[0.444s] DEBUG:colcon.colcon_core.event_handler.log_command:Invoking command in '/home/alexandra/Robotics/module03/build/tutorial_interfaces': CMAKE_PREFIX_PATH=${CMAKE_PREFIX_PATH}:/opt/ros/jazzy /usr/bin/cmake /home/alexandra/Robotics/module03/ex01/tutorial_interfaces -DCMAKE_INSTALL_PREFIX=/home/alexandra/Robotics/module03/install/tutorial_interfaces
[5.502s] DEBUG:colcon.colcon_core.event_handler.log_command:Invoked command in '/home/alexandra/Robotics/module03/build/tutorial_interfaces' returned '0': CMAKE_PREFIX_PATH=${CMAKE_PREFIX_PATH}:/opt/ros/jazzy /usr/bin/cmake /home/alexandra/Robotics/module03/ex01/tutorial_interfaces -DCMAKE_INSTALL_PREFIX=/home/alexandra/Robotics/module03/install/tutorial_interfaces
[5.504s] DEBUG:colcon.colcon_core.event_handler.log_command:Invoking command in '/home/alexandra/Robotics/module03/build/tutorial_interfaces': CMAKE_PREFIX_PATH=${CMAKE_PREFIX_PATH}:/opt/ros/jazzy /usr/bin/cmake --build /home/alexandra/Robotics/module03/build/tutorial_interfaces -- -j12 -l12
[8.485s] DEBUG:colcon.colcon_core.event_handler.log_command:Invoked command in '/home/alexandra/Robotics/module03/build/tutorial_interfaces' returned '0': CMAKE_PREFIX_PATH=${CMAKE_PREFIX_PATH}:/opt/ros/jazzy /usr/bin/cmake --build /home/alexandra/Robotics/module03/build/tutorial_interfaces -- -j12 -l12
[8.498s] DEBUG:colcon.colcon_core.event_handler.log_command:Invoking command in '/home/alexandra/Robotics/module03/build/tutorial_interfaces': CMAKE_PREFIX_PATH=${CMAKE_PREFIX_PATH}:/opt/ros/jazzy /usr/bin/cmake --install /home/alexandra/Robotics/module03/build/tutorial_interfaces
[8.595s] Level 1:colcon.colcon_core.environment:create_environment_scripts_only(tutorial_interfaces)
[8.596s] DEBUG:colcon.colcon_core.event_handler.log_command:Invoked command in '/home/alexandra/Robotics/module03/build/tutorial_interfaces' returned '0': CMAKE_PREFIX_PATH=${CMAKE_PREFIX_PATH}:/opt/ros/jazzy /usr/bin/cmake --install /home/alexandra/Robotics/module03/build/tutorial_interfaces
[8.601s] Level 1:colcon.colcon_core.environment:checking '/home/alexandra/Robotics/module03/install/tutorial_interfaces' for CMake module files
[8.602s] Level 1:colcon.colcon_core.environment:checking '/home/alexandra/Robotics/module03/install/tutorial_interfaces' for CMake config files
[8.602s] Level 1:colcon.colcon_core.shell:create_environment_hook('tutorial_interfaces', 'cmake_prefix_path')
[8.602s] INFO:colcon.colcon_core.shell:Creating environment hook '/home/alexandra/Robotics/module03/install/tutorial_interfaces/share/tutorial_interfaces/hook/cmake_prefix_path.ps1'
[8.604s] INFO:colcon.colcon_core.shell:Creating environment descriptor '/home/alexandra/Robotics/module03/install/tutorial_interfaces/share/tutorial_interfaces/hook/cmake_prefix_path.dsv'
[8.605s] INFO:colcon.colcon_core.shell:Creating environment hook '/home/alexandra/Robotics/module03/install/tutorial_interfaces/share/tutorial_interfaces/hook/cmake_prefix_path.sh'
[8.606s] Level 1:colcon.colcon_core.environment:checking '/home/alexandra/Robotics/module03/install/tutorial_interfaces/lib'
[8.606s] Level 1:colcon.colcon_core.shell:create_environment_hook('tutorial_interfaces', 'ld_library_path_lib')
[8.606s] INFO:colcon.colcon_core.shell:Creating environment hook '/home/alexandra/Robotics/module03/install/tutorial_interfaces/share/tutorial_interfaces/hook/ld_library_path_lib.ps1'
[8.607s] INFO:colcon.colcon_core.shell:Creating environment descriptor '/home/alexandra/Robotics/module03/install/tutorial_interfaces/share/tutorial_interfaces/hook/ld_library_path_lib.dsv'
[8.607s] INFO:colcon.colcon_core.shell:Creating environment hook '/home/alexandra/Robotics/module03/install/tutorial_interfaces/share/tutorial_interfaces/hook/ld_library_path_lib.sh'
[8.607s] Level 1:colcon.colcon_core.environment:checking '/home/alexandra/Robotics/module03/install/tutorial_interfaces/bin'
[8.607s] Level 1:colcon.colcon_core.environment:checking '/home/alexandra/Robotics/module03/install/tutorial_interfaces/lib/pkgconfig/tutorial_interfaces.pc'
[8.608s] Level 1:colcon.colcon_core.environment:checking '/home/alexandra/Robotics/module03/install/tutorial_interfaces/lib/python3.12/site-packages'
[8.608s] Level 1:colcon.colcon_core.shell:create_environment_hook('tutorial_interfaces', 'pythonpath')
[8.608s] INFO:colcon.colcon_core.shell:Creating environment hook '/home/alexandra/Robotics/module03/install/tutorial_interfaces/share/tutorial_interfaces/hook/pythonpath.ps1'
[8.608s] INFO:colcon.colcon_core.shell:Creating environment descriptor '/home/alexandra/Robotics/module03/install/tutorial_interfaces/share/tutorial_interfaces/hook/pythonpath.dsv'
[8.608s] INFO:colcon.colcon_core.shell:Creating environment hook '/home/alexandra/Robotics/module03/install/tutorial_interfaces/share/tutorial_interfaces/hook/pythonpath.sh'
[8.609s] Level 1:colcon.colcon_core.environment:checking '/home/alexandra/Robotics/module03/install/tutorial_interfaces/bin'
[8.609s] INFO:colcon.colcon_core.shell:Creating package script '/home/alexandra/Robotics/module03/install/tutorial_interfaces/share/tutorial_interfaces/package.ps1'
[8.610s] INFO:colcon.colcon_core.shell:Creating package descriptor '/home/alexandra/Robotics/module03/install/tutorial_interfaces/share/tutorial_interfaces/package.dsv'
[8.611s] INFO:colcon.colcon_core.shell:Creating package script '/home/alexandra/Robotics/module03/install/tutorial_interfaces/share/tutorial_interfaces/package.sh'
[8.611s] INFO:colcon.colcon_core.shell:Creating package script '/home/alexandra/Robotics/module03/install/tutorial_interfaces/share/tutorial_interfaces/package.bash'
[8.612s] INFO:colcon.colcon_core.shell:Creating package script '/home/alexandra/Robotics/module03/install/tutorial_interfaces/share/tutorial_interfaces/package.zsh'
[8.613s] Level 1:colcon.colcon_core.environment:create_file_with_runtime_dependencies(/home/alexandra/Robotics/module03/install/tutorial_interfaces/share/colcon-core/packages/tutorial_interfaces)
[8.614s] Level 1:colcon.colcon_core.environment:create_environment_scripts_only(tutorial_interfaces)
[8.614s] Level 1:colcon.colcon_core.environment:checking '/home/alexandra/Robotics/module03/install/tutorial_interfaces' for CMake module files
[8.615s] Level 1:colcon.colcon_core.environment:checking '/home/alexandra/Robotics/module03/install/tutorial_interfaces' for CMake config files
[8.615s] Level 1:colcon.colcon_core.shell:create_environment_hook('tutorial_interfaces', 'cmake_prefix_path')
[8.615s] INFO:colcon.colcon_core.shell:Creating environment hook '/home/alexandra/Robotics/module03/install/tutorial_interfaces/share/tutorial_interfaces/hook/cmake_prefix_path.ps1'
[8.616s] INFO:colcon.colcon_core.shell:Creating environment descriptor '/home/alexandra/Robotics/module03/install/tutorial_interfaces/share/tutorial_interfaces/hook/cmake_prefix_path.dsv'
[8.616s] INFO:colcon.colcon_core.shell:Creating environment hook '/home/alexandra/Robotics/module03/install/tutorial_interfaces/share/tutorial_interfaces/hook/cmake_prefix_path.sh'
[8.616s] Level 1:colcon.colcon_core.environment:checking '/home/alexandra/Robotics/module03/install/tutorial_interfaces/lib'
[8.616s] Level 1:colcon.colcon_core.shell:create_environment_hook('tutorial_interfaces', 'ld_library_path_lib')
[8.617s] INFO:colcon.colcon_core.shell:Creating environment hook '/home/alexandra/Robotics/module03/install/tutorial_interfaces/share/tutorial_interfaces/hook/ld_library_path_lib.ps1'
[8.617s] INFO:colcon.colcon_core.shell:Creating environment descriptor '/home/alexandra/Robotics/module03/install/tutorial_interfaces/share/tutorial_interfaces/hook/ld_library_path_lib.dsv'
[8.617s] INFO:colcon.colcon_core.shell:Creating environment hook '/home/alexandra/Robotics/module03/install/tutorial_interfaces/share/tutorial_interfaces/hook/ld_library_path_lib.sh'
[8.617s] Level 1:colcon.colcon_core.environment:checking '/home/alexandra/Robotics/module03/install/tutorial_interfaces/bin'
[8.618s] Level 1:colcon.colcon_core.environment:checking '/home/alexandra/Robotics/module03/install/tutorial_interfaces/lib/pkgconfig/tutorial_interfaces.pc'
[8.618s] Level 1:colcon.colcon_core.environment:checking '/home/alexandra/Robotics/module03/install/tutorial_interfaces/lib/python3.12/site-packages'
[8.618s] Level 1:colcon.colcon_core.shell:create_environment_hook('tutorial_interfaces', 'pythonpath')
[8.618s] INFO:colcon.colcon_core.shell:Creating environment hook '/home/alexandra/Robotics/module03/install/tutorial_interfaces/share/tutorial_interfaces/hook/pythonpath.ps1'
[8.618s] INFO:colcon.colcon_core.shell:Creating environment descriptor '/home/alexandra/Robotics/module03/install/tutorial_interfaces/share/tutorial_interfaces/hook/pythonpath.dsv'
[8.619s] INFO:colcon.colcon_core.shell:Creating environment hook '/home/alexandra/Robotics/module03/install/tutorial_interfaces/share/tutorial_interfaces/hook/pythonpath.sh'
[8.619s] Level 1:colcon.colcon_core.environment:checking '/home/alexandra/Robotics/module03/install/tutorial_interfaces/bin'
[8.619s] INFO:colcon.colcon_core.shell:Creating package script '/home/alexandra/Robotics/module03/install/tutorial_interfaces/share/tutorial_interfaces/package.ps1'
[8.620s] INFO:colcon.colcon_core.shell:Creating package descriptor '/home/alexandra/Robotics/module03/install/tutorial_interfaces/share/tutorial_interfaces/package.dsv'
[8.620s] INFO:colcon.colcon_core.shell:Creating package script '/home/alexandra/Robotics/module03/install/tutorial_interfaces/share/tutorial_interfaces/package.sh'
[8.621s] INFO:colcon.colcon_core.shell:Creating package script '/home/alexandra/Robotics/module03/install/tutorial_interfaces/share/tutorial_interfaces/package.bash'
[8.621s] INFO:colcon.colcon_core.shell:Creating package script '/home/alexandra/Robotics/module03/install/tutorial_interfaces/share/tutorial_interfaces/package.zsh'
[8.621s] Level 1:colcon.colcon_core.environment:create_file_with_runtime_dependencies(/home/alexandra/Robotics/module03/install/tutorial_interfaces/share/colcon-core/packages/tutorial_interfaces)
[8.622s] INFO:colcon.colcon_ros.task.ament_cmake.build:Building ROS package in '/home/alexandra/Robotics/module03/ex01/service_full_name' with build type 'ament_cmake'
[8.622s] INFO:colcon.colcon_cmake.task.cmake.build:Building CMake package in '/home/alexandra/Robotics/module03/ex01/service_full_name'
[8.622s] INFO:colcon.colcon_core.shell:Skip shell extension 'powershell' for command environment: Not usable outside of PowerShell
[8.622s] DEBUG:colcon.colcon_core.shell:Skip shell extension 'dsv' for command environment
[8.743s] DEBUG:colcon.colcon_core.event_handler.log_command:Invoking command in '/home/alexandra/Robotics/module03/build/service_full_name': AMENT_PREFIX_PATH=/home/alexandra/Robotics/module03/install/tutorial_interfaces:${AMENT_PREFIX_PATH} CMAKE_PREFIX_PATH=/home/alexandra/Robotics/module03/install/tutorial_interfaces:/opt/ros/jazzy/opt/gz_math_vendor:/opt/ros/jazzy/opt/gz_utils_vendor:/opt/ros/jazzy/opt/gz_cmake_vendor:/opt/ros/jazzy LD_LIBRARY_PATH=/home/alexandra/Robotics/module03/install/tutorial_interfaces/lib:${LD_LIBRARY_PATH} PYTHONPATH=/home/alexandra/Robotics/module03/install/tutorial_interfaces/lib/python3.12/site-packages:${PYTHONPATH} /usr/bin/cmake /home/alexandra/Robotics/module03/ex01/service_full_name -DCMAKE_INSTALL_PREFIX=/home/alexandra/Robotics/module03/install/service_full_name
[11.695s] DEBUG:colcon.colcon_core.event_handler.log_command:Invoked command in '/home/alexandra/Robotics/module03/build/service_full_name' returned '0': AMENT_PREFIX_PATH=/home/alexandra/Robotics/module03/install/tutorial_interfaces:${AMENT_PREFIX_PATH} CMAKE_PREFIX_PATH=/home/alexandra/Robotics/module03/install/tutorial_interfaces:/opt/ros/jazzy/opt/gz_math_vendor:/opt/ros/jazzy/opt/gz_utils_vendor:/opt/ros/jazzy/opt/gz_cmake_vendor:/opt/ros/jazzy LD_LIBRARY_PATH=/home/alexandra/Robotics/module03/install/tutorial_interfaces/lib:${LD_LIBRARY_PATH} PYTHONPATH=/home/alexandra/Robotics/module03/install/tutorial_interfaces/lib/python3.12/site-packages:${PYTHONPATH} /usr/bin/cmake /home/alexandra/Robotics/module03/ex01/service_full_name -DCMAKE_INSTALL_PREFIX=/home/alexandra/Robotics/module03/install/service_full_name
[11.696s] DEBUG:colcon.colcon_core.event_handler.log_command:Invoking command in '/home/alexandra/Robotics/module03/build/service_full_name': AMENT_PREFIX_PATH=/home/alexandra/Robotics/module03/install/tutorial_interfaces:${AMENT_PREFIX_PATH} CMAKE_PREFIX_PATH=/home/alexandra/Robotics/module03/install/tutorial_interfaces:/opt/ros/jazzy/opt/gz_math_vendor:/opt/ros/jazzy/opt/gz_utils_vendor:/opt/ros/jazzy/opt/gz_cmake_vendor:/opt/ros/jazzy LD_LIBRARY_PATH=/home/alexandra/Robotics/module03/install/tutorial_interfaces/lib:${LD_LIBRARY_PATH} PYTHONPATH=/home/alexandra/Robotics/module03/install/tutorial_interfaces/lib/python3.12/site-packages:${PYTHONPATH} /usr/bin/cmake --build /home/alexandra/Robotics/module03/build/service_full_name -- -j12 -l12
[16.046s] DEBUG:colcon.colcon_core.event_handler.log_command:Invoked command in '/home/alexandra/Robotics/module03/build/service_full_name' returned '0': AMENT_PREFIX_PATH=/home/alexandra/Robotics/module03/install/tutorial_interfaces:${AMENT_PREFIX_PATH} CMAKE_PREFIX_PATH=/home/alexandra/Robotics/module03/install/tutorial_interfaces:/opt/ros/jazzy/opt/gz_math_vendor:/opt/ros/jazzy/opt/gz_utils_vendor:/opt/ros/jazzy/opt/gz_cmake_vendor:/opt/ros/jazzy LD_LIBRARY_PATH=/home/alexandra/Robotics/module03/install/tutorial_interfaces/lib:${LD_LIBRARY_PATH} PYTHONPATH=/home/alexandra/Robotics/module03/install/tutorial_interfaces/lib/python3.12/site-packages:${PYTHONPATH} /usr/bin/cmake --build /home/alexandra/Robotics/module03/build/service_full_name -- -j12 -l12
[16.047s] DEBUG:colcon.colcon_core.event_handler.log_command:Invoking command in '/home/alexandra/Robotics/module03/build/service_full_name': AMENT_PREFIX_PATH=/home/alexandra/Robotics/module03/install/tutorial_interfaces:${AMENT_PREFIX_PATH} CMAKE_PREFIX_PATH=/home/alexandra/Robotics/module03/install/tutorial_interfaces:/opt/ros/jazzy/opt/gz_math_vendor:/opt/ros/jazzy/opt/gz_utils_vendor:/opt/ros/jazzy/opt/gz_cmake_vendor:/opt/ros/jazzy LD_LIBRARY_PATH=/home/alexandra/Robotics/module03/install/tutorial_interfaces/lib:${LD_LIBRARY_PATH} PYTHONPATH=/home/alexandra/Robotics/module03/install/tutorial_interfaces/lib/python3.12/site-packages:${PYTHONPATH} /usr/bin/cmake --install /home/alexandra/Robotics/module03/build/service_full_name
[16.070s] Level 1:colcon.colcon_core.environment:create_environment_scripts_only(service_full_name)
[16.071s] Level 1:colcon.colcon_core.environment:checking '/home/alexandra/Robotics/module03/install/service_full_name' for CMake module files
[16.071s] DEBUG:colcon.colcon_core.event_handler.log_command:Invoked command in '/home/alexandra/Robotics/module03/build/service_full_name' returned '0': AMENT_PREFIX_PATH=/home/alexandra/Robotics/module03/install/tutorial_interfaces:${AMENT_PREFIX_PATH} CMAKE_PREFIX_PATH=/home/alexandra/Robotics/module03/install/tutorial_interfaces:/opt/ros/jazzy/opt/gz_math_vendor:/opt/ros/jazzy/opt/gz_utils_vendor:/opt/ros/jazzy/opt/gz_cmake_vendor:/opt/ros/jazzy LD_LIBRARY_PATH=/home/alexandra/Robotics/module03/install/tutorial_interfaces/lib:${LD_LIBRARY_PATH} PYTHONPATH=/home/alexandra/Robotics/module03/install/tutorial_interfaces/lib/python3.12/site-packages:${PYTHONPATH} /usr/bin/cmake --install /home/alexandra/Robotics/module03/build/service_full_name
[16.072s] Level 1:colcon.colcon_core.environment:checking '/home/alexandra/Robotics/module03/install/service_full_name' for CMake config files
[16.072s] Level 1:colcon.colcon_core.shell:create_environment_hook('service_full_name', 'cmake_prefix_path')
[16.072s] INFO:colcon.colcon_core.shell:Creating environment hook '/home/alexandra/Robotics/module03/install/service_full_name/share/service_full_name/hook/cmake_prefix_path.ps1'
[16.073s] INFO:colcon.colcon_core.shell:Creating environment descriptor '/home/alexandra/Robotics/module03/install/service_full_name/share/service_full_name/hook/cmake_prefix_path.dsv'
[16.073s] INFO:colcon.colcon_core.shell:Creating environment hook '/home/alexandra/Robotics/module03/install/service_full_name/share/service_full_name/hook/cmake_prefix_path.sh'
[16.074s] Level 1:colcon.colcon_core.environment:checking '/home/alexandra/Robotics/module03/install/service_full_name/lib'
[16.074s] Level 1:colcon.colcon_core.environment:checking '/home/alexandra/Robotics/module03/install/service_full_name/bin'
[16.074s] Level 1:colcon.colcon_core.environment:checking '/home/alexandra/Robotics/module03/install/service_full_name/lib/pkgconfig/service_full_name.pc'
[16.074s] Level 1:colcon.colcon_core.environment:checking '/home/alexandra/Robotics/module03/install/service_full_name/lib/python3.12/site-packages'
[16.074s] Level 1:colcon.colcon_core.environment:checking '/home/alexandra/Robotics/module03/install/service_full_name/bin'
[16.074s] INFO:colcon.colcon_core.shell:Creating package script '/home/alexandra/Robotics/module03/install/service_full_name/share/service_full_name/package.ps1'
[16.075s] INFO:colcon.colcon_core.shell:Creating package descriptor '/home/alexandra/Robotics/module03/install/service_full_name/share/service_full_name/package.dsv'
[16.075s] INFO:colcon.colcon_core.shell:Creating package script '/home/alexandra/Robotics/module03/install/service_full_name/share/service_full_name/package.sh'
[16.075s] INFO:colcon.colcon_core.shell:Creating package script '/home/alexandra/Robotics/module03/install/service_full_name/share/service_full_name/package.bash'
[16.076s] INFO:colcon.colcon_core.shell:Creating package script '/home/alexandra/Robotics/module03/install/service_full_name/share/service_full_name/package.zsh'
[16.076s] Level 1:colcon.colcon_core.environment:create_file_with_runtime_dependencies(/home/alexandra/Robotics/module03/install/service_full_name/share/colcon-core/packages/service_full_name)
[16.077s] Level 1:colcon.colcon_core.environment:create_environment_scripts_only(service_full_name)
[16.077s] Level 1:colcon.colcon_core.environment:checking '/home/alexandra/Robotics/module03/install/service_full_name' for CMake module files
[16.078s] Level 1:colcon.colcon_core.environment:checking '/home/alexandra/Robotics/module03/install/service_full_name' for CMake config files
[16.078s] Level 1:colcon.colcon_core.shell:create_environment_hook('service_full_name', 'cmake_prefix_path')
[16.078s] INFO:colcon.colcon_core.shell:Creating environment hook '/home/alexandra/Robotics/module03/install/service_full_name/share/service_full_name/hook/cmake_prefix_path.ps1'
[16.078s] INFO:colcon.colcon_core.shell:Creating environment descriptor '/home/alexandra/Robotics/module03/install/service_full_name/share/service_full_name/hook/cmake_prefix_path.dsv'
[16.079s] INFO:colcon.colcon_core.shell:Creating environment hook '/home/alexandra/Robotics/module03/install/service_full_name/share/service_full_name/hook/cmake_prefix_path.sh'
[16.079s] Level 1:colcon.colcon_core.environment:checking '/home/alexandra/Robotics/module03/install/service_full_name/lib'
[16.079s] Level 1:colcon.colcon_core.environment:checking '/home/alexandra/Robotics/module03/install/service_full_name/bin'
[16.079s] Level 1:colcon.colcon_core.environment:checking '/home/alexandra/Robotics/module03/install/service_full_name/lib/pkgconfig/service_full_name.pc'
[16.079s] Level 1:colcon.colcon_core.environment:checking '/home/alexandra/Robotics/module03/install/service_full_name/lib/python3.12/site-packages'
[16.080s] Level 1:colcon.colcon_core.environment:checking '/home/alexandra/Robotics/module03/install/service_full_name/bin'
[16.080s] INFO:colcon.colcon_core.shell:Creating package script '/home/alexandra/Robotics/module03/install/service_full_name/share/service_full_name/package.ps1'
[16.080s] INFO:colcon.colcon_core.shell:Creating package descriptor '/home/alexandra/Robotics/module03/install/service_full_name/share/service_full_name/package.dsv'
[16.081s] INFO:colcon.colcon_core.shell:Creating package script '/home/alexandra/Robotics/module03/install/service_full_name/share/service_full_name/package.sh'
[16.081s] INFO:colcon.colcon_core.shell:Creating package script '/home/alexandra/Robotics/module03/install/service_full_name/share/service_full_name/package.bash'
[16.081s] INFO:colcon.colcon_core.shell:Creating package script '/home/alexandra/Robotics/module03/install/service_full_name/share/service_full_name/package.zsh'
[16.082s] Level 1:colcon.colcon_core.environment:create_file_with_runtime_dependencies(/home/alexandra/Robotics/module03/install/service_full_name/share/colcon-core/packages/service_full_name)
[16.082s] DEBUG:colcon.colcon_parallel_executor.executor.parallel:closing loop
[16.082s] DEBUG:colcon.colcon_parallel_executor.executor.parallel:loop closed
[16.082s] DEBUG:colcon.colcon_parallel_executor.executor.parallel:run_until_complete finished with '0'
[16.082s] DEBUG:colcon.colcon_core.event_reactor:joining thread
[16.092s] INFO:colcon.colcon_core.plugin_system:Skipping extension 'colcon_notification.desktop_notification.terminal_notifier': Not used on non-Darwin systems
[16.092s] INFO:colcon.colcon_core.plugin_system:Skipping extension 'colcon_notification.desktop_notification.win32': Not used on non-Windows systems
[16.092s] INFO:colcon.colcon_notification.desktop_notification:Sending desktop notification using 'notify2'
[16.093s] DEBUG:colcon.colcon_notification.desktop_notification.notify2:Failed to initialize notify2: org.freedesktop.DBus.Error.ServiceUnknown: The name org.freedesktop.Notifications was not provided by any .service files
[16.093s] DEBUG:colcon.colcon_core.event_reactor:joined thread
[16.093s] INFO:colcon.colcon_core.shell:Creating prefix script '/home/alexandra/Robotics/module03/install/local_setup.ps1'
[16.094s] INFO:colcon.colcon_core.shell:Creating prefix util module '/home/alexandra/Robotics/module03/install/_local_setup_util_ps1.py'
[16.095s] INFO:colcon.colcon_core.shell:Creating prefix chain script '/home/alexandra/Robotics/module03/install/setup.ps1'
[16.096s] INFO:colcon.colcon_core.shell:Creating prefix script '/home/alexandra/Robotics/module03/install/local_setup.sh'
[16.097s] INFO:colcon.colcon_core.shell:Creating prefix util module '/home/alexandra/Robotics/module03/install/_local_setup_util_sh.py'
[16.097s] INFO:colcon.colcon_core.shell:Creating prefix chain script '/home/alexandra/Robotics/module03/install/setup.sh'
[16.098s] INFO:colcon.colcon_core.shell:Creating prefix script '/home/alexandra/Robotics/module03/install/local_setup.bash'
[16.099s] INFO:colcon.colcon_core.shell:Creating prefix chain script '/home/alexandra/Robotics/module03/install/setup.bash'
[16.099s] INFO:colcon.colcon_core.shell:Creating prefix script '/home/alexandra/Robotics/module03/install/local_setup.zsh'
[16.100s] INFO:colcon.colcon_core.shell:Creating prefix chain script '/home/alexandra/Robotics/module03/install/setup.zsh'
