[0.017s] Invoking command in '/home/alexandra/Robotics/module03/build/action_cleaning_robot': CMAKE_PREFIX_PATH=${CMAKE_PREFIX_PATH}:/home/alexandra/Robotics/module03/install/move_to_goal:/opt/ros/jazzy /usr/bin/cmake --build /home/alexandra/Robotics/module03/build/action_cleaning_robot -- -j12 -l12
[0.137s] [  2%] Built target action_cleaning_robot__rosidl_generator_type_description
[0.157s] [  2%] Built target ament_cmake_python_copy_action_cleaning_robot
[0.164s] [  5%] Built target action_cleaning_robot__cpp
[0.169s] [ 20%] Built target action_cleaning_robot__rosidl_generator_c
[0.207s] [ 44%] Built target action_cleaning_robot__rosidl_typesupport_c
[0.207s] [ 44%] Built target action_cleaning_robot__rosidl_typesupport_introspection_c
[0.207s] [ 47%] Built target action_cleaning_robot__rosidl_typesupport_fastrtps_c
[0.209s] [ 55%] Built target action_cleaning_robot__rosidl_typesupport_introspection_cpp
[0.209s] [ 64%] Built target action_cleaning_robot__rosidl_typesupport_fastrtps_cpp
[0.210s] [ 73%] Built target action_cleaning_robot__rosidl_typesupport_cpp
[0.239s] [ 73%] Built target action_cleaning_robot
[0.268s] [ 76%] Built target action_cleaning_robot__py
[0.303s] [ 82%] Built target action_cleaning_robot__rosidl_generator_py
[0.336s] [100%] Built target action_cleaning_robot_s__rosidl_typesupport_fastrtps_c
[0.336s] [100%] Built target action_cleaning_robot_s__rosidl_typesupport_c
[0.336s] [100%] Built target action_cleaning_robot_s__rosidl_typesupport_introspection_c
[0.400s] running egg_info
[0.420s] writing action_cleaning_robot.egg-info/PKG-INFO
[0.420s] writing dependency_links to action_cleaning_robot.egg-info/dependency_links.txt
[0.421s] writing top-level names to action_cleaning_robot.egg-info/top_level.txt
[0.478s] reading manifest file 'action_cleaning_robot.egg-info/SOURCES.txt'
[0.479s] writing manifest file 'action_cleaning_robot.egg-info/SOURCES.txt'
[0.507s] [100%] Built target ament_cmake_python_build_action_cleaning_robot_egg
[0.523s] Invoked command in '/home/alexandra/Robotics/module03/build/action_cleaning_robot' returned '0': CMAKE_PREFIX_PATH=${CMAKE_PREFIX_PATH}:/home/alexandra/Robotics/module03/install/move_to_goal:/opt/ros/jazzy /usr/bin/cmake --build /home/alexandra/Robotics/module03/build/action_cleaning_robot -- -j12 -l12
[0.538s] Invoking command in '/home/alexandra/Robotics/module03/build/action_cleaning_robot': CMAKE_PREFIX_PATH=${CMAKE_PREFIX_PATH}:/home/alexandra/Robotics/module03/install/move_to_goal:/opt/ros/jazzy /usr/bin/cmake --install /home/alexandra/Robotics/module03/build/action_cleaning_robot
[0.549s] -- Install configuration: ""
[0.549s] -- Up-to-date: /home/alexandra/Robotics/module03/install/action_cleaning_robot/share/ament_index/resource_index/rosidl_interfaces/action_cleaning_robot
[0.549s] -- Up-to-date: /home/alexandra/Robotics/module03/install/action_cleaning_robot/share/action_cleaning_robot/action/CleaningTask.json
[0.549s] -- Up-to-date: /home/alexandra/Robotics/module03/install/action_cleaning_robot/include/action_cleaning_robot/action_cleaning_robot
[0.550s] -- Up-to-date: /home/alexandra/Robotics/module03/install/action_cleaning_robot/include/action_cleaning_robot/action_cleaning_robot/msg
[0.550s] -- Up-to-date: /home/alexandra/Robotics/module03/install/action_cleaning_robot/include/action_cleaning_robot/action_cleaning_robot/msg/rosidl_generator_c__visibility_control.h
[0.550s] -- Up-to-date: /home/alexandra/Robotics/module03/install/action_cleaning_robot/include/action_cleaning_robot/action_cleaning_robot/action
[0.550s] -- Up-to-date: /home/alexandra/Robotics/module03/install/action_cleaning_robot/include/action_cleaning_robot/action_cleaning_robot/action/cleaning_task.h
[0.550s] -- Up-to-date: /home/alexandra/Robotics/module03/install/action_cleaning_robot/include/action_cleaning_robot/action_cleaning_robot/action/detail
[0.550s] -- Up-to-date: /home/alexandra/Robotics/module03/install/action_cleaning_robot/include/action_cleaning_robot/action_cleaning_robot/action/detail/cleaning_task__description.c
[0.550s] -- Up-to-date: /home/alexandra/Robotics/module03/install/action_cleaning_robot/include/action_cleaning_robot/action_cleaning_robot/action/detail/cleaning_task__type_support.c
[0.551s] -- Up-to-date: /home/alexandra/Robotics/module03/install/action_cleaning_robot/include/action_cleaning_robot/action_cleaning_robot/action/detail/cleaning_task__struct.h
[0.551s] -- Up-to-date: /home/alexandra/Robotics/module03/install/action_cleaning_robot/include/action_cleaning_robot/action_cleaning_robot/action/detail/cleaning_task__functions.h
[0.551s] -- Up-to-date: /home/alexandra/Robotics/module03/install/action_cleaning_robot/include/action_cleaning_robot/action_cleaning_robot/action/detail/cleaning_task__type_support.h
[0.551s] -- Up-to-date: /home/alexandra/Robotics/module03/install/action_cleaning_robot/include/action_cleaning_robot/action_cleaning_robot/action/detail/cleaning_task__functions.c
[0.551s] -- Up-to-date: /home/alexandra/Robotics/module03/install/action_cleaning_robot/share/action_cleaning_robot/environment/library_path.sh
[0.551s] -- Up-to-date: /home/alexandra/Robotics/module03/install/action_cleaning_robot/share/action_cleaning_robot/environment/library_path.dsv
[0.552s] -- Up-to-date: /home/alexandra/Robotics/module03/install/action_cleaning_robot/lib/libaction_cleaning_robot__rosidl_generator_c.so
[0.552s] -- Up-to-date: /home/alexandra/Robotics/module03/install/action_cleaning_robot/include/action_cleaning_robot/action_cleaning_robot
[0.553s] -- Up-to-date: /home/alexandra/Robotics/module03/install/action_cleaning_robot/include/action_cleaning_robot/action_cleaning_robot/msg
[0.553s] -- Up-to-date: /home/alexandra/Robotics/module03/install/action_cleaning_robot/include/action_cleaning_robot/action_cleaning_robot/msg/rosidl_typesupport_fastrtps_c__visibility_control.h
[0.553s] -- Up-to-date: /home/alexandra/Robotics/module03/install/action_cleaning_robot/include/action_cleaning_robot/action_cleaning_robot/action
[0.553s] -- Up-to-date: /home/alexandra/Robotics/module03/install/action_cleaning_robot/include/action_cleaning_robot/action_cleaning_robot/action/detail
[0.553s] -- Up-to-date: /home/alexandra/Robotics/module03/install/action_cleaning_robot/include/action_cleaning_robot/action_cleaning_robot/action/detail/cleaning_task__rosidl_typesupport_fastrtps_c.h
[0.554s] -- Up-to-date: /home/alexandra/Robotics/module03/install/action_cleaning_robot/lib/libaction_cleaning_robot__rosidl_typesupport_fastrtps_c.so
[0.554s] -- Up-to-date: /home/alexandra/Robotics/module03/install/action_cleaning_robot/include/action_cleaning_robot/action_cleaning_robot
[0.555s] -- Up-to-date: /home/alexandra/Robotics/module03/install/action_cleaning_robot/include/action_cleaning_robot/action_cleaning_robot/msg
[0.555s] -- Up-to-date: /home/alexandra/Robotics/module03/install/action_cleaning_robot/include/action_cleaning_robot/action_cleaning_robot/msg/rosidl_typesupport_introspection_c__visibility_control.h
[0.555s] -- Up-to-date: /home/alexandra/Robotics/module03/install/action_cleaning_robot/include/action_cleaning_robot/action_cleaning_robot/action
[0.556s] -- Up-to-date: /home/alexandra/Robotics/module03/install/action_cleaning_robot/include/action_cleaning_robot/action_cleaning_robot/action/detail
[0.556s] -- Up-to-date: /home/alexandra/Robotics/module03/install/action_cleaning_robot/include/action_cleaning_robot/action_cleaning_robot/action/detail/cleaning_task__type_support.c
[0.556s] -- Up-to-date: /home/alexandra/Robotics/module03/install/action_cleaning_robot/include/action_cleaning_robot/action_cleaning_robot/action/detail/cleaning_task__rosidl_typesupport_introspection_c.h
[0.557s] -- Up-to-date: /home/alexandra/Robotics/module03/install/action_cleaning_robot/lib/libaction_cleaning_robot__rosidl_typesupport_introspection_c.so
[0.557s] -- Up-to-date: /home/alexandra/Robotics/module03/install/action_cleaning_robot/lib/libaction_cleaning_robot__rosidl_typesupport_c.so
[0.558s] -- Up-to-date: /home/alexandra/Robotics/module03/install/action_cleaning_robot/include/action_cleaning_robot/action_cleaning_robot
[0.558s] -- Up-to-date: /home/alexandra/Robotics/module03/install/action_cleaning_robot/include/action_cleaning_robot/action_cleaning_robot/msg
[0.558s] -- Up-to-date: /home/alexandra/Robotics/module03/install/action_cleaning_robot/include/action_cleaning_robot/action_cleaning_robot/msg/rosidl_generator_cpp__visibility_control.hpp
[0.558s] -- Up-to-date: /home/alexandra/Robotics/module03/install/action_cleaning_robot/include/action_cleaning_robot/action_cleaning_robot/action
[0.558s] -- Up-to-date: /home/alexandra/Robotics/module03/install/action_cleaning_robot/include/action_cleaning_robot/action_cleaning_robot/action/cleaning_task.hpp
[0.558s] -- Up-to-date: /home/alexandra/Robotics/module03/install/action_cleaning_robot/include/action_cleaning_robot/action_cleaning_robot/action/detail
[0.559s] -- Up-to-date: /home/alexandra/Robotics/module03/install/action_cleaning_robot/include/action_cleaning_robot/action_cleaning_robot/action/detail/cleaning_task__struct.hpp
[0.559s] -- Up-to-date: /home/alexandra/Robotics/module03/install/action_cleaning_robot/include/action_cleaning_robot/action_cleaning_robot/action/detail/cleaning_task__type_support.hpp
[0.559s] -- Up-to-date: /home/alexandra/Robotics/module03/install/action_cleaning_robot/include/action_cleaning_robot/action_cleaning_robot/action/detail/cleaning_task__traits.hpp
[0.559s] -- Up-to-date: /home/alexandra/Robotics/module03/install/action_cleaning_robot/include/action_cleaning_robot/action_cleaning_robot/action/detail/cleaning_task__builder.hpp
[0.559s] -- Up-to-date: /home/alexandra/Robotics/module03/install/action_cleaning_robot/include/action_cleaning_robot/action_cleaning_robot
[0.560s] -- Up-to-date: /home/alexandra/Robotics/module03/install/action_cleaning_robot/include/action_cleaning_robot/action_cleaning_robot/msg
[0.560s] -- Up-to-date: /home/alexandra/Robotics/module03/install/action_cleaning_robot/include/action_cleaning_robot/action_cleaning_robot/msg/rosidl_typesupport_fastrtps_cpp__visibility_control.h
[0.560s] -- Up-to-date: /home/alexandra/Robotics/module03/install/action_cleaning_robot/include/action_cleaning_robot/action_cleaning_robot/action
[0.560s] -- Up-to-date: /home/alexandra/Robotics/module03/install/action_cleaning_robot/include/action_cleaning_robot/action_cleaning_robot/action/detail
[0.560s] -- Up-to-date: /home/alexandra/Robotics/module03/install/action_cleaning_robot/include/action_cleaning_robot/action_cleaning_robot/action/detail/dds_fastrtps
[0.561s] -- Up-to-date: /home/alexandra/Robotics/module03/install/action_cleaning_robot/include/action_cleaning_robot/action_cleaning_robot/action/detail/cleaning_task__rosidl_typesupport_fastrtps_cpp.hpp
[0.562s] -- Up-to-date: /home/alexandra/Robotics/module03/install/action_cleaning_robot/lib/libaction_cleaning_robot__rosidl_typesupport_fastrtps_cpp.so
[0.562s] -- Up-to-date: /home/alexandra/Robotics/module03/install/action_cleaning_robot/include/action_cleaning_robot/action_cleaning_robot
[0.562s] -- Up-to-date: /home/alexandra/Robotics/module03/install/action_cleaning_robot/include/action_cleaning_robot/action_cleaning_robot/action
[0.562s] -- Up-to-date: /home/alexandra/Robotics/module03/install/action_cleaning_robot/include/action_cleaning_robot/action_cleaning_robot/action/detail
[0.563s] -- Up-to-date: /home/alexandra/Robotics/module03/install/action_cleaning_robot/include/action_cleaning_robot/action_cleaning_robot/action/detail/cleaning_task__type_support.cpp
[0.563s] -- Up-to-date: /home/alexandra/Robotics/module03/install/action_cleaning_robot/include/action_cleaning_robot/action_cleaning_robot/action/detail/cleaning_task__rosidl_typesupport_introspection_cpp.hpp
[0.564s] -- Up-to-date: /home/alexandra/Robotics/module03/install/action_cleaning_robot/lib/libaction_cleaning_robot__rosidl_typesupport_introspection_cpp.so
[0.565s] -- Up-to-date: /home/alexandra/Robotics/module03/install/action_cleaning_robot/lib/libaction_cleaning_robot__rosidl_typesupport_cpp.so
[0.565s] -- Up-to-date: /home/alexandra/Robotics/module03/install/action_cleaning_robot/share/action_cleaning_robot/environment/pythonpath.sh
[0.566s] -- Up-to-date: /home/alexandra/Robotics/module03/install/action_cleaning_robot/share/action_cleaning_robot/environment/pythonpath.dsv
[0.566s] -- Up-to-date: /home/alexandra/Robotics/module03/install/action_cleaning_robot/lib/python3.12/site-packages/action_cleaning_robot-0.0.0-py3.12.egg-info
[0.566s] -- Installing: /home/alexandra/Robotics/module03/install/action_cleaning_robot/lib/python3.12/site-packages/action_cleaning_robot-0.0.0-py3.12.egg-info/top_level.txt
[0.566s] -- Installing: /home/alexandra/Robotics/module03/install/action_cleaning_robot/lib/python3.12/site-packages/action_cleaning_robot-0.0.0-py3.12.egg-info/dependency_links.txt
[0.567s] -- Installing: /home/alexandra/Robotics/module03/install/action_cleaning_robot/lib/python3.12/site-packages/action_cleaning_robot-0.0.0-py3.12.egg-info/SOURCES.txt
[0.567s] -- Installing: /home/alexandra/Robotics/module03/install/action_cleaning_robot/lib/python3.12/site-packages/action_cleaning_robot-0.0.0-py3.12.egg-info/PKG-INFO
[0.567s] -- Up-to-date: /home/alexandra/Robotics/module03/install/action_cleaning_robot/lib/python3.12/site-packages/action_cleaning_robot
[0.567s] -- Up-to-date: /home/alexandra/Robotics/module03/install/action_cleaning_robot/lib/python3.12/site-packages/action_cleaning_robot/action_cleaning_robot_s__rosidl_typesupport_introspection_c.so
[0.568s] -- Up-to-date: /home/alexandra/Robotics/module03/install/action_cleaning_robot/lib/python3.12/site-packages/action_cleaning_robot/action_cleaning_robot_s__rosidl_typesupport_c.so
[0.568s] -- Up-to-date: /home/alexandra/Robotics/module03/install/action_cleaning_robot/lib/python3.12/site-packages/action_cleaning_robot/action_cleaning_robot_s__rosidl_typesupport_fastrtps_c.so
[0.568s] -- Up-to-date: /home/alexandra/Robotics/module03/install/action_cleaning_robot/lib/python3.12/site-packages/action_cleaning_robot/_action_cleaning_robot_s.ep.rosidl_typesupport_fastrtps_c.c
[0.568s] -- Up-to-date: /home/alexandra/Robotics/module03/install/action_cleaning_robot/lib/python3.12/site-packages/action_cleaning_robot/_action_cleaning_robot_s.ep.rosidl_typesupport_c.c
[0.568s] -- Up-to-date: /home/alexandra/Robotics/module03/install/action_cleaning_robot/lib/python3.12/site-packages/action_cleaning_robot/_action_cleaning_robot_s.ep.rosidl_typesupport_introspection_c.c
[0.568s] -- Up-to-date: /home/alexandra/Robotics/module03/install/action_cleaning_robot/lib/python3.12/site-packages/action_cleaning_robot/__init__.py
[0.568s] -- Up-to-date: /home/alexandra/Robotics/module03/install/action_cleaning_robot/lib/python3.12/site-packages/action_cleaning_robot/action
[0.568s] -- Up-to-date: /home/alexandra/Robotics/module03/install/action_cleaning_robot/lib/python3.12/site-packages/action_cleaning_robot/action/_cleaning_task_s.c
[0.568s] -- Up-to-date: /home/alexandra/Robotics/module03/install/action_cleaning_robot/lib/python3.12/site-packages/action_cleaning_robot/action/_cleaning_task.py
[0.568s] -- Up-to-date: /home/alexandra/Robotics/module03/install/action_cleaning_robot/lib/python3.12/site-packages/action_cleaning_robot/action/__init__.py
[0.604s] Listing '/home/alexandra/Robotics/module03/install/action_cleaning_robot/lib/python3.12/site-packages/action_cleaning_robot'...
[0.605s] Listing '/home/alexandra/Robotics/module03/install/action_cleaning_robot/lib/python3.12/site-packages/action_cleaning_robot/action'...
[0.611s] -- Up-to-date: /home/alexandra/Robotics/module03/install/action_cleaning_robot/lib/python3.12/site-packages/action_cleaning_robot/action_cleaning_robot_s__rosidl_typesupport_fastrtps_c.so
[0.612s] -- Up-to-date: /home/alexandra/Robotics/module03/install/action_cleaning_robot/lib/python3.12/site-packages/action_cleaning_robot/action_cleaning_robot_s__rosidl_typesupport_introspection_c.so
[0.613s] -- Up-to-date: /home/alexandra/Robotics/module03/install/action_cleaning_robot/lib/python3.12/site-packages/action_cleaning_robot/action_cleaning_robot_s__rosidl_typesupport_c.so
[0.614s] -- Up-to-date: /home/alexandra/Robotics/module03/install/action_cleaning_robot/lib/libaction_cleaning_robot__rosidl_generator_py.so
[0.614s] -- Up-to-date: /home/alexandra/Robotics/module03/install/action_cleaning_robot/share/action_cleaning_robot/action/CleaningTask.idl
[0.615s] -- Up-to-date: /home/alexandra/Robotics/module03/install/action_cleaning_robot/share/action_cleaning_robot/action/CleaningTask.action
[0.615s] -- Installing: /home/alexandra/Robotics/module03/install/action_cleaning_robot/lib/action_cleaning_robot/cleaning_action_server.py
[0.615s] -- Installing: /home/alexandra/Robotics/module03/install/action_cleaning_robot/lib/action_cleaning_robot/cleaning_action_client.py
[0.615s] -- Up-to-date: /home/alexandra/Robotics/module03/install/action_cleaning_robot/share/ament_index/resource_index/package_run_dependencies/action_cleaning_robot
[0.615s] -- Up-to-date: /home/alexandra/Robotics/module03/install/action_cleaning_robot/share/ament_index/resource_index/parent_prefix_path/action_cleaning_robot
[0.616s] -- Up-to-date: /home/alexandra/Robotics/module03/install/action_cleaning_robot/share/action_cleaning_robot/environment/ament_prefix_path.sh
[0.616s] -- Up-to-date: /home/alexandra/Robotics/module03/install/action_cleaning_robot/share/action_cleaning_robot/environment/ament_prefix_path.dsv
[0.616s] -- Up-to-date: /home/alexandra/Robotics/module03/install/action_cleaning_robot/share/action_cleaning_robot/environment/path.sh
[0.616s] -- Up-to-date: /home/alexandra/Robotics/module03/install/action_cleaning_robot/share/action_cleaning_robot/environment/path.dsv
[0.616s] -- Up-to-date: /home/alexandra/Robotics/module03/install/action_cleaning_robot/share/action_cleaning_robot/local_setup.bash
[0.616s] -- Up-to-date: /home/alexandra/Robotics/module03/install/action_cleaning_robot/share/action_cleaning_robot/local_setup.sh
[0.616s] -- Up-to-date: /home/alexandra/Robotics/module03/install/action_cleaning_robot/share/action_cleaning_robot/local_setup.zsh
[0.616s] -- Up-to-date: /home/alexandra/Robotics/module03/install/action_cleaning_robot/share/action_cleaning_robot/local_setup.dsv
[0.616s] -- Installing: /home/alexandra/Robotics/module03/install/action_cleaning_robot/share/action_cleaning_robot/package.dsv
[0.617s] -- Up-to-date: /home/alexandra/Robotics/module03/install/action_cleaning_robot/share/ament_index/resource_index/packages/action_cleaning_robot
[0.618s] -- Up-to-date: /home/alexandra/Robotics/module03/install/action_cleaning_robot/share/action_cleaning_robot/cmake/export_action_cleaning_robot__rosidl_generator_cExport.cmake
[0.618s] -- Up-to-date: /home/alexandra/Robotics/module03/install/action_cleaning_robot/share/action_cleaning_robot/cmake/export_action_cleaning_robot__rosidl_generator_cExport-noconfig.cmake
[0.618s] -- Up-to-date: /home/alexandra/Robotics/module03/install/action_cleaning_robot/share/action_cleaning_robot/cmake/export_action_cleaning_robot__rosidl_typesupport_fastrtps_cExport.cmake
[0.618s] -- Up-to-date: /home/alexandra/Robotics/module03/install/action_cleaning_robot/share/action_cleaning_robot/cmake/export_action_cleaning_robot__rosidl_typesupport_fastrtps_cExport-noconfig.cmake
[0.619s] -- Up-to-date: /home/alexandra/Robotics/module03/install/action_cleaning_robot/share/action_cleaning_robot/cmake/action_cleaning_robot__rosidl_typesupport_introspection_cExport.cmake
[0.619s] -- Up-to-date: /home/alexandra/Robotics/module03/install/action_cleaning_robot/share/action_cleaning_robot/cmake/action_cleaning_robot__rosidl_typesupport_introspection_cExport-noconfig.cmake
[0.619s] -- Up-to-date: /home/alexandra/Robotics/module03/install/action_cleaning_robot/share/action_cleaning_robot/cmake/action_cleaning_robot__rosidl_typesupport_cExport.cmake
[0.619s] -- Up-to-date: /home/alexandra/Robotics/module03/install/action_cleaning_robot/share/action_cleaning_robot/cmake/action_cleaning_robot__rosidl_typesupport_cExport-noconfig.cmake
[0.620s] -- Up-to-date: /home/alexandra/Robotics/module03/install/action_cleaning_robot/share/action_cleaning_robot/cmake/export_action_cleaning_robot__rosidl_generator_cppExport.cmake
[0.620s] -- Up-to-date: /home/alexandra/Robotics/module03/install/action_cleaning_robot/share/action_cleaning_robot/cmake/export_action_cleaning_robot__rosidl_typesupport_fastrtps_cppExport.cmake
[0.620s] -- Up-to-date: /home/alexandra/Robotics/module03/install/action_cleaning_robot/share/action_cleaning_robot/cmake/export_action_cleaning_robot__rosidl_typesupport_fastrtps_cppExport-noconfig.cmake
[0.621s] -- Up-to-date: /home/alexandra/Robotics/module03/install/action_cleaning_robot/share/action_cleaning_robot/cmake/action_cleaning_robot__rosidl_typesupport_introspection_cppExport.cmake
[0.621s] -- Up-to-date: /home/alexandra/Robotics/module03/install/action_cleaning_robot/share/action_cleaning_robot/cmake/action_cleaning_robot__rosidl_typesupport_introspection_cppExport-noconfig.cmake
[0.622s] -- Up-to-date: /home/alexandra/Robotics/module03/install/action_cleaning_robot/share/action_cleaning_robot/cmake/action_cleaning_robot__rosidl_typesupport_cppExport.cmake
[0.622s] -- Up-to-date: /home/alexandra/Robotics/module03/install/action_cleaning_robot/share/action_cleaning_robot/cmake/action_cleaning_robot__rosidl_typesupport_cppExport-noconfig.cmake
[0.622s] -- Up-to-date: /home/alexandra/Robotics/module03/install/action_cleaning_robot/share/action_cleaning_robot/cmake/export_action_cleaning_robot__rosidl_generator_pyExport.cmake
[0.622s] -- Up-to-date: /home/alexandra/Robotics/module03/install/action_cleaning_robot/share/action_cleaning_robot/cmake/export_action_cleaning_robot__rosidl_generator_pyExport-noconfig.cmake
[0.622s] -- Up-to-date: /home/alexandra/Robotics/module03/install/action_cleaning_robot/share/action_cleaning_robot/cmake/rosidl_cmake-extras.cmake
[0.623s] -- Up-to-date: /home/alexandra/Robotics/module03/install/action_cleaning_robot/share/action_cleaning_robot/cmake/ament_cmake_export_dependencies-extras.cmake
[0.623s] -- Up-to-date: /home/alexandra/Robotics/module03/install/action_cleaning_robot/share/action_cleaning_robot/cmake/ament_cmake_export_include_directories-extras.cmake
[0.623s] -- Up-to-date: /home/alexandra/Robotics/module03/install/action_cleaning_robot/share/action_cleaning_robot/cmake/ament_cmake_export_libraries-extras.cmake
[0.623s] -- Up-to-date: /home/alexandra/Robotics/module03/install/action_cleaning_robot/share/action_cleaning_robot/cmake/ament_cmake_export_targets-extras.cmake
[0.623s] -- Up-to-date: /home/alexandra/Robotics/module03/install/action_cleaning_robot/share/action_cleaning_robot/cmake/rosidl_cmake_export_typesupport_targets-extras.cmake
[0.623s] -- Up-to-date: /home/alexandra/Robotics/module03/install/action_cleaning_robot/share/action_cleaning_robot/cmake/rosidl_cmake_export_typesupport_libraries-extras.cmake
[0.623s] -- Up-to-date: /home/alexandra/Robotics/module03/install/action_cleaning_robot/share/action_cleaning_robot/cmake/action_cleaning_robotConfig.cmake
[0.623s] -- Up-to-date: /home/alexandra/Robotics/module03/install/action_cleaning_robot/share/action_cleaning_robot/cmake/action_cleaning_robotConfig-version.cmake
[0.624s] -- Up-to-date: /home/alexandra/Robotics/module03/install/action_cleaning_robot/share/action_cleaning_robot/package.xml
[0.626s] Invoked command in '/home/alexandra/Robotics/module03/build/action_cleaning_robot' returned '0': CMAKE_PREFIX_PATH=${CMAKE_PREFIX_PATH}:/home/alexandra/Robotics/module03/install/move_to_goal:/opt/ros/jazzy /usr/bin/cmake --install /home/alexandra/Robotics/module03/build/action_cleaning_robot
