[0.221s] DEBUG:colcon:Command line arguments: ['/usr/bin/colcon', 'build']
[0.221s] DEBUG:colcon:Parsed command line arguments: Namespace(log_base=None, log_level=None, verb_name='build', build_base='build', install_base='install', merge_install=False, symlink_install=False, test_result_base=None, continue_on_error=False, executor='parallel', parallel_workers=12, event_handlers=None, ignore_user_meta=False, metas=['./colcon.meta'], base_paths=['.'], packages_ignore=None, packages_ignore_regex=None, paths=None, packages_up_to=None, packages_up_to_regex=None, packages_above=None, packages_above_and_dependencies=None, packages_above_depth=None, packages_select_by_dep=None, packages_skip_by_dep=None, packages_skip_up_to=None, packages_select_build_failed=False, packages_skip_build_finished=False, packages_select_test_failures=False, packages_skip_test_passed=False, packages_select=None, packages_skip=None, packages_select_regex=None, packages_skip_regex=None, packages_start=None, packages_end=None, allow_overriding=[], cmake_args=None, cmake_target=None, cmake_target_skip_unavailable=False, cmake_clean_cache=False, cmake_clean_first=False, cmake_force_configure=False, ament_cmake_args=None, catkin_cmake_args=None, catkin_skip_building_tests=False, mixin_files=None, mixin=None, verb_parser=<colcon_mixin.mixin.mixin_argument.MixinArgumentDecorator object at 0x7455ee46e570>, verb_extension=<colcon_core.verb.build.BuildVerb object at 0x7455ee46e2d0>, main=<bound method BuildVerb.main of <colcon_core.verb.build.BuildVerb object at 0x7455ee46e2d0>>, mixin_verb=('build',))
[0.259s] Level 1:colcon.colcon_core.package_discovery:discover_packages(colcon_meta) check parameters
[0.259s] Level 1:colcon.colcon_core.package_discovery:discover_packages(recursive) check parameters
[0.259s] Level 1:colcon.colcon_core.package_discovery:discover_packages(ignore) check parameters
[0.259s] Level 1:colcon.colcon_core.package_discovery:discover_packages(path) check parameters
[0.259s] Level 1:colcon.colcon_core.package_discovery:discover_packages(colcon_meta) discover
[0.259s] Level 1:colcon.colcon_core.package_discovery:discover_packages(recursive) discover
[0.260s] INFO:colcon.colcon_core.package_discovery:Crawling recursively for packages in '/home/alexandra/Robotics/module04/ex02b'
[0.260s] Level 1:colcon.colcon_core.package_identification:_identify(.) by extensions ['ignore', 'ignore_ament_install']
[0.260s] Level 1:colcon.colcon_core.package_identification:_identify(.) by extension 'ignore'
[0.260s] Level 1:colcon.colcon_core.package_identification:_identify(.) by extension 'ignore_ament_install'
[0.260s] Level 1:colcon.colcon_core.package_identification:_identify(.) by extensions ['colcon_pkg']
[0.260s] Level 1:colcon.colcon_core.package_identification:_identify(.) by extension 'colcon_pkg'
[0.260s] Level 1:colcon.colcon_core.package_identification:_identify(.) by extensions ['colcon_meta']
[0.260s] Level 1:colcon.colcon_core.package_identification:_identify(.) by extension 'colcon_meta'
[0.260s] Level 1:colcon.colcon_core.package_identification:_identify(.) by extensions ['ros']
[0.260s] Level 1:colcon.colcon_core.package_identification:_identify(.) by extension 'ros'
[0.283s] Level 1:colcon.colcon_core.package_identification:_identify(.) by extensions ['cmake', 'python']
[0.283s] Level 1:colcon.colcon_core.package_identification:_identify(.) by extension 'cmake'
[0.283s] Level 1:colcon.colcon_core.package_identification:_identify(.) by extension 'python'
[0.283s] Level 1:colcon.colcon_core.package_identification:_identify(.) by extensions ['python_setup_py']
[0.283s] Level 1:colcon.colcon_core.package_identification:_identify(.) by extension 'python_setup_py'
[0.283s] Level 1:colcon.colcon_core.package_identification:_identify(build) by extensions ['ignore', 'ignore_ament_install']
[0.283s] Level 1:colcon.colcon_core.package_identification:_identify(build) by extension 'ignore'
[0.283s] Level 1:colcon.colcon_core.package_identification:_identify(build) ignored
[0.283s] Level 1:colcon.colcon_core.package_identification:_identify(install) by extensions ['ignore', 'ignore_ament_install']
[0.283s] Level 1:colcon.colcon_core.package_identification:_identify(install) by extension 'ignore'
[0.283s] Level 1:colcon.colcon_core.package_identification:_identify(install) ignored
[0.283s] Level 1:colcon.colcon_core.package_identification:_identify(log) by extensions ['ignore', 'ignore_ament_install']
[0.283s] Level 1:colcon.colcon_core.package_identification:_identify(log) by extension 'ignore'
[0.283s] Level 1:colcon.colcon_core.package_identification:_identify(log) ignored
[0.283s] Level 1:colcon.colcon_core.package_identification:_identify(src) by extensions ['ignore', 'ignore_ament_install']
[0.283s] Level 1:colcon.colcon_core.package_identification:_identify(src) by extension 'ignore'
[0.283s] Level 1:colcon.colcon_core.package_identification:_identify(src) by extension 'ignore_ament_install'
[0.284s] Level 1:colcon.colcon_core.package_identification:_identify(src) by extensions ['colcon_pkg']
[0.284s] Level 1:colcon.colcon_core.package_identification:_identify(src) by extension 'colcon_pkg'
[0.284s] Level 1:colcon.colcon_core.package_identification:_identify(src) by extensions ['colcon_meta']
[0.284s] Level 1:colcon.colcon_core.package_identification:_identify(src) by extension 'colcon_meta'
[0.284s] Level 1:colcon.colcon_core.package_identification:_identify(src) by extensions ['ros']
[0.284s] Level 1:colcon.colcon_core.package_identification:_identify(src) by extension 'ros'
[0.284s] Level 1:colcon.colcon_core.package_identification:_identify(src) by extensions ['cmake', 'python']
[0.284s] Level 1:colcon.colcon_core.package_identification:_identify(src) by extension 'cmake'
[0.284s] Level 1:colcon.colcon_core.package_identification:_identify(src) by extension 'python'
[0.284s] Level 1:colcon.colcon_core.package_identification:_identify(src) by extensions ['python_setup_py']
[0.284s] Level 1:colcon.colcon_core.package_identification:_identify(src) by extension 'python_setup_py'
[0.284s] Level 1:colcon.colcon_core.package_identification:_identify(src/turtle_multi_target) by extensions ['ignore', 'ignore_ament_install']
[0.284s] Level 1:colcon.colcon_core.package_identification:_identify(src/turtle_multi_target) by extension 'ignore'
[0.284s] Level 1:colcon.colcon_core.package_identification:_identify(src/turtle_multi_target) by extension 'ignore_ament_install'
[0.284s] Level 1:colcon.colcon_core.package_identification:_identify(src/turtle_multi_target) by extensions ['colcon_pkg']
[0.284s] Level 1:colcon.colcon_core.package_identification:_identify(src/turtle_multi_target) by extension 'colcon_pkg'
[0.284s] Level 1:colcon.colcon_core.package_identification:_identify(src/turtle_multi_target) by extensions ['colcon_meta']
[0.284s] Level 1:colcon.colcon_core.package_identification:_identify(src/turtle_multi_target) by extension 'colcon_meta'
[0.284s] Level 1:colcon.colcon_core.package_identification:_identify(src/turtle_multi_target) by extensions ['ros']
[0.284s] Level 1:colcon.colcon_core.package_identification:_identify(src/turtle_multi_target) by extension 'ros'
[0.286s] DEBUG:colcon.colcon_core.package_identification:Package 'src/turtle_multi_target' with type 'ros.ament_cmake' and name 'turtle_multi_target'
[0.287s] Level 1:colcon.colcon_core.package_discovery:discover_packages(recursive) using defaults
[0.287s] Level 1:colcon.colcon_core.package_discovery:discover_packages(ignore) discover
[0.287s] Level 1:colcon.colcon_core.package_discovery:discover_packages(ignore) using defaults
[0.287s] Level 1:colcon.colcon_core.package_discovery:discover_packages(path) discover
[0.287s] Level 1:colcon.colcon_core.package_discovery:discover_packages(path) using defaults
[0.302s] Level 1:colcon.colcon_core.package_discovery:discover_packages(prefix_path) check parameters
[0.302s] Level 1:colcon.colcon_core.package_discovery:discover_packages(prefix_path) discover
[0.305s] DEBUG:colcon.colcon_installed_package_information.package_discovery:Found 287 installed packages in /opt/ros/jazzy
[0.306s] Level 1:colcon.colcon_core.package_discovery:discover_packages(prefix_path) using defaults
[0.344s] Level 5:colcon.colcon_core.verb:set package 'turtle_multi_target' build argument 'cmake_args' from command line to 'None'
[0.344s] Level 5:colcon.colcon_core.verb:set package 'turtle_multi_target' build argument 'cmake_target' from command line to 'None'
[0.344s] Level 5:colcon.colcon_core.verb:set package 'turtle_multi_target' build argument 'cmake_target_skip_unavailable' from command line to 'False'
[0.344s] Level 5:colcon.colcon_core.verb:set package 'turtle_multi_target' build argument 'cmake_clean_cache' from command line to 'False'
[0.344s] Level 5:colcon.colcon_core.verb:set package 'turtle_multi_target' build argument 'cmake_clean_first' from command line to 'False'
[0.344s] Level 5:colcon.colcon_core.verb:set package 'turtle_multi_target' build argument 'cmake_force_configure' from command line to 'False'
[0.344s] Level 5:colcon.colcon_core.verb:set package 'turtle_multi_target' build argument 'ament_cmake_args' from command line to 'None'
[0.344s] Level 5:colcon.colcon_core.verb:set package 'turtle_multi_target' build argument 'catkin_cmake_args' from command line to 'None'
[0.344s] Level 5:colcon.colcon_core.verb:set package 'turtle_multi_target' build argument 'catkin_skip_building_tests' from command line to 'False'
[0.344s] DEBUG:colcon.colcon_core.verb:Building package 'turtle_multi_target' with the following arguments: {'ament_cmake_args': None, 'build_base': '/home/alexandra/Robotics/module04/ex02b/build/turtle_multi_target', 'catkin_cmake_args': None, 'catkin_skip_building_tests': False, 'cmake_args': None, 'cmake_clean_cache': False, 'cmake_clean_first': False, 'cmake_force_configure': False, 'cmake_target': None, 'cmake_target_skip_unavailable': False, 'install_base': '/home/alexandra/Robotics/module04/ex02b/install/turtle_multi_target', 'merge_install': False, 'path': '/home/alexandra/Robotics/module04/ex02b/src/turtle_multi_target', 'symlink_install': False, 'test_result_base': None}
[0.344s] INFO:colcon.colcon_core.executor:Executing jobs using 'parallel' executor
[0.345s] DEBUG:colcon.colcon_parallel_executor.executor.parallel:run_until_complete
[0.345s] INFO:colcon.colcon_ros.task.ament_cmake.build:Building ROS package in '/home/alexandra/Robotics/module04/ex02b/src/turtle_multi_target' with build type 'ament_cmake'
[0.345s] INFO:colcon.colcon_cmake.task.cmake.build:Building CMake package in '/home/alexandra/Robotics/module04/ex02b/src/turtle_multi_target'
[0.347s] INFO:colcon.colcon_core.plugin_system:Skipping extension 'colcon_core.shell.bat': Not used on non-Windows systems
[0.347s] INFO:colcon.colcon_core.shell:Skip shell extension 'powershell' for command environment: Not usable outside of PowerShell
[0.347s] DEBUG:colcon.colcon_core.shell:Skip shell extension 'dsv' for command environment
[0.356s] DEBUG:colcon.colcon_core.event_handler.log_command:Invoking command in '/home/alexandra/Robotics/module04/ex02b/build/turtle_multi_target': CMAKE_PREFIX_PATH=${CMAKE_PREFIX_PATH}:/opt/ros/jazzy /usr/bin/cmake /home/alexandra/Robotics/module04/ex02b/src/turtle_multi_target -DCMAKE_INSTALL_PREFIX=/home/alexandra/Robotics/module04/ex02b/install/turtle_multi_target
[4.194s] DEBUG:colcon.colcon_core.event_handler.log_command:Invoked command in '/home/alexandra/Robotics/module04/ex02b/build/turtle_multi_target' returned '0': CMAKE_PREFIX_PATH=${CMAKE_PREFIX_PATH}:/opt/ros/jazzy /usr/bin/cmake /home/alexandra/Robotics/module04/ex02b/src/turtle_multi_target -DCMAKE_INSTALL_PREFIX=/home/alexandra/Robotics/module04/ex02b/install/turtle_multi_target
[4.196s] DEBUG:colcon.colcon_core.event_handler.log_command:Invoking command in '/home/alexandra/Robotics/module04/ex02b/build/turtle_multi_target': CMAKE_PREFIX_PATH=${CMAKE_PREFIX_PATH}:/opt/ros/jazzy /usr/bin/cmake --build /home/alexandra/Robotics/module04/ex02b/build/turtle_multi_target -- -j12 -l12
[7.025s] DEBUG:colcon.colcon_core.event_handler.log_command:Invoked command in '/home/alexandra/Robotics/module04/ex02b/build/turtle_multi_target' returned '0': CMAKE_PREFIX_PATH=${CMAKE_PREFIX_PATH}:/opt/ros/jazzy /usr/bin/cmake --build /home/alexandra/Robotics/module04/ex02b/build/turtle_multi_target -- -j12 -l12
[7.038s] DEBUG:colcon.colcon_core.event_handler.log_command:Invoking command in '/home/alexandra/Robotics/module04/ex02b/build/turtle_multi_target': CMAKE_PREFIX_PATH=${CMAKE_PREFIX_PATH}:/opt/ros/jazzy /usr/bin/cmake --install /home/alexandra/Robotics/module04/ex02b/build/turtle_multi_target
[7.135s] Level 1:colcon.colcon_core.environment:create_environment_scripts_only(turtle_multi_target)
[7.135s] DEBUG:colcon.colcon_core.event_handler.log_command:Invoked command in '/home/alexandra/Robotics/module04/ex02b/build/turtle_multi_target' returned '0': CMAKE_PREFIX_PATH=${CMAKE_PREFIX_PATH}:/opt/ros/jazzy /usr/bin/cmake --install /home/alexandra/Robotics/module04/ex02b/build/turtle_multi_target
[7.137s] Level 1:colcon.colcon_core.environment:checking '/home/alexandra/Robotics/module04/ex02b/install/turtle_multi_target' for CMake module files
[7.138s] Level 1:colcon.colcon_core.environment:checking '/home/alexandra/Robotics/module04/ex02b/install/turtle_multi_target' for CMake config files
[7.139s] Level 1:colcon.colcon_core.shell:create_environment_hook('turtle_multi_target', 'cmake_prefix_path')
[7.139s] INFO:colcon.colcon_core.shell:Creating environment hook '/home/alexandra/Robotics/module04/ex02b/install/turtle_multi_target/share/turtle_multi_target/hook/cmake_prefix_path.ps1'
[7.140s] INFO:colcon.colcon_core.shell:Creating environment descriptor '/home/alexandra/Robotics/module04/ex02b/install/turtle_multi_target/share/turtle_multi_target/hook/cmake_prefix_path.dsv'
[7.141s] INFO:colcon.colcon_core.shell:Creating environment hook '/home/alexandra/Robotics/module04/ex02b/install/turtle_multi_target/share/turtle_multi_target/hook/cmake_prefix_path.sh'
[7.142s] Level 1:colcon.colcon_core.environment:checking '/home/alexandra/Robotics/module04/ex02b/install/turtle_multi_target/lib'
[7.142s] Level 1:colcon.colcon_core.shell:create_environment_hook('turtle_multi_target', 'ld_library_path_lib')
[7.143s] INFO:colcon.colcon_core.shell:Creating environment hook '/home/alexandra/Robotics/module04/ex02b/install/turtle_multi_target/share/turtle_multi_target/hook/ld_library_path_lib.ps1'
[7.143s] INFO:colcon.colcon_core.shell:Creating environment descriptor '/home/alexandra/Robotics/module04/ex02b/install/turtle_multi_target/share/turtle_multi_target/hook/ld_library_path_lib.dsv'
[7.143s] INFO:colcon.colcon_core.shell:Creating environment hook '/home/alexandra/Robotics/module04/ex02b/install/turtle_multi_target/share/turtle_multi_target/hook/ld_library_path_lib.sh'
[7.143s] Level 1:colcon.colcon_core.environment:checking '/home/alexandra/Robotics/module04/ex02b/install/turtle_multi_target/bin'
[7.143s] Level 1:colcon.colcon_core.environment:checking '/home/alexandra/Robotics/module04/ex02b/install/turtle_multi_target/lib/pkgconfig/turtle_multi_target.pc'
[7.144s] Level 1:colcon.colcon_core.environment:checking '/home/alexandra/Robotics/module04/ex02b/install/turtle_multi_target/lib/python3.12/site-packages'
[7.144s] Level 1:colcon.colcon_core.shell:create_environment_hook('turtle_multi_target', 'pythonpath')
[7.144s] INFO:colcon.colcon_core.shell:Creating environment hook '/home/alexandra/Robotics/module04/ex02b/install/turtle_multi_target/share/turtle_multi_target/hook/pythonpath.ps1'
[7.144s] INFO:colcon.colcon_core.shell:Creating environment descriptor '/home/alexandra/Robotics/module04/ex02b/install/turtle_multi_target/share/turtle_multi_target/hook/pythonpath.dsv'
[7.144s] INFO:colcon.colcon_core.shell:Creating environment hook '/home/alexandra/Robotics/module04/ex02b/install/turtle_multi_target/share/turtle_multi_target/hook/pythonpath.sh'
[7.145s] Level 1:colcon.colcon_core.environment:checking '/home/alexandra/Robotics/module04/ex02b/install/turtle_multi_target/bin'
[7.145s] INFO:colcon.colcon_core.shell:Creating package script '/home/alexandra/Robotics/module04/ex02b/install/turtle_multi_target/share/turtle_multi_target/package.ps1'
[7.146s] INFO:colcon.colcon_core.shell:Creating package descriptor '/home/alexandra/Robotics/module04/ex02b/install/turtle_multi_target/share/turtle_multi_target/package.dsv'
[7.146s] INFO:colcon.colcon_core.shell:Creating package script '/home/alexandra/Robotics/module04/ex02b/install/turtle_multi_target/share/turtle_multi_target/package.sh'
[7.147s] INFO:colcon.colcon_core.shell:Creating package script '/home/alexandra/Robotics/module04/ex02b/install/turtle_multi_target/share/turtle_multi_target/package.bash'
[7.147s] INFO:colcon.colcon_core.shell:Creating package script '/home/alexandra/Robotics/module04/ex02b/install/turtle_multi_target/share/turtle_multi_target/package.zsh'
[7.148s] Level 1:colcon.colcon_core.environment:create_file_with_runtime_dependencies(/home/alexandra/Robotics/module04/ex02b/install/turtle_multi_target/share/colcon-core/packages/turtle_multi_target)
[7.149s] Level 1:colcon.colcon_core.environment:create_environment_scripts_only(turtle_multi_target)
[7.149s] Level 1:colcon.colcon_core.environment:checking '/home/alexandra/Robotics/module04/ex02b/install/turtle_multi_target' for CMake module files
[7.149s] Level 1:colcon.colcon_core.environment:checking '/home/alexandra/Robotics/module04/ex02b/install/turtle_multi_target' for CMake config files
[7.150s] Level 1:colcon.colcon_core.shell:create_environment_hook('turtle_multi_target', 'cmake_prefix_path')
[7.150s] INFO:colcon.colcon_core.shell:Creating environment hook '/home/alexandra/Robotics/module04/ex02b/install/turtle_multi_target/share/turtle_multi_target/hook/cmake_prefix_path.ps1'
[7.150s] INFO:colcon.colcon_core.shell:Creating environment descriptor '/home/alexandra/Robotics/module04/ex02b/install/turtle_multi_target/share/turtle_multi_target/hook/cmake_prefix_path.dsv'
[7.151s] INFO:colcon.colcon_core.shell:Creating environment hook '/home/alexandra/Robotics/module04/ex02b/install/turtle_multi_target/share/turtle_multi_target/hook/cmake_prefix_path.sh'
[7.151s] Level 1:colcon.colcon_core.environment:checking '/home/alexandra/Robotics/module04/ex02b/install/turtle_multi_target/lib'
[7.151s] Level 1:colcon.colcon_core.shell:create_environment_hook('turtle_multi_target', 'ld_library_path_lib')
[7.151s] INFO:colcon.colcon_core.shell:Creating environment hook '/home/alexandra/Robotics/module04/ex02b/install/turtle_multi_target/share/turtle_multi_target/hook/ld_library_path_lib.ps1'
[7.152s] INFO:colcon.colcon_core.shell:Creating environment descriptor '/home/alexandra/Robotics/module04/ex02b/install/turtle_multi_target/share/turtle_multi_target/hook/ld_library_path_lib.dsv'
[7.152s] INFO:colcon.colcon_core.shell:Creating environment hook '/home/alexandra/Robotics/module04/ex02b/install/turtle_multi_target/share/turtle_multi_target/hook/ld_library_path_lib.sh'
[7.152s] Level 1:colcon.colcon_core.environment:checking '/home/alexandra/Robotics/module04/ex02b/install/turtle_multi_target/bin'
[7.153s] Level 1:colcon.colcon_core.environment:checking '/home/alexandra/Robotics/module04/ex02b/install/turtle_multi_target/lib/pkgconfig/turtle_multi_target.pc'
[7.153s] Level 1:colcon.colcon_core.environment:checking '/home/alexandra/Robotics/module04/ex02b/install/turtle_multi_target/lib/python3.12/site-packages'
[7.153s] Level 1:colcon.colcon_core.shell:create_environment_hook('turtle_multi_target', 'pythonpath')
[7.153s] INFO:colcon.colcon_core.shell:Creating environment hook '/home/alexandra/Robotics/module04/ex02b/install/turtle_multi_target/share/turtle_multi_target/hook/pythonpath.ps1'
[7.153s] INFO:colcon.colcon_core.shell:Creating environment descriptor '/home/alexandra/Robotics/module04/ex02b/install/turtle_multi_target/share/turtle_multi_target/hook/pythonpath.dsv'
[7.154s] INFO:colcon.colcon_core.shell:Creating environment hook '/home/alexandra/Robotics/module04/ex02b/install/turtle_multi_target/share/turtle_multi_target/hook/pythonpath.sh'
[7.154s] Level 1:colcon.colcon_core.environment:checking '/home/alexandra/Robotics/module04/ex02b/install/turtle_multi_target/bin'
[7.154s] INFO:colcon.colcon_core.shell:Creating package script '/home/alexandra/Robotics/module04/ex02b/install/turtle_multi_target/share/turtle_multi_target/package.ps1'
[7.155s] INFO:colcon.colcon_core.shell:Creating package descriptor '/home/alexandra/Robotics/module04/ex02b/install/turtle_multi_target/share/turtle_multi_target/package.dsv'
[7.155s] INFO:colcon.colcon_core.shell:Creating package script '/home/alexandra/Robotics/module04/ex02b/install/turtle_multi_target/share/turtle_multi_target/package.sh'
[7.156s] INFO:colcon.colcon_core.shell:Creating package script '/home/alexandra/Robotics/module04/ex02b/install/turtle_multi_target/share/turtle_multi_target/package.bash'
[7.156s] INFO:colcon.colcon_core.shell:Creating package script '/home/alexandra/Robotics/module04/ex02b/install/turtle_multi_target/share/turtle_multi_target/package.zsh'
[7.157s] Level 1:colcon.colcon_core.environment:create_file_with_runtime_dependencies(/home/alexandra/Robotics/module04/ex02b/install/turtle_multi_target/share/colcon-core/packages/turtle_multi_target)
[7.157s] DEBUG:colcon.colcon_parallel_executor.executor.parallel:closing loop
[7.157s] DEBUG:colcon.colcon_parallel_executor.executor.parallel:loop closed
[7.158s] DEBUG:colcon.colcon_parallel_executor.executor.parallel:run_until_complete finished with '0'
[7.158s] DEBUG:colcon.colcon_core.event_reactor:joining thread
[7.163s] INFO:colcon.colcon_core.plugin_system:Skipping extension 'colcon_notification.desktop_notification.terminal_notifier': Not used on non-Darwin systems
[7.163s] INFO:colcon.colcon_core.plugin_system:Skipping extension 'colcon_notification.desktop_notification.win32': Not used on non-Windows systems
[7.163s] INFO:colcon.colcon_notification.desktop_notification:Sending desktop notification using 'notify2'
[7.165s] DEBUG:colcon.colcon_notification.desktop_notification.notify2:Failed to initialize notify2: org.freedesktop.DBus.Error.ServiceUnknown: The name org.freedesktop.Notifications was not provided by any .service files
[7.165s] DEBUG:colcon.colcon_core.event_reactor:joined thread
[7.165s] INFO:colcon.colcon_core.shell:Creating prefix script '/home/alexandra/Robotics/module04/ex02b/install/local_setup.ps1'
[7.166s] INFO:colcon.colcon_core.shell:Creating prefix util module '/home/alexandra/Robotics/module04/ex02b/install/_local_setup_util_ps1.py'
[7.168s] INFO:colcon.colcon_core.shell:Creating prefix chain script '/home/alexandra/Robotics/module04/ex02b/install/setup.ps1'
[7.169s] INFO:colcon.colcon_core.shell:Creating prefix script '/home/alexandra/Robotics/module04/ex02b/install/local_setup.sh'
[7.169s] INFO:colcon.colcon_core.shell:Creating prefix util module '/home/alexandra/Robotics/module04/ex02b/install/_local_setup_util_sh.py'
[7.170s] INFO:colcon.colcon_core.shell:Creating prefix chain script '/home/alexandra/Robotics/module04/ex02b/install/setup.sh'
[7.170s] INFO:colcon.colcon_core.shell:Creating prefix script '/home/alexandra/Robotics/module04/ex02b/install/local_setup.bash'
[7.171s] INFO:colcon.colcon_core.shell:Creating prefix chain script '/home/alexandra/Robotics/module04/ex02b/install/setup.bash'
[7.171s] INFO:colcon.colcon_core.shell:Creating prefix script '/home/alexandra/Robotics/module04/ex02b/install/local_setup.zsh'
[7.172s] INFO:colcon.colcon_core.shell:Creating prefix chain script '/home/alexandra/Robotics/module04/ex02b/install/setup.zsh'
