-- The C compiler identification is GNU 13.3.0
-- The CXX compiler identification is GNU 13.3.0
-- Detecting C compiler ABI info
-- Detecting C compiler ABI info - done
-- Check for working C compiler: /usr/bin/cc - skipped
-- Detecting C compile features
-- Detecting C compile features - done
-- Detecting CXX compiler ABI info
-- Detecting CXX compiler ABI info - done
-- Check for working CXX compiler: /usr/bin/c++ - skipped
-- Detecting CXX compile features
-- Detecting CXX compile features - done
-- Found ament_cmake: 2.5.4 (/opt/ros/jazzy/share/ament_cmake/cmake)
-- Found Python3: /usr/bin/python3 (found version "3.12.3") found components: Interpreter 
-- Found rosidl_default_generators: 1.6.0 (/opt/ros/jazzy/share/rosidl_default_generators/cmake)
-- Using all available rosidl_typesupport_c: rosidl_typesupport_fastrtps_c;rosidl_typesupport_introspection_c
-- Using all available rosidl_typesupport_cpp: rosidl_typesupport_fastrtps_cpp;rosidl_typesupport_introspection_cpp
-- Found rosidl_adapter: 4.6.6 (/opt/ros/jazzy/share/rosidl_adapter/cmake)
-- Found std_msgs: 5.3.6 (/opt/ros/jazzy/share/std_msgs/cmake)
-- Found ament_cmake_ros: 0.12.0 (/opt/ros/jazzy/share/ament_cmake_ros/cmake)
-- Using all available rosidl_typesupport_c: rosidl_typesupport_fastrtps_c;rosidl_typesupport_introspection_c
-- Using all available rosidl_typesupport_cpp: rosidl_typesupport_fastrtps_cpp;rosidl_typesupport_introspection_cpp
-- Found python_cmake_module: 0.11.1 (/opt/ros/jazzy/share/python_cmake_module/cmake)
-- Found PythonExtra: /usr/bin/python3  
-- Found Python3: /usr/bin/python3 (found version "3.12.3") found components: Interpreter Development NumPy Development.Module Development.Embed 
-- Configuring done (4.9s)
-- Generating done (0.1s)
-- Build files have been written to: /home/alexandra/Robotics/module03/build/tutorial_interfaces
[  2%] [34m[1mGenerating type hashes for ROS interfaces[0m
[  2%] Built target ament_cmake_python_copy_tutorial_interfaces
[  2%] Built target tutorial_interfaces__rosidl_generator_type_description
[  5%] [34m[1mGenerating C code for ROS interfaces[0m
[  8%] [34m[1mGenerating C++ code for ROS interfaces[0m
running egg_info
creating tutorial_interfaces.egg-info
writing tutorial_interfaces.egg-info/PKG-INFO
writing dependency_links to tutorial_interfaces.egg-info/dependency_links.txt
writing top-level names to tutorial_interfaces.egg-info/top_level.txt
writing manifest file 'tutorial_interfaces.egg-info/SOURCES.txt'
reading manifest file 'tutorial_interfaces.egg-info/SOURCES.txt'
writing manifest file 'tutorial_interfaces.egg-info/SOURCES.txt'
[  8%] Built target ament_cmake_python_build_tutorial_interfaces_egg
[ 14%] [32mBuilding C object CMakeFiles/tutorial_interfaces__rosidl_generator_c.dir/rosidl_generator_c/tutorial_interfaces/srv/detail/summ_full_name__type_support.c.o[0m
[ 14%] [32mBuilding C object CMakeFiles/tutorial_interfaces__rosidl_generator_c.dir/rosidl_generator_c/tutorial_interfaces/srv/detail/summ_full_name__description.c.o[0m
[ 17%] [32mBuilding C object CMakeFiles/tutorial_interfaces__rosidl_generator_c.dir/rosidl_generator_c/tutorial_interfaces/srv/detail/summ_full_name__functions.c.o[0m
[ 17%] Built target tutorial_interfaces__cpp
[ 20%] [32m[1mLinking C shared library libtutorial_interfaces__rosidl_generator_c.so[0m
[ 20%] Built target tutorial_interfaces__rosidl_generator_c
[ 38%] [34m[1mGenerating C type support for eProsima Fast-RTPS[0m
[ 38%] [34m[1mGenerating C++ type support dispatch for ROS interfaces[0m
[ 38%] [34m[1mGenerating C introspection for ROS interfaces[0m
[ 38%] [34m[1mGenerating C++ introspection for ROS interfaces[0m
[ 38%] [34m[1mGenerating C type support dispatch for ROS interfaces[0m
[ 38%] [34m[1mGenerating C++ type support for eProsima Fast-RTPS[0m
[ 41%] [32mBuilding CXX object CMakeFiles/tutorial_interfaces__rosidl_typesupport_c.dir/rosidl_typesupport_c/tutorial_interfaces/srv/summ_full_name__type_support.cpp.o[0m
[ 44%] [32mBuilding CXX object CMakeFiles/tutorial_interfaces__rosidl_typesupport_cpp.dir/rosidl_typesupport_cpp/tutorial_interfaces/srv/summ_full_name__type_support.cpp.o[0m
[ 47%] [32mBuilding C object CMakeFiles/tutorial_interfaces__rosidl_typesupport_introspection_c.dir/rosidl_typesupport_introspection_c/tutorial_interfaces/srv/detail/summ_full_name__type_support.c.o[0m
[ 50%] [32mBuilding CXX object CMakeFiles/tutorial_interfaces__rosidl_typesupport_introspection_cpp.dir/rosidl_typesupport_introspection_cpp/tutorial_interfaces/srv/detail/summ_full_name__type_support.cpp.o[0m
[ 52%] [32m[1mLinking CXX shared library libtutorial_interfaces__rosidl_typesupport_c.so[0m
[ 55%] [32mBuilding CXX object CMakeFiles/tutorial_interfaces__rosidl_typesupport_fastrtps_cpp.dir/rosidl_typesupport_fastrtps_cpp/tutorial_interfaces/srv/detail/dds_fastrtps/summ_full_name__type_support.cpp.o[0m
[ 58%] [32m[1mLinking C shared library libtutorial_interfaces__rosidl_typesupport_introspection_c.so[0m
[ 61%] [32mBuilding CXX object CMakeFiles/tutorial_interfaces__rosidl_typesupport_fastrtps_c.dir/rosidl_typesupport_fastrtps_c/tutorial_interfaces/srv/detail/summ_full_name__type_support_c.cpp.o[0m
[ 61%] Built target tutorial_interfaces__rosidl_typesupport_introspection_c
[ 61%] Built target tutorial_interfaces__rosidl_typesupport_c
[ 64%] [32m[1mLinking CXX shared library libtutorial_interfaces__rosidl_typesupport_cpp.so[0m
[ 67%] [32m[1mLinking CXX shared library libtutorial_interfaces__rosidl_typesupport_introspection_cpp.so[0m
[ 70%] [32m[1mLinking CXX shared library libtutorial_interfaces__rosidl_typesupport_fastrtps_c.so[0m
[ 70%] Built target tutorial_interfaces__rosidl_typesupport_cpp
[ 70%] Built target tutorial_interfaces__rosidl_typesupport_introspection_cpp
[ 73%] [32m[1mLinking CXX shared library libtutorial_interfaces__rosidl_typesupport_fastrtps_cpp.so[0m
[ 73%] Built target tutorial_interfaces__rosidl_typesupport_fastrtps_c
[ 73%] Built target tutorial_interfaces__rosidl_typesupport_fastrtps_cpp
[ 73%] Built target tutorial_interfaces
[ 76%] [34m[1mGenerating Python code for ROS interfaces[0m
[ 76%] Built target tutorial_interfaces__py
[ 79%] [32mBuilding C object CMakeFiles/tutorial_interfaces__rosidl_generator_py.dir/rosidl_generator_py/tutorial_interfaces/srv/_summ_full_name_s.c.o[0m
[ 82%] [32m[1mLinking C shared library libtutorial_interfaces__rosidl_generator_py.so[0m
[ 82%] Built target tutorial_interfaces__rosidl_generator_py
[ 91%] [32mBuilding C object CMakeFiles/tutorial_interfaces_s__rosidl_typesupport_fastrtps_c.dir/rosidl_generator_py/tutorial_interfaces/_tutorial_interfaces_s.ep.rosidl_typesupport_fastrtps_c.c.o[0m
[ 91%] [32mBuilding C object CMakeFiles/tutorial_interfaces_s__rosidl_typesupport_introspection_c.dir/rosidl_generator_py/tutorial_interfaces/_tutorial_interfaces_s.ep.rosidl_typesupport_introspection_c.c.o[0m
[ 91%] [32mBuilding C object CMakeFiles/tutorial_interfaces_s__rosidl_typesupport_c.dir/rosidl_generator_py/tutorial_interfaces/_tutorial_interfaces_s.ep.rosidl_typesupport_c.c.o[0m
[ 97%] [32m[1mLinking C shared module rosidl_generator_py/tutorial_interfaces/tutorial_interfaces_s__rosidl_typesupport_c.so[0m
[ 97%] [32m[1mLinking C shared module rosidl_generator_py/tutorial_interfaces/tutorial_interfaces_s__rosidl_typesupport_introspection_c.so[0m
[100%] [32m[1mLinking C shared module rosidl_generator_py/tutorial_interfaces/tutorial_interfaces_s__rosidl_typesupport_fastrtps_c.so[0m
[100%] Built target tutorial_interfaces_s__rosidl_typesupport_c
[100%] Built target tutorial_interfaces_s__rosidl_typesupport_introspection_c
[100%] Built target tutorial_interfaces_s__rosidl_typesupport_fastrtps_c
-- Install configuration: ""
-- Installing: /home/alexandra/Robotics/module03/install/tutorial_interfaces/share/ament_index/resource_index/rosidl_interfaces/tutorial_interfaces
-- Installing: /home/alexandra/Robotics/module03/install/tutorial_interfaces/share/tutorial_interfaces/srv/SummFullName.json
-- Installing: /home/alexandra/Robotics/module03/install/tutorial_interfaces/include/tutorial_interfaces/tutorial_interfaces
-- Installing: /home/alexandra/Robotics/module03/install/tutorial_interfaces/include/tutorial_interfaces/tutorial_interfaces/srv
-- Installing: /home/alexandra/Robotics/module03/install/tutorial_interfaces/include/tutorial_interfaces/tutorial_interfaces/srv/summ_full_name.h
-- Installing: /home/alexandra/Robotics/module03/install/tutorial_interfaces/include/tutorial_interfaces/tutorial_interfaces/srv/detail
-- Installing: /home/alexandra/Robotics/module03/install/tutorial_interfaces/include/tutorial_interfaces/tutorial_interfaces/srv/detail/summ_full_name__type_support.h
-- Installing: /home/alexandra/Robotics/module03/install/tutorial_interfaces/include/tutorial_interfaces/tutorial_interfaces/srv/detail/summ_full_name__struct.h
-- Installing: /home/alexandra/Robotics/module03/install/tutorial_interfaces/include/tutorial_interfaces/tutorial_interfaces/srv/detail/summ_full_name__description.c
-- Installing: /home/alexandra/Robotics/module03/install/tutorial_interfaces/include/tutorial_interfaces/tutorial_interfaces/srv/detail/summ_full_name__type_support.c
-- Installing: /home/alexandra/Robotics/module03/install/tutorial_interfaces/include/tutorial_interfaces/tutorial_interfaces/srv/detail/summ_full_name__functions.c
-- Installing: /home/alexandra/Robotics/module03/install/tutorial_interfaces/include/tutorial_interfaces/tutorial_interfaces/srv/detail/summ_full_name__functions.h
-- Installing: /home/alexandra/Robotics/module03/install/tutorial_interfaces/include/tutorial_interfaces/tutorial_interfaces/msg
-- Installing: /home/alexandra/Robotics/module03/install/tutorial_interfaces/include/tutorial_interfaces/tutorial_interfaces/msg/rosidl_generator_c__visibility_control.h
-- Installing: /home/alexandra/Robotics/module03/install/tutorial_interfaces/share/tutorial_interfaces/environment/library_path.sh
-- Installing: /home/alexandra/Robotics/module03/install/tutorial_interfaces/share/tutorial_interfaces/environment/library_path.dsv
-- Installing: /home/alexandra/Robotics/module03/install/tutorial_interfaces/lib/libtutorial_interfaces__rosidl_generator_c.so
-- Set non-toolchain portion of runtime path of "/home/alexandra/Robotics/module03/install/tutorial_interfaces/lib/libtutorial_interfaces__rosidl_generator_c.so" to ""
-- Up-to-date: /home/alexandra/Robotics/module03/install/tutorial_interfaces/include/tutorial_interfaces/tutorial_interfaces
-- Up-to-date: /home/alexandra/Robotics/module03/install/tutorial_interfaces/include/tutorial_interfaces/tutorial_interfaces/srv
-- Up-to-date: /home/alexandra/Robotics/module03/install/tutorial_interfaces/include/tutorial_interfaces/tutorial_interfaces/srv/detail
-- Installing: /home/alexandra/Robotics/module03/install/tutorial_interfaces/include/tutorial_interfaces/tutorial_interfaces/srv/detail/summ_full_name__rosidl_typesupport_fastrtps_c.h
-- Up-to-date: /home/alexandra/Robotics/module03/install/tutorial_interfaces/include/tutorial_interfaces/tutorial_interfaces/msg
-- Installing: /home/alexandra/Robotics/module03/install/tutorial_interfaces/include/tutorial_interfaces/tutorial_interfaces/msg/rosidl_typesupport_fastrtps_c__visibility_control.h
-- Installing: /home/alexandra/Robotics/module03/install/tutorial_interfaces/lib/libtutorial_interfaces__rosidl_typesupport_fastrtps_c.so
-- Set non-toolchain portion of runtime path of "/home/alexandra/Robotics/module03/install/tutorial_interfaces/lib/libtutorial_interfaces__rosidl_typesupport_fastrtps_c.so" to ""
-- Up-to-date: /home/alexandra/Robotics/module03/install/tutorial_interfaces/include/tutorial_interfaces/tutorial_interfaces
-- Up-to-date: /home/alexandra/Robotics/module03/install/tutorial_interfaces/include/tutorial_interfaces/tutorial_interfaces/srv
-- Up-to-date: /home/alexandra/Robotics/module03/install/tutorial_interfaces/include/tutorial_interfaces/tutorial_interfaces/srv/detail
-- Installing: /home/alexandra/Robotics/module03/install/tutorial_interfaces/include/tutorial_interfaces/tutorial_interfaces/srv/detail/summ_full_name__rosidl_typesupport_introspection_c.h
-- Installing: /home/alexandra/Robotics/module03/install/tutorial_interfaces/include/tutorial_interfaces/tutorial_interfaces/srv/detail/summ_full_name__type_support.c
-- Up-to-date: /home/alexandra/Robotics/module03/install/tutorial_interfaces/include/tutorial_interfaces/tutorial_interfaces/msg
-- Installing: /home/alexandra/Robotics/module03/install/tutorial_interfaces/include/tutorial_interfaces/tutorial_interfaces/msg/rosidl_typesupport_introspection_c__visibility_control.h
-- Installing: /home/alexandra/Robotics/module03/install/tutorial_interfaces/lib/libtutorial_interfaces__rosidl_typesupport_introspection_c.so
-- Set non-toolchain portion of runtime path of "/home/alexandra/Robotics/module03/install/tutorial_interfaces/lib/libtutorial_interfaces__rosidl_typesupport_introspection_c.so" to ""
-- Installing: /home/alexandra/Robotics/module03/install/tutorial_interfaces/lib/libtutorial_interfaces__rosidl_typesupport_c.so
-- Set non-toolchain portion of runtime path of "/home/alexandra/Robotics/module03/install/tutorial_interfaces/lib/libtutorial_interfaces__rosidl_typesupport_c.so" to ""
-- Up-to-date: /home/alexandra/Robotics/module03/install/tutorial_interfaces/include/tutorial_interfaces/tutorial_interfaces
-- Up-to-date: /home/alexandra/Robotics/module03/install/tutorial_interfaces/include/tutorial_interfaces/tutorial_interfaces/srv
-- Installing: /home/alexandra/Robotics/module03/install/tutorial_interfaces/include/tutorial_interfaces/tutorial_interfaces/srv/summ_full_name.hpp
-- Up-to-date: /home/alexandra/Robotics/module03/install/tutorial_interfaces/include/tutorial_interfaces/tutorial_interfaces/srv/detail
-- Installing: /home/alexandra/Robotics/module03/install/tutorial_interfaces/include/tutorial_interfaces/tutorial_interfaces/srv/detail/summ_full_name__type_support.hpp
-- Installing: /home/alexandra/Robotics/module03/install/tutorial_interfaces/include/tutorial_interfaces/tutorial_interfaces/srv/detail/summ_full_name__traits.hpp
-- Installing: /home/alexandra/Robotics/module03/install/tutorial_interfaces/include/tutorial_interfaces/tutorial_interfaces/srv/detail/summ_full_name__struct.hpp
-- Installing: /home/alexandra/Robotics/module03/install/tutorial_interfaces/include/tutorial_interfaces/tutorial_interfaces/srv/detail/summ_full_name__builder.hpp
-- Up-to-date: /home/alexandra/Robotics/module03/install/tutorial_interfaces/include/tutorial_interfaces/tutorial_interfaces/msg
-- Installing: /home/alexandra/Robotics/module03/install/tutorial_interfaces/include/tutorial_interfaces/tutorial_interfaces/msg/rosidl_generator_cpp__visibility_control.hpp
-- Up-to-date: /home/alexandra/Robotics/module03/install/tutorial_interfaces/include/tutorial_interfaces/tutorial_interfaces
-- Up-to-date: /home/alexandra/Robotics/module03/install/tutorial_interfaces/include/tutorial_interfaces/tutorial_interfaces/srv
-- Up-to-date: /home/alexandra/Robotics/module03/install/tutorial_interfaces/include/tutorial_interfaces/tutorial_interfaces/srv/detail
-- Installing: /home/alexandra/Robotics/module03/install/tutorial_interfaces/include/tutorial_interfaces/tutorial_interfaces/srv/detail/dds_fastrtps
-- Installing: /home/alexandra/Robotics/module03/install/tutorial_interfaces/include/tutorial_interfaces/tutorial_interfaces/srv/detail/summ_full_name__rosidl_typesupport_fastrtps_cpp.hpp
-- Up-to-date: /home/alexandra/Robotics/module03/install/tutorial_interfaces/include/tutorial_interfaces/tutorial_interfaces/msg
-- Installing: /home/alexandra/Robotics/module03/install/tutorial_interfaces/include/tutorial_interfaces/tutorial_interfaces/msg/rosidl_typesupport_fastrtps_cpp__visibility_control.h
-- Installing: /home/alexandra/Robotics/module03/install/tutorial_interfaces/lib/libtutorial_interfaces__rosidl_typesupport_fastrtps_cpp.so
-- Set non-toolchain portion of runtime path of "/home/alexandra/Robotics/module03/install/tutorial_interfaces/lib/libtutorial_interfaces__rosidl_typesupport_fastrtps_cpp.so" to ""
-- Up-to-date: /home/alexandra/Robotics/module03/install/tutorial_interfaces/include/tutorial_interfaces/tutorial_interfaces
-- Up-to-date: /home/alexandra/Robotics/module03/install/tutorial_interfaces/include/tutorial_interfaces/tutorial_interfaces/srv
-- Up-to-date: /home/alexandra/Robotics/module03/install/tutorial_interfaces/include/tutorial_interfaces/tutorial_interfaces/srv/detail
-- Installing: /home/alexandra/Robotics/module03/install/tutorial_interfaces/include/tutorial_interfaces/tutorial_interfaces/srv/detail/summ_full_name__rosidl_typesupport_introspection_cpp.hpp
-- Installing: /home/alexandra/Robotics/module03/install/tutorial_interfaces/include/tutorial_interfaces/tutorial_interfaces/srv/detail/summ_full_name__type_support.cpp
-- Installing: /home/alexandra/Robotics/module03/install/tutorial_interfaces/lib/libtutorial_interfaces__rosidl_typesupport_introspection_cpp.so
-- Set non-toolchain portion of runtime path of "/home/alexandra/Robotics/module03/install/tutorial_interfaces/lib/libtutorial_interfaces__rosidl_typesupport_introspection_cpp.so" to ""
-- Installing: /home/alexandra/Robotics/module03/install/tutorial_interfaces/lib/libtutorial_interfaces__rosidl_typesupport_cpp.so
-- Set non-toolchain portion of runtime path of "/home/alexandra/Robotics/module03/install/tutorial_interfaces/lib/libtutorial_interfaces__rosidl_typesupport_cpp.so" to ""
-- Installing: /home/alexandra/Robotics/module03/install/tutorial_interfaces/share/tutorial_interfaces/environment/pythonpath.sh
-- Installing: /home/alexandra/Robotics/module03/install/tutorial_interfaces/share/tutorial_interfaces/environment/pythonpath.dsv
-- Installing: /home/alexandra/Robotics/module03/install/tutorial_interfaces/lib/python3.12/site-packages/tutorial_interfaces-0.0.0-py3.12.egg-info
-- Installing: /home/alexandra/Robotics/module03/install/tutorial_interfaces/lib/python3.12/site-packages/tutorial_interfaces-0.0.0-py3.12.egg-info/top_level.txt
-- Installing: /home/alexandra/Robotics/module03/install/tutorial_interfaces/lib/python3.12/site-packages/tutorial_interfaces-0.0.0-py3.12.egg-info/dependency_links.txt
-- Installing: /home/alexandra/Robotics/module03/install/tutorial_interfaces/lib/python3.12/site-packages/tutorial_interfaces-0.0.0-py3.12.egg-info/SOURCES.txt
-- Installing: /home/alexandra/Robotics/module03/install/tutorial_interfaces/lib/python3.12/site-packages/tutorial_interfaces-0.0.0-py3.12.egg-info/PKG-INFO
-- Installing: /home/alexandra/Robotics/module03/install/tutorial_interfaces/lib/python3.12/site-packages/tutorial_interfaces
-- Installing: /home/alexandra/Robotics/module03/install/tutorial_interfaces/lib/python3.12/site-packages/tutorial_interfaces/tutorial_interfaces_s__rosidl_typesupport_fastrtps_c.so
-- Installing: /home/alexandra/Robotics/module03/install/tutorial_interfaces/lib/python3.12/site-packages/tutorial_interfaces/_tutorial_interfaces_s.ep.rosidl_typesupport_fastrtps_c.c
-- Installing: /home/alexandra/Robotics/module03/install/tutorial_interfaces/lib/python3.12/site-packages/tutorial_interfaces/_tutorial_interfaces_s.ep.rosidl_typesupport_c.c
-- Installing: /home/alexandra/Robotics/module03/install/tutorial_interfaces/lib/python3.12/site-packages/tutorial_interfaces/srv
-- Installing: /home/alexandra/Robotics/module03/install/tutorial_interfaces/lib/python3.12/site-packages/tutorial_interfaces/srv/__init__.py
-- Installing: /home/alexandra/Robotics/module03/install/tutorial_interfaces/lib/python3.12/site-packages/tutorial_interfaces/srv/_summ_full_name.py
-- Installing: /home/alexandra/Robotics/module03/install/tutorial_interfaces/lib/python3.12/site-packages/tutorial_interfaces/srv/_summ_full_name_s.c
-- Installing: /home/alexandra/Robotics/module03/install/tutorial_interfaces/lib/python3.12/site-packages/tutorial_interfaces/tutorial_interfaces_s__rosidl_typesupport_introspection_c.so
-- Installing: /home/alexandra/Robotics/module03/install/tutorial_interfaces/lib/python3.12/site-packages/tutorial_interfaces/_tutorial_interfaces_s.ep.rosidl_typesupport_introspection_c.c
-- Installing: /home/alexandra/Robotics/module03/install/tutorial_interfaces/lib/python3.12/site-packages/tutorial_interfaces/tutorial_interfaces_s__rosidl_typesupport_c.so
-- Installing: /home/alexandra/Robotics/module03/install/tutorial_interfaces/lib/python3.12/site-packages/tutorial_interfaces/__init__.py
Listing '/home/alexandra/Robotics/module03/install/tutorial_interfaces/lib/python3.12/site-packages/tutorial_interfaces'...
Compiling '/home/alexandra/Robotics/module03/install/tutorial_interfaces/lib/python3.12/site-packages/tutorial_interfaces/__init__.py'...
Listing '/home/alexandra/Robotics/module03/install/tutorial_interfaces/lib/python3.12/site-packages/tutorial_interfaces/srv'...
Compiling '/home/alexandra/Robotics/module03/install/tutorial_interfaces/lib/python3.12/site-packages/tutorial_interfaces/srv/__init__.py'...
Compiling '/home/alexandra/Robotics/module03/install/tutorial_interfaces/lib/python3.12/site-packages/tutorial_interfaces/srv/_summ_full_name.py'...
-- Installing: /home/alexandra/Robotics/module03/install/tutorial_interfaces/lib/python3.12/site-packages/tutorial_interfaces/tutorial_interfaces_s__rosidl_typesupport_fastrtps_c.so
-- Set non-toolchain portion of runtime path of "/home/alexandra/Robotics/module03/install/tutorial_interfaces/lib/python3.12/site-packages/tutorial_interfaces/tutorial_interfaces_s__rosidl_typesupport_fastrtps_c.so" to ""
-- Installing: /home/alexandra/Robotics/module03/install/tutorial_interfaces/lib/python3.12/site-packages/tutorial_interfaces/tutorial_interfaces_s__rosidl_typesupport_introspection_c.so
-- Set non-toolchain portion of runtime path of "/home/alexandra/Robotics/module03/install/tutorial_interfaces/lib/python3.12/site-packages/tutorial_interfaces/tutorial_interfaces_s__rosidl_typesupport_introspection_c.so" to ""
-- Installing: /home/alexandra/Robotics/module03/install/tutorial_interfaces/lib/python3.12/site-packages/tutorial_interfaces/tutorial_interfaces_s__rosidl_typesupport_c.so
-- Set non-toolchain portion of runtime path of "/home/alexandra/Robotics/module03/install/tutorial_interfaces/lib/python3.12/site-packages/tutorial_interfaces/tutorial_interfaces_s__rosidl_typesupport_c.so" to ""
-- Installing: /home/alexandra/Robotics/module03/install/tutorial_interfaces/lib/libtutorial_interfaces__rosidl_generator_py.so
-- Set non-toolchain portion of runtime path of "/home/alexandra/Robotics/module03/install/tutorial_interfaces/lib/libtutorial_interfaces__rosidl_generator_py.so" to ""
-- Installing: /home/alexandra/Robotics/module03/install/tutorial_interfaces/share/tutorial_interfaces/srv/SummFullName.idl
-- Installing: /home/alexandra/Robotics/module03/install/tutorial_interfaces/share/tutorial_interfaces/srv/SummFullName.srv
-- Installing: /home/alexandra/Robotics/module03/install/tutorial_interfaces/share/ament_index/resource_index/package_run_dependencies/tutorial_interfaces
-- Installing: /home/alexandra/Robotics/module03/install/tutorial_interfaces/share/ament_index/resource_index/parent_prefix_path/tutorial_interfaces
-- Installing: /home/alexandra/Robotics/module03/install/tutorial_interfaces/share/tutorial_interfaces/environment/ament_prefix_path.sh
-- Installing: /home/alexandra/Robotics/module03/install/tutorial_interfaces/share/tutorial_interfaces/environment/ament_prefix_path.dsv
-- Installing: /home/alexandra/Robotics/module03/install/tutorial_interfaces/share/tutorial_interfaces/environment/path.sh
-- Installing: /home/alexandra/Robotics/module03/install/tutorial_interfaces/share/tutorial_interfaces/environment/path.dsv
-- Installing: /home/alexandra/Robotics/module03/install/tutorial_interfaces/share/tutorial_interfaces/local_setup.bash
-- Installing: /home/alexandra/Robotics/module03/install/tutorial_interfaces/share/tutorial_interfaces/local_setup.sh
-- Installing: /home/alexandra/Robotics/module03/install/tutorial_interfaces/share/tutorial_interfaces/local_setup.zsh
-- Installing: /home/alexandra/Robotics/module03/install/tutorial_interfaces/share/tutorial_interfaces/local_setup.dsv
-- Installing: /home/alexandra/Robotics/module03/install/tutorial_interfaces/share/tutorial_interfaces/package.dsv
-- Installing: /home/alexandra/Robotics/module03/install/tutorial_interfaces/share/ament_index/resource_index/packages/tutorial_interfaces
-- Installing: /home/alexandra/Robotics/module03/install/tutorial_interfaces/share/tutorial_interfaces/cmake/export_tutorial_interfaces__rosidl_generator_cExport.cmake
-- Installing: /home/alexandra/Robotics/module03/install/tutorial_interfaces/share/tutorial_interfaces/cmake/export_tutorial_interfaces__rosidl_generator_cExport-noconfig.cmake
-- Installing: /home/alexandra/Robotics/module03/install/tutorial_interfaces/share/tutorial_interfaces/cmake/export_tutorial_interfaces__rosidl_typesupport_fastrtps_cExport.cmake
-- Installing: /home/alexandra/Robotics/module03/install/tutorial_interfaces/share/tutorial_interfaces/cmake/export_tutorial_interfaces__rosidl_typesupport_fastrtps_cExport-noconfig.cmake
-- Installing: /home/alexandra/Robotics/module03/install/tutorial_interfaces/share/tutorial_interfaces/cmake/tutorial_interfaces__rosidl_typesupport_introspection_cExport.cmake
-- Installing: /home/alexandra/Robotics/module03/install/tutorial_interfaces/share/tutorial_interfaces/cmake/tutorial_interfaces__rosidl_typesupport_introspection_cExport-noconfig.cmake
-- Installing: /home/alexandra/Robotics/module03/install/tutorial_interfaces/share/tutorial_interfaces/cmake/tutorial_interfaces__rosidl_typesupport_cExport.cmake
-- Installing: /home/alexandra/Robotics/module03/install/tutorial_interfaces/share/tutorial_interfaces/cmake/tutorial_interfaces__rosidl_typesupport_cExport-noconfig.cmake
-- Installing: /home/alexandra/Robotics/module03/install/tutorial_interfaces/share/tutorial_interfaces/cmake/export_tutorial_interfaces__rosidl_generator_cppExport.cmake
-- Installing: /home/alexandra/Robotics/module03/install/tutorial_interfaces/share/tutorial_interfaces/cmake/export_tutorial_interfaces__rosidl_typesupport_fastrtps_cppExport.cmake
-- Installing: /home/alexandra/Robotics/module03/install/tutorial_interfaces/share/tutorial_interfaces/cmake/export_tutorial_interfaces__rosidl_typesupport_fastrtps_cppExport-noconfig.cmake
-- Installing: /home/alexandra/Robotics/module03/install/tutorial_interfaces/share/tutorial_interfaces/cmake/tutorial_interfaces__rosidl_typesupport_introspection_cppExport.cmake
-- Installing: /home/alexandra/Robotics/module03/install/tutorial_interfaces/share/tutorial_interfaces/cmake/tutorial_interfaces__rosidl_typesupport_introspection_cppExport-noconfig.cmake
-- Installing: /home/alexandra/Robotics/module03/install/tutorial_interfaces/share/tutorial_interfaces/cmake/tutorial_interfaces__rosidl_typesupport_cppExport.cmake
-- Installing: /home/alexandra/Robotics/module03/install/tutorial_interfaces/share/tutorial_interfaces/cmake/tutorial_interfaces__rosidl_typesupport_cppExport-noconfig.cmake
-- Installing: /home/alexandra/Robotics/module03/install/tutorial_interfaces/share/tutorial_interfaces/cmake/export_tutorial_interfaces__rosidl_generator_pyExport.cmake
-- Installing: /home/alexandra/Robotics/module03/install/tutorial_interfaces/share/tutorial_interfaces/cmake/export_tutorial_interfaces__rosidl_generator_pyExport-noconfig.cmake
-- Installing: /home/alexandra/Robotics/module03/install/tutorial_interfaces/share/tutorial_interfaces/cmake/rosidl_cmake-extras.cmake
-- Installing: /home/alexandra/Robotics/module03/install/tutorial_interfaces/share/tutorial_interfaces/cmake/ament_cmake_export_dependencies-extras.cmake
-- Installing: /home/alexandra/Robotics/module03/install/tutorial_interfaces/share/tutorial_interfaces/cmake/ament_cmake_export_include_directories-extras.cmake
-- Installing: /home/alexandra/Robotics/module03/install/tutorial_interfaces/share/tutorial_interfaces/cmake/ament_cmake_export_libraries-extras.cmake
-- Installing: /home/alexandra/Robotics/module03/install/tutorial_interfaces/share/tutorial_interfaces/cmake/ament_cmake_export_targets-extras.cmake
-- Installing: /home/alexandra/Robotics/module03/install/tutorial_interfaces/share/tutorial_interfaces/cmake/rosidl_cmake_export_typesupport_targets-extras.cmake
-- Installing: /home/alexandra/Robotics/module03/install/tutorial_interfaces/share/tutorial_interfaces/cmake/rosidl_cmake_export_typesupport_libraries-extras.cmake
-- Installing: /home/alexandra/Robotics/module03/install/tutorial_interfaces/share/tutorial_interfaces/cmake/tutorial_interfacesConfig.cmake
-- Installing: /home/alexandra/Robotics/module03/install/tutorial_interfaces/share/tutorial_interfaces/cmake/tutorial_interfacesConfig-version.cmake
-- Installing: /home/alexandra/Robotics/module03/install/tutorial_interfaces/share/tutorial_interfaces/package.xml
