[0.016s] Invoking command in '/home/alexandra/Robotics/module03/build/tutorial_interfaces': CMAKE_PREFIX_PATH=${CMAKE_PREFIX_PATH}:/opt/ros/jazzy /usr/bin/cmake /home/alexandra/Robotics/module03/ex01/tutorial_interfaces -DCMAKE_INSTALL_PREFIX=/home/alexandra/Robotics/module03/install/tutorial_interfaces
[0.252s] -- The C compiler identification is GNU 13.3.0
[0.817s] -- The CXX compiler identification is GNU 13.3.0
[1.294s] -- Detecting C compiler ABI info
[1.571s] -- Detecting C compiler ABI info - done
[1.579s] -- Check for working C compiler: /usr/bin/cc - skipped
[1.580s] -- Detecting C compile features
[1.581s] -- Detecting C compile features - done
[1.667s] -- Detecting CXX compiler ABI info
[1.931s] -- Detecting CXX compiler ABI info - done
[1.939s] -- Check for working CXX compiler: /usr/bin/c++ - skipped
[1.940s] -- Detecting CXX compile features
[1.940s] -- Detecting CXX compile features - done
[1.954s] -- Found ament_cmake: 2.5.4 (/opt/ros/jazzy/share/ament_cmake/cmake)
[2.106s] -- Found Python3: /usr/bin/python3 (found version "3.12.3") found components: Interpreter 
[2.231s] -- Found rosidl_default_generators: 1.6.0 (/opt/ros/jazzy/share/rosidl_default_generators/cmake)
[2.239s] -- Using all available rosidl_typesupport_c: rosidl_typesupport_fastrtps_c;rosidl_typesupport_introspection_c
[2.413s] -- Using all available rosidl_typesupport_cpp: rosidl_typesupport_fastrtps_cpp;rosidl_typesupport_introspection_cpp
[2.474s] -- Found rosidl_adapter: 4.6.6 (/opt/ros/jazzy/share/rosidl_adapter/cmake)
[2.480s] -- Found std_msgs: 5.3.6 (/opt/ros/jazzy/share/std_msgs/cmake)
[3.162s] -- Found ament_cmake_ros: 0.12.0 (/opt/ros/jazzy/share/ament_cmake_ros/cmake)
[3.648s] -- Using all available rosidl_typesupport_c: rosidl_typesupport_fastrtps_c;rosidl_typesupport_introspection_c
[4.264s] -- Using all available rosidl_typesupport_cpp: rosidl_typesupport_fastrtps_cpp;rosidl_typesupport_introspection_cpp
[4.268s] -- Found python_cmake_module: 0.11.1 (/opt/ros/jazzy/share/python_cmake_module/cmake)
[4.405s] -- Found PythonExtra: /usr/bin/python3  
[4.915s] -- Found Python3: /usr/bin/python3 (found version "3.12.3") found components: Interpreter Development NumPy Development.Module Development.Embed 
[4.981s] -- Configuring done (4.9s)
[5.050s] -- Generating done (0.1s)
[5.063s] -- Build files have been written to: /home/alexandra/Robotics/module03/build/tutorial_interfaces
[5.076s] Invoked command in '/home/alexandra/Robotics/module03/build/tutorial_interfaces' returned '0': CMAKE_PREFIX_PATH=${CMAKE_PREFIX_PATH}:/opt/ros/jazzy /usr/bin/cmake /home/alexandra/Robotics/module03/ex01/tutorial_interfaces -DCMAKE_INSTALL_PREFIX=/home/alexandra/Robotics/module03/install/tutorial_interfaces
[5.077s] Invoking command in '/home/alexandra/Robotics/module03/build/tutorial_interfaces': CMAKE_PREFIX_PATH=${CMAKE_PREFIX_PATH}:/opt/ros/jazzy /usr/bin/cmake --build /home/alexandra/Robotics/module03/build/tutorial_interfaces -- -j12 -l12
[5.139s] [  2%] [34m[1mGenerating type hashes for ROS interfaces[0m
[5.150s] [  2%] Built target ament_cmake_python_copy_tutorial_interfaces
[5.322s] [  2%] Built target tutorial_interfaces__rosidl_generator_type_description
[5.335s] [  5%] [34m[1mGenerating C code for ROS interfaces[0m
[5.348s] [  8%] [34m[1mGenerating C++ code for ROS interfaces[0m
[5.367s] running egg_info
[5.368s] creating tutorial_interfaces.egg-info
[5.389s] writing tutorial_interfaces.egg-info/PKG-INFO
[5.389s] writing dependency_links to tutorial_interfaces.egg-info/dependency_links.txt
[5.389s] writing top-level names to tutorial_interfaces.egg-info/top_level.txt
[5.390s] writing manifest file 'tutorial_interfaces.egg-info/SOURCES.txt'
[5.471s] reading manifest file 'tutorial_interfaces.egg-info/SOURCES.txt'
[5.471s] writing manifest file 'tutorial_interfaces.egg-info/SOURCES.txt'
[5.505s] [  8%] Built target ament_cmake_python_build_tutorial_interfaces_egg
[5.618s] [ 14%] [32mBuilding C object CMakeFiles/tutorial_interfaces__rosidl_generator_c.dir/rosidl_generator_c/tutorial_interfaces/srv/detail/summ_full_name__type_support.c.o[0m
[5.619s] [ 14%] [32mBuilding C object CMakeFiles/tutorial_interfaces__rosidl_generator_c.dir/rosidl_generator_c/tutorial_interfaces/srv/detail/summ_full_name__description.c.o[0m
[5.619s] [ 17%] [32mBuilding C object CMakeFiles/tutorial_interfaces__rosidl_generator_c.dir/rosidl_generator_c/tutorial_interfaces/srv/detail/summ_full_name__functions.c.o[0m
[5.631s] [ 17%] Built target tutorial_interfaces__cpp
[5.727s] [ 20%] [32m[1mLinking C shared library libtutorial_interfaces__rosidl_generator_c.so[0m
[5.846s] [ 20%] Built target tutorial_interfaces__rosidl_generator_c
[5.859s] [ 38%] [34m[1mGenerating C type support for eProsima Fast-RTPS[0m
[5.860s] [ 38%] [34m[1mGenerating C++ type support dispatch for ROS interfaces[0m
[5.860s] [ 38%] [34m[1mGenerating C introspection for ROS interfaces[0m
[5.860s] [ 38%] [34m[1mGenerating C++ introspection for ROS interfaces[0m
[5.860s] [ 38%] [34m[1mGenerating C type support dispatch for ROS interfaces[0m
[5.860s] [ 38%] [34m[1mGenerating C++ type support for eProsima Fast-RTPS[0m
[6.109s] [ 41%] [32mBuilding CXX object CMakeFiles/tutorial_interfaces__rosidl_typesupport_c.dir/rosidl_typesupport_c/tutorial_interfaces/srv/summ_full_name__type_support.cpp.o[0m
[6.124s] [ 44%] [32mBuilding CXX object CMakeFiles/tutorial_interfaces__rosidl_typesupport_cpp.dir/rosidl_typesupport_cpp/tutorial_interfaces/srv/summ_full_name__type_support.cpp.o[0m
[6.131s] [ 47%] [32mBuilding C object CMakeFiles/tutorial_interfaces__rosidl_typesupport_introspection_c.dir/rosidl_typesupport_introspection_c/tutorial_interfaces/srv/detail/summ_full_name__type_support.c.o[0m
[6.167s] [ 50%] [32mBuilding CXX object CMakeFiles/tutorial_interfaces__rosidl_typesupport_introspection_cpp.dir/rosidl_typesupport_introspection_cpp/tutorial_interfaces/srv/detail/summ_full_name__type_support.cpp.o[0m
[6.188s] [ 52%] [32m[1mLinking CXX shared library libtutorial_interfaces__rosidl_typesupport_c.so[0m
[6.196s] [ 55%] [32mBuilding CXX object CMakeFiles/tutorial_interfaces__rosidl_typesupport_fastrtps_cpp.dir/rosidl_typesupport_fastrtps_cpp/tutorial_interfaces/srv/detail/dds_fastrtps/summ_full_name__type_support.cpp.o[0m
[6.199s] [ 58%] [32m[1mLinking C shared library libtutorial_interfaces__rosidl_typesupport_introspection_c.so[0m
[6.222s] [ 61%] [32mBuilding CXX object CMakeFiles/tutorial_interfaces__rosidl_typesupport_fastrtps_c.dir/rosidl_typesupport_fastrtps_c/tutorial_interfaces/srv/detail/summ_full_name__type_support_c.cpp.o[0m
[6.335s] [ 61%] Built target tutorial_interfaces__rosidl_typesupport_introspection_c
[6.343s] [ 61%] Built target tutorial_interfaces__rosidl_typesupport_c
[6.645s] [ 64%] [32m[1mLinking CXX shared library libtutorial_interfaces__rosidl_typesupport_cpp.so[0m
[6.678s] [ 67%] [32m[1mLinking CXX shared library libtutorial_interfaces__rosidl_typesupport_introspection_cpp.so[0m
[6.795s] [ 70%] [32m[1mLinking CXX shared library libtutorial_interfaces__rosidl_typesupport_fastrtps_c.so[0m
[6.833s] [ 70%] Built target tutorial_interfaces__rosidl_typesupport_cpp
[6.860s] [ 70%] Built target tutorial_interfaces__rosidl_typesupport_introspection_cpp
[6.905s] [ 73%] [32m[1mLinking CXX shared library libtutorial_interfaces__rosidl_typesupport_fastrtps_cpp.so[0m
[6.964s] [ 73%] Built target tutorial_interfaces__rosidl_typesupport_fastrtps_c
[7.057s] [ 73%] Built target tutorial_interfaces__rosidl_typesupport_fastrtps_cpp
[7.083s] [ 73%] Built target tutorial_interfaces
[7.108s] [ 76%] [34m[1mGenerating Python code for ROS interfaces[0m
[7.419s] [ 76%] Built target tutorial_interfaces__py
[7.445s] [ 79%] [32mBuilding C object CMakeFiles/tutorial_interfaces__rosidl_generator_py.dir/rosidl_generator_py/tutorial_interfaces/srv/_summ_full_name_s.c.o[0m
[7.652s] [ 82%] [32m[1mLinking C shared library libtutorial_interfaces__rosidl_generator_py.so[0m
[7.778s] [ 82%] Built target tutorial_interfaces__rosidl_generator_py
[7.803s] [ 91%] [32mBuilding C object CMakeFiles/tutorial_interfaces_s__rosidl_typesupport_fastrtps_c.dir/rosidl_generator_py/tutorial_interfaces/_tutorial_interfaces_s.ep.rosidl_typesupport_fastrtps_c.c.o[0m
[7.803s] [ 91%] [32mBuilding C object CMakeFiles/tutorial_interfaces_s__rosidl_typesupport_introspection_c.dir/rosidl_generator_py/tutorial_interfaces/_tutorial_interfaces_s.ep.rosidl_typesupport_introspection_c.c.o[0m
[7.803s] [ 91%] [32mBuilding C object CMakeFiles/tutorial_interfaces_s__rosidl_typesupport_c.dir/rosidl_generator_py/tutorial_interfaces/_tutorial_interfaces_s.ep.rosidl_typesupport_c.c.o[0m
[7.920s] [ 97%] [32m[1mLinking C shared module rosidl_generator_py/tutorial_interfaces/tutorial_interfaces_s__rosidl_typesupport_c.so[0m
[7.921s] [ 97%] [32m[1mLinking C shared module rosidl_generator_py/tutorial_interfaces/tutorial_interfaces_s__rosidl_typesupport_introspection_c.so[0m
[7.929s] [100%] [32m[1mLinking C shared module rosidl_generator_py/tutorial_interfaces/tutorial_interfaces_s__rosidl_typesupport_fastrtps_c.so[0m
[8.002s] [100%] Built target tutorial_interfaces_s__rosidl_typesupport_c
[8.002s] [100%] Built target tutorial_interfaces_s__rosidl_typesupport_introspection_c
[8.042s] [100%] Built target tutorial_interfaces_s__rosidl_typesupport_fastrtps_c
[8.058s] Invoked command in '/home/alexandra/Robotics/module03/build/tutorial_interfaces' returned '0': CMAKE_PREFIX_PATH=${CMAKE_PREFIX_PATH}:/opt/ros/jazzy /usr/bin/cmake --build /home/alexandra/Robotics/module03/build/tutorial_interfaces -- -j12 -l12
[8.071s] Invoking command in '/home/alexandra/Robotics/module03/build/tutorial_interfaces': CMAKE_PREFIX_PATH=${CMAKE_PREFIX_PATH}:/opt/ros/jazzy /usr/bin/cmake --install /home/alexandra/Robotics/module03/build/tutorial_interfaces
[8.081s] -- Install configuration: ""
[8.083s] -- Installing: /home/alexandra/Robotics/module03/install/tutorial_interfaces/share/ament_index/resource_index/rosidl_interfaces/tutorial_interfaces
[8.084s] -- Installing: /home/alexandra/Robotics/module03/install/tutorial_interfaces/share/tutorial_interfaces/srv/SummFullName.json
[8.084s] -- Installing: /home/alexandra/Robotics/module03/install/tutorial_interfaces/include/tutorial_interfaces/tutorial_interfaces
[8.085s] -- Installing: /home/alexandra/Robotics/module03/install/tutorial_interfaces/include/tutorial_interfaces/tutorial_interfaces/srv
[8.086s] -- Installing: /home/alexandra/Robotics/module03/install/tutorial_interfaces/include/tutorial_interfaces/tutorial_interfaces/srv/summ_full_name.h
[8.086s] -- Installing: /home/alexandra/Robotics/module03/install/tutorial_interfaces/include/tutorial_interfaces/tutorial_interfaces/srv/detail
[8.087s] -- Installing: /home/alexandra/Robotics/module03/install/tutorial_interfaces/include/tutorial_interfaces/tutorial_interfaces/srv/detail/summ_full_name__type_support.h
[8.087s] -- Installing: /home/alexandra/Robotics/module03/install/tutorial_interfaces/include/tutorial_interfaces/tutorial_interfaces/srv/detail/summ_full_name__struct.h
[8.087s] -- Installing: /home/alexandra/Robotics/module03/install/tutorial_interfaces/include/tutorial_interfaces/tutorial_interfaces/srv/detail/summ_full_name__description.c
[8.087s] -- Installing: /home/alexandra/Robotics/module03/install/tutorial_interfaces/include/tutorial_interfaces/tutorial_interfaces/srv/detail/summ_full_name__type_support.c
[8.087s] -- Installing: /home/alexandra/Robotics/module03/install/tutorial_interfaces/include/tutorial_interfaces/tutorial_interfaces/srv/detail/summ_full_name__functions.c
[8.088s] -- Installing: /home/alexandra/Robotics/module03/install/tutorial_interfaces/include/tutorial_interfaces/tutorial_interfaces/srv/detail/summ_full_name__functions.h
[8.088s] -- Installing: /home/alexandra/Robotics/module03/install/tutorial_interfaces/include/tutorial_interfaces/tutorial_interfaces/msg
[8.088s] -- Installing: /home/alexandra/Robotics/module03/install/tutorial_interfaces/include/tutorial_interfaces/tutorial_interfaces/msg/rosidl_generator_c__visibility_control.h
[8.089s] -- Installing: /home/alexandra/Robotics/module03/install/tutorial_interfaces/share/tutorial_interfaces/environment/library_path.sh
[8.089s] -- Installing: /home/alexandra/Robotics/module03/install/tutorial_interfaces/share/tutorial_interfaces/environment/library_path.dsv
[8.090s] -- Installing: /home/alexandra/Robotics/module03/install/tutorial_interfaces/lib/libtutorial_interfaces__rosidl_generator_c.so
[8.090s] -- Set non-toolchain portion of runtime path of "/home/alexandra/Robotics/module03/install/tutorial_interfaces/lib/libtutorial_interfaces__rosidl_generator_c.so" to ""
[8.091s] -- Up-to-date: /home/alexandra/Robotics/module03/install/tutorial_interfaces/include/tutorial_interfaces/tutorial_interfaces
[8.091s] -- Up-to-date: /home/alexandra/Robotics/module03/install/tutorial_interfaces/include/tutorial_interfaces/tutorial_interfaces/srv
[8.091s] -- Up-to-date: /home/alexandra/Robotics/module03/install/tutorial_interfaces/include/tutorial_interfaces/tutorial_interfaces/srv/detail
[8.091s] -- Installing: /home/alexandra/Robotics/module03/install/tutorial_interfaces/include/tutorial_interfaces/tutorial_interfaces/srv/detail/summ_full_name__rosidl_typesupport_fastrtps_c.h
[8.091s] -- Up-to-date: /home/alexandra/Robotics/module03/install/tutorial_interfaces/include/tutorial_interfaces/tutorial_interfaces/msg
[8.091s] -- Installing: /home/alexandra/Robotics/module03/install/tutorial_interfaces/include/tutorial_interfaces/tutorial_interfaces/msg/rosidl_typesupport_fastrtps_c__visibility_control.h
[8.091s] -- Installing: /home/alexandra/Robotics/module03/install/tutorial_interfaces/lib/libtutorial_interfaces__rosidl_typesupport_fastrtps_c.so
[8.092s] -- Set non-toolchain portion of runtime path of "/home/alexandra/Robotics/module03/install/tutorial_interfaces/lib/libtutorial_interfaces__rosidl_typesupport_fastrtps_c.so" to ""
[8.092s] -- Up-to-date: /home/alexandra/Robotics/module03/install/tutorial_interfaces/include/tutorial_interfaces/tutorial_interfaces
[8.092s] -- Up-to-date: /home/alexandra/Robotics/module03/install/tutorial_interfaces/include/tutorial_interfaces/tutorial_interfaces/srv
[8.092s] -- Up-to-date: /home/alexandra/Robotics/module03/install/tutorial_interfaces/include/tutorial_interfaces/tutorial_interfaces/srv/detail
[8.092s] -- Installing: /home/alexandra/Robotics/module03/install/tutorial_interfaces/include/tutorial_interfaces/tutorial_interfaces/srv/detail/summ_full_name__rosidl_typesupport_introspection_c.h
[8.093s] -- Installing: /home/alexandra/Robotics/module03/install/tutorial_interfaces/include/tutorial_interfaces/tutorial_interfaces/srv/detail/summ_full_name__type_support.c
[8.093s] -- Up-to-date: /home/alexandra/Robotics/module03/install/tutorial_interfaces/include/tutorial_interfaces/tutorial_interfaces/msg
[8.093s] -- Installing: /home/alexandra/Robotics/module03/install/tutorial_interfaces/include/tutorial_interfaces/tutorial_interfaces/msg/rosidl_typesupport_introspection_c__visibility_control.h
[8.093s] -- Installing: /home/alexandra/Robotics/module03/install/tutorial_interfaces/lib/libtutorial_interfaces__rosidl_typesupport_introspection_c.so
[8.093s] -- Set non-toolchain portion of runtime path of "/home/alexandra/Robotics/module03/install/tutorial_interfaces/lib/libtutorial_interfaces__rosidl_typesupport_introspection_c.so" to ""
[8.093s] -- Installing: /home/alexandra/Robotics/module03/install/tutorial_interfaces/lib/libtutorial_interfaces__rosidl_typesupport_c.so
[8.094s] -- Set non-toolchain portion of runtime path of "/home/alexandra/Robotics/module03/install/tutorial_interfaces/lib/libtutorial_interfaces__rosidl_typesupport_c.so" to ""
[8.094s] -- Up-to-date: /home/alexandra/Robotics/module03/install/tutorial_interfaces/include/tutorial_interfaces/tutorial_interfaces
[8.094s] -- Up-to-date: /home/alexandra/Robotics/module03/install/tutorial_interfaces/include/tutorial_interfaces/tutorial_interfaces/srv
[8.094s] -- Installing: /home/alexandra/Robotics/module03/install/tutorial_interfaces/include/tutorial_interfaces/tutorial_interfaces/srv/summ_full_name.hpp
[8.094s] -- Up-to-date: /home/alexandra/Robotics/module03/install/tutorial_interfaces/include/tutorial_interfaces/tutorial_interfaces/srv/detail
[8.094s] -- Installing: /home/alexandra/Robotics/module03/install/tutorial_interfaces/include/tutorial_interfaces/tutorial_interfaces/srv/detail/summ_full_name__type_support.hpp
[8.094s] -- Installing: /home/alexandra/Robotics/module03/install/tutorial_interfaces/include/tutorial_interfaces/tutorial_interfaces/srv/detail/summ_full_name__traits.hpp
[8.095s] -- Installing: /home/alexandra/Robotics/module03/install/tutorial_interfaces/include/tutorial_interfaces/tutorial_interfaces/srv/detail/summ_full_name__struct.hpp
[8.095s] -- Installing: /home/alexandra/Robotics/module03/install/tutorial_interfaces/include/tutorial_interfaces/tutorial_interfaces/srv/detail/summ_full_name__builder.hpp
[8.095s] -- Up-to-date: /home/alexandra/Robotics/module03/install/tutorial_interfaces/include/tutorial_interfaces/tutorial_interfaces/msg
[8.095s] -- Installing: /home/alexandra/Robotics/module03/install/tutorial_interfaces/include/tutorial_interfaces/tutorial_interfaces/msg/rosidl_generator_cpp__visibility_control.hpp
[8.095s] -- Up-to-date: /home/alexandra/Robotics/module03/install/tutorial_interfaces/include/tutorial_interfaces/tutorial_interfaces
[8.096s] -- Up-to-date: /home/alexandra/Robotics/module03/install/tutorial_interfaces/include/tutorial_interfaces/tutorial_interfaces/srv
[8.096s] -- Up-to-date: /home/alexandra/Robotics/module03/install/tutorial_interfaces/include/tutorial_interfaces/tutorial_interfaces/srv/detail
[8.096s] -- Installing: /home/alexandra/Robotics/module03/install/tutorial_interfaces/include/tutorial_interfaces/tutorial_interfaces/srv/detail/dds_fastrtps
[8.096s] -- Installing: /home/alexandra/Robotics/module03/install/tutorial_interfaces/include/tutorial_interfaces/tutorial_interfaces/srv/detail/summ_full_name__rosidl_typesupport_fastrtps_cpp.hpp
[8.096s] -- Up-to-date: /home/alexandra/Robotics/module03/install/tutorial_interfaces/include/tutorial_interfaces/tutorial_interfaces/msg
[8.096s] -- Installing: /home/alexandra/Robotics/module03/install/tutorial_interfaces/include/tutorial_interfaces/tutorial_interfaces/msg/rosidl_typesupport_fastrtps_cpp__visibility_control.h
[8.097s] -- Installing: /home/alexandra/Robotics/module03/install/tutorial_interfaces/lib/libtutorial_interfaces__rosidl_typesupport_fastrtps_cpp.so
[8.097s] -- Set non-toolchain portion of runtime path of "/home/alexandra/Robotics/module03/install/tutorial_interfaces/lib/libtutorial_interfaces__rosidl_typesupport_fastrtps_cpp.so" to ""
[8.097s] -- Up-to-date: /home/alexandra/Robotics/module03/install/tutorial_interfaces/include/tutorial_interfaces/tutorial_interfaces
[8.098s] -- Up-to-date: /home/alexandra/Robotics/module03/install/tutorial_interfaces/include/tutorial_interfaces/tutorial_interfaces/srv
[8.098s] -- Up-to-date: /home/alexandra/Robotics/module03/install/tutorial_interfaces/include/tutorial_interfaces/tutorial_interfaces/srv/detail
[8.098s] -- Installing: /home/alexandra/Robotics/module03/install/tutorial_interfaces/include/tutorial_interfaces/tutorial_interfaces/srv/detail/summ_full_name__rosidl_typesupport_introspection_cpp.hpp
[8.098s] -- Installing: /home/alexandra/Robotics/module03/install/tutorial_interfaces/include/tutorial_interfaces/tutorial_interfaces/srv/detail/summ_full_name__type_support.cpp
[8.098s] -- Installing: /home/alexandra/Robotics/module03/install/tutorial_interfaces/lib/libtutorial_interfaces__rosidl_typesupport_introspection_cpp.so
[8.098s] -- Set non-toolchain portion of runtime path of "/home/alexandra/Robotics/module03/install/tutorial_interfaces/lib/libtutorial_interfaces__rosidl_typesupport_introspection_cpp.so" to ""
[8.099s] -- Installing: /home/alexandra/Robotics/module03/install/tutorial_interfaces/lib/libtutorial_interfaces__rosidl_typesupport_cpp.so
[8.099s] -- Set non-toolchain portion of runtime path of "/home/alexandra/Robotics/module03/install/tutorial_interfaces/lib/libtutorial_interfaces__rosidl_typesupport_cpp.so" to ""
[8.099s] -- Installing: /home/alexandra/Robotics/module03/install/tutorial_interfaces/share/tutorial_interfaces/environment/pythonpath.sh
[8.099s] -- Installing: /home/alexandra/Robotics/module03/install/tutorial_interfaces/share/tutorial_interfaces/environment/pythonpath.dsv
[8.100s] -- Installing: /home/alexandra/Robotics/module03/install/tutorial_interfaces/lib/python3.12/site-packages/tutorial_interfaces-0.0.0-py3.12.egg-info
[8.101s] -- Installing: /home/alexandra/Robotics/module03/install/tutorial_interfaces/lib/python3.12/site-packages/tutorial_interfaces-0.0.0-py3.12.egg-info/top_level.txt
[8.101s] -- Installing: /home/alexandra/Robotics/module03/install/tutorial_interfaces/lib/python3.12/site-packages/tutorial_interfaces-0.0.0-py3.12.egg-info/dependency_links.txt
[8.101s] -- Installing: /home/alexandra/Robotics/module03/install/tutorial_interfaces/lib/python3.12/site-packages/tutorial_interfaces-0.0.0-py3.12.egg-info/SOURCES.txt
[8.101s] -- Installing: /home/alexandra/Robotics/module03/install/tutorial_interfaces/lib/python3.12/site-packages/tutorial_interfaces-0.0.0-py3.12.egg-info/PKG-INFO
[8.102s] -- Installing: /home/alexandra/Robotics/module03/install/tutorial_interfaces/lib/python3.12/site-packages/tutorial_interfaces
[8.102s] -- Installing: /home/alexandra/Robotics/module03/install/tutorial_interfaces/lib/python3.12/site-packages/tutorial_interfaces/tutorial_interfaces_s__rosidl_typesupport_fastrtps_c.so
[8.102s] -- Installing: /home/alexandra/Robotics/module03/install/tutorial_interfaces/lib/python3.12/site-packages/tutorial_interfaces/_tutorial_interfaces_s.ep.rosidl_typesupport_fastrtps_c.c
[8.103s] -- Installing: /home/alexandra/Robotics/module03/install/tutorial_interfaces/lib/python3.12/site-packages/tutorial_interfaces/_tutorial_interfaces_s.ep.rosidl_typesupport_c.c
[8.103s] -- Installing: /home/alexandra/Robotics/module03/install/tutorial_interfaces/lib/python3.12/site-packages/tutorial_interfaces/srv
[8.103s] -- Installing: /home/alexandra/Robotics/module03/install/tutorial_interfaces/lib/python3.12/site-packages/tutorial_interfaces/srv/__init__.py
[8.103s] -- Installing: /home/alexandra/Robotics/module03/install/tutorial_interfaces/lib/python3.12/site-packages/tutorial_interfaces/srv/_summ_full_name.py
[8.104s] -- Installing: /home/alexandra/Robotics/module03/install/tutorial_interfaces/lib/python3.12/site-packages/tutorial_interfaces/srv/_summ_full_name_s.c
[8.104s] -- Installing: /home/alexandra/Robotics/module03/install/tutorial_interfaces/lib/python3.12/site-packages/tutorial_interfaces/tutorial_interfaces_s__rosidl_typesupport_introspection_c.so
[8.104s] -- Installing: /home/alexandra/Robotics/module03/install/tutorial_interfaces/lib/python3.12/site-packages/tutorial_interfaces/_tutorial_interfaces_s.ep.rosidl_typesupport_introspection_c.c
[8.104s] -- Installing: /home/alexandra/Robotics/module03/install/tutorial_interfaces/lib/python3.12/site-packages/tutorial_interfaces/tutorial_interfaces_s__rosidl_typesupport_c.so
[8.105s] -- Installing: /home/alexandra/Robotics/module03/install/tutorial_interfaces/lib/python3.12/site-packages/tutorial_interfaces/__init__.py
[8.146s] Listing '/home/alexandra/Robotics/module03/install/tutorial_interfaces/lib/python3.12/site-packages/tutorial_interfaces'...
[8.146s] Compiling '/home/alexandra/Robotics/module03/install/tutorial_interfaces/lib/python3.12/site-packages/tutorial_interfaces/__init__.py'...
[8.146s] Listing '/home/alexandra/Robotics/module03/install/tutorial_interfaces/lib/python3.12/site-packages/tutorial_interfaces/srv'...
[8.146s] Compiling '/home/alexandra/Robotics/module03/install/tutorial_interfaces/lib/python3.12/site-packages/tutorial_interfaces/srv/__init__.py'...
[8.146s] Compiling '/home/alexandra/Robotics/module03/install/tutorial_interfaces/lib/python3.12/site-packages/tutorial_interfaces/srv/_summ_full_name.py'...
[8.152s] -- Installing: /home/alexandra/Robotics/module03/install/tutorial_interfaces/lib/python3.12/site-packages/tutorial_interfaces/tutorial_interfaces_s__rosidl_typesupport_fastrtps_c.so
[8.152s] -- Set non-toolchain portion of runtime path of "/home/alexandra/Robotics/module03/install/tutorial_interfaces/lib/python3.12/site-packages/tutorial_interfaces/tutorial_interfaces_s__rosidl_typesupport_fastrtps_c.so" to ""
[8.152s] -- Installing: /home/alexandra/Robotics/module03/install/tutorial_interfaces/lib/python3.12/site-packages/tutorial_interfaces/tutorial_interfaces_s__rosidl_typesupport_introspection_c.so
[8.153s] -- Set non-toolchain portion of runtime path of "/home/alexandra/Robotics/module03/install/tutorial_interfaces/lib/python3.12/site-packages/tutorial_interfaces/tutorial_interfaces_s__rosidl_typesupport_introspection_c.so" to ""
[8.153s] -- Installing: /home/alexandra/Robotics/module03/install/tutorial_interfaces/lib/python3.12/site-packages/tutorial_interfaces/tutorial_interfaces_s__rosidl_typesupport_c.so
[8.154s] -- Set non-toolchain portion of runtime path of "/home/alexandra/Robotics/module03/install/tutorial_interfaces/lib/python3.12/site-packages/tutorial_interfaces/tutorial_interfaces_s__rosidl_typesupport_c.so" to ""
[8.154s] -- Installing: /home/alexandra/Robotics/module03/install/tutorial_interfaces/lib/libtutorial_interfaces__rosidl_generator_py.so
[8.154s] -- Set non-toolchain portion of runtime path of "/home/alexandra/Robotics/module03/install/tutorial_interfaces/lib/libtutorial_interfaces__rosidl_generator_py.so" to ""
[8.154s] -- Installing: /home/alexandra/Robotics/module03/install/tutorial_interfaces/share/tutorial_interfaces/srv/SummFullName.idl
[8.154s] -- Installing: /home/alexandra/Robotics/module03/install/tutorial_interfaces/share/tutorial_interfaces/srv/SummFullName.srv
[8.155s] -- Installing: /home/alexandra/Robotics/module03/install/tutorial_interfaces/share/ament_index/resource_index/package_run_dependencies/tutorial_interfaces
[8.156s] -- Installing: /home/alexandra/Robotics/module03/install/tutorial_interfaces/share/ament_index/resource_index/parent_prefix_path/tutorial_interfaces
[8.156s] -- Installing: /home/alexandra/Robotics/module03/install/tutorial_interfaces/share/tutorial_interfaces/environment/ament_prefix_path.sh
[8.156s] -- Installing: /home/alexandra/Robotics/module03/install/tutorial_interfaces/share/tutorial_interfaces/environment/ament_prefix_path.dsv
[8.156s] -- Installing: /home/alexandra/Robotics/module03/install/tutorial_interfaces/share/tutorial_interfaces/environment/path.sh
[8.157s] -- Installing: /home/alexandra/Robotics/module03/install/tutorial_interfaces/share/tutorial_interfaces/environment/path.dsv
[8.157s] -- Installing: /home/alexandra/Robotics/module03/install/tutorial_interfaces/share/tutorial_interfaces/local_setup.bash
[8.157s] -- Installing: /home/alexandra/Robotics/module03/install/tutorial_interfaces/share/tutorial_interfaces/local_setup.sh
[8.157s] -- Installing: /home/alexandra/Robotics/module03/install/tutorial_interfaces/share/tutorial_interfaces/local_setup.zsh
[8.158s] -- Installing: /home/alexandra/Robotics/module03/install/tutorial_interfaces/share/tutorial_interfaces/local_setup.dsv
[8.158s] -- Installing: /home/alexandra/Robotics/module03/install/tutorial_interfaces/share/tutorial_interfaces/package.dsv
[8.158s] -- Installing: /home/alexandra/Robotics/module03/install/tutorial_interfaces/share/ament_index/resource_index/packages/tutorial_interfaces
[8.159s] -- Installing: /home/alexandra/Robotics/module03/install/tutorial_interfaces/share/tutorial_interfaces/cmake/export_tutorial_interfaces__rosidl_generator_cExport.cmake
[8.159s] -- Installing: /home/alexandra/Robotics/module03/install/tutorial_interfaces/share/tutorial_interfaces/cmake/export_tutorial_interfaces__rosidl_generator_cExport-noconfig.cmake
[8.160s] -- Installing: /home/alexandra/Robotics/module03/install/tutorial_interfaces/share/tutorial_interfaces/cmake/export_tutorial_interfaces__rosidl_typesupport_fastrtps_cExport.cmake
[8.160s] -- Installing: /home/alexandra/Robotics/module03/install/tutorial_interfaces/share/tutorial_interfaces/cmake/export_tutorial_interfaces__rosidl_typesupport_fastrtps_cExport-noconfig.cmake
[8.160s] -- Installing: /home/alexandra/Robotics/module03/install/tutorial_interfaces/share/tutorial_interfaces/cmake/tutorial_interfaces__rosidl_typesupport_introspection_cExport.cmake
[8.160s] -- Installing: /home/alexandra/Robotics/module03/install/tutorial_interfaces/share/tutorial_interfaces/cmake/tutorial_interfaces__rosidl_typesupport_introspection_cExport-noconfig.cmake
[8.160s] -- Installing: /home/alexandra/Robotics/module03/install/tutorial_interfaces/share/tutorial_interfaces/cmake/tutorial_interfaces__rosidl_typesupport_cExport.cmake
[8.161s] -- Installing: /home/alexandra/Robotics/module03/install/tutorial_interfaces/share/tutorial_interfaces/cmake/tutorial_interfaces__rosidl_typesupport_cExport-noconfig.cmake
[8.161s] -- Installing: /home/alexandra/Robotics/module03/install/tutorial_interfaces/share/tutorial_interfaces/cmake/export_tutorial_interfaces__rosidl_generator_cppExport.cmake
[8.161s] -- Installing: /home/alexandra/Robotics/module03/install/tutorial_interfaces/share/tutorial_interfaces/cmake/export_tutorial_interfaces__rosidl_typesupport_fastrtps_cppExport.cmake
[8.161s] -- Installing: /home/alexandra/Robotics/module03/install/tutorial_interfaces/share/tutorial_interfaces/cmake/export_tutorial_interfaces__rosidl_typesupport_fastrtps_cppExport-noconfig.cmake
[8.162s] -- Installing: /home/alexandra/Robotics/module03/install/tutorial_interfaces/share/tutorial_interfaces/cmake/tutorial_interfaces__rosidl_typesupport_introspection_cppExport.cmake
[8.162s] -- Installing: /home/alexandra/Robotics/module03/install/tutorial_interfaces/share/tutorial_interfaces/cmake/tutorial_interfaces__rosidl_typesupport_introspection_cppExport-noconfig.cmake
[8.162s] -- Installing: /home/alexandra/Robotics/module03/install/tutorial_interfaces/share/tutorial_interfaces/cmake/tutorial_interfaces__rosidl_typesupport_cppExport.cmake
[8.162s] -- Installing: /home/alexandra/Robotics/module03/install/tutorial_interfaces/share/tutorial_interfaces/cmake/tutorial_interfaces__rosidl_typesupport_cppExport-noconfig.cmake
[8.163s] -- Installing: /home/alexandra/Robotics/module03/install/tutorial_interfaces/share/tutorial_interfaces/cmake/export_tutorial_interfaces__rosidl_generator_pyExport.cmake
[8.163s] -- Installing: /home/alexandra/Robotics/module03/install/tutorial_interfaces/share/tutorial_interfaces/cmake/export_tutorial_interfaces__rosidl_generator_pyExport-noconfig.cmake
[8.163s] -- Installing: /home/alexandra/Robotics/module03/install/tutorial_interfaces/share/tutorial_interfaces/cmake/rosidl_cmake-extras.cmake
[8.163s] -- Installing: /home/alexandra/Robotics/module03/install/tutorial_interfaces/share/tutorial_interfaces/cmake/ament_cmake_export_dependencies-extras.cmake
[8.163s] -- Installing: /home/alexandra/Robotics/module03/install/tutorial_interfaces/share/tutorial_interfaces/cmake/ament_cmake_export_include_directories-extras.cmake
[8.164s] -- Installing: /home/alexandra/Robotics/module03/install/tutorial_interfaces/share/tutorial_interfaces/cmake/ament_cmake_export_libraries-extras.cmake
[8.164s] -- Installing: /home/alexandra/Robotics/module03/install/tutorial_interfaces/share/tutorial_interfaces/cmake/ament_cmake_export_targets-extras.cmake
[8.164s] -- Installing: /home/alexandra/Robotics/module03/install/tutorial_interfaces/share/tutorial_interfaces/cmake/rosidl_cmake_export_typesupport_targets-extras.cmake
[8.164s] -- Installing: /home/alexandra/Robotics/module03/install/tutorial_interfaces/share/tutorial_interfaces/cmake/rosidl_cmake_export_typesupport_libraries-extras.cmake
[8.165s] -- Installing: /home/alexandra/Robotics/module03/install/tutorial_interfaces/share/tutorial_interfaces/cmake/tutorial_interfacesConfig.cmake
[8.165s] -- Installing: /home/alexandra/Robotics/module03/install/tutorial_interfaces/share/tutorial_interfaces/cmake/tutorial_interfacesConfig-version.cmake
[8.165s] -- Installing: /home/alexandra/Robotics/module03/install/tutorial_interfaces/share/tutorial_interfaces/package.xml
[8.169s] Invoked command in '/home/alexandra/Robotics/module03/build/tutorial_interfaces' returned '0': CMAKE_PREFIX_PATH=${CMAKE_PREFIX_PATH}:/opt/ros/jazzy /usr/bin/cmake --install /home/alexandra/Robotics/module03/build/tutorial_interfaces
