[0.267s] DEBUG:colcon:Command line arguments: ['/usr/bin/colcon', 'build', '--packages-select', 'move_to_goal']
[0.267s] DEBUG:colcon:Parsed command line arguments: Namespace(log_base=None, log_level=None, verb_name='build', build_base='build', install_base='install', merge_install=False, symlink_install=False, test_result_base=None, continue_on_error=False, executor='parallel', parallel_workers=12, event_handlers=None, ignore_user_meta=False, metas=['./colcon.meta'], base_paths=['.'], packages_ignore=None, packages_ignore_regex=None, paths=None, packages_up_to=None, packages_up_to_regex=None, packages_above=None, packages_above_and_dependencies=None, packages_above_depth=None, packages_select_by_dep=None, packages_skip_by_dep=None, packages_skip_up_to=None, packages_select_build_failed=False, packages_skip_build_finished=False, packages_select_test_failures=False, packages_skip_test_passed=False, packages_select=['move_to_goal'], packages_skip=None, packages_select_regex=None, packages_skip_regex=None, packages_start=None, packages_end=None, allow_overriding=[], cmake_args=None, cmake_target=None, cmake_target_skip_unavailable=False, cmake_clean_cache=False, cmake_clean_first=False, cmake_force_configure=False, ament_cmake_args=None, catkin_cmake_args=None, catkin_skip_building_tests=False, mixin_files=None, mixin=None, verb_parser=<colcon_mixin.mixin.mixin_argument.MixinArgumentDecorator object at 0x757d64c82240>, verb_extension=<colcon_core.verb.build.BuildVerb object at 0x757d64c81f10>, main=<bound method BuildVerb.main of <colcon_core.verb.build.BuildVerb object at 0x757d64c81f10>>, mixin_verb=('build',))
[0.338s] Level 1:colcon.colcon_core.package_discovery:discover_packages(colcon_meta) check parameters
[0.338s] Level 1:colcon.colcon_core.package_discovery:discover_packages(recursive) check parameters
[0.338s] Level 1:colcon.colcon_core.package_discovery:discover_packages(ignore) check parameters
[0.338s] Level 1:colcon.colcon_core.package_discovery:discover_packages(path) check parameters
[0.339s] Level 1:colcon.colcon_core.package_discovery:discover_packages(colcon_meta) discover
[0.339s] Level 1:colcon.colcon_core.package_discovery:discover_packages(recursive) discover
[0.339s] INFO:colcon.colcon_core.package_discovery:Crawling recursively for packages in '/home/alexandra/Robotics/module03'
[0.339s] Level 1:colcon.colcon_core.package_identification:_identify(.) by extensions ['ignore', 'ignore_ament_install']
[0.339s] Level 1:colcon.colcon_core.package_identification:_identify(.) by extension 'ignore'
[0.339s] Level 1:colcon.colcon_core.package_identification:_identify(.) by extension 'ignore_ament_install'
[0.339s] Level 1:colcon.colcon_core.package_identification:_identify(.) by extensions ['colcon_pkg']
[0.339s] Level 1:colcon.colcon_core.package_identification:_identify(.) by extension 'colcon_pkg'
[0.339s] Level 1:colcon.colcon_core.package_identification:_identify(.) by extensions ['colcon_meta']
[0.339s] Level 1:colcon.colcon_core.package_identification:_identify(.) by extension 'colcon_meta'
[0.339s] Level 1:colcon.colcon_core.package_identification:_identify(.) by extensions ['ros']
[0.339s] Level 1:colcon.colcon_core.package_identification:_identify(.) by extension 'ros'
[0.368s] Level 1:colcon.colcon_core.package_identification:_identify(.) by extensions ['cmake', 'python']
[0.368s] Level 1:colcon.colcon_core.package_identification:_identify(.) by extension 'cmake'
[0.368s] Level 1:colcon.colcon_core.package_identification:_identify(.) by extension 'python'
[0.369s] Level 1:colcon.colcon_core.package_identification:_identify(.) by extensions ['python_setup_py']
[0.369s] Level 1:colcon.colcon_core.package_identification:_identify(.) by extension 'python_setup_py'
[0.369s] Level 1:colcon.colcon_core.package_identification:_identify(build) by extensions ['ignore', 'ignore_ament_install']
[0.369s] Level 1:colcon.colcon_core.package_identification:_identify(build) by extension 'ignore'
[0.369s] Level 1:colcon.colcon_core.package_identification:_identify(build) ignored
[0.369s] Level 1:colcon.colcon_core.package_identification:_identify(ex01) by extensions ['ignore', 'ignore_ament_install']
[0.370s] Level 1:colcon.colcon_core.package_identification:_identify(ex01) by extension 'ignore'
[0.370s] Level 1:colcon.colcon_core.package_identification:_identify(ex01) by extension 'ignore_ament_install'
[0.370s] Level 1:colcon.colcon_core.package_identification:_identify(ex01) by extensions ['colcon_pkg']
[0.370s] Level 1:colcon.colcon_core.package_identification:_identify(ex01) by extension 'colcon_pkg'
[0.370s] Level 1:colcon.colcon_core.package_identification:_identify(ex01) by extensions ['colcon_meta']
[0.370s] Level 1:colcon.colcon_core.package_identification:_identify(ex01) by extension 'colcon_meta'
[0.370s] Level 1:colcon.colcon_core.package_identification:_identify(ex01) by extensions ['ros']
[0.370s] Level 1:colcon.colcon_core.package_identification:_identify(ex01) by extension 'ros'
[0.370s] Level 1:colcon.colcon_core.package_identification:_identify(ex01) by extensions ['cmake', 'python']
[0.370s] Level 1:colcon.colcon_core.package_identification:_identify(ex01) by extension 'cmake'
[0.370s] Level 1:colcon.colcon_core.package_identification:_identify(ex01) by extension 'python'
[0.370s] Level 1:colcon.colcon_core.package_identification:_identify(ex01) by extensions ['python_setup_py']
[0.370s] Level 1:colcon.colcon_core.package_identification:_identify(ex01) by extension 'python_setup_py'
[0.371s] Level 1:colcon.colcon_core.package_identification:_identify(ex01/service_full_name) by extensions ['ignore', 'ignore_ament_install']
[0.371s] Level 1:colcon.colcon_core.package_identification:_identify(ex01/service_full_name) by extension 'ignore'
[0.371s] Level 1:colcon.colcon_core.package_identification:_identify(ex01/service_full_name) by extension 'ignore_ament_install'
[0.371s] Level 1:colcon.colcon_core.package_identification:_identify(ex01/service_full_name) by extensions ['colcon_pkg']
[0.371s] Level 1:colcon.colcon_core.package_identification:_identify(ex01/service_full_name) by extension 'colcon_pkg'
[0.371s] Level 1:colcon.colcon_core.package_identification:_identify(ex01/service_full_name) by extensions ['colcon_meta']
[0.371s] Level 1:colcon.colcon_core.package_identification:_identify(ex01/service_full_name) by extension 'colcon_meta'
[0.371s] Level 1:colcon.colcon_core.package_identification:_identify(ex01/service_full_name) by extensions ['ros']
[0.371s] Level 1:colcon.colcon_core.package_identification:_identify(ex01/service_full_name) by extension 'ros'
[0.377s] DEBUG:colcon.colcon_core.package_identification:Package 'ex01/service_full_name' with type 'ros.ament_cmake' and name 'service_full_name'
[0.377s] Level 1:colcon.colcon_core.package_identification:_identify(ex01/tutorial_interfaces) by extensions ['ignore', 'ignore_ament_install']
[0.377s] Level 1:colcon.colcon_core.package_identification:_identify(ex01/tutorial_interfaces) by extension 'ignore'
[0.377s] Level 1:colcon.colcon_core.package_identification:_identify(ex01/tutorial_interfaces) by extension 'ignore_ament_install'
[0.377s] Level 1:colcon.colcon_core.package_identification:_identify(ex01/tutorial_interfaces) by extensions ['colcon_pkg']
[0.378s] Level 1:colcon.colcon_core.package_identification:_identify(ex01/tutorial_interfaces) by extension 'colcon_pkg'
[0.378s] Level 1:colcon.colcon_core.package_identification:_identify(ex01/tutorial_interfaces) by extensions ['colcon_meta']
[0.378s] Level 1:colcon.colcon_core.package_identification:_identify(ex01/tutorial_interfaces) by extension 'colcon_meta'
[0.378s] Level 1:colcon.colcon_core.package_identification:_identify(ex01/tutorial_interfaces) by extensions ['ros']
[0.378s] Level 1:colcon.colcon_core.package_identification:_identify(ex01/tutorial_interfaces) by extension 'ros'
[0.378s] DEBUG:colcon.colcon_core.package_identification:Package 'ex01/tutorial_interfaces' with type 'ros.ament_cmake' and name 'tutorial_interfaces'
[0.379s] Level 1:colcon.colcon_core.package_identification:_identify(ex02) by extensions ['ignore', 'ignore_ament_install']
[0.379s] Level 1:colcon.colcon_core.package_identification:_identify(ex02) by extension 'ignore'
[0.379s] Level 1:colcon.colcon_core.package_identification:_identify(ex02) by extension 'ignore_ament_install'
[0.379s] Level 1:colcon.colcon_core.package_identification:_identify(ex02) by extensions ['colcon_pkg']
[0.379s] Level 1:colcon.colcon_core.package_identification:_identify(ex02) by extension 'colcon_pkg'
[0.379s] Level 1:colcon.colcon_core.package_identification:_identify(ex02) by extensions ['colcon_meta']
[0.379s] Level 1:colcon.colcon_core.package_identification:_identify(ex02) by extension 'colcon_meta'
[0.379s] Level 1:colcon.colcon_core.package_identification:_identify(ex02) by extensions ['ros']
[0.379s] Level 1:colcon.colcon_core.package_identification:_identify(ex02) by extension 'ros'
[0.379s] Level 1:colcon.colcon_core.package_identification:_identify(ex02) by extensions ['cmake', 'python']
[0.379s] Level 1:colcon.colcon_core.package_identification:_identify(ex02) by extension 'cmake'
[0.379s] Level 1:colcon.colcon_core.package_identification:_identify(ex02) by extension 'python'
[0.379s] Level 1:colcon.colcon_core.package_identification:_identify(ex02) by extensions ['python_setup_py']
[0.379s] Level 1:colcon.colcon_core.package_identification:_identify(ex02) by extension 'python_setup_py'
[0.380s] Level 1:colcon.colcon_core.package_identification:_identify(ex02/turtle_cmd_vel.mcap) by extensions ['ignore', 'ignore_ament_install']
[0.380s] Level 1:colcon.colcon_core.package_identification:_identify(ex02/turtle_cmd_vel.mcap) by extension 'ignore'
[0.380s] Level 1:colcon.colcon_core.package_identification:_identify(ex02/turtle_cmd_vel.mcap) by extension 'ignore_ament_install'
[0.380s] Level 1:colcon.colcon_core.package_identification:_identify(ex02/turtle_cmd_vel.mcap) by extensions ['colcon_pkg']
[0.380s] Level 1:colcon.colcon_core.package_identification:_identify(ex02/turtle_cmd_vel.mcap) by extension 'colcon_pkg'
[0.380s] Level 1:colcon.colcon_core.package_identification:_identify(ex02/turtle_cmd_vel.mcap) by extensions ['colcon_meta']
[0.380s] Level 1:colcon.colcon_core.package_identification:_identify(ex02/turtle_cmd_vel.mcap) by extension 'colcon_meta'
[0.380s] Level 1:colcon.colcon_core.package_identification:_identify(ex02/turtle_cmd_vel.mcap) by extensions ['ros']
[0.380s] Level 1:colcon.colcon_core.package_identification:_identify(ex02/turtle_cmd_vel.mcap) by extension 'ros'
[0.380s] Level 1:colcon.colcon_core.package_identification:_identify(ex02/turtle_cmd_vel.mcap) by extensions ['cmake', 'python']
[0.380s] Level 1:colcon.colcon_core.package_identification:_identify(ex02/turtle_cmd_vel.mcap) by extension 'cmake'
[0.380s] Level 1:colcon.colcon_core.package_identification:_identify(ex02/turtle_cmd_vel.mcap) by extension 'python'
[0.380s] Level 1:colcon.colcon_core.package_identification:_identify(ex02/turtle_cmd_vel.mcap) by extensions ['python_setup_py']
[0.380s] Level 1:colcon.colcon_core.package_identification:_identify(ex02/turtle_cmd_vel.mcap) by extension 'python_setup_py'
[0.380s] Level 1:colcon.colcon_core.package_identification:_identify(ex03) by extensions ['ignore', 'ignore_ament_install']
[0.380s] Level 1:colcon.colcon_core.package_identification:_identify(ex03) by extension 'ignore'
[0.380s] Level 1:colcon.colcon_core.package_identification:_identify(ex03) by extension 'ignore_ament_install'
[0.381s] Level 1:colcon.colcon_core.package_identification:_identify(ex03) by extensions ['colcon_pkg']
[0.381s] Level 1:colcon.colcon_core.package_identification:_identify(ex03) by extension 'colcon_pkg'
[0.381s] Level 1:colcon.colcon_core.package_identification:_identify(ex03) by extensions ['colcon_meta']
[0.381s] Level 1:colcon.colcon_core.package_identification:_identify(ex03) by extension 'colcon_meta'
[0.381s] Level 1:colcon.colcon_core.package_identification:_identify(ex03) by extensions ['ros']
[0.381s] Level 1:colcon.colcon_core.package_identification:_identify(ex03) by extension 'ros'
[0.381s] Level 1:colcon.colcon_core.package_identification:_identify(ex03) by extensions ['cmake', 'python']
[0.381s] Level 1:colcon.colcon_core.package_identification:_identify(ex03) by extension 'cmake'
[0.381s] Level 1:colcon.colcon_core.package_identification:_identify(ex03) by extension 'python'
[0.381s] Level 1:colcon.colcon_core.package_identification:_identify(ex03) by extensions ['python_setup_py']
[0.381s] Level 1:colcon.colcon_core.package_identification:_identify(ex03) by extension 'python_setup_py'
[0.381s] Level 1:colcon.colcon_core.package_identification:_identify(ex04) by extensions ['ignore', 'ignore_ament_install']
[0.381s] Level 1:colcon.colcon_core.package_identification:_identify(ex04) by extension 'ignore'
[0.381s] Level 1:colcon.colcon_core.package_identification:_identify(ex04) by extension 'ignore_ament_install'
[0.381s] Level 1:colcon.colcon_core.package_identification:_identify(ex04) by extensions ['colcon_pkg']
[0.381s] Level 1:colcon.colcon_core.package_identification:_identify(ex04) by extension 'colcon_pkg'
[0.381s] Level 1:colcon.colcon_core.package_identification:_identify(ex04) by extensions ['colcon_meta']
[0.381s] Level 1:colcon.colcon_core.package_identification:_identify(ex04) by extension 'colcon_meta'
[0.381s] Level 1:colcon.colcon_core.package_identification:_identify(ex04) by extensions ['ros']
[0.381s] Level 1:colcon.colcon_core.package_identification:_identify(ex04) by extension 'ros'
[0.381s] Level 1:colcon.colcon_core.package_identification:_identify(ex04) by extensions ['cmake', 'python']
[0.381s] Level 1:colcon.colcon_core.package_identification:_identify(ex04) by extension 'cmake'
[0.381s] Level 1:colcon.colcon_core.package_identification:_identify(ex04) by extension 'python'
[0.382s] Level 1:colcon.colcon_core.package_identification:_identify(ex04) by extensions ['python_setup_py']
[0.382s] Level 1:colcon.colcon_core.package_identification:_identify(ex04) by extension 'python_setup_py'
[0.382s] Level 1:colcon.colcon_core.package_identification:_identify(ex04/move_to_goal) by extensions ['ignore', 'ignore_ament_install']
[0.382s] Level 1:colcon.colcon_core.package_identification:_identify(ex04/move_to_goal) by extension 'ignore'
[0.382s] Level 1:colcon.colcon_core.package_identification:_identify(ex04/move_to_goal) by extension 'ignore_ament_install'
[0.382s] Level 1:colcon.colcon_core.package_identification:_identify(ex04/move_to_goal) by extensions ['colcon_pkg']
[0.382s] Level 1:colcon.colcon_core.package_identification:_identify(ex04/move_to_goal) by extension 'colcon_pkg'
[0.382s] Level 1:colcon.colcon_core.package_identification:_identify(ex04/move_to_goal) by extensions ['colcon_meta']
[0.382s] Level 1:colcon.colcon_core.package_identification:_identify(ex04/move_to_goal) by extension 'colcon_meta'
[0.382s] Level 1:colcon.colcon_core.package_identification:_identify(ex04/move_to_goal) by extensions ['ros']
[0.382s] Level 1:colcon.colcon_core.package_identification:_identify(ex04/move_to_goal) by extension 'ros'
[0.383s] DEBUG:colcon.colcon_core.package_identification:Package 'ex04/move_to_goal' with type 'ros.ament_python' and name 'move_to_goal'
[0.383s] Level 1:colcon.colcon_core.package_identification:_identify(install) by extensions ['ignore', 'ignore_ament_install']
[0.383s] Level 1:colcon.colcon_core.package_identification:_identify(install) by extension 'ignore'
[0.383s] Level 1:colcon.colcon_core.package_identification:_identify(install) ignored
[0.383s] Level 1:colcon.colcon_core.package_identification:_identify(log) by extensions ['ignore', 'ignore_ament_install']
[0.383s] Level 1:colcon.colcon_core.package_identification:_identify(log) by extension 'ignore'
[0.383s] Level 1:colcon.colcon_core.package_identification:_identify(log) ignored
[0.383s] Level 1:colcon.colcon_core.package_discovery:discover_packages(recursive) using defaults
[0.383s] Level 1:colcon.colcon_core.package_discovery:discover_packages(ignore) discover
[0.383s] Level 1:colcon.colcon_core.package_discovery:discover_packages(ignore) using defaults
[0.383s] Level 1:colcon.colcon_core.package_discovery:discover_packages(path) discover
[0.383s] Level 1:colcon.colcon_core.package_discovery:discover_packages(path) using defaults
[0.412s] INFO:colcon.colcon_core.package_selection:Skipping not selected package 'tutorial_interfaces' in 'ex01/tutorial_interfaces'
[0.412s] INFO:colcon.colcon_core.package_selection:Skipping not selected package 'service_full_name' in 'ex01/service_full_name'
[0.412s] Level 1:colcon.colcon_core.package_discovery:discover_packages(prefix_path) check parameters
[0.412s] Level 1:colcon.colcon_core.package_discovery:discover_packages(prefix_path) discover
[0.418s] DEBUG:colcon.colcon_installed_package_information.package_discovery:Found 286 installed packages in /opt/ros/jazzy
[0.420s] Level 1:colcon.colcon_core.package_discovery:discover_packages(prefix_path) using defaults
[0.510s] Level 5:colcon.colcon_core.verb:set package 'move_to_goal' build argument 'cmake_args' from command line to 'None'
[0.510s] Level 5:colcon.colcon_core.verb:set package 'move_to_goal' build argument 'cmake_target' from command line to 'None'
[0.510s] Level 5:colcon.colcon_core.verb:set package 'move_to_goal' build argument 'cmake_target_skip_unavailable' from command line to 'False'
[0.510s] Level 5:colcon.colcon_core.verb:set package 'move_to_goal' build argument 'cmake_clean_cache' from command line to 'False'
[0.510s] Level 5:colcon.colcon_core.verb:set package 'move_to_goal' build argument 'cmake_clean_first' from command line to 'False'
[0.510s] Level 5:colcon.colcon_core.verb:set package 'move_to_goal' build argument 'cmake_force_configure' from command line to 'False'
[0.510s] Level 5:colcon.colcon_core.verb:set package 'move_to_goal' build argument 'ament_cmake_args' from command line to 'None'
[0.510s] Level 5:colcon.colcon_core.verb:set package 'move_to_goal' build argument 'catkin_cmake_args' from command line to 'None'
[0.510s] Level 5:colcon.colcon_core.verb:set package 'move_to_goal' build argument 'catkin_skip_building_tests' from command line to 'False'
[0.510s] DEBUG:colcon.colcon_core.verb:Building package 'move_to_goal' with the following arguments: {'ament_cmake_args': None, 'build_base': '/home/alexandra/Robotics/module03/build/move_to_goal', 'catkin_cmake_args': None, 'catkin_skip_building_tests': False, 'cmake_args': None, 'cmake_clean_cache': False, 'cmake_clean_first': False, 'cmake_force_configure': False, 'cmake_target': None, 'cmake_target_skip_unavailable': False, 'install_base': '/home/alexandra/Robotics/module03/install/move_to_goal', 'merge_install': False, 'path': '/home/alexandra/Robotics/module03/ex04/move_to_goal', 'symlink_install': False, 'test_result_base': None}
[0.510s] INFO:colcon.colcon_core.executor:Executing jobs using 'parallel' executor
[0.511s] DEBUG:colcon.colcon_parallel_executor.executor.parallel:run_until_complete
[0.511s] INFO:colcon.colcon_ros.task.ament_python.build:Building ROS package in '/home/alexandra/Robotics/module03/ex04/move_to_goal' with build type 'ament_python'
[0.511s] Level 1:colcon.colcon_core.shell:create_environment_hook('move_to_goal', 'ament_prefix_path')
[0.518s] INFO:colcon.colcon_core.plugin_system:Skipping extension 'colcon_core.shell.bat': Not used on non-Windows systems
[0.518s] INFO:colcon.colcon_core.shell:Creating environment hook '/home/alexandra/Robotics/module03/install/move_to_goal/share/move_to_goal/hook/ament_prefix_path.ps1'
[0.521s] INFO:colcon.colcon_core.shell:Creating environment descriptor '/home/alexandra/Robotics/module03/install/move_to_goal/share/move_to_goal/hook/ament_prefix_path.dsv'
[0.522s] INFO:colcon.colcon_core.shell:Creating environment hook '/home/alexandra/Robotics/module03/install/move_to_goal/share/move_to_goal/hook/ament_prefix_path.sh'
[0.522s] INFO:colcon.colcon_core.shell:Skip shell extension 'powershell' for command environment: Not usable outside of PowerShell
[0.523s] DEBUG:colcon.colcon_core.shell:Skip shell extension 'dsv' for command environment
[0.739s] INFO:colcon.colcon_core.task.python.build:Building Python package in '/home/alexandra/Robotics/module03/ex04/move_to_goal'
[0.739s] INFO:colcon.colcon_core.shell:Skip shell extension 'powershell' for command environment: Not usable outside of PowerShell
[0.739s] DEBUG:colcon.colcon_core.shell:Skip shell extension 'dsv' for command environment
[1.679s] DEBUG:colcon.colcon_core.event_handler.log_command:Invoking command in '/home/alexandra/Robotics/module03/ex04/move_to_goal': PYTHONPATH=/home/alexandra/Robotics/module03/build/move_to_goal/prefix_override:/usr/lib/python3/dist-packages/colcon_core/task/python/colcon_distutils_commands:/home/alexandra/Robotics/module03/install/move_to_goal/lib/python3.12/site-packages:${PYTHONPATH} /usr/bin/python3 -W ignore:setup.py install is deprecated -W ignore:easy_install command is deprecated setup.py egg_info --egg-base ../../build/move_to_goal build --build-base /home/alexandra/Robotics/module03/build/move_to_goal/build install --record /home/alexandra/Robotics/module03/build/move_to_goal/install.log --single-version-externally-managed install_data
[2.222s] DEBUG:colcon.colcon_core.event_handler.log_command:Invoked command in '/home/alexandra/Robotics/module03/ex04/move_to_goal' returned '0': PYTHONPATH=/home/alexandra/Robotics/module03/build/move_to_goal/prefix_override:/usr/lib/python3/dist-packages/colcon_core/task/python/colcon_distutils_commands:/home/alexandra/Robotics/module03/install/move_to_goal/lib/python3.12/site-packages:${PYTHONPATH} /usr/bin/python3 -W ignore:setup.py install is deprecated -W ignore:easy_install command is deprecated setup.py egg_info --egg-base ../../build/move_to_goal build --build-base /home/alexandra/Robotics/module03/build/move_to_goal/build install --record /home/alexandra/Robotics/module03/build/move_to_goal/install.log --single-version-externally-managed install_data
[2.229s] Level 1:colcon.colcon_core.environment:checking '/home/alexandra/Robotics/module03/install/move_to_goal' for CMake module files
[2.229s] Level 1:colcon.colcon_core.environment:checking '/home/alexandra/Robotics/module03/install/move_to_goal' for CMake config files
[2.230s] Level 1:colcon.colcon_core.environment:checking '/home/alexandra/Robotics/module03/install/move_to_goal/lib'
[2.230s] Level 1:colcon.colcon_core.environment:checking '/home/alexandra/Robotics/module03/install/move_to_goal/bin'
[2.230s] Level 1:colcon.colcon_core.environment:checking '/home/alexandra/Robotics/module03/install/move_to_goal/lib/pkgconfig/move_to_goal.pc'
[2.230s] Level 1:colcon.colcon_core.environment:checking '/home/alexandra/Robotics/module03/install/move_to_goal/lib/python3.12/site-packages'
[2.230s] Level 1:colcon.colcon_core.shell:create_environment_hook('move_to_goal', 'pythonpath')
[2.230s] INFO:colcon.colcon_core.shell:Creating environment hook '/home/alexandra/Robotics/module03/install/move_to_goal/share/move_to_goal/hook/pythonpath.ps1'
[2.231s] INFO:colcon.colcon_core.shell:Creating environment descriptor '/home/alexandra/Robotics/module03/install/move_to_goal/share/move_to_goal/hook/pythonpath.dsv'
[2.231s] INFO:colcon.colcon_core.shell:Creating environment hook '/home/alexandra/Robotics/module03/install/move_to_goal/share/move_to_goal/hook/pythonpath.sh'
[2.231s] Level 1:colcon.colcon_core.environment:checking '/home/alexandra/Robotics/module03/install/move_to_goal/bin'
[2.231s] Level 1:colcon.colcon_core.environment:create_environment_scripts_only(move_to_goal)
[2.232s] INFO:colcon.colcon_core.shell:Creating package script '/home/alexandra/Robotics/module03/install/move_to_goal/share/move_to_goal/package.ps1'
[2.232s] INFO:colcon.colcon_core.shell:Creating package descriptor '/home/alexandra/Robotics/module03/install/move_to_goal/share/move_to_goal/package.dsv'
[2.233s] INFO:colcon.colcon_core.shell:Creating package script '/home/alexandra/Robotics/module03/install/move_to_goal/share/move_to_goal/package.sh'
[2.234s] INFO:colcon.colcon_core.shell:Creating package script '/home/alexandra/Robotics/module03/install/move_to_goal/share/move_to_goal/package.bash'
[2.235s] INFO:colcon.colcon_core.shell:Creating package script '/home/alexandra/Robotics/module03/install/move_to_goal/share/move_to_goal/package.zsh'
[2.236s] Level 1:colcon.colcon_core.environment:create_file_with_runtime_dependencies(/home/alexandra/Robotics/module03/install/move_to_goal/share/colcon-core/packages/move_to_goal)
[2.237s] DEBUG:colcon.colcon_parallel_executor.executor.parallel:closing loop
[2.238s] DEBUG:colcon.colcon_parallel_executor.executor.parallel:loop closed
[2.238s] DEBUG:colcon.colcon_parallel_executor.executor.parallel:run_until_complete finished with '0'
[2.238s] DEBUG:colcon.colcon_core.event_reactor:joining thread
[2.249s] INFO:colcon.colcon_core.plugin_system:Skipping extension 'colcon_notification.desktop_notification.terminal_notifier': Not used on non-Darwin systems
[2.249s] INFO:colcon.colcon_core.plugin_system:Skipping extension 'colcon_notification.desktop_notification.win32': Not used on non-Windows systems
[2.249s] INFO:colcon.colcon_notification.desktop_notification:Sending desktop notification using 'notify2'
[2.251s] DEBUG:colcon.colcon_notification.desktop_notification.notify2:Failed to initialize notify2: org.freedesktop.DBus.Error.ServiceUnknown: The name org.freedesktop.Notifications was not provided by any .service files
[2.251s] DEBUG:colcon.colcon_core.event_reactor:joined thread
[2.251s] INFO:colcon.colcon_core.shell:Creating prefix script '/home/alexandra/Robotics/module03/install/local_setup.ps1'
[2.253s] INFO:colcon.colcon_core.shell:Creating prefix util module '/home/alexandra/Robotics/module03/install/_local_setup_util_ps1.py'
[2.254s] INFO:colcon.colcon_core.shell:Creating prefix chain script '/home/alexandra/Robotics/module03/install/setup.ps1'
[2.255s] INFO:colcon.colcon_core.shell:Creating prefix script '/home/alexandra/Robotics/module03/install/local_setup.sh'
[2.255s] INFO:colcon.colcon_core.shell:Creating prefix util module '/home/alexandra/Robotics/module03/install/_local_setup_util_sh.py'
[2.256s] INFO:colcon.colcon_core.shell:Creating prefix chain script '/home/alexandra/Robotics/module03/install/setup.sh'
[2.257s] INFO:colcon.colcon_core.shell:Creating prefix script '/home/alexandra/Robotics/module03/install/local_setup.bash'
[2.257s] INFO:colcon.colcon_core.shell:Creating prefix chain script '/home/alexandra/Robotics/module03/install/setup.bash'
[2.258s] INFO:colcon.colcon_core.shell:Creating prefix script '/home/alexandra/Robotics/module03/install/local_setup.zsh'
[2.259s] INFO:colcon.colcon_core.shell:Creating prefix chain script '/home/alexandra/Robotics/module03/install/setup.zsh'
