-- Found ament_cmake: 2.5.4 (/opt/ros/jazzy/share/ament_cmake/cmake)
-- Found rclpy: 7.1.5 (/opt/ros/jazzy/share/rclpy/cmake)
-- Found std_msgs: 5.3.6 (/opt/ros/jazzy/share/std_msgs/cmake)
-- Found rosidl_generator_c: 4.6.6 (/opt/ros/jazzy/share/rosidl_generator_c/cmake)
-- Found rosidl_generator_cpp: 4.6.6 (/opt/ros/jazzy/share/rosidl_generator_cpp/cmake)
-- Using all available rosidl_typesupport_c: rosidl_typesupport_fastrtps_c;rosidl_typesupport_introspection_c
-- Using all available rosidl_typesupport_cpp: rosidl_typesupport_fastrtps_cpp;rosidl_typesupport_introspection_cpp
-- Found geometry_msgs: 5.3.6 (/opt/ros/jazzy/share/geometry_msgs/cmake)
-- Found turtlesim: 1.8.3 (/opt/ros/jazzy/share/turtlesim/cmake)
-- Found tf2_ros: 0.36.16 (/opt/ros/jazzy/share/tf2_ros/cmake)
-- Found rmw_implementation_cmake: 7.3.2 (/opt/ros/jazzy/share/rmw_implementation_cmake/cmake)
-- Found rmw_fastrtps_cpp: 8.4.3 (/opt/ros/jazzy/share/rmw_fastrtps_cpp/cmake)
-- Using RMW implementation 'rmw_fastrtps_cpp' as default
-- Found rosidl_default_generators: 1.6.0 (/opt/ros/jazzy/share/rosidl_default_generators/cmake)
-- Found rosidl_adapter: 4.6.6 (/opt/ros/jazzy/share/rosidl_adapter/cmake)
-- Found ament_cmake_ros: 0.12.0 (/opt/ros/jazzy/share/ament_cmake_ros/cmake)
-- Using all available rosidl_typesupport_c: rosidl_typesupport_fastrtps_c;rosidl_typesupport_introspection_c
-- Using all available rosidl_typesupport_cpp: rosidl_typesupport_fastrtps_cpp;rosidl_typesupport_introspection_cpp
-- Found python_cmake_module: 0.11.1 (/opt/ros/jazzy/share/python_cmake_module/cmake)
-- Found PythonExtra: /usr/bin/python3  
-- Found Python3: /usr/bin/python3 (found version "3.12.3") found components: Interpreter Development NumPy Development.Module Development.Embed 
-- Configuring done (3.7s)
-- Generating done (0.1s)
-- Build files have been written to: /home/alexandra/Robotics/module04/ex02b/build/turtle_multi_target
[  2%] [34m[1mGenerating type hashes for ROS interfaces[0m
[  2%] Built target ament_cmake_python_copy_turtle_multi_target
[  2%] Built target turtle_multi_target__rosidl_generator_type_description
[  5%] [34m[1mGenerating C code for ROS interfaces[0m
[  8%] [34m[1mGenerating C++ code for ROS interfaces[0m
running egg_info
creating turtle_multi_target.egg-info
writing turtle_multi_target.egg-info/PKG-INFO
writing dependency_links to turtle_multi_target.egg-info/dependency_links.txt
writing top-level names to turtle_multi_target.egg-info/top_level.txt
writing manifest file 'turtle_multi_target.egg-info/SOURCES.txt'
reading manifest file 'turtle_multi_target.egg-info/SOURCES.txt'
writing manifest file 'turtle_multi_target.egg-info/SOURCES.txt'
[  8%] Built target ament_cmake_python_build_turtle_multi_target_egg
[  8%] Built target turtle_multi_target__cpp
[ 17%] [32mBuilding C object CMakeFiles/turtle_multi_target__rosidl_generator_c.dir/rosidl_generator_c/turtle_multi_target/msg/detail/current_target__functions.c.o[0m
[ 17%] [32mBuilding C object CMakeFiles/turtle_multi_target__rosidl_generator_c.dir/rosidl_generator_c/turtle_multi_target/msg/detail/current_target__description.c.o[0m
[ 17%] [32mBuilding C object CMakeFiles/turtle_multi_target__rosidl_generator_c.dir/rosidl_generator_c/turtle_multi_target/msg/detail/current_target__type_support.c.o[0m
[ 20%] [32m[1mLinking C shared library libturtle_multi_target__rosidl_generator_c.so[0m
[ 20%] Built target turtle_multi_target__rosidl_generator_c
[ 32%] [34m[1mGenerating C++ type support dispatch for ROS interfaces[0m
[ 32%] [34m[1mGenerating C type support for eProsima Fast-RTPS[0m
[ 32%] [34m[1mGenerating C introspection for ROS interfaces[0m
[ 32%] [34m[1mGenerating C++ type support for eProsima Fast-RTPS[0m
[ 35%] [34m[1mGenerating C type support dispatch for ROS interfaces[0m
[ 38%] [34m[1mGenerating C++ introspection for ROS interfaces[0m
[ 41%] [32mBuilding CXX object CMakeFiles/turtle_multi_target__rosidl_typesupport_cpp.dir/rosidl_typesupport_cpp/turtle_multi_target/msg/current_target__type_support.cpp.o[0m
[ 44%] [32mBuilding C object CMakeFiles/turtle_multi_target__rosidl_typesupport_introspection_c.dir/rosidl_typesupport_introspection_c/turtle_multi_target/msg/detail/current_target__type_support.c.o[0m
[ 47%] [32mBuilding CXX object CMakeFiles/turtle_multi_target__rosidl_typesupport_c.dir/rosidl_typesupport_c/turtle_multi_target/msg/current_target__type_support.cpp.o[0m
[ 50%] [32mBuilding CXX object CMakeFiles/turtle_multi_target__rosidl_typesupport_fastrtps_cpp.dir/rosidl_typesupport_fastrtps_cpp/turtle_multi_target/msg/detail/dds_fastrtps/current_target__type_support.cpp.o[0m
[ 52%] [32mBuilding CXX object CMakeFiles/turtle_multi_target__rosidl_typesupport_introspection_cpp.dir/rosidl_typesupport_introspection_cpp/turtle_multi_target/msg/detail/current_target__type_support.cpp.o[0m
[ 55%] [32m[1mLinking C shared library libturtle_multi_target__rosidl_typesupport_introspection_c.so[0m
[ 58%] [32mBuilding CXX object CMakeFiles/turtle_multi_target__rosidl_typesupport_fastrtps_c.dir/rosidl_typesupport_fastrtps_c/turtle_multi_target/msg/detail/current_target__type_support_c.cpp.o[0m
[ 61%] [32m[1mLinking CXX shared library libturtle_multi_target__rosidl_typesupport_c.so[0m
[ 61%] Built target turtle_multi_target__rosidl_typesupport_introspection_c
[ 61%] Built target turtle_multi_target__rosidl_typesupport_c
[ 64%] [32m[1mLinking CXX shared library libturtle_multi_target__rosidl_typesupport_cpp.so[0m
[ 67%] [32m[1mLinking CXX shared library libturtle_multi_target__rosidl_typesupport_introspection_cpp.so[0m
[ 67%] Built target turtle_multi_target__rosidl_typesupport_cpp
[ 70%] [32m[1mLinking CXX shared library libturtle_multi_target__rosidl_typesupport_fastrtps_c.so[0m
[ 73%] [32m[1mLinking CXX shared library libturtle_multi_target__rosidl_typesupport_fastrtps_cpp.so[0m
[ 73%] Built target turtle_multi_target__rosidl_typesupport_introspection_cpp
[ 73%] Built target turtle_multi_target__rosidl_typesupport_fastrtps_c
[ 73%] Built target turtle_multi_target__rosidl_typesupport_fastrtps_cpp
[ 73%] Built target turtle_multi_target
[ 76%] [34m[1mGenerating Python code for ROS interfaces[0m
[ 76%] Built target turtle_multi_target__py
[ 79%] [32mBuilding C object CMakeFiles/turtle_multi_target__rosidl_generator_py.dir/rosidl_generator_py/turtle_multi_target/msg/_current_target_s.c.o[0m
[ 82%] [32m[1mLinking C shared library libturtle_multi_target__rosidl_generator_py.so[0m
[ 82%] Built target turtle_multi_target__rosidl_generator_py
[ 88%] [32mBuilding C object CMakeFiles/turtle_multi_target_s__rosidl_typesupport_fastrtps_c.dir/rosidl_generator_py/turtle_multi_target/_turtle_multi_target_s.ep.rosidl_typesupport_fastrtps_c.c.o[0m
[ 88%] [32mBuilding C object CMakeFiles/turtle_multi_target_s__rosidl_typesupport_introspection_c.dir/rosidl_generator_py/turtle_multi_target/_turtle_multi_target_s.ep.rosidl_typesupport_introspection_c.c.o[0m
[ 91%] [32mBuilding C object CMakeFiles/turtle_multi_target_s__rosidl_typesupport_c.dir/rosidl_generator_py/turtle_multi_target/_turtle_multi_target_s.ep.rosidl_typesupport_c.c.o[0m
[ 94%] [32m[1mLinking C shared module rosidl_generator_py/turtle_multi_target/turtle_multi_target_s__rosidl_typesupport_introspection_c.so[0m
[ 97%] [32m[1mLinking C shared module rosidl_generator_py/turtle_multi_target/turtle_multi_target_s__rosidl_typesupport_c.so[0m
[100%] [32m[1mLinking C shared module rosidl_generator_py/turtle_multi_target/turtle_multi_target_s__rosidl_typesupport_fastrtps_c.so[0m
[100%] Built target turtle_multi_target_s__rosidl_typesupport_c
[100%] Built target turtle_multi_target_s__rosidl_typesupport_introspection_c
[100%] Built target turtle_multi_target_s__rosidl_typesupport_fastrtps_c
-- Install configuration: ""
-- Installing: /home/alexandra/Robotics/module04/ex02b/install/turtle_multi_target/share/ament_index/resource_index/rosidl_interfaces/turtle_multi_target
-- Installing: /home/alexandra/Robotics/module04/ex02b/install/turtle_multi_target/share/turtle_multi_target/msg/CurrentTarget.json
-- Installing: /home/alexandra/Robotics/module04/ex02b/install/turtle_multi_target/include/turtle_multi_target/turtle_multi_target
-- Installing: /home/alexandra/Robotics/module04/ex02b/install/turtle_multi_target/include/turtle_multi_target/turtle_multi_target/msg
-- Installing: /home/alexandra/Robotics/module04/ex02b/install/turtle_multi_target/include/turtle_multi_target/turtle_multi_target/msg/current_target.h
-- Installing: /home/alexandra/Robotics/module04/ex02b/install/turtle_multi_target/include/turtle_multi_target/turtle_multi_target/msg/rosidl_generator_c__visibility_control.h
-- Installing: /home/alexandra/Robotics/module04/ex02b/install/turtle_multi_target/include/turtle_multi_target/turtle_multi_target/msg/detail
-- Installing: /home/alexandra/Robotics/module04/ex02b/install/turtle_multi_target/include/turtle_multi_target/turtle_multi_target/msg/detail/current_target__description.c
-- Installing: /home/alexandra/Robotics/module04/ex02b/install/turtle_multi_target/include/turtle_multi_target/turtle_multi_target/msg/detail/current_target__type_support.c
-- Installing: /home/alexandra/Robotics/module04/ex02b/install/turtle_multi_target/include/turtle_multi_target/turtle_multi_target/msg/detail/current_target__functions.h
-- Installing: /home/alexandra/Robotics/module04/ex02b/install/turtle_multi_target/include/turtle_multi_target/turtle_multi_target/msg/detail/current_target__struct.h
-- Installing: /home/alexandra/Robotics/module04/ex02b/install/turtle_multi_target/include/turtle_multi_target/turtle_multi_target/msg/detail/current_target__type_support.h
-- Installing: /home/alexandra/Robotics/module04/ex02b/install/turtle_multi_target/include/turtle_multi_target/turtle_multi_target/msg/detail/current_target__functions.c
-- Installing: /home/alexandra/Robotics/module04/ex02b/install/turtle_multi_target/share/turtle_multi_target/environment/library_path.sh
-- Installing: /home/alexandra/Robotics/module04/ex02b/install/turtle_multi_target/share/turtle_multi_target/environment/library_path.dsv
-- Installing: /home/alexandra/Robotics/module04/ex02b/install/turtle_multi_target/lib/libturtle_multi_target__rosidl_generator_c.so
-- Set non-toolchain portion of runtime path of "/home/alexandra/Robotics/module04/ex02b/install/turtle_multi_target/lib/libturtle_multi_target__rosidl_generator_c.so" to ""
-- Up-to-date: /home/alexandra/Robotics/module04/ex02b/install/turtle_multi_target/include/turtle_multi_target/turtle_multi_target
-- Up-to-date: /home/alexandra/Robotics/module04/ex02b/install/turtle_multi_target/include/turtle_multi_target/turtle_multi_target/msg
-- Installing: /home/alexandra/Robotics/module04/ex02b/install/turtle_multi_target/include/turtle_multi_target/turtle_multi_target/msg/rosidl_typesupport_fastrtps_c__visibility_control.h
-- Up-to-date: /home/alexandra/Robotics/module04/ex02b/install/turtle_multi_target/include/turtle_multi_target/turtle_multi_target/msg/detail
-- Installing: /home/alexandra/Robotics/module04/ex02b/install/turtle_multi_target/include/turtle_multi_target/turtle_multi_target/msg/detail/current_target__rosidl_typesupport_fastrtps_c.h
-- Installing: /home/alexandra/Robotics/module04/ex02b/install/turtle_multi_target/lib/libturtle_multi_target__rosidl_typesupport_fastrtps_c.so
-- Set non-toolchain portion of runtime path of "/home/alexandra/Robotics/module04/ex02b/install/turtle_multi_target/lib/libturtle_multi_target__rosidl_typesupport_fastrtps_c.so" to ""
-- Up-to-date: /home/alexandra/Robotics/module04/ex02b/install/turtle_multi_target/include/turtle_multi_target/turtle_multi_target
-- Up-to-date: /home/alexandra/Robotics/module04/ex02b/install/turtle_multi_target/include/turtle_multi_target/turtle_multi_target/msg
-- Installing: /home/alexandra/Robotics/module04/ex02b/install/turtle_multi_target/include/turtle_multi_target/turtle_multi_target/msg/rosidl_generator_cpp__visibility_control.hpp
-- Installing: /home/alexandra/Robotics/module04/ex02b/install/turtle_multi_target/include/turtle_multi_target/turtle_multi_target/msg/current_target.hpp
-- Up-to-date: /home/alexandra/Robotics/module04/ex02b/install/turtle_multi_target/include/turtle_multi_target/turtle_multi_target/msg/detail
-- Installing: /home/alexandra/Robotics/module04/ex02b/install/turtle_multi_target/include/turtle_multi_target/turtle_multi_target/msg/detail/current_target__builder.hpp
-- Installing: /home/alexandra/Robotics/module04/ex02b/install/turtle_multi_target/include/turtle_multi_target/turtle_multi_target/msg/detail/current_target__type_support.hpp
-- Installing: /home/alexandra/Robotics/module04/ex02b/install/turtle_multi_target/include/turtle_multi_target/turtle_multi_target/msg/detail/current_target__struct.hpp
-- Installing: /home/alexandra/Robotics/module04/ex02b/install/turtle_multi_target/include/turtle_multi_target/turtle_multi_target/msg/detail/current_target__traits.hpp
-- Up-to-date: /home/alexandra/Robotics/module04/ex02b/install/turtle_multi_target/include/turtle_multi_target/turtle_multi_target
-- Up-to-date: /home/alexandra/Robotics/module04/ex02b/install/turtle_multi_target/include/turtle_multi_target/turtle_multi_target/msg
-- Installing: /home/alexandra/Robotics/module04/ex02b/install/turtle_multi_target/include/turtle_multi_target/turtle_multi_target/msg/rosidl_typesupport_fastrtps_cpp__visibility_control.h
-- Up-to-date: /home/alexandra/Robotics/module04/ex02b/install/turtle_multi_target/include/turtle_multi_target/turtle_multi_target/msg/detail
-- Installing: /home/alexandra/Robotics/module04/ex02b/install/turtle_multi_target/include/turtle_multi_target/turtle_multi_target/msg/detail/dds_fastrtps
-- Installing: /home/alexandra/Robotics/module04/ex02b/install/turtle_multi_target/include/turtle_multi_target/turtle_multi_target/msg/detail/current_target__rosidl_typesupport_fastrtps_cpp.hpp
-- Installing: /home/alexandra/Robotics/module04/ex02b/install/turtle_multi_target/lib/libturtle_multi_target__rosidl_typesupport_fastrtps_cpp.so
-- Set non-toolchain portion of runtime path of "/home/alexandra/Robotics/module04/ex02b/install/turtle_multi_target/lib/libturtle_multi_target__rosidl_typesupport_fastrtps_cpp.so" to ""
-- Up-to-date: /home/alexandra/Robotics/module04/ex02b/install/turtle_multi_target/include/turtle_multi_target/turtle_multi_target
-- Up-to-date: /home/alexandra/Robotics/module04/ex02b/install/turtle_multi_target/include/turtle_multi_target/turtle_multi_target/msg
-- Installing: /home/alexandra/Robotics/module04/ex02b/install/turtle_multi_target/include/turtle_multi_target/turtle_multi_target/msg/rosidl_typesupport_introspection_c__visibility_control.h
-- Up-to-date: /home/alexandra/Robotics/module04/ex02b/install/turtle_multi_target/include/turtle_multi_target/turtle_multi_target/msg/detail
-- Installing: /home/alexandra/Robotics/module04/ex02b/install/turtle_multi_target/include/turtle_multi_target/turtle_multi_target/msg/detail/current_target__rosidl_typesupport_introspection_c.h
-- Installing: /home/alexandra/Robotics/module04/ex02b/install/turtle_multi_target/include/turtle_multi_target/turtle_multi_target/msg/detail/current_target__type_support.c
-- Installing: /home/alexandra/Robotics/module04/ex02b/install/turtle_multi_target/lib/libturtle_multi_target__rosidl_typesupport_introspection_c.so
-- Set non-toolchain portion of runtime path of "/home/alexandra/Robotics/module04/ex02b/install/turtle_multi_target/lib/libturtle_multi_target__rosidl_typesupport_introspection_c.so" to ""
-- Installing: /home/alexandra/Robotics/module04/ex02b/install/turtle_multi_target/lib/libturtle_multi_target__rosidl_typesupport_c.so
-- Set non-toolchain portion of runtime path of "/home/alexandra/Robotics/module04/ex02b/install/turtle_multi_target/lib/libturtle_multi_target__rosidl_typesupport_c.so" to ""
-- Up-to-date: /home/alexandra/Robotics/module04/ex02b/install/turtle_multi_target/include/turtle_multi_target/turtle_multi_target
-- Up-to-date: /home/alexandra/Robotics/module04/ex02b/install/turtle_multi_target/include/turtle_multi_target/turtle_multi_target/msg
-- Up-to-date: /home/alexandra/Robotics/module04/ex02b/install/turtle_multi_target/include/turtle_multi_target/turtle_multi_target/msg/detail
-- Installing: /home/alexandra/Robotics/module04/ex02b/install/turtle_multi_target/include/turtle_multi_target/turtle_multi_target/msg/detail/current_target__type_support.cpp
-- Installing: /home/alexandra/Robotics/module04/ex02b/install/turtle_multi_target/include/turtle_multi_target/turtle_multi_target/msg/detail/current_target__rosidl_typesupport_introspection_cpp.hpp
-- Installing: /home/alexandra/Robotics/module04/ex02b/install/turtle_multi_target/lib/libturtle_multi_target__rosidl_typesupport_introspection_cpp.so
-- Set non-toolchain portion of runtime path of "/home/alexandra/Robotics/module04/ex02b/install/turtle_multi_target/lib/libturtle_multi_target__rosidl_typesupport_introspection_cpp.so" to ""
-- Installing: /home/alexandra/Robotics/module04/ex02b/install/turtle_multi_target/lib/libturtle_multi_target__rosidl_typesupport_cpp.so
-- Set non-toolchain portion of runtime path of "/home/alexandra/Robotics/module04/ex02b/install/turtle_multi_target/lib/libturtle_multi_target__rosidl_typesupport_cpp.so" to ""
-- Installing: /home/alexandra/Robotics/module04/ex02b/install/turtle_multi_target/share/turtle_multi_target/environment/pythonpath.sh
-- Installing: /home/alexandra/Robotics/module04/ex02b/install/turtle_multi_target/share/turtle_multi_target/environment/pythonpath.dsv
-- Installing: /home/alexandra/Robotics/module04/ex02b/install/turtle_multi_target/lib/python3.12/site-packages/turtle_multi_target-0.0.0-py3.12.egg-info
-- Installing: /home/alexandra/Robotics/module04/ex02b/install/turtle_multi_target/lib/python3.12/site-packages/turtle_multi_target-0.0.0-py3.12.egg-info/top_level.txt
-- Installing: /home/alexandra/Robotics/module04/ex02b/install/turtle_multi_target/lib/python3.12/site-packages/turtle_multi_target-0.0.0-py3.12.egg-info/dependency_links.txt
-- Installing: /home/alexandra/Robotics/module04/ex02b/install/turtle_multi_target/lib/python3.12/site-packages/turtle_multi_target-0.0.0-py3.12.egg-info/SOURCES.txt
-- Installing: /home/alexandra/Robotics/module04/ex02b/install/turtle_multi_target/lib/python3.12/site-packages/turtle_multi_target-0.0.0-py3.12.egg-info/PKG-INFO
-- Installing: /home/alexandra/Robotics/module04/ex02b/install/turtle_multi_target/lib/python3.12/site-packages/turtle_multi_target
-- Installing: /home/alexandra/Robotics/module04/ex02b/install/turtle_multi_target/lib/python3.12/site-packages/turtle_multi_target/_turtle_multi_target_s.ep.rosidl_typesupport_introspection_c.c
-- Installing: /home/alexandra/Robotics/module04/ex02b/install/turtle_multi_target/lib/python3.12/site-packages/turtle_multi_target/turtle_multi_target_s__rosidl_typesupport_c.so
-- Installing: /home/alexandra/Robotics/module04/ex02b/install/turtle_multi_target/lib/python3.12/site-packages/turtle_multi_target/turtle_multi_target_s__rosidl_typesupport_introspection_c.so
-- Installing: /home/alexandra/Robotics/module04/ex02b/install/turtle_multi_target/lib/python3.12/site-packages/turtle_multi_target/_turtle_multi_target_s.ep.rosidl_typesupport_fastrtps_c.c
-- Installing: /home/alexandra/Robotics/module04/ex02b/install/turtle_multi_target/lib/python3.12/site-packages/turtle_multi_target/msg
-- Installing: /home/alexandra/Robotics/module04/ex02b/install/turtle_multi_target/lib/python3.12/site-packages/turtle_multi_target/msg/_current_target.py
-- Installing: /home/alexandra/Robotics/module04/ex02b/install/turtle_multi_target/lib/python3.12/site-packages/turtle_multi_target/msg/__init__.py
-- Installing: /home/alexandra/Robotics/module04/ex02b/install/turtle_multi_target/lib/python3.12/site-packages/turtle_multi_target/msg/_current_target_s.c
-- Installing: /home/alexandra/Robotics/module04/ex02b/install/turtle_multi_target/lib/python3.12/site-packages/turtle_multi_target/_turtle_multi_target_s.ep.rosidl_typesupport_c.c
-- Installing: /home/alexandra/Robotics/module04/ex02b/install/turtle_multi_target/lib/python3.12/site-packages/turtle_multi_target/__init__.py
-- Installing: /home/alexandra/Robotics/module04/ex02b/install/turtle_multi_target/lib/python3.12/site-packages/turtle_multi_target/turtle_multi_target_s__rosidl_typesupport_fastrtps_c.so
Listing '/home/alexandra/Robotics/module04/ex02b/install/turtle_multi_target/lib/python3.12/site-packages/turtle_multi_target'...
Compiling '/home/alexandra/Robotics/module04/ex02b/install/turtle_multi_target/lib/python3.12/site-packages/turtle_multi_target/__init__.py'...
Listing '/home/alexandra/Robotics/module04/ex02b/install/turtle_multi_target/lib/python3.12/site-packages/turtle_multi_target/msg'...
Compiling '/home/alexandra/Robotics/module04/ex02b/install/turtle_multi_target/lib/python3.12/site-packages/turtle_multi_target/msg/__init__.py'...
Compiling '/home/alexandra/Robotics/module04/ex02b/install/turtle_multi_target/lib/python3.12/site-packages/turtle_multi_target/msg/_current_target.py'...
-- Installing: /home/alexandra/Robotics/module04/ex02b/install/turtle_multi_target/lib/python3.12/site-packages/turtle_multi_target/turtle_multi_target_s__rosidl_typesupport_fastrtps_c.so
-- Set non-toolchain portion of runtime path of "/home/alexandra/Robotics/module04/ex02b/install/turtle_multi_target/lib/python3.12/site-packages/turtle_multi_target/turtle_multi_target_s__rosidl_typesupport_fastrtps_c.so" to ""
-- Installing: /home/alexandra/Robotics/module04/ex02b/install/turtle_multi_target/lib/python3.12/site-packages/turtle_multi_target/turtle_multi_target_s__rosidl_typesupport_introspection_c.so
-- Set non-toolchain portion of runtime path of "/home/alexandra/Robotics/module04/ex02b/install/turtle_multi_target/lib/python3.12/site-packages/turtle_multi_target/turtle_multi_target_s__rosidl_typesupport_introspection_c.so" to ""
-- Installing: /home/alexandra/Robotics/module04/ex02b/install/turtle_multi_target/lib/python3.12/site-packages/turtle_multi_target/turtle_multi_target_s__rosidl_typesupport_c.so
-- Set non-toolchain portion of runtime path of "/home/alexandra/Robotics/module04/ex02b/install/turtle_multi_target/lib/python3.12/site-packages/turtle_multi_target/turtle_multi_target_s__rosidl_typesupport_c.so" to ""
-- Installing: /home/alexandra/Robotics/module04/ex02b/install/turtle_multi_target/lib/libturtle_multi_target__rosidl_generator_py.so
-- Set non-toolchain portion of runtime path of "/home/alexandra/Robotics/module04/ex02b/install/turtle_multi_target/lib/libturtle_multi_target__rosidl_generator_py.so" to ""
-- Installing: /home/alexandra/Robotics/module04/ex02b/install/turtle_multi_target/share/turtle_multi_target/msg/CurrentTarget.idl
-- Installing: /home/alexandra/Robotics/module04/ex02b/install/turtle_multi_target/share/turtle_multi_target/msg/CurrentTarget.msg
-- Installing: /home/alexandra/Robotics/module04/ex02b/install/turtle_multi_target/lib/turtle_multi_target/target_switcher.py
-- Installing: /home/alexandra/Robotics/module04/ex02b/install/turtle_multi_target/lib/turtle_multi_target/turtle_controller.py
-- Installing: /home/alexandra/Robotics/module04/ex02b/install/turtle_multi_target/share/ament_index/resource_index/package_run_dependencies/turtle_multi_target
-- Installing: /home/alexandra/Robotics/module04/ex02b/install/turtle_multi_target/share/ament_index/resource_index/parent_prefix_path/turtle_multi_target
-- Installing: /home/alexandra/Robotics/module04/ex02b/install/turtle_multi_target/share/turtle_multi_target/environment/ament_prefix_path.sh
-- Installing: /home/alexandra/Robotics/module04/ex02b/install/turtle_multi_target/share/turtle_multi_target/environment/ament_prefix_path.dsv
-- Installing: /home/alexandra/Robotics/module04/ex02b/install/turtle_multi_target/share/turtle_multi_target/environment/path.sh
-- Installing: /home/alexandra/Robotics/module04/ex02b/install/turtle_multi_target/share/turtle_multi_target/environment/path.dsv
-- Installing: /home/alexandra/Robotics/module04/ex02b/install/turtle_multi_target/share/turtle_multi_target/local_setup.bash
-- Installing: /home/alexandra/Robotics/module04/ex02b/install/turtle_multi_target/share/turtle_multi_target/local_setup.sh
-- Installing: /home/alexandra/Robotics/module04/ex02b/install/turtle_multi_target/share/turtle_multi_target/local_setup.zsh
-- Installing: /home/alexandra/Robotics/module04/ex02b/install/turtle_multi_target/share/turtle_multi_target/local_setup.dsv
-- Installing: /home/alexandra/Robotics/module04/ex02b/install/turtle_multi_target/share/turtle_multi_target/package.dsv
-- Installing: /home/alexandra/Robotics/module04/ex02b/install/turtle_multi_target/share/ament_index/resource_index/packages/turtle_multi_target
-- Installing: /home/alexandra/Robotics/module04/ex02b/install/turtle_multi_target/share/turtle_multi_target/cmake/export_turtle_multi_target__rosidl_generator_cExport.cmake
-- Installing: /home/alexandra/Robotics/module04/ex02b/install/turtle_multi_target/share/turtle_multi_target/cmake/export_turtle_multi_target__rosidl_generator_cExport-noconfig.cmake
-- Installing: /home/alexandra/Robotics/module04/ex02b/install/turtle_multi_target/share/turtle_multi_target/cmake/export_turtle_multi_target__rosidl_typesupport_fastrtps_cExport.cmake
-- Installing: /home/alexandra/Robotics/module04/ex02b/install/turtle_multi_target/share/turtle_multi_target/cmake/export_turtle_multi_target__rosidl_typesupport_fastrtps_cExport-noconfig.cmake
-- Installing: /home/alexandra/Robotics/module04/ex02b/install/turtle_multi_target/share/turtle_multi_target/cmake/export_turtle_multi_target__rosidl_generator_cppExport.cmake
-- Installing: /home/alexandra/Robotics/module04/ex02b/install/turtle_multi_target/share/turtle_multi_target/cmake/export_turtle_multi_target__rosidl_typesupport_fastrtps_cppExport.cmake
-- Installing: /home/alexandra/Robotics/module04/ex02b/install/turtle_multi_target/share/turtle_multi_target/cmake/export_turtle_multi_target__rosidl_typesupport_fastrtps_cppExport-noconfig.cmake
-- Installing: /home/alexandra/Robotics/module04/ex02b/install/turtle_multi_target/share/turtle_multi_target/cmake/turtle_multi_target__rosidl_typesupport_introspection_cExport.cmake
-- Installing: /home/alexandra/Robotics/module04/ex02b/install/turtle_multi_target/share/turtle_multi_target/cmake/turtle_multi_target__rosidl_typesupport_introspection_cExport-noconfig.cmake
-- Installing: /home/alexandra/Robotics/module04/ex02b/install/turtle_multi_target/share/turtle_multi_target/cmake/turtle_multi_target__rosidl_typesupport_cExport.cmake
-- Installing: /home/alexandra/Robotics/module04/ex02b/install/turtle_multi_target/share/turtle_multi_target/cmake/turtle_multi_target__rosidl_typesupport_cExport-noconfig.cmake
-- Installing: /home/alexandra/Robotics/module04/ex02b/install/turtle_multi_target/share/turtle_multi_target/cmake/turtle_multi_target__rosidl_typesupport_introspection_cppExport.cmake
-- Installing: /home/alexandra/Robotics/module04/ex02b/install/turtle_multi_target/share/turtle_multi_target/cmake/turtle_multi_target__rosidl_typesupport_introspection_cppExport-noconfig.cmake
-- Installing: /home/alexandra/Robotics/module04/ex02b/install/turtle_multi_target/share/turtle_multi_target/cmake/turtle_multi_target__rosidl_typesupport_cppExport.cmake
-- Installing: /home/alexandra/Robotics/module04/ex02b/install/turtle_multi_target/share/turtle_multi_target/cmake/turtle_multi_target__rosidl_typesupport_cppExport-noconfig.cmake
-- Installing: /home/alexandra/Robotics/module04/ex02b/install/turtle_multi_target/share/turtle_multi_target/cmake/export_turtle_multi_target__rosidl_generator_pyExport.cmake
-- Installing: /home/alexandra/Robotics/module04/ex02b/install/turtle_multi_target/share/turtle_multi_target/cmake/export_turtle_multi_target__rosidl_generator_pyExport-noconfig.cmake
-- Installing: /home/alexandra/Robotics/module04/ex02b/install/turtle_multi_target/share/turtle_multi_target/cmake/rosidl_cmake-extras.cmake
-- Installing: /home/alexandra/Robotics/module04/ex02b/install/turtle_multi_target/share/turtle_multi_target/cmake/ament_cmake_export_dependencies-extras.cmake
-- Installing: /home/alexandra/Robotics/module04/ex02b/install/turtle_multi_target/share/turtle_multi_target/cmake/ament_cmake_export_include_directories-extras.cmake
-- Installing: /home/alexandra/Robotics/module04/ex02b/install/turtle_multi_target/share/turtle_multi_target/cmake/ament_cmake_export_libraries-extras.cmake
-- Installing: /home/alexandra/Robotics/module04/ex02b/install/turtle_multi_target/share/turtle_multi_target/cmake/ament_cmake_export_targets-extras.cmake
-- Installing: /home/alexandra/Robotics/module04/ex02b/install/turtle_multi_target/share/turtle_multi_target/cmake/rosidl_cmake_export_typesupport_targets-extras.cmake
-- Installing: /home/alexandra/Robotics/module04/ex02b/install/turtle_multi_target/share/turtle_multi_target/cmake/rosidl_cmake_export_typesupport_libraries-extras.cmake
-- Installing: /home/alexandra/Robotics/module04/ex02b/install/turtle_multi_target/share/turtle_multi_target/cmake/turtle_multi_targetConfig.cmake
-- Installing: /home/alexandra/Robotics/module04/ex02b/install/turtle_multi_target/share/turtle_multi_target/cmake/turtle_multi_targetConfig-version.cmake
-- Installing: /home/alexandra/Robotics/module04/ex02b/install/turtle_multi_target/share/turtle_multi_target/package.xml
