[0.848s] DEBUG:colcon:Command line arguments: ['/usr/bin/colcon', 'build', '--base-paths', 'ex09', '--packages-select', 'fullname_pkg', '--event-handlers', 'console_direct+']
[0.848s] DEBUG:colcon:Parsed command line arguments: Namespace(log_base=None, log_level=None, verb_name='build', build_base='build', install_base='install', merge_install=False, symlink_install=False, test_result_base=None, continue_on_error=False, executor='parallel', parallel_workers=12, event_handlers=['console_direct+'], ignore_user_meta=False, metas=['./colcon.meta'], base_paths=['ex09'], packages_ignore=None, packages_ignore_regex=None, paths=None, packages_up_to=None, packages_up_to_regex=None, packages_above=None, packages_above_and_dependencies=None, packages_above_depth=None, packages_select_by_dep=None, packages_skip_by_dep=None, packages_skip_up_to=None, packages_select_build_failed=False, packages_skip_build_finished=False, packages_select_test_failures=False, packages_skip_test_passed=False, packages_select=['fullname_pkg'], packages_skip=None, packages_select_regex=None, packages_skip_regex=None, packages_start=None, packages_end=None, allow_overriding=[], cmake_args=None, cmake_target=None, cmake_target_skip_unavailable=False, cmake_clean_cache=False, cmake_clean_first=False, cmake_force_configure=False, ament_cmake_args=None, catkin_cmake_args=None, catkin_skip_building_tests=False, mixin_files=None, mixin=None, verb_parser=<colcon_mixin.mixin.mixin_argument.MixinArgumentDecorator object at 0x747b1166e1b0>, verb_extension=<colcon_core.verb.build.BuildVerb object at 0x747b1166deb0>, main=<bound method BuildVerb.main of <colcon_core.verb.build.BuildVerb object at 0x747b1166deb0>>, mixin_verb=('build',))
[0.886s] Level 1:colcon.colcon_core.package_discovery:discover_packages(colcon_meta) check parameters
[0.886s] Level 1:colcon.colcon_core.package_discovery:discover_packages(recursive) check parameters
[0.886s] Level 1:colcon.colcon_core.package_discovery:discover_packages(ignore) check parameters
[0.886s] Level 1:colcon.colcon_core.package_discovery:discover_packages(path) check parameters
[0.886s] Level 1:colcon.colcon_core.package_discovery:discover_packages(recursive) discover
[0.886s] INFO:colcon.colcon_core.package_discovery:Crawling recursively for packages in '/home/alexandra/Robotics/module02/ex09'
[0.886s] Level 1:colcon.colcon_core.package_identification:_identify(ex09) by extensions ['ignore', 'ignore_ament_install']
[0.886s] Level 1:colcon.colcon_core.package_identification:_identify(ex09) by extension 'ignore'
[0.886s] Level 1:colcon.colcon_core.package_identification:_identify(ex09) by extension 'ignore_ament_install'
[0.886s] Level 1:colcon.colcon_core.package_identification:_identify(ex09) by extensions ['colcon_pkg']
[0.886s] Level 1:colcon.colcon_core.package_identification:_identify(ex09) by extension 'colcon_pkg'
[0.886s] Level 1:colcon.colcon_core.package_identification:_identify(ex09) by extensions ['colcon_meta']
[0.886s] Level 1:colcon.colcon_core.package_identification:_identify(ex09) by extension 'colcon_meta'
[0.886s] Level 1:colcon.colcon_core.package_identification:_identify(ex09) by extensions ['ros']
[0.886s] Level 1:colcon.colcon_core.package_identification:_identify(ex09) by extension 'ros'
[0.909s] Level 1:colcon.colcon_core.package_identification:_identify(ex09) by extensions ['cmake', 'python']
[0.909s] Level 1:colcon.colcon_core.package_identification:_identify(ex09) by extension 'cmake'
[0.909s] Level 1:colcon.colcon_core.package_identification:_identify(ex09) by extension 'python'
[0.909s] Level 1:colcon.colcon_core.package_identification:_identify(ex09) by extensions ['python_setup_py']
[0.909s] Level 1:colcon.colcon_core.package_identification:_identify(ex09) by extension 'python_setup_py'
[0.909s] Level 1:colcon.colcon_core.package_identification:_identify(ex09/fullname_pkg) by extensions ['ignore', 'ignore_ament_install']
[0.909s] Level 1:colcon.colcon_core.package_identification:_identify(ex09/fullname_pkg) by extension 'ignore'
[0.909s] Level 1:colcon.colcon_core.package_identification:_identify(ex09/fullname_pkg) by extension 'ignore_ament_install'
[0.909s] Level 1:colcon.colcon_core.package_identification:_identify(ex09/fullname_pkg) by extensions ['colcon_pkg']
[0.909s] Level 1:colcon.colcon_core.package_identification:_identify(ex09/fullname_pkg) by extension 'colcon_pkg'
[0.909s] Level 1:colcon.colcon_core.package_identification:_identify(ex09/fullname_pkg) by extensions ['colcon_meta']
[0.909s] Level 1:colcon.colcon_core.package_identification:_identify(ex09/fullname_pkg) by extension 'colcon_meta'
[0.909s] Level 1:colcon.colcon_core.package_identification:_identify(ex09/fullname_pkg) by extensions ['ros']
[0.909s] Level 1:colcon.colcon_core.package_identification:_identify(ex09/fullname_pkg) by extension 'ros'
[0.911s] DEBUG:colcon.colcon_core.package_identification:Package 'ex09/fullname_pkg' with type 'ros.ament_cmake' and name 'fullname_pkg'
[0.911s] Level 1:colcon.colcon_core.package_discovery:discover_packages(recursive) using defaults
[0.926s] Level 1:colcon.colcon_core.package_discovery:discover_packages(prefix_path) check parameters
[0.926s] Level 1:colcon.colcon_core.package_discovery:discover_packages(prefix_path) discover
[0.929s] DEBUG:colcon.colcon_installed_package_information.package_discovery:Found 286 installed packages in /opt/ros/jazzy
[0.930s] Level 1:colcon.colcon_core.package_discovery:discover_packages(prefix_path) using defaults
[0.967s] Level 5:colcon.colcon_core.verb:set package 'fullname_pkg' build argument 'cmake_args' from command line to 'None'
[0.967s] Level 5:colcon.colcon_core.verb:set package 'fullname_pkg' build argument 'cmake_target' from command line to 'None'
[0.967s] Level 5:colcon.colcon_core.verb:set package 'fullname_pkg' build argument 'cmake_target_skip_unavailable' from command line to 'False'
[0.967s] Level 5:colcon.colcon_core.verb:set package 'fullname_pkg' build argument 'cmake_clean_cache' from command line to 'False'
[0.967s] Level 5:colcon.colcon_core.verb:set package 'fullname_pkg' build argument 'cmake_clean_first' from command line to 'False'
[0.967s] Level 5:colcon.colcon_core.verb:set package 'fullname_pkg' build argument 'cmake_force_configure' from command line to 'False'
[0.967s] Level 5:colcon.colcon_core.verb:set package 'fullname_pkg' build argument 'ament_cmake_args' from command line to 'None'
[0.967s] Level 5:colcon.colcon_core.verb:set package 'fullname_pkg' build argument 'catkin_cmake_args' from command line to 'None'
[0.967s] Level 5:colcon.colcon_core.verb:set package 'fullname_pkg' build argument 'catkin_skip_building_tests' from command line to 'False'
[0.967s] DEBUG:colcon.colcon_core.verb:Building package 'fullname_pkg' with the following arguments: {'ament_cmake_args': None, 'build_base': '/home/alexandra/Robotics/module02/build/fullname_pkg', 'catkin_cmake_args': None, 'catkin_skip_building_tests': False, 'cmake_args': None, 'cmake_clean_cache': False, 'cmake_clean_first': False, 'cmake_force_configure': False, 'cmake_target': None, 'cmake_target_skip_unavailable': False, 'install_base': '/home/alexandra/Robotics/module02/install/fullname_pkg', 'merge_install': False, 'path': '/home/alexandra/Robotics/module02/ex09/fullname_pkg', 'symlink_install': False, 'test_result_base': None}
[0.967s] INFO:colcon.colcon_core.executor:Executing jobs using 'parallel' executor
[0.968s] DEBUG:colcon.colcon_parallel_executor.executor.parallel:run_until_complete
[0.968s] INFO:colcon.colcon_ros.task.ament_cmake.build:Building ROS package in '/home/alexandra/Robotics/module02/ex09/fullname_pkg' with build type 'ament_cmake'
[0.968s] INFO:colcon.colcon_cmake.task.cmake.build:Building CMake package in '/home/alexandra/Robotics/module02/ex09/fullname_pkg'
[0.970s] INFO:colcon.colcon_core.plugin_system:Skipping extension 'colcon_core.shell.bat': Not used on non-Windows systems
[0.970s] INFO:colcon.colcon_core.shell:Skip shell extension 'powershell' for command environment: Not usable outside of PowerShell
[0.970s] DEBUG:colcon.colcon_core.shell:Skip shell extension 'dsv' for command environment
[0.981s] DEBUG:colcon.colcon_core.event_handler.log_command:Invoking command in '/home/alexandra/Robotics/module02/build/fullname_pkg': CMAKE_PREFIX_PATH=${CMAKE_PREFIX_PATH}:/opt/ros/jazzy /usr/bin/cmake /home/alexandra/Robotics/module02/ex09/fullname_pkg -DCMAKE_INSTALL_PREFIX=/home/alexandra/Robotics/module02/install/fullname_pkg
[5.054s] DEBUG:colcon.colcon_core.event_handler.log_command:Invoked command in '/home/alexandra/Robotics/module02/build/fullname_pkg' returned '1': CMAKE_PREFIX_PATH=${CMAKE_PREFIX_PATH}:/opt/ros/jazzy /usr/bin/cmake /home/alexandra/Robotics/module02/ex09/fullname_pkg -DCMAKE_INSTALL_PREFIX=/home/alexandra/Robotics/module02/install/fullname_pkg
[5.069s] Level 1:colcon.colcon_core.environment:create_environment_scripts_only(fullname_pkg)
[5.072s] Level 1:colcon.colcon_core.environment:checking '/home/alexandra/Robotics/module02/install/fullname_pkg' for CMake module files
[5.072s] Level 1:colcon.colcon_core.environment:checking '/home/alexandra/Robotics/module02/install/fullname_pkg' for CMake config files
[5.072s] Level 1:colcon.colcon_core.environment:checking '/home/alexandra/Robotics/module02/install/fullname_pkg/bin'
[5.072s] Level 1:colcon.colcon_core.environment:checking '/home/alexandra/Robotics/module02/install/fullname_pkg/lib/pkgconfig/fullname_pkg.pc'
[5.072s] Level 1:colcon.colcon_core.environment:checking '/home/alexandra/Robotics/module02/install/fullname_pkg/lib/python3.12/site-packages'
[5.073s] Level 1:colcon.colcon_core.environment:checking '/home/alexandra/Robotics/module02/install/fullname_pkg/bin'
[5.073s] INFO:colcon.colcon_core.shell:Creating package script '/home/alexandra/Robotics/module02/install/fullname_pkg/share/fullname_pkg/package.ps1'
[5.074s] INFO:colcon.colcon_core.shell:Creating package descriptor '/home/alexandra/Robotics/module02/install/fullname_pkg/share/fullname_pkg/package.dsv'
[5.075s] INFO:colcon.colcon_core.shell:Creating package script '/home/alexandra/Robotics/module02/install/fullname_pkg/share/fullname_pkg/package.sh'
[5.075s] INFO:colcon.colcon_core.shell:Creating package script '/home/alexandra/Robotics/module02/install/fullname_pkg/share/fullname_pkg/package.bash'
[5.076s] INFO:colcon.colcon_core.shell:Creating package script '/home/alexandra/Robotics/module02/install/fullname_pkg/share/fullname_pkg/package.zsh'
[5.076s] Level 1:colcon.colcon_core.environment:create_file_with_runtime_dependencies(/home/alexandra/Robotics/module02/install/fullname_pkg/share/colcon-core/packages/fullname_pkg)
[5.087s] DEBUG:colcon.colcon_parallel_executor.executor.parallel:closing loop
[5.088s] DEBUG:colcon.colcon_parallel_executor.executor.parallel:loop closed
[5.088s] DEBUG:colcon.colcon_parallel_executor.executor.parallel:run_until_complete finished with '1'
[5.088s] DEBUG:colcon.colcon_core.event_reactor:joining thread
[5.093s] INFO:colcon.colcon_core.plugin_system:Skipping extension 'colcon_notification.desktop_notification.terminal_notifier': Not used on non-Darwin systems
[5.093s] INFO:colcon.colcon_core.plugin_system:Skipping extension 'colcon_notification.desktop_notification.win32': Not used on non-Windows systems
[5.094s] INFO:colcon.colcon_notification.desktop_notification:Sending desktop notification using 'notify2'
[5.095s] DEBUG:colcon.colcon_notification.desktop_notification.notify2:Failed to initialize notify2: org.freedesktop.DBus.Error.ServiceUnknown: The name org.freedesktop.Notifications was not provided by any .service files
[5.095s] DEBUG:colcon.colcon_core.event_reactor:joined thread
[5.095s] INFO:colcon.colcon_core.shell:Creating prefix script '/home/alexandra/Robotics/module02/install/local_setup.ps1'
[5.096s] INFO:colcon.colcon_core.shell:Creating prefix util module '/home/alexandra/Robotics/module02/install/_local_setup_util_ps1.py'
[5.097s] INFO:colcon.colcon_core.shell:Creating prefix chain script '/home/alexandra/Robotics/module02/install/setup.ps1'
[5.097s] INFO:colcon.colcon_core.shell:Creating prefix script '/home/alexandra/Robotics/module02/install/local_setup.sh'
[5.098s] INFO:colcon.colcon_core.shell:Creating prefix util module '/home/alexandra/Robotics/module02/install/_local_setup_util_sh.py'
[5.098s] INFO:colcon.colcon_core.shell:Creating prefix chain script '/home/alexandra/Robotics/module02/install/setup.sh'
[5.099s] INFO:colcon.colcon_core.shell:Creating prefix script '/home/alexandra/Robotics/module02/install/local_setup.bash'
[5.099s] INFO:colcon.colcon_core.shell:Creating prefix chain script '/home/alexandra/Robotics/module02/install/setup.bash'
[5.100s] INFO:colcon.colcon_core.shell:Creating prefix script '/home/alexandra/Robotics/module02/install/local_setup.zsh'
[5.100s] INFO:colcon.colcon_core.shell:Creating prefix chain script '/home/alexandra/Robotics/module02/install/setup.zsh'
